4, 10, 25, 11, 8, 23, 1, 20, 16, 12, 7, 2, 19, 22, 18, 9, 5, 14, 13, 17, 3, 15, 24, 26, 21, 6
4, 10, 25, 11, 8, 23, 1, 20, 16, 12, 7, 19, 2, 22, 18, 9, 5, 14, 13, 17, 3, 15, 24, 26, 21, 6
4, 10, 25, 11, 8, 23, 1, 20, 16, 12, 7, 19, 2, 22, 18, 9, 5, 14, 13, 17, 24, 15, 3, 26, 21, 6
25, 11, 8, 23, 1, 20, 16, 12, 7, 19, 2, 22, 18, 9, 5, 14, 13, 17, 24, 15, 3, 26, 21, 6, 27, 10, 4
25, 11, 8, 23, 1, 27, 6, 21, 26, 3, 15, 24, 17, 13, 14, 5, 9, 18, 22, 2, 19, 7, 12, 16, 20, 10, 4
18, 9, 5, 14, 13, 17, 24, 15, 3, 26, 21, 6, 27, 1, 23, 8, 11, 25, 22, 2, 19, 7, 12, 16, 20, 10, 4
24, 17, 13, 14, 5, 9, 18, 22, 2, 19, 7, 12, 16, 20, 3, 26, 21, 6, 27, 1, 23, 8, 11, 25, 15, 10, 4
12, 7, 19, 2, 22, 18, 9, 5, 14, 13, 17, 24, 16, 20, 3, 26, 21, 6, 27, 1, 23, 8, 11, 25, 15, 10, 4
12, 7, 19, 2, 22, 18, 9, 24, 17, 13, 14, 5, 16, 20, 3, 26, 21, 6, 27, 1, 23, 8, 11, 25, 15, 10, 4
2, 13, 14, 16, 6, 15, 5, 11, 26, 23, 1, 20, 12, 10, 7, 3, 8, 24, 21, 4, 22, 25, 19, 9, 17, 18
5, 9, 17, 24, 6, 10, 1, 20, 11, 12, 19, 23, 2, 15, 13, 3, 25, 8, 18, 21, 22, 26, 16, 4, 14, 7
5, 9, 17, 24, 6, 10, 1, 20, 11, 12, 19, 23, 2, 15, 13, 8, 25, 3, 18, 21, 22, 26, 16, 4, 14, 7
16, 13, 15, 2, 23, 19, 12, 11, 20, 1, 10, 5, 9, 17, 24, 6, 26, 22, 21, 18, 3, 25, 8, 4, 14, 7
16, 13, 15, 2, 23, 19, 12, 11, 20, 1, 10, 6, 24, 17, 9, 5, 26, 22, 21, 18, 3, 25, 8, 4, 14, 7
16, 13, 15, 2, 23, 19, 12, 11, 20, 1, 10, 6, 24, 17, 9, 5, 26, 22, 21, 18, 8, 25, 3, 4, 14, 7
2, 15, 16, 1, 27, 21, 11, 5, 8, 22, 23, 3, 19, 17, 4, 6, 20, 28, 18, 12, 26, 7, 14, 9, 10, 13, 24, 25
8, 20, 16, 1, 27, 21, 18, 6, 5, 11, 15, 2, 19, 12, 26, 3, 22, 7, 28, 17, 4, 23, 14, 9, 10, 13, 24, 25
8, 20, 16, 1, 27, 21, 18, 6, 5, 11, 2, 15, 19, 12, 26, 3, 22, 7, 28, 17, 4, 23, 14, 9, 10, 13, 24, 25
8, 14, 19, 9, 28, 17, 23, 12, 13, 6, 7, 4, 16, 2, 22, 5, 11, 26, 21, 18, 20, 27, 1, 10, 15, 3, 24, 25
15, 8, 10, 14, 20, 28, 19, 22, 5, 16, 26, 9, 12, 2, 3, 17, 18, 4, 6, 11, 13, 21, 27, 1, 23, 7, 24, 25
15, 8, 10, 14, 20, 28, 19, 22, 5, 16, 26, 9, 12, 3, 2, 17, 18, 4, 6, 11, 13, 21, 27, 1, 23, 7, 24, 25
15, 8, 10, 9, 26, 16, 5, 22, 19, 28, 20, 14, 12, 3, 2, 17, 18, 4, 6, 11, 13, 21, 27, 1, 23, 7, 24, 25
8, 19, 3, 17, 26, 7, 10, 11, 15, 28, 13, 2, 14, 6, 16, 20, 1, 27, 21, 18, 23, 12, 9, 22, 4, 5, 24, 25
3, 19, 8, 17, 26, 7, 10, 11, 15, 28, 13, 2, 14, 6, 16, 20, 1, 27, 21, 18, 23, 12, 9, 22, 4, 5, 24, 25
3, 19, 8, 17, 26, 7, 10, 11, 15, 28, 13, 14, 2, 6, 16, 20, 1, 27, 21, 18, 23, 12, 9, 22, 4, 5, 24, 25
8, 4, 11, 10, 18, 2, 22, 19, 21, 27, 1, 26, 9, 20, 28, 17, 14, 7, 3, 13, 5, 12, 15, 6, 23, 16, 24, 25
8, 1, 27, 21, 14, 9, 15, 11, 5, 3, 4, 22, 7, 19, 2, 18, 28, 17, 23, 12, 26, 6, 10, 20, 13, 16, 24, 25
5, 3, 4, 15, 11, 8, 1, 27, 21, 14, 9, 22, 7, 19, 2, 18, 28, 17, 23, 12, 26, 6, 10, 20, 13, 16, 24, 25
5, 8, 4, 15, 11, 3, 1, 27, 21, 14, 9, 22, 7, 19, 2, 18, 28, 17, 23, 12, 26, 6, 10, 20, 13, 16, 24, 25
11, 15, 4, 9, 14, 21, 27, 1, 8, 5, 3, 22, 7, 19, 2, 18, 28, 17, 23, 12, 26, 6, 10, 20, 13, 16, 24, 25
11, 15, 4, 9, 14, 21, 27, 1, 8, 5, 3, 22, 7, 19, 18, 2, 28, 17, 23, 12, 26, 6, 10, 20, 13, 16, 24, 25
5, 2, 16, 12, 14, 20, 6, 3, 15, 23, 22, 11, 8, 18, 26, 7, 28, 19, 17, 4, 13, 9, 1, 27, 21, 10, 24, 25
2, 5, 16, 12, 14, 20, 6, 3, 15, 23, 22, 11, 8, 18, 26, 7, 28, 19, 17, 4, 13, 9, 1, 27, 21, 10, 24, 25
2, 5, 16, 12, 14, 28, 19, 22, 23, 15, 3, 6, 8, 18, 26, 7, 20, 11, 17, 4, 13, 9, 1, 27, 21, 10, 24, 25
3, 8, 14, 22, 23, 5, 19, 18, 2, 20, 15, 28, 12, 7, 26, 17, 11, 16, 4, 6, 13, 9, 1, 27, 21, 10, 24, 25
3, 8, 14, 22, 23, 5, 19, 2, 18, 20, 15, 28, 12, 7, 26, 17, 11, 16, 4, 6, 13, 9, 1, 27, 21, 10, 24, 25
6, 21, 23, 20, 7, 2, 14, 10, 17, 8, 4, 11, 32, 9, 29, 26, 15, 22, 33, 24, 3, 13, 30, 25, 12, 1, 19, 31, 5, 16, 27, 34, 18, 28
6, 21, 23, 20, 7, 2, 14, 10, 17, 8, 9, 32, 11, 4, 29, 26, 15, 22, 33, 24, 3, 13, 30, 25, 12, 1, 19, 31, 5, 16, 27, 34, 18, 28
6, 21, 23, 20, 7, 2, 14, 10, 17, 8, 9, 32, 11, 4, 29, 26, 15, 22, 33, 24, 30, 13, 3, 25, 12, 1, 19, 31, 5, 16, 27, 34, 18, 28
17, 24, 18, 21, 15, 2, 31, 26, 10, 1, 5, 28, 11, 7, 34, 12, 22, 30, 14, 3, 27, 6, 4, 25, 20, 8, 9, 32, 23, 33, 29, 13, 16, 19
17, 24, 18, 21, 15, 2, 31, 26, 10, 1, 5, 28, 11, 7, 34, 12, 22, 30, 14, 6, 27, 3, 4, 25, 20, 8, 9, 32, 23, 33, 29, 13, 16, 19
9, 32, 23, 33, 29, 13, 16, 19, 35, 8, 20, 25, 4, 3, 27, 6, 14, 30, 22, 12, 34, 7, 11, 28, 5, 1, 10, 26, 31, 2, 15, 21, 18, 24, 17
18, 24, 32, 9, 8, 20, 25, 4, 22, 12, 34, 27, 3, 14, 30, 17, 11, 7, 21, 15, 2, 31, 26, 10, 1, 5, 28, 6, 23, 33, 29, 13, 16, 19
14, 3, 27, 34, 12, 22, 4, 25, 20, 8, 9, 32, 24, 18, 30, 17, 11, 7, 21, 15, 2, 31, 26, 10, 1, 5, 28, 6, 23, 33, 29, 13, 16, 19
35, 19, 16, 13, 29, 33, 23, 6, 28, 5, 1, 10, 26, 31, 2, 15, 21, 7, 11, 17, 30, 18, 24, 32, 9, 8, 20, 25, 4, 22, 12, 34, 27, 3, 14
14, 6, 27, 34, 12, 22, 4, 25, 20, 8, 9, 32, 24, 18, 30, 17, 11, 7, 21, 15, 2, 31, 26, 10, 1, 5, 28, 3, 23, 33, 29, 13, 16, 19
35, 19, 16, 13, 29, 33, 23, 3, 28, 5, 1, 10, 26, 31, 2, 15, 21, 7, 11, 17, 30, 18, 24, 32, 9, 8, 20, 25, 4, 22, 12, 34, 27, 6, 14
25, 20, 8, 32, 1, 5, 22, 12, 34, 3, 27, 6, 14, 30, 7, 24, 11, 33, 23, 28, 29, 21, 15, 31, 2, 4, 13, 18, 26, 10, 9, 17, 16, 19
32, 1, 5, 22, 12, 34, 3, 27, 6, 14, 30, 7, 24, 11, 33, 23, 28, 29, 21, 15, 31, 2, 4, 13, 18, 26, 10, 9, 17, 16, 19, 35, 8, 20, 25
26, 18, 13, 4, 2, 31, 15, 21, 29, 28, 23, 33, 11, 24, 7, 30, 14, 6, 27, 3, 34, 12, 22, 5, 1, 32, 10, 9, 17, 16, 19, 35, 8, 20, 25
4, 13, 18, 26, 2, 31, 15, 21, 29, 28, 23, 33, 11, 24, 7, 30, 14, 6, 27, 3, 34, 12, 22, 5, 1, 32, 10, 9, 17, 16, 19, 35, 8, 20, 25
10, 1, 5, 3, 17, 34, 20, 28, 27, 21, 26, 9, 15, 22, 12, 8, 32, 31, 2, 30, 14, 29, 13, 18, 24, 6, 4, 25, 33, 23, 7, 11, 16, 19
15, 22, 12, 8, 1, 21, 27, 28, 20, 34, 17, 3, 9, 26, 10, 5, 32, 31, 2, 30, 14, 29, 13, 18, 24, 6, 4, 25, 33, 23, 7, 11, 16, 19
15, 22, 12, 8, 1, 21, 27, 28, 20, 34, 17, 30, 9, 26, 10, 5, 32, 31, 2, 3, 14, 29, 13, 18, 24, 6, 4, 25, 33, 23, 7, 11, 16, 19
15, 22, 12, 8, 1, 21, 27, 28, 20, 34, 17, 30, 9, 26, 10, 5, 32, 31, 2, 3, 14, 29, 13, 18, 24, 6, 23, 33, 25, 4, 7, 11, 16, 19
28, 20, 34, 17, 30, 9, 26, 10, 5, 32, 31, 2, 3, 14, 29, 13, 18, 24, 6, 23, 33, 25, 4, 7, 11, 16, 19, 35, 27, 21, 1, 8, 12, 22, 15
14, 3, 2, 31, 32, 5, 10, 26, 9, 30, 17, 34, 20, 28, 29, 13, 18, 24, 6, 23, 33, 25, 4, 7, 11, 16, 19, 35, 27, 21, 1, 8, 12, 22, 15
9, 26, 10, 5, 32, 31, 2, 3, 14, 30, 17, 34, 20, 28, 29, 13, 18, 24, 6, 23, 33, 25, 4, 7, 11, 16, 19, 35, 27, 21, 1, 8, 12, 22, 15
9, 26, 10, 5, 32, 31, 2, 3, 14, 30, 17, 34, 20, 28, 29, 35, 19, 16, 11, 7, 4, 25, 33, 23, 6, 24, 18, 13, 27, 21, 1, 8, 12, 22, 15
9, 22, 12, 34, 17, 10, 26, 18, 13, 29, 32, 1, 5, 8, 20, 25, 4, 31, 24, 6, 27, 3, 14, 30, 7, 11, 33, 23, 28, 21, 15, 2, 16, 19
10, 1, 5, 22, 12, 30, 14, 3, 27, 6, 26, 18, 34, 17, 31, 24, 29, 7, 13, 4, 25, 20, 8, 9, 32, 11, 33, 23, 28, 21, 2, 15, 16, 19
10, 1, 5, 22, 12, 30, 14, 6, 27, 3, 26, 18, 34, 17, 31, 24, 29, 7, 13, 4, 25, 20, 8, 9, 32, 11, 33, 23, 28, 21, 2, 15, 16, 19
10, 26, 18, 22, 12, 30, 14, 6, 27, 3, 1, 5, 34, 17, 31, 24, 29, 7, 13, 4, 25, 20, 8, 9, 32, 11, 33, 23, 28, 21, 2, 15, 16, 19
5, 28, 23, 33, 11, 1, 32, 10, 26, 18, 29, 9, 8, 20, 25, 4, 22, 6, 27, 3, 14, 30, 12, 34, 17, 31, 24, 13, 7, 21, 2, 15, 16, 19
7, 21, 2, 15, 16, 19, 35, 13, 24, 31, 17, 34, 12, 30, 14, 3, 27, 6, 22, 4, 25, 20, 8, 9, 29, 18, 26, 10, 32, 1, 11, 33, 23, 28, 5
5, 28, 23, 33, 11, 1, 32, 10, 26, 18, 29, 9, 8, 20, 25, 4, 22, 3, 27, 6, 14, 30, 12, 34, 17, 31, 24, 13, 7, 21, 2, 15, 16, 19
11, 33, 23, 28, 3, 29, 30, 22, 12, 34, 17, 14, 6, 27, 13, 8, 20, 31, 24, 7, 25, 4, 5, 1, 32, 9, 10, 26, 18, 21, 2, 15, 16, 19
35, 19, 16, 15, 2, 21, 18, 26, 10, 9, 32, 1, 5, 4, 25, 7, 24, 31, 20, 8, 13, 27, 6, 14, 17, 34, 12, 22, 30, 29, 3, 28, 23, 33, 11
11, 33, 23, 28, 3, 29, 30, 22, 12, 34, 17, 14, 6, 27, 13, 8, 20, 31, 24, 7, 25, 4, 5, 1, 32, 9, 10, 26, 18, 21, 15, 2, 16, 19
35, 19, 16, 2, 15, 21, 18, 26, 10, 9, 32, 1, 5, 4, 25, 7, 24, 31, 20, 8, 13, 27, 6, 14, 17, 34, 12, 22, 30, 29, 3, 28, 23, 33, 11
9, 29, 26, 10, 35, 8, 25, 32, 13, 30, 4, 6, 7, 33, 11, 14, 23, 21, 27, 19, 1, 16, 34, 31, 28, 2, 24, 20, 5, 3, 22, 18, 17, 15, 12
19, 8, 29, 26, 24, 20, 27, 30, 25, 32, 13, 33, 14, 23, 21, 9, 4, 35, 11, 1, 16, 34, 31, 28, 2, 6, 7, 10, 5, 3, 22, 18, 17, 15, 12
16, 31, 29, 26, 20, 18, 35, 13, 34, 19, 1, 24, 22, 6, 2, 7, 23, 30, 14, 4, 32, 11, 5, 27, 21, 10, 17, 15, 9, 8, 3, 33, 28, 25, 12
16, 31, 29, 26, 20, 18, 35, 13, 34, 19, 1, 24, 22, 6, 7, 2, 23, 30, 14, 4, 32, 11, 5, 27, 21, 10, 17, 15, 9, 8, 3, 33, 28, 25, 12
16, 31, 29, 26, 20, 18, 35, 13, 34, 19, 1, 24, 22, 6, 7, 2, 3, 30, 14, 4, 32, 11, 5, 27, 21, 10, 17, 15, 9, 8, 23, 33, 28, 25, 12
16, 31, 29, 26, 20, 18, 35, 13, 34, 19, 1, 24, 22, 6, 7, 2, 14, 30, 3, 4, 32, 11, 5, 27, 21, 10, 17, 15, 9, 8, 23, 33, 28, 25, 12
13, 27, 35, 30, 23, 7, 31, 29, 26, 9, 32, 18, 16, 20, 14, 5, 34, 2, 24, 1, 19, 21, 22, 4, 11, 8, 6, 15, 17, 10, 3, 33, 28, 25, 12
13, 27, 35, 30, 23, 7, 31, 29, 26, 9, 32, 18, 16, 20, 14, 5, 34, 2, 24, 1, 19, 21, 22, 6, 8, 11, 4, 15, 17, 10, 3, 33, 28, 25, 12
24, 1, 21, 19, 6, 8, 11, 20, 2, 27, 13, 34, 9, 32, 18, 30, 23, 16, 22, 4, 26, 29, 31, 7, 35, 5, 14, 15, 17, 10, 3, 33, 28, 25, 12
21, 34, 14, 20, 13, 27, 22, 30, 23, 7, 31, 29, 26, 9, 32, 18, 8, 6, 10, 17, 15, 2, 4, 11, 16, 19, 1, 24, 35, 5, 3, 33, 28, 25, 12
21, 34, 14, 20, 13, 27, 3, 30, 22, 7, 31, 29, 26, 9, 32, 18, 8, 6, 10, 17, 15, 2, 4, 11, 16, 5, 35, 24, 1, 19, 23, 33, 28, 25, 12
21, 34, 14, 20, 13, 27, 3, 30, 22, 7, 31, 29, 26, 9, 32, 18, 8, 6, 10, 17, 15, 2, 4, 11, 16, 19, 1, 24, 35, 5, 23, 33, 28, 25, 12
7, 23, 30, 18, 32, 3, 21, 31, 29, 26, 4, 22, 16, 20, 11, 8, 6, 19, 5, 1, 24, 35, 13, 27, 34, 14, 2, 15, 17, 10, 9, 33, 28, 25, 12
7, 23, 30, 3, 32, 18, 21, 31, 29, 26, 4, 22, 16, 20, 11, 8, 6, 19, 5, 1, 24, 35, 13, 27, 34, 14, 2, 15, 17, 10, 9, 33, 28, 25, 12
3, 15, 10, 32, 12, 35, 29, 34, 24, 9, 23, 14, 21, 31, 26, 22, 33, 30, 20, 17, 8, 1, 27, 7, 5, 6, 28, 4, 19, 2, 16, 25, 18, 11, 13
3, 15, 10, 32, 12, 35, 29, 34, 24, 9, 23, 14, 21, 31, 26, 22, 33, 30, 20, 17, 5, 7, 27, 1, 8, 6, 28, 4, 19, 2, 16, 25, 18, 11, 13
3, 32, 12, 23, 20, 17, 6, 35, 29, 34, 24, 9, 21, 31, 26, 28, 33, 30, 8, 1, 27, 10, 22, 14, 5, 7, 15, 4, 19, 2, 16, 25, 18, 11, 13
3, 32, 12, 23, 20, 17, 9, 24, 34, 29, 35, 6, 21, 31, 26, 28, 33, 30, 8, 1, 27, 10, 22, 14, 5, 7, 15, 4, 19, 2, 16, 25, 18, 11, 13
6, 35, 29, 34, 24, 9, 12, 32, 3, 17, 20, 23, 21, 31, 26, 28, 33, 30, 8, 1, 27, 10, 22, 14, 5, 7, 15, 4, 19, 2, 16, 25, 18, 11, 13
6, 35, 29, 34, 24, 9, 17, 20, 23, 27, 1, 8, 30, 33, 28, 26, 31, 21, 12, 32, 22, 10, 3, 14, 5, 7, 15, 4, 19, 2, 16, 25, 18, 11, 13
3, 32, 17, 22, 15, 30, 33, 28, 26, 31, 21, 10, 7, 29, 35, 12, 23, 20, 27, 1, 8, 9, 24, 14, 34, 5, 6, 4, 19, 2, 16, 25, 18, 11, 13
3, 32, 17, 22, 12, 35, 29, 7, 10, 21, 31, 26, 28, 33, 30, 15, 23, 20, 27, 1, 8, 9, 24, 14, 34, 5, 6, 4, 19, 2, 16, 25, 18, 11, 13
21, 31, 26, 28, 33, 30, 15, 35, 29, 7, 16, 23, 12, 32, 17, 20, 27, 1, 8, 9, 24, 10, 22, 14, 34, 5, 6, 4, 19, 2, 3, 25, 18, 11, 13
21, 31, 26, 28, 33, 30, 24, 9, 8, 1, 27, 20, 17, 32, 12, 23, 16, 7, 29, 35, 15, 10, 22, 14, 34, 5, 6, 4, 19, 2, 3, 25, 18, 11, 13
8, 18, 9, 34, 14, 24, 19, 28, 1, 27, 17, 20, 31, 26, 33, 25, 23, 6, 7, 29, 35, 12, 4, 5, 30, 21, 32, 22, 10, 2, 16, 15, 3, 11, 13
8, 18, 9, 34, 14, 24, 19, 28, 1, 27, 17, 20, 31, 26, 33, 25, 23, 6, 7, 29, 35, 12, 4, 22, 32, 21, 30, 5, 10, 2, 16, 15, 3, 11, 13
8, 18, 9, 34, 14, 24, 19, 28, 1, 27, 17, 20, 31, 26, 33, 25, 23, 6, 7, 4, 12, 35, 29, 22, 32, 21, 30, 5, 10, 2, 16, 15, 3, 11, 13
4, 10, 21, 5, 19, 30, 9, 16, 13, 20, 2, 34, 29, 25, 17, 3, 26, 23, 11, 8, 12, 31, 1, 32, 6, 28, 33, 24, 14, 22, 18, 15, 35, 27, 7
11, 8, 32, 35, 27, 14, 25, 6, 22, 30, 12, 3, 5, 1, 10, 21, 13, 23, 29, 18, 31, 26, 24, 17, 20, 33, 28, 4, 19, 9, 34, 2, 15, 16, 7
2, 11, 34, 18, 19, 14, 21, 22, 16, 1, 5, 29, 10, 4, 3, 26, 31, 15, 9, 17, 27, 24, 30, 28, 33, 25, 12, 35, 32, 13, 8, 20, 6, 23, 7
5, 1, 16, 22, 21, 14, 19, 18, 34, 2, 27, 17, 4, 10, 29, 11, 3, 26, 31, 15, 9, 24, 30, 28, 33, 25, 12, 35, 32, 13, 8, 20, 6, 23, 7
5, 1, 16, 22, 21, 14, 19, 18, 2, 34, 27, 17, 4, 10, 29, 11, 3, 26, 31, 15, 9, 24, 30, 28, 33, 25, 12, 35, 32, 13, 8, 20, 6, 23, 7
10, 17, 34, 30, 33, 23, 28, 21, 15, 18, 1, 16, 14, 19, 9, 31, 2, 6, 20, 35, 27, 26, 7, 29, 22, 12, 8, 5, 32, 13, 4, 11, 24, 25, 3
10, 17, 34, 30, 33, 23, 28, 21, 15, 18, 1, 16, 14, 19, 9, 31, 6, 2, 20, 35, 27, 26, 7, 29, 22, 12, 8, 5, 32, 13, 4, 11, 24, 25, 3
2, 1
3, 1, 2
3, 1, 4, 2
3, 1, 4, 5, 2
4, 1, 5, 2, 6, 3
4, 7, 6, 2, 1, 5, 3
6, 1, 5, 7, 8, 3, 2, 4
6, 1, 5, 9, 7, 2, 8, 3, 4
5, 9, 1, 8, 6, 2, 10, 4, 7, 3
4, 9, 11, 6, 10, 7, 8, 2, 1, 3, 5
6, 1, 2, 8, 11, 4, 12, 9, 10, 7, 3, 5
2, 9, 4, 5, 11, 12, 10, 1, 8, 13, 3, 6, 7
3, 13, 4, 9, 2, 1, 8, 11, 6, 5, 10, 14, 12, 7
3, 10, 4, 2, 7, 14, 15, 11, 1, 9, 5, 13, 6, 8, 12
9, 12, 6, 7, 2, 14, 8, 1, 11, 13, 5, 4, 15, 16, 10, 3
2, 10, 15, 11, 7, 14, 5, 16, 6, 4, 17, 13, 1, 3, 8, 9, 12
2, 3, 8, 9, 18, 10, 15, 7, 13, 1, 16, 17, 14, 6, 12, 11, 4, 5
5, 9, 14, 15, 8, 2, 16, 4, 6, 3, 18, 1, 17, 12, 7, 10, 19, 13, 11
2, 3, 6, 13, 19, 8, 11, 9, 10, 4, 15, 20, 14, 7, 16, 5, 18, 1, 17, 12
7, 3, 20, 5, 10, 12, 11, 15, 1, 14, 16, 2, 19, 21, 17, 9, 13, 4, 8, 18, 6
4, 13, 20, 6, 19, 3, 2, 21, 16, 5, 18, 22, 10, 7, 14, 12, 9, 1, 17, 15, 11, 8
12, 20, 1, 13, 4, 21, 17, 23, 8, 11, 14, 9, 10, 5, 22, 15, 18, 2, 6, 19, 7, 16, 3
5, 22, 6, 19, 7, 10, 12, 16, 3, 24, 13, 2, 20, 4, 21, 18, 23, 8, 17, 15, 1, 9, 14, 11
11, 14, 17, 15, 22, 5, 10, 25, 20, 1, 9, 13, 4, 21, 18, 19, 6, 2, 12, 7, 16, 3, 24, 23, 8
16, 13, 15, 2, 23, 19, 12, 11, 20, 1, 10, 6, 24, 17, 9, 5, 26, 22, 21, 18, 8, 25, 3, 4, 14, 7
12, 7, 19, 2, 22, 18, 9, 24, 17, 13, 14, 5, 16, 20, 3, 26, 21, 6, 27, 1, 23, 8, 11, 25, 15, 10, 4
3, 8, 14, 22, 23, 5, 19, 2, 18, 20, 15, 28, 12, 7, 26, 17, 11, 16, 4, 6, 13, 9, 1, 27, 21, 10, 24, 25
7, 21, 24, 9, 12, 22, 3, 16, 29, 25, 14, 2, 6, 8, 18, 19, 1, 13, 23, 28, 4, 27, 17, 15, 11, 10, 20, 5, 26
4, 28, 23, 13, 7, 16, 29, 25, 18, 8, 6, 9, 24, 27, 17, 15, 11, 10, 20, 19, 1, 30, 26, 5, 21, 14, 2, 12, 22, 3
21, 27, 13, 23, 26, 30, 24, 17, 18, 20, 10, 7, 11, 15, 31, 5, 8, 29, 25, 9, 2, 4, 28, 16, 6, 19, 1, 22, 3, 14, 12
7, 3, 14, 12, 22, 1, 19, 6, 32, 9, 5, 23, 26, 30, 24, 17, 25, 29, 8, 18, 20, 11, 10, 13, 27, 31, 2, 21, 4, 28, 16, 15
17, 28, 7, 1, 4, 5, 13, 23, 33, 2, 18, 11, 27, 16, 14, 24, 8, 3, 26, 6, 29, 20, 19, 31, 32, 25, 30, 22, 21, 10, 15, 9, 12
11, 33, 23, 28, 3, 29, 30, 22, 12, 34, 17, 14, 6, 27, 13, 8, 20, 31, 24, 7, 25, 4, 5, 1, 32, 9, 10, 26, 18, 21, 15, 2, 16, 19
10, 17, 34, 30, 33, 23, 28, 21, 15, 18, 1, 16, 14, 19, 9, 31, 6, 2, 20, 35, 27, 26, 7, 29, 22, 12, 8, 5, 32, 13, 4, 11, 24, 25, 3
7, 29, 4, 6, 24, 25, 15, 19, 10, 28, 35, 30, 18, 32, 12, 8, 21, 2, 20, 23, 11, 14, 27, 17, 22, 31, 33, 36, 34, 13, 26, 9, 1, 16, 3, 5
10, 6, 17, 2, 34, 1, 27, 12, 19, 11, 5, 36, 21, 35, 20, 7, 13, 22, 18, 24, 28, 23, 9, 37, 15, 8, 31, 3, 30, 16, 25, 14, 29, 4, 32, 26, 33
4, 17, 25, 30, 29, 13, 33, 38, 28, 11, 36, 10, 23, 34, 1, 27, 16, 14, 2, 26, 19, 24, 6, 37, 21, 31, 3, 35, 8, 32, 12, 7, 15, 20, 5, 22, 18, 9
2, 17, 22, 1, 38, 8, 24, 25, 34, 18, 14, 16, 28, 33, 30, 36, 11, 6, 9, 31, 23, 32, 4, 13, 39, 10, 12, 37, 15, 29, 27, 3, 19, 26, 21, 35, 20, 7, 5
22, 1, 38, 3, 31, 4, 13, 39, 10, 20, 35, 15, 37, 12, 33, 30, 32, 23, 9, 6, 17, 2, 14, 5, 40, 36, 11, 18, 7, 34, 25, 27, 29, 28, 16, 21, 26, 19, 8, 24
22, 29, 12, 2, 3, 4, 27, 7, 5, 15, 40, 16, 24, 33, 41, 25, 38, 19, 34, 21, 31, 11, 8, 23, 28, 39, 9, 17, 14, 26, 6, 18, 30, 35, 13, 1, 36, 32, 10, 20, 37
8, 6, 40, 39, 7, 12, 14, 4, 34, 19, 23, 22, 2, 38, 24, 33, 26, 17, 27, 28, 25, 3, 37, 42, 30, 18, 13, 16, 31, 11, 35, 1, 36, 41, 15, 5, 32, 10, 20, 9, 21, 29
6, 28, 9, 7, 14, 4, 5, 22, 24, 23, 42, 20, 16, 13, 27, 32, 39, 12, 2, 40, 43, 1, 25, 21, 31, 41, 18, 36, 26, 8, 33, 15, 10, 19, 34, 30, 35, 29, 17, 37, 3, 11, 38
15, 27, 6, 30, 38, 44, 2, 31, 24, 3, 12, 40, 43, 1, 7, 37, 16, 17, 42, 4, 13, 18, 34, 28, 19, 33, 14, 11, 8, 35, 32, 39, 36, 10, 9, 29, 26, 41, 23, 5, 21, 25, 20, 22
2, 6, 45, 37, 30, 21, 35, 9, 40, 43, 1, 7, 34, 42, 27, 32, 28, 15, 17, 8, 14, 23, 4, 39, 11, 31, 16, 33, 38, 19, 12, 3, 26, 41, 13, 29, 18, 36, 44, 5, 24, 10, 20, 22, 25
12, 7, 27, 16, 21, 41, 26, 36, 6, 17, 24, 3, 40, 43, 1, 15, 14, 28, 29, 34, 23, 10, 13, 9, 33, 32, 39, 45, 19, 42, 46, 5, 35, 8, 37, 4, 18, 30, 38, 44, 2, 31, 11, 20, 25, 22
4, 25, 40, 28, 35, 37, 39, 2, 19, 6, 38, 10, 45, 1, 30, 47, 29, 43, 31, 26, 34, 23, 8, 41, 14, 32, 33, 21, 5, 20, 3, 17, 12, 9, 44, 46, 22, 24, 16, 18, 7, 11, 13, 36, 15, 42, 27
3, 17, 14, 37, 44, 46, 35, 26, 22, 16, 42, 13, 11, 7, 5, 28, 41, 4, 38, 12, 32, 33, 34, 8, 29, 2, 43, 31, 19, 47, 30, 36, 48, 40, 24, 6, 15, 1, 45, 10, 23, 18, 27, 25, 20, 21, 39, 9
26, 24, 16, 12, 25, 15, 33, 7, 48, 6, 22, 34, 19, 30, 46, 3, 2, 38, 27, 42, 1, 9, 44, 32, 14, 31, 20, 39, 8, 47, 13, 37, 4, 23, 28, 49, 41, 10, 29, 43, 11, 45, 21, 35, 17, 40, 18, 36, 5
15, 48, 17, 37, 10, 40, 18, 36, 25, 27, 12, 16, 31, 7, 6, 23, 39, 41, 24, 44, 50, 5, 29, 43, 35, 47, 13, 20, 14, 8, 9, 1, 42, 2, 3, 38, 46, 30, 45, 19, 34, 49, 33, 21, 32, 26, 22, 11, 4, 28
6, 14, 8, 18, 11, 22, 24, 39, 13, 48, 49, 28, 36, 47, 25, 23, 20, 10, 17, 12, 44, 32, 27, 45, 26, 15, 19, 30, 46, 38, 3, 2, 4, 40, 29, 31, 7, 9, 16, 43, 34, 33, 21, 35, 51, 1, 42, 37, 50, 41, 5
5, 25, 35, 37, 17, 14, 12, 20, 10, 42, 1, 9, 51, 26, 50, 27, 13, 16, 52, 32, 47, 8, 39, 29, 33, 21, 3, 2, 36, 48, 6, 45, 22, 4, 23, 43, 18, 40, 38, 46, 30, 19, 15, 11, 49, 44, 31, 24, 41, 28, 34, 7
53, 7, 34, 28, 41, 24, 31, 44, 49, 11, 15, 19, 30, 46, 38, 40, 18, 43, 23, 4, 22, 45, 6, 48, 36, 2, 3, 21, 33, 29, 39, 8, 47, 32, 52, 16, 13, 27, 50, 26, 51, 9, 1, 42, 10, 20, 12, 14, 17, 37, 35, 25, 5
9, 23, 14, 31, 21, 2, 12, 40, 18, 33, 35, 39, 53, 15, 48, 22, 26, 5, 10, 28, 36, 6, 43, 37, 41, 16, 30, 54, 50, 42, 44, 47, 51, 29, 24, 32, 38, 46, 7, 3, 1, 49, 27, 11, 8, 13, 4, 52, 25, 34, 20, 45, 19, 17
4, 48, 22, 26, 52, 51, 47, 44, 42, 55, 9, 2, 8, 12, 6, 39, 31, 3, 37, 43, 7, 10, 28, 11, 27, 5, 49, 1, 40, 38, 36, 14, 23, 46, 41, 16, 45, 19, 17, 53, 13, 21, 50, 54, 30, 20, 34, 25, 15, 35, 33, 29, 24, 32, 18
9, 55, 17, 29, 48, 36, 4, 16, 13, 23, 14, 53, 31, 2, 54, 32, 38, 44, 47, 51, 28, 20, 45, 15, 35, 33, 12, 25, 52, 6, 21, 43, 37, 39, 10, 5, 27, 11, 46, 18, 7, 3, 41, 26, 22, 19, 24, 49, 1, 40, 8, 56, 34, 30, 50, 42
10, 39, 37, 43, 4, 16, 13, 2, 54, 32, 5, 27, 11, 46, 57, 42, 50, 30, 34, 56, 8, 40, 1, 49, 24, 19, 22, 26, 41, 18, 7, 3, 38, 44, 47, 51, 28, 31, 53, 14, 23, 9, 55, 17, 29, 48, 36, 21, 6, 52, 25, 12, 33, 35, 15, 45, 20
2, 21, 40, 35, 39, 8, 32, 28, 49, 5, 42, 24, 16, 36, 50, 33, 34, 45, 41, 30, 17, 9, 26, 23, 14, 31, 52, 29, 10, 43, 37, 48, 53, 57, 56, 46, 47, 15, 20, 3, 55, 27, 25, 18, 19, 12, 38, 44, 58, 54, 6, 7, 4, 22, 1, 13, 51, 11
6, 22, 40, 32, 33, 2, 39, 47, 18, 11, 44, 27, 8, 4, 52, 24, 51, 20, 58, 16, 41, 17, 49, 46, 53, 34, 10, 50, 31, 54, 1, 57, 30, 43, 48, 26, 59, 37, 5, 7, 55, 3, 21, 35, 9, 28, 14, 38, 45, 13, 19, 25, 15, 42, 23, 36, 12, 29, 56
17, 6, 39, 45, 25, 46, 49, 22, 41, 50, 19, 42, 30, 57, 1, 54, 24, 9, 52, 21, 7, 43, 58, 20, 35, 44, 3, 60, 56, 29, 34, 38, 14, 28, 32, 55, 40, 51, 31, 53, 47, 11, 26, 12, 27, 15, 37, 59, 33, 36, 2, 10, 23, 48, 8, 4, 18, 13, 5, 16
29, 46, 6, 37, 27, 9, 16, 50, 30, 59, 4, 36, 32, 45, 35, 12, 11, 26, 39, 31, 43, 17, 47, 7, 40, 10, 18, 34, 3, 41, 56, 49, 53, 5, 14, 44, 54, 28, 60, 57, 48, 51, 23, 2, 38, 42, 13, 55, 15, 8, 21, 61, 58, 19, 52, 24, 22, 33, 1, 20, 25
9, 42, 12, 15, 58, 61, 21, 45, 31, 16, 50, 1, 23, 7, 47, 35, 18, 38, 44, 52, 20, 25, 62, 14, 54, 28, 10, 3, 34, 19, 32, 46, 49, 56, 41, 29, 51, 2, 48, 57, 60, 4, 36, 24, 22, 33, 11, 27, 26, 53, 40, 39, 55, 5, 8, 13, 59, 30, 6, 37, 17, 43
19, 52, 47, 7, 14, 55, 23, 11, 15, 22, 33, 1, 6, 29, 41, 12, 36, 54, 13, 58, 38, 62, 25, 3, 2, 8, 5, 53, 35, 46, 49, 28, 10, 16, 50, 45, 39, 26, 44, 60, 32, 56, 63, 43, 37, 27, 9, 17, 24, 42, 34, 31, 20, 40, 18, 4, 59, 30, 61, 21, 57, 48, 51
10, 7, 47, 52, 46, 54, 36, 62, 25, 13, 56, 63, 43, 55, 16, 29, 41, 60, 44, 38, 58, 19, 20, 50, 45, 39, 26, 31, 34, 42, 24, 35, 53, 5, 32, 3, 11, 15, 22, 33, 1, 6, 12, 37, 27, 59, 30, 61, 21, 57, 48, 51, 64, 9, 8, 17, 14, 49, 28, 4, 18, 40, 23, 2
28, 31, 14, 12, 38, 54, 62, 25, 4, 32, 60, 50, 18, 42, 40, 33, 65, 30, 59, 11, 43, 9, 51, 64, 58, 61, 3, 29, 45, 41, 56, 27, 36, 37, 7, 8, 19, 52, 24, 13, 10, 5, 53, 49, 6, 23, 26, 20, 22, 2, 57, 48, 55, 15, 35, 44, 63, 46, 16, 47, 17, 21, 39, 1, 34
21, 24, 13, 16, 20, 59, 56, 34, 39, 9, 2, 4, 49, 33, 22, 31, 41, 3, 30, 62, 17, 29, 26, 11, 45, 18, 48, 40, 19, 64, 12, 55, 27, 37, 1, 52, 43, 66, 63, 35, 23, 44, 38, 32, 60, 25, 46, 36, 53, 10, 15, 7, 50, 51, 42, 65, 58, 61, 47, 8, 57, 5, 14, 6, 54, 28
18, 53, 51, 20, 64, 56, 14, 10, 19, 7, 5, 11, 29, 26, 13, 66, 25, 33, 36, 35, 47, 41, 28, 59, 45, 65, 46, 40, 12, 23, 58, 44, 39, 32, 60, 15, 1, 63, 43, 31, 27, 4, 2, 62, 34, 55, 48, 54, 57, 42, 16, 49, 3, 50, 52, 37, 8, 17, 61, 24, 9, 30, 67, 22, 6, 38, 21
16, 31, 29, 33, 10, 9, 24, 61, 17, 13, 58, 68, 21, 42, 8, 37, 66, 27, 4, 39, 38, 14, 5, 55, 18, 36, 2, 40, 23, 12, 32, 60, 15, 1, 63, 57, 26, 3, 6, 22, 67, 51, 53, 62, 34, 30, 43, 50, 52, 20, 64, 56, 19, 7, 25, 48, 54, 49, 44, 35, 47, 41, 46, 65, 45, 59, 28, 11
51, 38, 6, 22, 67, 30, 9, 24, 61, 14, 44, 35, 47, 45, 65, 46, 18, 36, 3, 42, 57, 49, 28, 59, 39, 4, 52, 37, 8, 26, 10, 11, 7, 19, 31, 68, 58, 55, 34, 62, 53, 40, 25, 66, 13, 41, 29, 5, 63, 1, 15, 20, 64, 56, 60, 32, 69, 16, 12, 50, 23, 27, 2, 43, 33, 17, 54, 48, 21
7, 21, 59, 51, 30, 44, 35, 5, 53, 40, 4, 39, 54, 29, 52, 37, 8, 58, 12, 23, 10, 6, 57, 49, 28, 62, 34, 48, 55, 67, 26, 70, 38, 66, 25, 47, 18, 45, 68, 15, 1, 63, 42, 3, 36, 65, 46, 50, 20, 64, 56, 60, 2, 27, 61, 17, 33, 13, 11, 9, 24, 43, 14, 16, 69, 32, 41, 22, 31, 19
71, 19, 31, 22, 41, 32, 69, 16, 14, 43, 24, 9, 11, 13, 33, 17, 61, 27, 2, 60, 56, 64, 20, 50, 46, 65, 36, 3, 42, 63, 1, 15, 68, 45, 18, 47, 25, 66, 38, 70, 26, 67, 55, 48, 34, 62, 28, 49, 57, 6, 10, 23, 12, 58, 8, 37, 52, 29, 54, 39, 4, 40, 53, 5, 35, 44, 30, 51, 59, 21, 7
2, 47, 13, 66, 49, 14, 50, 61, 28, 64, 6, 44, 63, 43, 40, 67, 32, 55, 56, 35, 68, 41, 45, 7, 51, 3, 29, 16, 1, 70, 10, 65, 72, 26, 23, 11, 36, 48, 62, 12, 42, 46, 30, 53, 34, 8, 59, 71, 37, 52, 60, 31, 21, 19, 20, 25, 17, 39, 4, 27, 69, 38, 33, 5, 24, 22, 58, 18, 9, 54, 15, 57
28, 48, 6, 12, 53, 63, 10, 55, 43, 17, 3, 35, 25, 58, 39, 70, 42, 21, 15, 50, 9, 40, 19, 56, 8, 29, 49, 2, 59, 13, 72, 41, 64, 46, 26, 52, 24, 57, 65, 69, 4, 14, 47, 1, 23, 60, 18, 44, 54, 51, 30, 11, 16, 22, 45, 32, 36, 73, 68, 7, 31, 71, 62, 61, 38, 67, 20, 27, 66, 34, 5, 37, 33
25, 1, 42, 59, 47, 63, 16, 11, 30, 44, 54, 45, 10, 4, 17, 67, 20, 32, 36, 56, 14, 43, 65, 18, 23, 35, 72, 41, 64, 26, 52, 15, 21, 3, 27, 66, 34, 8, 22, 19, 37, 5, 70, 39, 6, 12, 53, 9, 50, 7, 68, 73, 49, 2, 29, 71, 62, 61, 38, 58, 60, 46, 13, 48, 24, 69, 55, 40, 51, 74, 33, 31, 28, 57
21, 15, 62, 56, 42, 40, 65, 43, 14, 47, 16, 58, 20, 60, 11, 71, 23, 66, 34, 5, 37, 19, 24, 59, 8, 29, 49, 2, 26, 27, 67, 22, 1, 36, 32, 28, 31, 33, 74, 52, 13, 30, 70, 39, 51, 57, 73, 68, 64, 41, 72, 35, 38, 61, 63, 10, 55, 46, 18, 44, 54, 45, 75, 3, 25, 69, 4, 17, 48, 7, 50, 9, 53, 12, 6
24, 62, 41, 64, 59, 29, 2, 33, 74, 51, 49, 50, 9, 53, 12, 56, 19, 36, 55, 58, 75, 23, 35, 30, 28, 18, 43, 65, 5, 37, 11, 16, 63, 10, 60, 46, 44, 6, 3, 21, 34, 13, 39, 67, 71, 61, 38, 4, 69, 7, 68, 73, 57, 40, 26, 72, 22, 48, 54, 45, 25, 15, 8, 14, 32, 52, 31, 20, 27, 66, 76, 1, 42, 70, 17, 47
29, 54, 17, 2, 58, 36, 72, 44, 43, 65, 74, 33, 37, 47, 77, 13, 69, 4, 38, 61, 6, 59, 64, 70, 39, 46, 35, 31, 22, 63, 24, 75, 23, 49, 51, 12, 53, 25, 56, 10, 7, 68, 67, 48, 18, 32, 8, 30, 45, 1, 76, 66, 27, 20, 28, 62, 55, 60, 50, 9, 5, 34, 71, 15, 3, 21, 42, 19, 73, 14, 16, 11, 41, 57, 40, 26, 52
25, 29, 36, 1, 69, 65, 5, 28, 64, 41, 27, 33, 62, 78, 30, 11, 63, 53, 2, 70, 42, 21, 32, 40, 37, 18, 6, 24, 43, 23, 51, 74, 71, 16, 12, 67, 20, 77, 7, 31, 45, 72, 35, 55, 10, 9, 13, 39, 34, 66, 76, 17, 19, 3, 50, 54, 52, 15, 61, 59, 57, 73, 68, 48, 46, 56, 75, 22, 60, 38, 49, 4, 44, 26, 47, 8, 58, 14
5, 58, 66, 61, 54, 4, 29, 6, 33, 14, 60, 9, 30, 49, 64, 51, 13, 53, 75, 62, 69, 11, 67, 57, 40, 20, 34, 38, 1, 18, 56, 25, 46, 22, 47, 79, 55, 42, 59, 19, 27, 8, 71, 16, 37, 21, 73, 44, 10, 70, 2, 24, 32, 23, 36, 12, 63, 72, 45, 35, 26, 3, 7, 76, 39, 50, 28, 78, 15, 48, 17, 41, 74, 77, 52, 43, 31, 68, 65
6, 55, 78, 70, 75, 23, 28, 4, 77, 16, 1, 69, 7, 80, 59, 12, 61, 67, 31, 73, 79, 54, 57, 47, 32, 48, 72, 2, 56, 60, 30, 44, 53, 11, 20, 39, 27, 3, 33, 63, 43, 5, 26, 50, 62, 51, 8, 68, 41, 37, 14, 71, 40, 22, 45, 76, 52, 74, 34, 38, 17, 18, 58, 42, 19, 9, 29, 46, 64, 35, 49, 65, 13, 10, 25, 66, 24, 21, 36, 15
26, 5, 6, 10, 11, 34, 38, 29, 41, 25, 51, 61, 42, 20, 2, 50, 75, 70, 1, 13, 32, 44, 62, 53, 24, 21, 81, 54, 19, 18, 9, 74, 7, 39, 27, 73, 63, 79, 15, 31, 52, 76, 55, 80, 59, 64, 8, 72, 30, 69, 17, 57, 37, 66, 67, 48, 47, 23, 43, 12, 46, 65, 3, 33, 22, 40, 71, 14, 36, 58, 60, 56, 49, 35, 4, 28, 45, 68, 77, 16, 78
37, 41, 39, 47, 23, 19, 29, 78, 77, 16, 26, 57, 60, 40, 2, 73, 10, 65, 67, 22, 58, 44, 25, 3, 82, 9, 8, 51, 33, 15, 43, 31, 35, 64, 18, 71, 14, 30, 27, 36, 68, 4, 46, 12, 59, 80, 1, 70, 81, 54, 20, 13, 79, 49, 72, 52, 76, 62, 48, 50, 11, 56, 6, 55, 53, 24, 21, 17, 38, 34, 75, 63, 28, 45, 32, 74, 7, 69, 66, 42, 61, 5
7, 25, 40, 76, 80, 47, 38, 29, 46, 45, 51, 5, 3, 71, 55, 54, 68, 67, 8, 1, 48, 44, 10, 18, 31, 52, 9, 15, 77, 26, 83, 16, 78, 73, 58, 19, 66, 49, 12, 37, 74, 14, 22, 57, 23, 34, 82, 11, 32, 2, 79, 56, 28, 21, 65, 61, 36, 72, 64, 59, 27, 70, 81, 69, 17, 43, 35, 75, 53, 20, 4, 33, 13, 42, 41, 6, 60, 50, 30, 63, 39, 62, 24
27, 15, 10, 44, 48, 31, 52, 55, 73, 78, 16, 83, 26, 35, 57, 23, 34, 65, 21, 28, 56, 79, 32, 54, 51, 5, 3, 70, 81, 69, 17, 77, 18, 43, 82, 11, 63, 30, 50, 60, 6, 41, 22, 14, 74, 37, 12, 80, 47, 38, 29, 45, 46, 9, 2, 71, 75, 53, 20, 42, 49, 66, 67, 8, 1, 61, 36, 72, 64, 59, 4, 33, 13, 58, 19, 39, 62, 24, 84, 68, 76, 40, 25, 7
21, 65, 61, 53, 20, 4, 33, 13, 7, 85, 29, 79, 56, 60, 50, 51, 11, 82, 34, 23, 5, 36, 74, 14, 75, 35, 43, 32, 2, 19, 9, 6, 59, 41, 52, 58, 73, 78, 38, 47, 80, 76, 40, 25, 72, 64, 63, 42, 16, 83, 26, 77, 15, 46, 45, 3, 28, 57, 22, 27, 70, 81, 69, 30, 68, 84, 24, 62, 39, 17, 44, 10, 18, 31, 37, 12, 49, 66, 67, 8, 1, 48, 54, 55, 71
12, 65, 64, 72, 48, 1, 85, 31, 18, 70, 50, 28, 4, 17, 9, 15, 7, 25, 40, 76, 38, 29, 46, 3, 5, 13, 49, 33, 56, 79, 6, 60, 42, 54, 36, 61, 75, 53, 77, 62, 20, 55, 80, 47, 27, 59, 84, 51, 24, 10, 37, 74, 14, 66, 8, 11, 82, 34, 23, 57, 22, 30, 39, 86, 19, 44, 71, 2, 43, 35, 81, 69, 41, 52, 21, 63, 32, 26, 83, 16, 78, 73, 58, 45, 68, 67
4, 53, 75, 32, 87, 37, 12, 82, 73, 78, 17, 44, 58, 51, 22, 30, 23, 2, 45, 69, 6, 81, 43, 35, 26, 3, 42, 34, 5, 80, 47, 15, 79, 56, 57, 46, 18, 31, 77, 83, 16, 21, 85, 7, 10, 20, 60, 28, 71, 86, 11, 61, 68, 84, 24, 65, 41, 55, 36, 72, 64, 50, 38, 29, 33, 13, 14, 1, 8, 67, 66, 49, 76, 63, 48, 54, 40, 25, 19, 39, 62, 70, 27, 59, 74, 52, 9
26, 66, 29, 84, 23, 80, 76, 88, 48, 60, 56, 46, 44, 68, 77, 55, 52, 81, 42, 61, 33, 3, 5, 78, 72, 37, 62, 2, 82, 73, 58, 18, 59, 20, 19, 79, 57, 16, 67, 83, 40, 30, 8, 11, 28, 69, 22, 47, 53, 15, 10, 86, 1, 87, 7, 31, 34, 43, 35, 41, 71, 21, 70, 38, 75, 54, 27, 6, 24, 65, 49, 39, 74, 51, 64, 14, 45, 9, 4, 63, 13, 17, 12, 50, 36, 32, 25, 85
42, 84, 17, 64, 62, 55, 66, 80, 76, 8, 24, 70, 37, 25, 41, 26, 67, 19, 39, 11, 30, 81, 87, 32, 16, 68, 20, 85, 89, 10, 83, 7, 2, 88, 34, 29, 50, 12, 79, 49, 60, 56, 18, 27, 44, 75, 48, 6, 63, 58, 46, 82, 65, 5, 57, 35, 43, 14, 73, 53, 54, 86, 1, 72, 28, 47, 71, 13, 36, 33, 77, 38, 40, 61, 9, 21, 74, 51, 22, 45, 23, 4, 59, 31, 15, 3, 78, 52, 69
12, 90, 31, 87, 40, 21, 72, 50, 79, 68, 34, 25, 30, 2, 26, 22, 69, 65, 23, 88, 74, 19, 47, 45, 33, 77, 86, 1, 42, 66, 32, 9, 35, 82, 27, 80, 61, 81, 43, 78, 44, 60, 39, 7, 49, 57, 67, 41, 56, 37, 70, 13, 11, 15, 71, 16, 48, 64, 10, 59, 28, 4, 62, 24, 36, 8, 85, 55, 3, 54, 29, 75, 53, 20, 14, 63, 18, 6, 38, 17, 51, 84, 52, 83, 5, 76, 46, 89, 73, 58
15, 71, 59, 34, 38, 88, 23, 66, 31, 87, 40, 68, 57, 67, 41, 61, 30, 2, 18, 63, 91, 32, 33, 26, 45, 9, 35, 80, 79, 65, 17, 70, 37, 49, 90, 51, 84, 6, 43, 50, 28, 56, 52, 83, 73, 89, 24, 13, 74, 19, 47, 11, 55, 85, 8, 36, 75, 3, 54, 72, 60, 39, 7, 82, 25, 5, 62, 81, 48, 64, 76, 14, 20, 53, 4, 29, 16, 58, 77, 86, 1, 42, 22, 27, 69, 10, 21, 78, 44, 46, 12
12, 92, 77, 86, 1, 42, 43, 22, 27, 11, 47, 19, 55, 74, 13, 15, 81, 16, 25, 9, 29, 40, 4, 68, 18, 82, 7, 39, 6, 60, 20, 54, 3, 75, 36, 8, 85, 80, 90, 49, 57, 67, 41, 56, 52, 83, 73, 89, 46, 76, 63, 35, 48, 62, 5, 44, 78, 21, 10, 69, 84, 51, 17, 91, 58, 34, 31, 87, 53, 72, 64, 66, 23, 88, 38, 37, 70, 50, 28, 59, 45, 26, 33, 32, 2, 30, 61, 14, 71, 79, 65, 24
7, 39, 6, 81, 15, 13, 74, 82, 25, 16, 60, 20, 54, 3, 75, 36, 8, 85, 80, 90, 49, 57, 67, 41, 56, 52, 83, 73, 89, 46, 76, 63, 35, 48, 62, 5, 44, 78, 21, 10, 69, 84, 51, 17, 91, 58, 34, 31, 87, 53, 72, 64, 66, 23, 88, 38, 37, 70, 50, 28, 59, 45, 26, 33, 32, 2, 30, 61, 14, 71, 79, 65, 24, 93, 55, 12, 92, 77, 86, 1, 42, 43, 22, 27, 11, 47, 19, 9, 29, 40, 4, 68, 18
38, 88, 23, 66, 64, 72, 53, 87, 31, 34, 58, 91, 92, 12, 9, 29, 35, 48, 62, 5, 76, 46, 89, 73, 83, 52, 56, 41, 67, 3, 54, 20, 60, 16, 25, 82, 93, 55, 37, 70, 50, 28, 59, 45, 26, 33, 32, 2, 30, 61, 14, 71, 79, 65, 24, 44, 78, 21, 10, 69, 84, 51, 17, 77, 86, 1, 42, 43, 22, 27, 11, 47, 19, 94, 57, 49, 90, 80, 85, 8, 36, 75, 74, 13, 15, 81, 6, 39, 7, 63, 18, 68, 4, 40
67, 3, 54, 20, 60, 16, 25, 82, 93, 55, 37, 70, 50, 28, 59, 45, 26, 33, 32, 2, 30, 61, 14, 71, 79, 65, 24, 44, 78, 21, 10, 69, 84, 51, 17, 77, 86, 1, 42, 43, 22, 27, 11, 47, 19, 94, 57, 49, 90, 80, 85, 8, 36, 75, 74, 13, 15, 81, 6, 39, 95, 40, 4, 68, 18, 63, 7, 41, 56, 52, 83, 73, 89, 46, 76, 5, 62, 48, 35, 29, 9, 12, 92, 91, 58, 34, 31, 87, 53, 72, 64, 66, 23, 88, 38
13, 15, 81, 6, 39, 7, 75, 36, 8, 85, 80, 90, 49, 74, 63, 18, 68, 4, 40, 95, 41, 56, 52, 83, 73, 89, 46, 76, 5, 62, 48, 35, 29, 9, 12, 92, 91, 58, 34, 31, 87, 53, 72, 64, 66, 23, 88, 38, 96, 57, 94, 19, 47, 11, 27, 22, 43, 42, 1, 86, 77, 17, 51, 84, 69, 10, 21, 78, 44, 24, 65, 79, 71, 14, 61, 30, 2, 32, 33, 26, 45, 59, 28, 50, 70, 37, 55, 93, 82, 25, 16, 60, 20, 54, 3, 67
32, 30, 56, 58, 52, 44, 89, 73, 3, 12, 15, 67, 54, 76, 42, 27, 60, 21, 33, 37, 75, 94, 11, 34, 59, 9, 31, 43, 46, 18, 95, 13, 17, 64, 41, 96, 7, 53, 78, 74, 2, 90, 70, 29, 69, 20, 1, 93, 72, 55, 23, 50, 88, 85, 22, 47, 79, 4, 71, 8, 87, 80, 68, 28, 26, 39, 45, 83, 97, 5, 63, 40, 86, 82, 77, 61, 38, 51, 81, 35, 16, 10, 65, 66, 91, 48, 19, 14, 25, 57, 92, 6, 49, 62, 24, 84, 36
30, 46, 38, 40, 18, 43, 23, 4, 42, 10, 20, 12, 14, 5, 16, 52, 32, 47, 8, 39, 29, 33, 21, 3, 2, 36, 48, 6, 45, 22, 19, 15, 11, 49, 44, 31, 24, 41, 28, 34, 7, 53, 1, 9, 51, 26, 50, 27, 13, 25, 35, 37, 17
12, 20, 10, 42, 4, 23, 43, 18, 40, 38, 46, 30, 14, 5, 16, 52, 32, 47, 8, 39, 29, 33, 21, 3, 2, 36, 48, 6, 45, 22, 19, 15, 11, 49, 44, 31, 24, 41, 28, 34, 7, 53, 1, 9, 51, 26, 50, 27, 13, 25, 35, 37, 17
12, 20, 30, 46, 38, 40, 18, 43, 23, 4, 42, 10, 14, 5, 16, 52, 32, 47, 8, 39, 29, 33, 21, 3, 2, 36, 48, 6, 45, 22, 19, 15, 11, 49, 44, 31, 24, 41, 28, 34, 7, 53, 1, 9, 51, 26, 50, 27, 13, 25, 35, 37, 17
12, 20, 30, 46, 38, 40, 18, 43, 23, 4, 42, 10, 14, 5, 22, 45, 6, 48, 36, 2, 3, 21, 33, 29, 39, 8, 47, 32, 52, 16, 19, 15, 11, 49, 44, 31, 24, 41, 28, 34, 7, 53, 1, 9, 51, 26, 50, 27, 13, 25, 35, 37, 17
17, 31, 20, 45, 22, 4, 23, 19, 15, 41, 28, 34, 7, 53, 6, 48, 10, 40, 38, 8, 47, 32, 52, 16, 30, 44, 49, 37, 26, 42, 1, 9, 51, 2, 24, 11, 14, 3, 46, 12, 18, 36, 21, 33, 29, 39, 5, 50, 27, 13, 25, 35, 43
17, 31, 4, 22, 45, 20, 23, 19, 15, 41, 28, 34, 7, 53, 6, 48, 10, 40, 38, 8, 47, 32, 52, 16, 30, 44, 49, 37, 26, 42, 1, 9, 51, 2, 24, 11, 14, 3, 46, 12, 18, 36, 21, 33, 29, 39, 5, 50, 27, 13, 25, 35, 43
2, 13, 14, 39, 8, 47, 32, 52, 26, 20, 27, 50, 5, 51, 3, 53, 7, 35, 36, 18, 40, 10, 48, 6, 12, 29, 31, 44, 34, 41, 43, 11, 49, 42, 28, 30, 19, 45, 25, 15, 37, 16, 1, 9, 24, 22, 4, 23, 17, 38, 46, 33, 21
5, 50, 27, 20, 26, 52, 32, 47, 8, 39, 2, 3, 29, 12, 6, 48, 14, 51, 13, 53, 7, 35, 36, 18, 40, 10, 31, 44, 34, 41, 43, 11, 49, 42, 28, 30, 19, 45, 25, 15, 37, 16, 1, 9, 24, 22, 4, 23, 17, 38, 46, 33, 21
26, 37, 40, 18, 21, 24, 17, 50, 36, 41, 53, 35, 43, 11, 19, 25, 27, 6, 48, 30, 46, 38, 31, 12, 51, 9, 10, 33, 23, 4, 42, 1, 5, 8, 47, 32, 7, 34, 28, 49, 45, 20, 15, 14, 3, 22, 52, 16, 13, 39, 29, 2, 44
26, 37, 40, 18, 21, 24, 17, 50, 36, 41, 53, 35, 43, 11, 19, 25, 27, 6, 48, 30, 46, 38, 31, 12, 51, 9, 10, 33, 23, 4, 42, 1, 5, 8, 47, 32, 7, 34, 28, 49, 45, 20, 15, 14, 3, 22, 52, 16, 13, 39, 29, 44, 2
2, 54, 44, 29, 39, 13, 16, 52, 22, 3, 14, 15, 20, 45, 49, 28, 34, 7, 32, 47, 8, 5, 1, 42, 4, 23, 33, 10, 9, 51, 12, 31, 38, 46, 30, 48, 6, 27, 25, 19, 11, 43, 35, 53, 41, 36, 50, 17, 24, 21, 18, 40, 37, 26
23, 6, 52, 36, 18, 44, 33, 53, 45, 25, 42, 1, 12, 2, 19, 30, 46, 3, 51, 43, 20, 26, 35, 34, 48, 16, 21, 5, 50, 37, 10, 22, 29, 11, 4, 15, 40, 41, 24, 14, 9, 7, 47, 8, 27, 31, 38, 32, 13, 39, 17, 49, 28
23, 6, 52, 36, 18, 44, 33, 53, 45, 25, 42, 1, 12, 2, 19, 30, 46, 43, 51, 3, 20, 26, 35, 34, 48, 16, 21, 5, 50, 37, 10, 22, 29, 11, 4, 15, 40, 41, 24, 14, 9, 7, 47, 8, 27, 31, 38, 32, 13, 39, 17, 49, 28
52, 36, 18, 44, 33, 53, 45, 25, 42, 1, 12, 2, 19, 30, 46, 43, 51, 3, 20, 26, 35, 34, 48, 16, 21, 5, 50, 37, 10, 22, 29, 11, 4, 15, 40, 41, 24, 14, 9, 7, 47, 8, 27, 31, 38, 32, 13, 39, 17, 49, 28, 54, 6, 23
10, 43, 35, 44, 50, 24, 21, 47, 52, 14, 5, 36, 32, 4, 29, 30, 46, 38, 3, 2, 22, 8, 31, 26, 40, 18, 20, 7, 41, 19, 51, 1, 25, 23, 53, 42, 11, 49, 27, 45, 9, 17, 16, 48, 6, 12, 33, 15, 37, 28, 34, 39, 13
10, 43, 35, 44, 50, 24, 21, 47, 52, 14, 5, 36, 32, 4, 29, 30, 3, 38, 46, 2, 22, 8, 31, 26, 40, 18, 20, 7, 41, 19, 51, 1, 25, 23, 53, 42, 11, 49, 27, 45, 9, 17, 16, 48, 6, 12, 33, 15, 37, 28, 34, 39, 13
10, 43, 35, 44, 50, 24, 21, 47, 52, 14, 5, 36, 32, 4, 29, 30, 46, 38, 22, 3, 2, 8, 31, 26, 40, 18, 20, 7, 41, 19, 51, 1, 25, 23, 53, 42, 11, 49, 27, 45, 9, 17, 16, 48, 6, 12, 33, 15, 37, 28, 34, 39, 13
10, 43, 35, 44, 50, 24, 21, 47, 52, 14, 5, 36, 32, 4, 29, 30, 3, 38, 46, 2, 22, 8, 31, 26, 40, 18, 20, 7, 41, 19, 51, 1, 25, 23, 53, 42, 11, 49, 27, 45, 9, 17, 16, 48, 6, 12, 33, 15, 37, 28, 34, 39, 13
50, 24, 21, 47, 52, 14, 5, 36, 32, 4, 29, 30, 3, 38, 46, 2, 22, 8, 31, 26, 40, 18, 20, 7, 41, 19, 51, 1, 25, 23, 53, 42, 11, 49, 27, 45, 9, 17, 16, 48, 6, 12, 33, 15, 37, 28, 34, 39, 13, 54, 44, 35, 43, 10
50, 24, 21, 54, 13, 39, 34, 28, 37, 15, 33, 12, 6, 48, 16, 17, 9, 45, 27, 49, 11, 42, 53, 23, 25, 1, 51, 19, 41, 7, 20, 18, 40, 26, 31, 8, 22, 2, 46, 38, 3, 30, 29, 4, 32, 36, 5, 14, 52, 47, 44, 35, 43, 10
25, 23, 53, 42, 11, 49, 27, 45, 9, 17, 16, 48, 6, 12, 33, 15, 37, 28, 34, 39, 13, 54, 21, 24, 50, 1, 51, 19, 41, 7, 20, 18, 40, 26, 31, 8, 22, 2, 46, 38, 3, 30, 29, 4, 32, 36, 5, 14, 52, 47, 44, 35, 43, 10
24, 21, 54, 13, 39, 34, 28, 37, 15, 33, 12, 6, 48, 16, 17, 9, 45, 27, 49, 11, 42, 53, 23, 25, 50, 1, 51, 19, 41, 7, 20, 18, 40, 26, 31, 8, 22, 2, 46, 38, 3, 30, 29, 4, 32, 36, 5, 14, 52, 47, 44, 35, 43, 10
23, 53, 42, 11, 49, 27, 45, 9, 17, 16, 48, 6, 12, 33, 15, 37, 28, 34, 39, 13, 54, 21, 24, 25, 50, 1, 51, 19, 41, 7, 20, 18, 40, 26, 31, 8, 22, 2, 46, 38, 3, 30, 29, 4, 32, 36, 5, 14, 52, 47, 44, 35, 43, 10
15, 33, 12, 6, 48, 16, 17, 9, 45, 27, 49, 11, 42, 53, 23, 37, 28, 34, 39, 13, 54, 21, 24, 25, 50, 1, 51, 19, 41, 7, 20, 18, 40, 26, 31, 8, 22, 2, 46, 38, 3, 30, 29, 4, 32, 36, 5, 14, 52, 47, 44, 35, 43, 10
15, 33, 12, 6, 48, 16, 17, 9, 45, 27, 49, 11, 42, 53, 23, 37, 28, 34, 39, 13, 54, 21, 24, 25, 50, 1, 51, 19, 41, 7, 47, 52, 14, 5, 36, 32, 4, 29, 30, 3, 38, 46, 2, 22, 8, 31, 26, 40, 18, 20, 44, 35, 43, 10
10, 43, 35, 44, 50, 24, 21, 47, 52, 14, 5, 36, 32, 4, 29, 30, 46, 38, 22, 3, 2, 8, 31, 26, 40, 18, 20, 7, 41, 19, 51, 1, 25, 23, 53, 42, 11, 49, 27, 45, 9, 17, 16, 48, 6, 12, 33, 15, 37, 28, 34, 39, 13
15, 33, 12, 6, 48, 16, 17, 9, 45, 27, 49, 11, 42, 53, 23, 37, 28, 34, 39, 13, 54, 21, 24, 25, 50, 1, 51, 19, 41, 7, 47, 52, 14, 5, 36, 32, 4, 29, 30, 3, 38, 46, 22, 2, 8, 31, 26, 40, 18, 20, 44, 35, 43, 10
8, 14, 50, 41, 7, 29, 47, 18, 38, 33, 40, 49, 28, 34, 37, 39, 27, 20, 11, 35, 43, 2, 51, 6, 48, 53, 36, 15, 16, 22, 46, 25, 1, 42, 23, 12, 9, 5, 52, 3, 45, 24, 30, 19, 17, 21, 44, 32, 4, 10, 13, 31, 26
18, 47, 4, 10, 37, 50, 27, 20, 43, 2, 45, 40, 49, 28, 34, 42, 1, 25, 11, 35, 12, 9, 5, 52, 3, 46, 22, 17, 16, 36, 53, 48, 6, 19, 30, 24, 41, 39, 32, 44, 21, 7, 29, 51, 15, 14, 8, 38, 33, 23, 13, 31, 26
18, 47, 4, 10, 37, 50, 27, 20, 43, 2, 45, 40, 49, 28, 34, 42, 1, 25, 11, 35, 12, 9, 5, 52, 3, 46, 22, 6, 48, 53, 36, 15, 17, 19, 30, 24, 41, 39, 32, 44, 21, 7, 29, 51, 16, 14, 8, 38, 33, 23, 13, 31, 26
18, 47, 4, 10, 37, 50, 27, 20, 43, 2, 45, 40, 49, 28, 34, 42, 1, 25, 11, 35, 12, 9, 5, 52, 3, 46, 22, 17, 15, 36, 53, 48, 6, 19, 30, 24, 41, 39, 32, 44, 21, 7, 29, 51, 16, 14, 8, 38, 33, 23, 13, 31, 26
15, 48, 47, 24, 7, 25, 4, 32, 22, 35, 43, 27, 29, 19, 6, 21, 20, 12, 16, 17, 40, 18, 36, 5, 50, 46, 28, 49, 39, 9, 1, 42, 41, 26, 2, 3, 31, 34, 51, 33, 11, 30, 52, 10, 44, 23, 38, 13, 37, 53, 45, 14, 8
26, 39, 50, 9, 46, 38, 36, 5, 19, 53, 52, 44, 23, 27, 32, 37, 28, 34, 21, 51, 12, 43, 18, 41, 10, 6, 31, 1, 40, 25, 11, 14, 7, 48, 29, 4, 45, 3, 24, 16, 20, 33, 15, 49, 22, 8, 30, 17, 13, 47, 35, 2, 42
26, 39, 50, 9, 46, 38, 36, 5, 19, 53, 52, 44, 23, 27, 32, 37, 28, 34, 21, 51, 12, 43, 18, 41, 10, 6, 31, 1, 40, 25, 11, 14, 7, 48, 29, 4, 45, 16, 24, 3, 20, 33, 15, 49, 22, 8, 30, 17, 13, 47, 35, 2, 42
28, 34, 19, 37, 44, 2, 51, 43, 11, 25, 45, 8, 31, 26, 53, 23, 10, 41, 52, 40, 39, 50, 20, 16, 1, 42, 18, 30, 49, 5, 46, 9, 27, 24, 36, 7, 22, 15, 33, 3, 38, 12, 4, 35, 21, 17, 14, 29, 48, 13, 47, 32, 6
54, 6, 32, 47, 13, 48, 29, 14, 17, 21, 35, 4, 12, 38, 3, 33, 15, 22, 7, 36, 24, 27, 9, 46, 5, 49, 30, 18, 42, 1, 16, 20, 50, 39, 40, 52, 41, 10, 23, 53, 26, 31, 8, 45, 25, 11, 43, 51, 2, 44, 37, 19, 34, 28
4, 7, 36, 24, 33, 15, 22, 30, 46, 38, 12, 52, 41, 43, 11, 25, 45, 8, 31, 26, 53, 23, 19, 34, 27, 42, 1, 16, 20, 50, 39, 40, 9, 2, 28, 49, 5, 37, 44, 51, 3, 10, 18, 35, 21, 17, 14, 29, 48, 13, 47, 32, 6
46, 38, 12, 52, 41, 43, 11, 25, 45, 8, 31, 26, 53, 23, 19, 34, 27, 42, 1, 16, 20, 50, 39, 40, 9, 2, 28, 49, 5, 37, 44, 51, 3, 10, 18, 35, 21, 17, 14, 29, 48, 13, 47, 32, 6, 54, 30, 22, 15, 33, 24, 36, 7, 4
37, 19, 34, 28, 49, 5, 25, 45, 8, 31, 26, 53, 23, 10, 41, 52, 12, 38, 46, 30, 22, 15, 33, 4, 7, 36, 24, 27, 42, 1, 16, 20, 50, 39, 40, 9, 2, 44, 51, 11, 43, 3, 18, 35, 21, 17, 14, 29, 48, 13, 47, 32, 6
10, 41, 52, 12, 38, 34, 28, 49, 5, 24, 23, 53, 26, 31, 8, 45, 25, 11, 43, 3, 51, 44, 37, 19, 36, 7, 4, 33, 15, 22, 2, 40, 39, 50, 20, 16, 1, 42, 46, 30, 9, 27, 18, 35, 21, 17, 14, 29, 48, 13, 47, 32, 6
52, 12, 38, 34, 28, 49, 5, 24, 23, 53, 26, 31, 8, 45, 25, 11, 43, 3, 51, 44, 37, 19, 36, 7, 4, 33, 15, 22, 2, 40, 39, 50, 20, 16, 1, 42, 46, 30, 9, 27, 18, 35, 21, 17, 14, 29, 48, 13, 47, 32, 6, 54, 41, 10
52, 12, 38, 34, 28, 49, 5, 24, 23, 53, 26, 31, 8, 45, 25, 11, 43, 3, 51, 44, 37, 19, 36, 7, 4, 33, 15, 22, 2, 40, 39, 50, 54, 6, 32, 47, 13, 48, 29, 14, 17, 21, 35, 18, 27, 9, 30, 46, 42, 1, 16, 20, 41, 10
55, 10, 41, 20, 16, 1, 42, 46, 30, 9, 27, 18, 35, 21, 17, 14, 29, 48, 13, 47, 32, 6, 54, 50, 39, 40, 2, 22, 15, 33, 4, 7, 36, 19, 37, 44, 51, 3, 43, 11, 25, 45, 8, 31, 26, 53, 23, 24, 5, 49, 28, 34, 38, 12, 52
37, 19, 34, 28, 49, 5, 25, 45, 8, 31, 26, 53, 23, 10, 41, 52, 12, 38, 46, 30, 4, 33, 2, 9, 40, 39, 50, 20, 16, 1, 42, 27, 24, 36, 7, 22, 15, 44, 51, 11, 43, 3, 18, 35, 21, 17, 14, 29, 48, 13, 47, 32, 6
22, 15, 33, 42, 1, 16, 20, 50, 39, 40, 2, 4, 5, 49, 28, 34, 19, 37, 44, 51, 3, 10, 7, 36, 24, 27, 9, 30, 46, 38, 23, 53, 26, 31, 8, 45, 25, 11, 43, 41, 52, 12, 18, 35, 21, 17, 14, 29, 48, 13, 47, 32, 6
22, 15, 33, 42, 1, 16, 20, 50, 39, 40, 2, 4, 5, 49, 28, 34, 19, 37, 44, 51, 3, 10, 7, 36, 24, 27, 9, 30, 46, 38, 23, 53, 26, 31, 12, 52, 41, 43, 11, 25, 45, 8, 18, 35, 21, 17, 14, 29, 48, 13, 47, 32, 6
37, 44, 51, 3, 10, 7, 36, 24, 27, 9, 30, 46, 38, 23, 53, 26, 31, 12, 52, 41, 43, 11, 25, 45, 8, 18, 35, 21, 17, 14, 29, 48, 13, 47, 32, 6, 54, 19, 34, 28, 49, 5, 4, 2, 40, 39, 50, 20, 16, 1, 42, 33, 15, 22
55, 22, 15, 33, 42, 1, 16, 20, 50, 39, 40, 2, 4, 5, 49, 28, 34, 19, 54, 6, 32, 47, 13, 48, 29, 14, 17, 21, 35, 18, 8, 45, 25, 11, 43, 41, 52, 12, 31, 26, 53, 23, 38, 46, 30, 9, 27, 24, 36, 7, 10, 3, 51, 44, 37
8, 45, 25, 11, 43, 41, 52, 12, 31, 26, 53, 23, 38, 46, 30, 9, 27, 24, 36, 7, 22, 15, 33, 42, 1, 16, 20, 50, 39, 40, 2, 4, 10, 19, 34, 28, 49, 5, 37, 44, 51, 32, 18, 35, 21, 17, 14, 29, 48, 13, 47, 3, 6
8, 45, 25, 11, 43, 41, 52, 12, 31, 26, 53, 23, 38, 46, 30, 9, 27, 24, 36, 7, 22, 15, 33, 42, 1, 16, 20, 50, 39, 40, 2, 4, 10, 19, 34, 28, 49, 32, 51, 44, 37, 5, 18, 35, 21, 17, 14, 29, 48, 13, 47, 3, 6
36, 7, 22, 15, 33, 42, 1, 16, 20, 50, 39, 40, 2, 4, 10, 19, 34, 28, 49, 32, 51, 44, 37, 5, 18, 35, 21, 17, 14, 29, 48, 13, 47, 3, 6, 54, 24, 27, 9, 30, 46, 38, 23, 53, 26, 31, 12, 52, 41, 43, 11, 25, 45, 8
55, 8, 45, 25, 11, 43, 41, 52, 12, 31, 26, 53, 23, 38, 46, 30, 9, 27, 24, 54, 6, 3, 47, 13, 48, 29, 14, 17, 21, 35, 18, 5, 37, 44, 51, 32, 49, 28, 34, 19, 10, 4, 2, 40, 39, 50, 20, 16, 1, 42, 33, 15, 22, 7, 36
36, 7, 22, 15, 33, 42, 1, 16, 20, 50, 39, 40, 2, 4, 10, 19, 34, 28, 49, 32, 51, 44, 37, 5, 18, 35, 21, 17, 14, 29, 48, 13, 47, 54, 6, 3, 24, 27, 9, 30, 46, 38, 23, 53, 26, 31, 12, 52, 41, 43, 11, 25, 45, 8
55, 8, 45, 25, 11, 43, 41, 52, 12, 31, 26, 53, 23, 38, 46, 30, 9, 27, 24, 3, 6, 54, 47, 13, 48, 29, 14, 17, 21, 35, 18, 5, 37, 44, 51, 32, 49, 28, 34, 19, 10, 4, 2, 40, 39, 50, 20, 16, 1, 42, 33, 15, 22, 7, 36
26, 31, 12, 52, 41, 43, 11, 25, 45, 8, 42, 1, 16, 20, 50, 39, 40, 2, 4, 10, 24, 36, 7, 22, 15, 33, 53, 23, 38, 46, 30, 9, 27, 19, 34, 28, 49, 32, 51, 44, 37, 5, 18, 35, 21, 17, 14, 29, 48, 13, 47, 3, 6
9, 43, 11, 53, 18, 39, 30, 29, 33, 14, 8, 46, 23, 3, 21, 19, 10, 4, 20, 26, 16, 7, 50, 52, 49, 41, 34, 44, 40, 2, 47, 35, 12, 51, 32, 38, 22, 5, 27, 31, 24, 37, 25, 45, 15, 36, 1, 42, 48, 13, 17, 28, 6
7, 8, 15, 46, 38, 41, 14, 47, 10, 24, 43, 29, 25, 32, 39, 51, 11, 52, 1, 35, 50, 37, 26, 27, 5, 36, 3, 4, 12, 2, 9, 23, 53, 31, 48, 18, 33, 21, 45, 30, 19, 34, 42, 17, 22, 44, 16, 40, 13, 28, 6, 20, 49
47, 10, 24, 43, 29, 25, 32, 39, 51, 11, 52, 1, 35, 50, 37, 26, 27, 5, 36, 3, 4, 12, 2, 9, 23, 53, 31, 48, 18, 33, 21, 45, 30, 19, 34, 42, 17, 22, 44, 16, 40, 13, 28, 6, 20, 49, 54, 14, 41, 38, 46, 15, 8, 7
16, 40, 13, 28, 6, 20, 49, 54, 14, 41, 38, 46, 15, 8, 7, 55, 44, 22, 17, 42, 34, 19, 30, 45, 21, 33, 18, 48, 31, 53, 23, 9, 2, 12, 4, 3, 36, 5, 27, 26, 37, 50, 35, 1, 52, 11, 51, 39, 32, 25, 29, 43, 24, 10, 47
47, 10, 24, 43, 29, 25, 32, 39, 51, 11, 52, 1, 54, 49, 20, 6, 28, 13, 40, 16, 44, 22, 17, 42, 34, 19, 30, 45, 21, 33, 18, 48, 31, 53, 23, 9, 2, 12, 4, 3, 36, 5, 27, 26, 37, 50, 35, 14, 41, 38, 46, 15, 8, 7
22, 44, 16, 40, 13, 28, 6, 20, 49, 54, 1, 52, 11, 51, 39, 32, 25, 29, 43, 24, 10, 47, 17, 42, 34, 19, 30, 45, 21, 33, 18, 48, 31, 53, 23, 9, 2, 12, 4, 3, 36, 5, 27, 26, 37, 50, 35, 14, 41, 38, 46, 15, 8, 7
55, 7, 8, 15, 46, 38, 41, 14, 35, 50, 37, 26, 27, 5, 36, 3, 4, 12, 2, 9, 23, 53, 31, 48, 18, 33, 21, 45, 30, 19, 34, 42, 17, 47, 10, 24, 43, 29, 25, 32, 39, 51, 11, 52, 1, 54, 49, 20, 6, 28, 13, 40, 16, 44, 22
47, 10, 24, 43, 29, 25, 32, 39, 51, 11, 52, 1, 23, 53, 31, 48, 18, 33, 21, 45, 30, 19, 34, 42, 17, 35, 50, 37, 26, 27, 5, 36, 3, 4, 12, 2, 9, 54, 49, 20, 6, 28, 13, 40, 16, 44, 22, 14, 41, 38, 46, 15, 8, 7
13, 40, 16, 44, 22, 14, 41, 38, 46, 15, 8, 7, 55, 28, 6, 20, 49, 54, 9, 2, 12, 4, 3, 36, 5, 27, 26, 37, 50, 35, 17, 42, 34, 19, 30, 45, 21, 33, 18, 48, 31, 53, 23, 1, 52, 11, 51, 39, 32, 25, 29, 43, 24, 10, 47
19, 34, 42, 17, 22, 44, 16, 1, 52, 11, 51, 39, 32, 25, 29, 43, 24, 10, 47, 30, 45, 21, 33, 18, 48, 31, 53, 23, 40, 13, 28, 6, 20, 49, 54, 9, 2, 12, 4, 3, 36, 5, 27, 26, 37, 50, 35, 14, 41, 38, 46, 15, 8, 7
36, 5, 27, 24, 43, 29, 25, 32, 53, 31, 48, 46, 38, 41, 14, 39, 51, 11, 52, 1, 35, 50, 37, 26, 18, 33, 21, 45, 30, 19, 34, 12, 2, 3, 40, 4, 10, 47, 7, 15, 16, 44, 22, 17, 42, 8, 23, 9, 13, 28, 6, 20, 49
36, 5, 27, 24, 43, 29, 25, 32, 53, 31, 48, 46, 38, 41, 14, 39, 51, 11, 52, 1, 35, 50, 37, 26, 18, 33, 21, 45, 30, 19, 34, 12, 2, 4, 40, 3, 10, 47, 7, 15, 16, 44, 22, 17, 42, 8, 23, 9, 13, 28, 6, 20, 49
18, 35, 40, 16, 44, 22, 15, 46, 38, 41, 7, 47, 10, 36, 5, 17, 42, 30, 33, 21, 45, 48, 31, 53, 32, 25, 29, 43, 24, 14, 19, 34, 51, 39, 8, 1, 52, 23, 50, 37, 26, 27, 12, 4, 3, 2, 9, 11, 13, 28, 6, 20, 49
26, 37, 50, 35, 1, 52, 11, 9, 2, 3, 4, 7, 47, 40, 16, 44, 22, 17, 42, 23, 8, 33, 18, 10, 36, 5, 41, 38, 46, 27, 51, 39, 14, 21, 45, 30, 19, 34, 24, 43, 29, 25, 32, 53, 31, 48, 15, 12, 13, 28, 6, 20, 49
14, 39, 51, 25, 29, 43, 24, 34, 19, 30, 35, 1, 52, 11, 9, 2, 40, 16, 44, 22, 17, 42, 45, 21, 33, 32, 53, 31, 48, 41, 38, 46, 15, 18, 27, 23, 8, 7, 47, 10, 36, 5, 26, 37, 50, 12, 4, 3, 13, 28, 6, 20, 49
18, 35, 40, 16, 44, 22, 15, 46, 38, 41, 7, 47, 10, 36, 5, 17, 42, 30, 33, 21, 45, 48, 31, 53, 32, 25, 29, 43, 24, 14, 19, 34, 51, 39, 8, 1, 52, 9, 2, 3, 12, 27, 26, 37, 50, 23, 4, 11, 13, 28, 6, 20, 49
54, 49, 20, 6, 28, 13, 11, 4, 23, 50, 37, 26, 27, 12, 3, 2, 9, 52, 1, 8, 39, 51, 34, 19, 14, 24, 43, 29, 25, 32, 53, 31, 48, 45, 21, 33, 30, 42, 17, 5, 36, 10, 47, 7, 41, 38, 46, 15, 22, 44, 16, 40, 35, 18
21, 33, 30, 42, 17, 5, 36, 10, 47, 7, 41, 38, 46, 15, 22, 44, 16, 40, 35, 18, 55, 45, 48, 31, 53, 32, 25, 29, 43, 24, 14, 19, 34, 51, 39, 8, 1, 52, 9, 2, 3, 12, 27, 26, 37, 50, 23, 4, 11, 13, 28, 6, 20, 49, 54
21, 33, 30, 42, 55, 18, 35, 40, 16, 44, 22, 15, 46, 38, 41, 7, 47, 10, 36, 5, 17, 45, 48, 31, 53, 32, 25, 29, 43, 24, 14, 19, 34, 51, 39, 8, 1, 52, 9, 2, 3, 12, 27, 26, 37, 50, 23, 4, 11, 13, 28, 6, 20, 49, 54
18, 35, 40, 16, 44, 22, 15, 46, 38, 41, 7, 47, 10, 36, 5, 17, 42, 30, 33, 21, 45, 48, 31, 53, 32, 25, 29, 43, 24, 14, 19, 34, 51, 39, 8, 1, 52, 3, 2, 9, 12, 27, 26, 37, 50, 23, 4, 11, 13, 28, 6, 20, 49
54, 49, 20, 6, 28, 13, 11, 4, 23, 50, 37, 26, 27, 12, 9, 2, 3, 52, 1, 8, 39, 51, 34, 19, 14, 24, 43, 29, 25, 32, 53, 31, 48, 45, 21, 33, 30, 42, 17, 5, 36, 10, 47, 7, 41, 38, 46, 15, 22, 44, 16, 40, 35, 18
18, 35, 40, 16, 44, 22, 15, 46, 38, 41, 7, 47, 10, 36, 5, 17, 42, 30, 33, 21, 45, 48, 31, 53, 32, 25, 29, 43, 24, 14, 19, 34, 51, 39, 8, 1, 52, 3, 2, 11, 4, 23, 50, 37, 26, 27, 12, 9, 13, 28, 6, 20, 49
54, 49, 20, 6, 28, 13, 9, 12, 27, 26, 37, 50, 23, 4, 11, 2, 3, 52, 1, 8, 39, 51, 34, 19, 14, 24, 43, 29, 25, 32, 53, 31, 48, 45, 21, 33, 30, 42, 17, 5, 36, 10, 47, 7, 41, 38, 46, 15, 22, 44, 16, 40, 35, 18
18, 35, 40, 16, 44, 22, 15, 46, 38, 41, 7, 47, 10, 36, 5, 17, 42, 30, 33, 21, 45, 48, 31, 53, 32, 25, 29, 43, 24, 14, 19, 34, 51, 39, 8, 1, 52, 2, 3, 11, 4, 23, 50, 37, 26, 27, 12, 9, 13, 28, 6, 20, 49
54, 49, 20, 6, 28, 13, 9, 12, 27, 26, 37, 50, 23, 4, 11, 3, 2, 52, 1, 8, 39, 51, 34, 19, 14, 24, 43, 29, 25, 32, 53, 31, 48, 45, 21, 33, 30, 42, 17, 5, 36, 10, 47, 7, 41, 38, 46, 15, 22, 44, 16, 40, 35, 18
21, 33, 30, 42, 17, 5, 36, 10, 47, 7, 41, 38, 46, 15, 22, 44, 16, 40, 35, 18, 55, 45, 48, 31, 53, 32, 25, 29, 43, 24, 14, 19, 34, 51, 39, 8, 1, 52, 2, 3, 11, 4, 23, 50, 37, 26, 27, 12, 9, 13, 28, 6, 20, 49, 54
21, 33, 30, 42, 55, 18, 35, 40, 16, 44, 22, 15, 46, 38, 41, 7, 47, 10, 36, 5, 17, 45, 48, 31, 53, 32, 25, 29, 43, 24, 14, 19, 34, 51, 39, 8, 1, 52, 2, 3, 11, 4, 23, 50, 37, 26, 27, 12, 9, 13, 28, 6, 20, 49, 54
31, 53, 32, 25, 29, 43, 24, 23, 41, 40, 16, 44, 12, 15, 46, 38, 4, 2, 3, 9, 5, 36, 35, 1, 52, 11, 19, 34, 51, 39, 14, 48, 50, 37, 42, 17, 22, 26, 27, 8, 7, 47, 10, 18, 33, 21, 45, 30, 13, 28, 6, 20, 49
53, 32, 25, 29, 43, 24, 23, 41, 40, 16, 44, 12, 15, 46, 38, 4, 2, 3, 9, 5, 36, 35, 1, 52, 11, 19, 34, 51, 39, 14, 48, 50, 37, 42, 17, 22, 26, 27, 8, 7, 47, 10, 18, 33, 21, 45, 30, 13, 28, 6, 20, 49, 54, 31
12, 44, 16, 40, 41, 23, 24, 43, 29, 25, 32, 53, 15, 46, 38, 4, 2, 3, 9, 5, 36, 35, 1, 52, 11, 19, 34, 51, 39, 14, 48, 50, 37, 42, 17, 22, 26, 27, 8, 7, 47, 10, 18, 33, 21, 45, 30, 13, 28, 6, 20, 49, 54, 31
6, 20, 49, 54, 31, 55, 28, 13, 30, 45, 21, 33, 18, 10, 47, 7, 8, 27, 26, 22, 17, 42, 37, 50, 48, 14, 39, 51, 34, 19, 11, 52, 1, 35, 36, 5, 9, 3, 2, 4, 38, 46, 15, 53, 32, 25, 29, 43, 24, 23, 41, 40, 16, 44, 12
9, 4, 29, 43, 24, 2, 12, 50, 40, 15, 46, 38, 41, 37, 47, 10, 36, 5, 8, 23, 39, 51, 11, 52, 1, 35, 3, 48, 31, 53, 32, 25, 34, 19, 30, 45, 21, 33, 18, 26, 16, 44, 22, 17, 42, 27, 14, 7, 13, 28, 6, 20, 49
9, 4, 29, 43, 24, 12, 40, 50, 3, 15, 46, 38, 41, 37, 47, 10, 36, 5, 8, 23, 39, 51, 11, 52, 1, 35, 2, 48, 31, 53, 32, 25, 34, 19, 30, 45, 21, 33, 18, 26, 16, 44, 22, 17, 42, 27, 14, 7, 13, 28, 6, 20, 49
9, 27, 29, 43, 24, 2, 12, 50, 40, 15, 46, 38, 41, 37, 47, 10, 36, 5, 8, 23, 39, 51, 11, 52, 1, 35, 4, 48, 31, 53, 32, 25, 34, 19, 30, 45, 21, 33, 18, 26, 16, 44, 22, 17, 42, 3, 14, 7, 13, 28, 6, 20, 49
7, 13, 28, 6, 20, 49, 54, 14, 3, 42, 17, 22, 44, 16, 26, 18, 33, 21, 45, 30, 19, 34, 25, 32, 53, 31, 48, 4, 35, 1, 52, 11, 51, 39, 23, 8, 5, 36, 10, 47, 37, 41, 38, 46, 15, 40, 50, 12, 2, 24, 43, 29, 27, 9
34, 25, 32, 53, 31, 48, 4, 35, 1, 52, 11, 51, 39, 23, 8, 5, 36, 10, 47, 37, 41, 38, 46, 15, 40, 50, 12, 2, 24, 43, 29, 27, 9, 55, 19, 30, 45, 21, 33, 18, 26, 16, 44, 22, 17, 42, 3, 14, 54, 49, 20, 6, 28, 13, 7
11, 52, 1, 35, 4, 48, 31, 53, 32, 25, 34, 51, 39, 23, 8, 5, 36, 10, 47, 37, 41, 38, 46, 15, 40, 50, 12, 2, 24, 43, 29, 27, 9, 55, 19, 30, 45, 21, 33, 18, 26, 16, 44, 22, 17, 42, 3, 14, 54, 49, 20, 6, 28, 13, 7
23, 8, 5, 36, 10, 47, 37, 41, 38, 46, 15, 40, 50, 12, 2, 24, 43, 29, 27, 9, 55, 25, 34, 39, 51, 11, 52, 1, 35, 4, 48, 31, 53, 32, 19, 30, 45, 21, 33, 18, 26, 16, 44, 22, 17, 42, 3, 14, 54, 49, 20, 6, 28, 13, 7
5, 44, 23, 40, 7, 14, 25, 47, 10, 36, 41, 24, 43, 16, 38, 46, 27, 17, 35, 8, 2, 26, 4, 9, 3, 32, 19, 34, 42, 29, 12, 15, 53, 31, 48, 1, 52, 37, 50, 33, 18, 22, 30, 45, 21, 39, 51, 11, 13, 28, 6, 20, 49
31, 48, 44, 5, 16, 38, 46, 36, 41, 40, 23, 8, 10, 47, 7, 2, 3, 9, 4, 27, 14, 29, 42, 34, 45, 21, 24, 39, 19, 26, 37, 53, 32, 43, 25, 30, 18, 50, 33, 51, 11, 52, 1, 35, 17, 22, 15, 12, 13, 28, 6, 20, 49
18, 50, 33, 51, 11, 52, 1, 35, 17, 22, 15, 12, 13, 28, 6, 20, 49, 54, 30, 25, 43, 32, 53, 37, 26, 19, 39, 24, 21, 45, 34, 42, 29, 14, 27, 4, 9, 3, 2, 7, 47, 10, 8, 23, 40, 41, 36, 46, 38, 16, 5, 44, 48, 31
13, 12, 15, 22, 17, 35, 1, 52, 11, 51, 33, 50, 18, 28, 6, 20, 49, 54, 30, 25, 43, 32, 53, 37, 26, 19, 39, 24, 21, 45, 34, 42, 29, 14, 27, 4, 9, 3, 2, 7, 47, 10, 8, 23, 40, 41, 36, 46, 38, 16, 5, 44, 48, 31
13, 18, 50, 33, 51, 11, 52, 1, 35, 17, 22, 15, 12, 28, 6, 20, 49, 54, 30, 25, 43, 32, 53, 37, 26, 19, 39, 24, 21, 45, 34, 42, 29, 14, 27, 4, 9, 3, 2, 7, 47, 10, 8, 23, 40, 41, 36, 46, 38, 16, 5, 44, 48, 31
51, 11, 52, 1, 35, 17, 22, 15, 12, 28, 6, 20, 49, 54, 30, 25, 43, 32, 53, 37, 26, 19, 39, 24, 21, 45, 34, 42, 29, 14, 27, 4, 9, 3, 2, 7, 47, 10, 8, 23, 40, 41, 36, 46, 38, 16, 5, 44, 48, 31, 55, 33, 50, 18, 13
29, 42, 34, 45, 21, 24, 39, 19, 26, 37, 53, 32, 43, 25, 30, 54, 49, 20, 6, 28, 12, 15, 22, 17, 35, 1, 52, 11, 51, 14, 27, 4, 9, 3, 2, 7, 47, 10, 8, 23, 40, 41, 36, 46, 38, 16, 5, 44, 48, 31, 55, 33, 50, 18, 13
29, 42, 34, 45, 21, 51, 11, 52, 1, 35, 17, 22, 15, 12, 28, 6, 20, 49, 54, 30, 25, 43, 32, 53, 37, 26, 19, 39, 24, 14, 27, 4, 9, 3, 2, 7, 47, 10, 8, 23, 40, 41, 36, 46, 38, 16, 5, 44, 48, 31, 55, 33, 50, 18, 13
51, 11, 52, 1, 35, 17, 22, 15, 12, 28, 6, 20, 49, 54, 30, 25, 43, 32, 53, 37, 26, 19, 39, 24, 14, 27, 4, 9, 3, 2, 7, 47, 10, 8, 23, 40, 41, 36, 46, 38, 16, 5, 44, 48, 31, 55, 33, 50, 18, 13, 56, 21, 45, 34, 42, 29
24, 39, 19, 26, 37, 53, 32, 43, 25, 30, 54, 49, 20, 6, 28, 12, 15, 22, 17, 35, 1, 52, 11, 51, 14, 27, 4, 9, 3, 2, 7, 47, 10, 8, 23, 40, 41, 36, 46, 38, 16, 5, 44, 48, 31, 55, 33, 50, 18, 13, 56, 21, 45, 34, 42, 29
23, 40, 41, 36, 46, 38, 16, 5, 44, 48, 31, 55, 33, 50, 18, 13, 56, 21, 45, 34, 42, 29, 57, 8, 10, 47, 7, 2, 3, 9, 4, 27, 14, 51, 11, 52, 1, 35, 17, 22, 15, 12, 28, 6, 20, 49, 54, 30, 25, 43, 32, 53, 37, 26, 19, 39, 24
26, 37, 53, 32, 43, 25, 30, 54, 49, 20, 6, 28, 12, 15, 22, 17, 35, 1, 52, 11, 51, 21, 45, 34, 42, 29, 19, 39, 24, 14, 27, 4, 9, 3, 2, 7, 47, 10, 8, 23, 40, 41, 36, 46, 38, 16, 5, 44, 48, 31, 55, 33, 50, 18, 13
26, 37, 53, 32, 43, 25, 30, 54, 49, 20, 6, 28, 12, 15, 22, 17, 35, 1, 52, 11, 51, 21, 45, 34, 42, 29, 19, 39, 24, 14, 27, 4, 9, 3, 2, 7, 47, 10, 8, 23, 40, 41, 36, 46, 38, 16, 55, 31, 48, 44, 5, 33, 50, 18, 13
31, 48, 44, 5, 16, 38, 46, 36, 41, 40, 23, 8, 10, 47, 7, 2, 4, 9, 3, 27, 14, 29, 42, 34, 45, 21, 24, 39, 19, 26, 37, 53, 32, 43, 25, 30, 18, 50, 33, 51, 11, 52, 1, 35, 17, 22, 15, 12, 13, 28, 6, 20, 49
2, 9, 34, 42, 29, 14, 39, 51, 25, 38, 46, 3, 36, 22, 30, 45, 7, 47, 10, 24, 18, 33, 50, 37, 26, 27, 19, 17, 35, 1, 52, 11, 43, 32, 53, 31, 48, 44, 5, 8, 23, 40, 16, 4, 41, 21, 15, 12, 13, 28, 6, 20, 49
2, 9, 34, 42, 29, 14, 39, 51, 25, 38, 46, 3, 36, 22, 30, 45, 7, 47, 10, 24, 18, 33, 50, 37, 26, 27, 19, 17, 35, 1, 52, 40, 23, 8, 5, 44, 48, 31, 53, 32, 43, 11, 16, 4, 41, 21, 15, 12, 13, 28, 6, 20, 49
22, 36, 10, 47, 7, 14, 2, 3, 46, 38, 16, 29, 42, 4, 24, 18, 33, 50, 37, 5, 8, 23, 30, 40, 41, 44, 48, 31, 53, 32, 45, 9, 43, 11, 52, 1, 35, 17, 27, 25, 51, 39, 34, 19, 26, 21, 15, 12, 13, 28, 6, 20, 49
46, 38, 16, 29, 42, 4, 24, 18, 33, 50, 37, 5, 8, 23, 30, 40, 41, 44, 48, 31, 53, 32, 45, 9, 43, 11, 52, 1, 35, 17, 27, 25, 51, 39, 34, 19, 26, 21, 15, 12, 13, 28, 6, 20, 49, 54, 3, 2, 14, 7, 47, 10, 36, 22
46, 38, 16, 29, 54, 49, 20, 6, 28, 13, 12, 15, 21, 26, 19, 34, 39, 51, 25, 27, 17, 35, 1, 52, 11, 43, 9, 45, 32, 53, 31, 48, 44, 41, 40, 30, 23, 8, 5, 37, 50, 33, 18, 24, 4, 42, 3, 2, 14, 7, 47, 10, 36, 22
31, 53, 32, 45, 9, 43, 11, 52, 1, 35, 17, 27, 25, 51, 39, 34, 19, 26, 21, 15, 12, 13, 28, 6, 20, 49, 54, 29, 16, 38, 46, 48, 44, 41, 40, 30, 23, 8, 5, 37, 50, 33, 18, 24, 4, 42, 3, 2, 14, 7, 47, 10, 36, 22
30, 23, 8, 5, 37, 50, 33, 18, 24, 4, 42, 25, 51, 39, 34, 19, 26, 21, 15, 12, 13, 28, 6, 20, 49, 54, 29, 16, 38, 46, 40, 41, 44, 48, 31, 53, 32, 45, 9, 43, 11, 52, 1, 35, 17, 27, 3, 2, 14, 7, 47, 10, 36, 22
25, 51, 39, 34, 19, 26, 21, 15, 12, 13, 28, 6, 20, 49, 54, 35, 1, 52, 11, 43, 9, 45, 32, 53, 31, 27, 17, 29, 16, 38, 46, 48, 44, 41, 40, 30, 23, 8, 5, 37, 50, 33, 18, 24, 4, 42, 3, 2, 14, 7, 47, 10, 36, 22
31, 27, 17, 29, 16, 38, 46, 48, 44, 41, 40, 30, 23, 8, 5, 37, 50, 33, 18, 24, 4, 42, 3, 2, 14, 7, 47, 10, 36, 22, 55, 53, 32, 45, 9, 43, 11, 52, 1, 35, 54, 49, 20, 6, 28, 13, 12, 15, 21, 26, 19, 34, 39, 51, 25
56, 25, 51, 39, 34, 19, 26, 21, 15, 12, 13, 28, 6, 20, 49, 54, 35, 1, 52, 11, 43, 9, 45, 32, 53, 55, 22, 36, 10, 47, 7, 14, 2, 3, 42, 4, 24, 18, 33, 50, 37, 5, 8, 23, 30, 40, 41, 44, 48, 46, 38, 16, 29, 17, 27, 31
57, 31, 27, 17, 29, 16, 38, 46, 48, 44, 41, 40, 30, 23, 8, 5, 37, 50, 33, 18, 24, 4, 42, 3, 2, 14, 7, 47, 10, 36, 22, 55, 53, 32, 45, 9, 43, 11, 52, 1, 35, 54, 49, 20, 6, 28, 13, 12, 15, 21, 26, 19, 34, 39, 51, 25, 56
58, 56, 25, 51, 39, 34, 19, 26, 21, 15, 12, 13, 28, 6, 20, 49, 54, 35, 1, 52, 11, 43, 9, 45, 32, 53, 55, 22, 36, 10, 47, 7, 14, 2, 3, 42, 4, 24, 18, 33, 50, 37, 5, 8, 23, 30, 40, 41, 44, 48, 46, 38, 16, 29, 17, 27, 31, 57
23, 8, 5, 37, 50, 33, 18, 24, 4, 42, 29, 16, 38, 46, 30, 22, 36, 10, 47, 7, 9, 3, 2, 40, 41, 44, 48, 31, 53, 32, 45, 14, 43, 11, 52, 1, 35, 17, 27, 25, 51, 39, 34, 19, 26, 21, 15, 12, 13, 28, 6, 20, 49
22, 36, 10, 47, 16, 38, 46, 9, 7, 3, 2, 29, 42, 4, 24, 18, 33, 50, 37, 41, 40, 23, 30, 8, 5, 44, 48, 31, 53, 32, 45, 14, 43, 11, 52, 1, 35, 17, 27, 25, 51, 39, 34, 19, 26, 21, 15, 12, 13, 28, 6, 20, 49
22, 36, 10, 47, 16, 38, 46, 9, 7, 3, 2, 29, 42, 4, 24, 18, 33, 50, 37, 5, 8, 23, 30, 40, 41, 44, 48, 31, 53, 32, 45, 14, 43, 11, 52, 1, 35, 17, 27, 25, 51, 39, 34, 19, 26, 21, 15, 12, 13, 28, 6, 20, 49
14, 21, 45, 46, 36, 41, 38, 47, 10, 8, 5, 44, 22, 24, 25, 43, 32, 53, 2, 7, 16, 4, 9, 3, 34, 42, 29, 23, 40, 51, 39, 27, 18, 33, 50, 37, 26, 19, 17, 48, 31, 11, 52, 1, 35, 30, 15, 12, 13, 28, 6, 20, 49
14, 21, 45, 46, 36, 41, 38, 47, 10, 8, 5, 44, 22, 24, 25, 43, 32, 53, 3, 9, 2, 16, 7, 4, 34, 42, 29, 23, 40, 51, 39, 27, 18, 33, 50, 37, 26, 19, 17, 48, 31, 11, 52, 1, 35, 30, 15, 12, 13, 28, 6, 20, 49
11, 40, 51, 39, 18, 33, 50, 37, 43, 24, 14, 3, 2, 4, 29, 42, 7, 47, 10, 36, 41, 23, 22, 44, 5, 8, 48, 31, 53, 32, 35, 1, 52, 45, 21, 46, 38, 17, 16, 26, 19, 34, 27, 25, 9, 30, 15, 12, 13, 28, 6, 20, 49
17, 16, 26, 19, 34, 27, 25, 9, 30, 15, 12, 13, 28, 6, 20, 49, 54, 38, 46, 21, 45, 52, 1, 35, 32, 53, 31, 48, 8, 5, 44, 22, 23, 41, 36, 10, 47, 7, 42, 29, 4, 2, 3, 14, 24, 43, 37, 50, 33, 18, 39, 51, 40, 11
38, 46, 21, 45, 52, 1, 35, 32, 53, 31, 48, 8, 5, 44, 22, 23, 41, 36, 10, 47, 7, 42, 29, 4, 2, 3, 14, 24, 43, 37, 50, 33, 18, 39, 51, 40, 11, 55, 54, 49, 20, 6, 28, 13, 12, 15, 30, 9, 25, 27, 34, 19, 26, 16, 17
52, 1, 35, 32, 53, 31, 48, 8, 5, 44, 22, 23, 41, 36, 10, 47, 7, 42, 29, 4, 2, 3, 14, 24, 43, 37, 50, 33, 18, 39, 51, 40, 11, 55, 54, 49, 20, 6, 28, 13, 12, 15, 30, 9, 25, 27, 34, 19, 26, 16, 17, 56, 45, 21, 46, 38
53, 31, 48, 8, 5, 44, 22, 23, 41, 36, 10, 47, 7, 42, 29, 4, 2, 3, 14, 24, 43, 37, 50, 33, 18, 39, 51, 40, 11, 55, 54, 49, 20, 6, 28, 13, 12, 15, 30, 9, 25, 27, 34, 19, 26, 16, 17, 56, 45, 21, 46, 38, 57, 32, 35, 1, 52
47, 7, 42, 29, 4, 2, 3, 14, 24, 43, 37, 50, 33, 18, 39, 51, 40, 11, 55, 54, 49, 20, 6, 28, 13, 12, 15, 30, 9, 25, 27, 34, 19, 26, 16, 17, 56, 45, 21, 46, 38, 57, 32, 35, 1, 52, 58, 10, 36, 41, 23, 22, 44, 5, 8, 48, 31, 53
47, 7, 42, 29, 4, 2, 3, 14, 24, 43, 58, 52, 1, 35, 32, 57, 38, 46, 21, 45, 56, 17, 16, 26, 19, 34, 27, 25, 9, 30, 15, 12, 13, 28, 6, 20, 49, 54, 55, 11, 40, 51, 39, 18, 33, 50, 37, 10, 36, 41, 23, 22, 44, 5, 8, 48, 31, 53
30, 9, 25, 27, 34, 19, 26, 16, 17, 56, 45, 21, 46, 38, 57, 32, 35, 1, 52, 58, 43, 24, 14, 3, 2, 4, 29, 42, 7, 47, 15, 12, 13, 28, 6, 20, 49, 54, 55, 11, 40, 51, 39, 18, 33, 50, 37, 10, 36, 41, 23, 22, 44, 5, 8, 48, 31, 53
30, 9, 25, 47, 7, 42, 29, 4, 2, 3, 14, 24, 43, 58, 52, 1, 35, 32, 57, 38, 46, 21, 45, 56, 17, 16, 26, 19, 34, 27, 15, 12, 13, 28, 6, 20, 49, 54, 55, 11, 40, 51, 39, 18, 33, 50, 37, 10, 36, 41, 23, 22, 44, 5, 8, 48, 31, 53
5, 8, 48, 31, 53, 44, 22, 23, 41, 36, 10, 47, 7, 42, 29, 4, 2, 3, 14, 24, 43, 37, 50, 33, 18, 39, 51, 40, 11, 55, 54, 49, 20, 6, 28, 13, 12, 15, 30, 9, 25, 27, 34, 19, 26, 16, 17, 56, 45, 21, 46, 38, 57, 32, 35, 1, 52
24, 14, 3, 2, 4, 29, 42, 7, 47, 10, 36, 41, 23, 22, 44, 5, 8, 48, 31, 53, 32, 35, 1, 52, 43, 37, 50, 33, 18, 39, 51, 40, 11, 55, 54, 49, 20, 6, 28, 13, 12, 15, 30, 9, 25, 27, 34, 19, 26, 16, 17, 56, 45, 21, 46, 38
10, 47, 7, 42, 29, 4, 2, 3, 14, 24, 36, 41, 23, 22, 44, 5, 8, 48, 31, 53, 32, 35, 1, 52, 43, 37, 50, 33, 18, 39, 51, 40, 11, 55, 54, 49, 20, 6, 28, 13, 12, 15, 30, 9, 25, 27, 34, 19, 26, 16, 17, 56, 45, 21, 46, 38
10, 47, 7, 42, 29, 4, 2, 24, 14, 3, 36, 41, 23, 22, 44, 5, 8, 48, 31, 53, 32, 35, 1, 52, 43, 37, 50, 33, 18, 39, 51, 40, 11, 55, 54, 49, 20, 6, 28, 13, 12, 15, 30, 9, 25, 27, 34, 19, 26, 16, 17, 56, 45, 21, 46, 38
57, 38, 46, 21, 45, 56, 17, 16, 26, 19, 34, 27, 25, 9, 30, 15, 12, 13, 28, 6, 20, 49, 54, 55, 11, 40, 51, 39, 18, 33, 50, 37, 43, 52, 1, 35, 32, 53, 31, 48, 8, 5, 44, 22, 23, 41, 36, 3, 14, 24, 2, 4, 29, 42, 7, 47, 10
10, 47, 7, 42, 29, 4, 2, 24, 14, 3, 36, 41, 23, 22, 44, 5, 52, 1, 35, 32, 53, 31, 48, 8, 43, 37, 50, 33, 18, 39, 51, 40, 11, 55, 54, 49, 20, 6, 28, 13, 12, 15, 30, 9, 25, 27, 34, 19, 26, 16, 17, 56, 45, 21, 46, 38
57, 38, 46, 21, 45, 56, 17, 16, 26, 19, 34, 27, 25, 9, 30, 15, 12, 13, 28, 6, 20, 49, 54, 55, 11, 40, 51, 39, 18, 33, 50, 37, 43, 8, 48, 31, 53, 32, 35, 1, 52, 5, 44, 22, 23, 41, 36, 3, 14, 24, 2, 4, 29, 42, 7, 47, 10
10, 47, 7, 42, 29, 4, 2, 24, 14, 3, 36, 41, 23, 22, 44, 5, 52, 1, 35, 32, 53, 31, 48, 8, 43, 37, 50, 33, 18, 39, 51, 40, 11, 55, 54, 49, 20, 6, 28, 56, 17, 16, 26, 19, 34, 27, 25, 9, 30, 15, 12, 13, 45, 21, 46, 38
17, 16, 26, 19, 34, 27, 25, 9, 30, 15, 12, 13, 45, 21, 46, 38, 57, 56, 28, 6, 20, 49, 54, 55, 11, 40, 51, 39, 18, 33, 50, 37, 43, 8, 48, 31, 53, 32, 35, 1, 52, 5, 44, 22, 23, 41, 36, 3, 14, 24, 2, 4, 29, 42, 7, 47, 10
58, 10, 47, 7, 42, 29, 4, 2, 24, 14, 3, 36, 41, 23, 22, 44, 5, 52, 1, 35, 32, 53, 31, 48, 8, 43, 37, 50, 33, 18, 39, 51, 40, 11, 55, 54, 49, 20, 6, 28, 56, 57, 38, 46, 21, 45, 13, 12, 15, 30, 9, 25, 27, 34, 19, 26, 16, 17
17, 57, 38, 46, 21, 45, 13, 12, 15, 30, 9, 25, 27, 34, 19, 26, 16, 56, 28, 6, 20, 49, 54, 55, 11, 40, 51, 39, 18, 33, 50, 37, 43, 8, 48, 31, 53, 32, 35, 1, 52, 5, 44, 22, 23, 41, 36, 3, 14, 24, 2, 4, 29, 42, 7, 47, 10
57, 38, 46, 21, 45, 13, 12, 15, 30, 9, 25, 27, 34, 19, 26, 16, 56, 28, 6, 20, 49, 54, 55, 11, 40, 51, 39, 18, 33, 50, 37, 43, 8, 48, 31, 53, 32, 35, 1, 52, 5, 44, 22, 23, 41, 36, 3, 14, 24, 2, 4, 29, 42, 7, 47, 10, 58, 17
20, 6, 28, 56, 16, 26, 19, 34, 27, 25, 9, 30, 15, 12, 13, 45, 21, 46, 38, 57, 49, 54, 55, 11, 40, 51, 39, 18, 33, 50, 37, 43, 8, 48, 31, 53, 32, 35, 1, 52, 5, 44, 22, 23, 41, 36, 3, 14, 24, 2, 4, 29, 42, 7, 47, 10, 58, 17
20, 6, 28, 56, 57, 38, 46, 21, 45, 13, 12, 15, 30, 9, 25, 27, 34, 19, 26, 16, 49, 54, 55, 11, 40, 51, 39, 18, 33, 50, 37, 43, 8, 48, 31, 53, 32, 35, 1, 52, 5, 44, 22, 23, 41, 36, 3, 14, 24, 2, 4, 29, 42, 7, 47, 10, 58, 17
10, 47, 7, 42, 29, 4, 2, 24, 14, 3, 36, 41, 23, 22, 44, 5, 52, 1, 35, 32, 53, 31, 48, 8, 43, 37, 50, 33, 18, 39, 51, 40, 11, 55, 54, 49, 20, 6, 28, 12, 15, 30, 9, 25, 27, 34, 19, 26, 16, 17, 56, 13, 45, 21, 46, 38
10, 47, 7, 42, 29, 4, 2, 24, 14, 3, 36, 41, 23, 22, 44, 5, 52, 1, 35, 32, 53, 31, 48, 8, 43, 37, 50, 33, 18, 39, 51, 40, 11, 55, 54, 49, 20, 6, 28, 12, 15, 30, 56, 17, 16, 26, 19, 34, 27, 25, 9, 13, 45, 21, 46, 38
38, 46, 21, 45, 52, 1, 35, 32, 53, 31, 48, 8, 5, 44, 22, 55, 11, 40, 51, 39, 18, 33, 50, 37, 43, 24, 14, 3, 2, 4, 29, 42, 7, 47, 10, 36, 41, 23, 54, 49, 20, 6, 28, 13, 12, 15, 30, 9, 25, 27, 34, 19, 26, 16, 17
36, 10, 47, 7, 42, 29, 4, 2, 3, 14, 24, 43, 37, 50, 33, 18, 39, 51, 40, 11, 55, 22, 44, 5, 8, 48, 31, 53, 32, 35, 1, 52, 45, 21, 46, 38, 41, 23, 54, 49, 20, 6, 28, 13, 12, 15, 30, 9, 25, 27, 34, 19, 26, 16, 17
22, 55, 11, 40, 51, 39, 18, 33, 50, 37, 43, 24, 14, 3, 2, 4, 29, 42, 7, 47, 10, 36, 44, 5, 8, 48, 31, 53, 32, 35, 1, 52, 45, 21, 46, 38, 41, 23, 54, 49, 20, 6, 28, 13, 12, 15, 30, 9, 25, 27, 34, 19, 26, 16, 17
17, 54, 49, 20, 6, 28, 13, 12, 15, 30, 9, 25, 27, 34, 19, 26, 16, 38, 46, 21, 45, 52, 1, 35, 32, 53, 31, 48, 8, 5, 44, 22, 23, 41, 36, 10, 47, 7, 42, 29, 4, 2, 3, 14, 24, 43, 37, 50, 33, 18, 39, 51, 40, 11
11, 40, 51, 39, 18, 33, 50, 37, 43, 24, 14, 4, 2, 3, 29, 42, 7, 47, 10, 36, 41, 23, 22, 44, 5, 8, 48, 31, 53, 32, 35, 1, 52, 45, 21, 46, 38, 17, 16, 26, 19, 34, 27, 25, 9, 30, 15, 12, 13, 28, 6, 20, 49
11, 40, 51, 39, 18, 33, 50, 37, 43, 24, 14, 4, 3, 2, 29, 42, 7, 47, 10, 36, 41, 23, 22, 44, 5, 8, 48, 31, 53, 32, 35, 1, 52, 45, 21, 46, 38, 17, 16, 26, 19, 34, 27, 25, 9, 30, 15, 12, 13, 28, 6, 20, 49
14, 24, 43, 37, 50, 33, 18, 39, 51, 40, 2, 4, 11, 3, 29, 42, 7, 47, 10, 36, 41, 23, 22, 44, 5, 8, 48, 31, 53, 32, 35, 1, 52, 45, 21, 46, 38, 17, 16, 26, 19, 34, 27, 25, 9, 30, 15, 12, 13, 28, 6, 20, 49
50, 33, 18, 39, 51, 40, 2, 4, 11, 3, 29, 42, 7, 47, 10, 36, 41, 23, 22, 44, 5, 8, 48, 31, 53, 32, 35, 1, 52, 45, 21, 46, 38, 17, 16, 26, 19, 34, 27, 25, 9, 30, 15, 12, 13, 28, 6, 20, 49, 54, 37, 43, 24, 14
49, 20, 6, 28, 13, 12, 15, 30, 9, 25, 27, 34, 19, 26, 16, 17, 38, 46, 21, 45, 52, 1, 35, 32, 53, 31, 48, 8, 5, 44, 22, 23, 41, 36, 10, 47, 7, 42, 29, 3, 11, 4, 2, 40, 51, 39, 18, 33, 50, 54, 37, 43, 24, 14
9, 30, 15, 12, 13, 28, 6, 20, 49, 25, 27, 34, 19, 26, 16, 17, 38, 46, 21, 45, 52, 1, 35, 32, 53, 31, 48, 8, 5, 44, 22, 23, 41, 36, 10, 47, 7, 42, 29, 3, 11, 4, 2, 40, 51, 39, 18, 33, 50, 54, 37, 43, 24, 14
32, 53, 31, 48, 8, 5, 44, 22, 23, 41, 36, 10, 47, 7, 42, 29, 3, 11, 4, 2, 40, 51, 39, 18, 33, 50, 54, 37, 43, 24, 14, 55, 35, 1, 52, 45, 21, 46, 38, 17, 16, 26, 19, 34, 27, 25, 49, 20, 6, 28, 13, 12, 15, 30, 9
23, 16, 38, 46, 42, 29, 14, 3, 43, 24, 2, 11, 34, 19, 26, 22, 44, 5, 8, 48, 31, 53, 32, 41, 36, 10, 47, 7, 17, 37, 50, 33, 35, 18, 39, 1, 52, 45, 21, 51, 40, 4, 27, 25, 9, 30, 15, 12, 13, 28, 6, 20, 49
11, 34, 19, 26, 1, 52, 45, 21, 14, 29, 42, 2, 24, 43, 3, 46, 38, 4, 40, 51, 39, 18, 33, 50, 37, 7, 47, 10, 36, 41, 23, 16, 22, 44, 5, 8, 48, 31, 53, 32, 35, 17, 27, 25, 9, 30, 15, 12, 13, 28, 6, 20, 49
4, 11, 22, 2, 40, 51, 39, 18, 33, 50, 37, 17, 24, 43, 3, 14, 29, 42, 7, 47, 10, 36, 44, 5, 8, 48, 31, 53, 32, 35, 1, 52, 45, 21, 46, 38, 41, 23, 16, 26, 19, 34, 27, 25, 9, 30, 15, 12, 13, 28, 6, 20, 49
19, 26, 2, 11, 43, 24, 46, 38, 39, 51, 40, 3, 31, 48, 8, 5, 44, 22, 7, 34, 53, 32, 35, 4, 1, 52, 45, 21, 14, 29, 42, 47, 10, 36, 41, 23, 16, 17, 37, 50, 33, 18, 27, 25, 9, 30, 15, 12, 13, 28, 6, 20, 49
17, 37, 50, 33, 18, 27, 25, 9, 30, 15, 12, 13, 28, 6, 20, 49, 54, 16, 23, 41, 36, 10, 47, 42, 29, 14, 21, 45, 52, 1, 4, 35, 32, 53, 34, 7, 22, 44, 5, 8, 48, 31, 3, 40, 51, 39, 38, 46, 24, 43, 11, 2, 26, 19
55, 19, 26, 2, 11, 43, 24, 46, 38, 39, 51, 40, 3, 31, 48, 8, 5, 44, 22, 7, 34, 53, 32, 35, 4, 1, 52, 45, 21, 14, 29, 42, 47, 10, 36, 41, 23, 16, 54, 49, 20, 6, 28, 13, 12, 15, 30, 9, 25, 27, 18, 33, 50, 37, 17
19, 26, 2, 11, 43, 24, 46, 38, 39, 51, 40, 3, 31, 48, 8, 5, 44, 22, 7, 34, 53, 32, 35, 4, 1, 52, 45, 21, 14, 29, 42, 47, 18, 33, 50, 37, 17, 16, 23, 41, 36, 10, 27, 25, 9, 30, 15, 12, 13, 28, 6, 20, 49
19, 26, 11, 2, 43, 24, 46, 38, 39, 51, 40, 3, 31, 48, 8, 5, 44, 22, 7, 34, 53, 32, 35, 4, 1, 52, 45, 21, 14, 29, 42, 47, 18, 33, 50, 37, 17, 16, 23, 41, 36, 10, 27, 25, 9, 30, 15, 12, 13, 28, 6, 20, 49
54, 49, 20, 6, 28, 13, 12, 15, 30, 9, 25, 27, 10, 36, 41, 23, 16, 17, 37, 50, 33, 18, 47, 42, 29, 14, 21, 45, 52, 1, 4, 35, 32, 53, 34, 7, 22, 44, 5, 8, 48, 31, 3, 40, 51, 39, 38, 46, 24, 43, 2, 11, 26, 19
41, 23, 16, 17, 37, 50, 33, 18, 47, 42, 29, 14, 21, 45, 52, 1, 4, 35, 32, 53, 34, 7, 22, 44, 5, 8, 48, 31, 3, 40, 51, 39, 38, 46, 24, 43, 2, 11, 26, 19, 55, 36, 10, 27, 25, 9, 30, 15, 12, 13, 28, 6, 20, 49, 54
41, 23, 16, 17, 55, 19, 26, 11, 2, 43, 24, 46, 38, 39, 51, 40, 3, 31, 48, 8, 5, 44, 22, 7, 34, 53, 32, 35, 4, 1, 52, 45, 21, 14, 29, 42, 47, 18, 33, 50, 37, 36, 10, 27, 25, 9, 30, 15, 12, 13, 28, 6, 20, 49, 54
56, 54, 49, 20, 6, 28, 13, 12, 15, 30, 9, 25, 27, 10, 36, 37, 50, 33, 18, 47, 42, 29, 14, 21, 45, 52, 1, 4, 35, 32, 53, 34, 7, 22, 44, 5, 8, 48, 31, 3, 40, 51, 39, 38, 46, 24, 43, 2, 11, 26, 19, 55, 17, 16, 23, 41
57, 41, 23, 16, 17, 55, 19, 26, 11, 2, 43, 24, 46, 38, 39, 51, 40, 3, 31, 48, 8, 5, 44, 22, 7, 34, 53, 32, 35, 4, 1, 52, 45, 21, 14, 29, 42, 47, 18, 33, 50, 37, 36, 10, 27, 25, 9, 30, 15, 12, 13, 28, 6, 20, 49, 54, 56
39, 14, 44, 23, 50, 33, 15, 41, 18, 48, 31, 29, 30, 1, 52, 11, 46, 42, 34, 35, 5, 45, 21, 22, 17, 4, 10, 27, 25, 38, 3, 47, 19, 26, 37, 9, 2, 24, 43, 51, 40, 16, 12, 53, 32, 36, 8, 7, 13, 28, 6, 20, 49
50, 33, 15, 41, 18, 48, 31, 29, 30, 1, 52, 11, 46, 42, 34, 35, 5, 45, 21, 22, 17, 4, 10, 27, 25, 38, 3, 47, 19, 26, 37, 9, 2, 24, 43, 51, 40, 16, 12, 53, 32, 36, 8, 7, 13, 28, 6, 20, 49, 54, 23, 44, 14, 39
49, 20, 6, 28, 13, 7, 8, 36, 32, 53, 12, 16, 40, 51, 43, 24, 2, 9, 37, 26, 19, 47, 3, 38, 25, 27, 10, 4, 17, 22, 21, 45, 5, 35, 34, 42, 46, 11, 52, 1, 30, 29, 31, 48, 18, 41, 15, 33, 50, 54, 23, 44, 14, 39
37, 26, 19, 47, 3, 38, 25, 27, 10, 4, 17, 22, 21, 45, 5, 35, 34, 42, 46, 11, 52, 1, 30, 29, 31, 48, 18, 41, 15, 33, 50, 54, 23, 44, 14, 39, 55, 9, 2, 24, 43, 51, 40, 16, 12, 53, 32, 36, 8, 7, 13, 28, 6, 20, 49
12, 53, 32, 36, 8, 7, 13, 28, 6, 20, 49, 56, 16, 40, 51, 43, 24, 2, 9, 55, 39, 14, 44, 23, 54, 50, 33, 15, 41, 18, 48, 31, 29, 30, 1, 52, 11, 46, 42, 34, 35, 5, 45, 21, 22, 17, 4, 10, 27, 25, 38, 3, 47, 19, 26, 37
10, 27, 25, 38, 3, 47, 19, 26, 37, 57, 4, 17, 22, 21, 45, 5, 35, 34, 42, 46, 11, 52, 1, 30, 29, 31, 48, 18, 41, 15, 33, 50, 54, 23, 44, 14, 39, 55, 9, 2, 24, 43, 51, 40, 16, 56, 49, 20, 6, 28, 13, 7, 8, 36, 32, 53, 12
7, 8, 36, 32, 53, 12, 58, 13, 28, 6, 20, 49, 56, 16, 40, 51, 43, 24, 2, 9, 55, 39, 14, 44, 23, 54, 50, 33, 15, 41, 18, 48, 31, 29, 30, 1, 52, 11, 46, 42, 34, 35, 5, 45, 21, 22, 17, 4, 57, 37, 26, 19, 47, 3, 38, 25, 27, 10
12, 53, 32, 36, 56, 49, 20, 6, 28, 13, 7, 8, 16, 40, 51, 43, 24, 2, 9, 55, 39, 14, 44, 23, 54, 50, 33, 15, 41, 18, 48, 31, 29, 30, 1, 52, 11, 46, 42, 34, 35, 5, 45, 21, 22, 17, 4, 10, 27, 25, 38, 3, 47, 19, 26, 37
12, 53, 32, 36, 7, 13, 28, 6, 20, 49, 56, 8, 16, 40, 51, 43, 24, 2, 9, 55, 39, 14, 44, 23, 54, 50, 33, 15, 41, 18, 48, 31, 29, 30, 1, 52, 11, 46, 42, 34, 35, 5, 45, 21, 22, 17, 4, 10, 27, 25, 38, 3, 47, 19, 26, 37
10, 27, 25, 38, 3, 47, 19, 26, 37, 57, 4, 17, 22, 21, 45, 5, 35, 34, 42, 46, 11, 52, 1, 30, 29, 31, 48, 18, 41, 15, 33, 50, 54, 23, 44, 14, 39, 55, 9, 2, 24, 43, 51, 40, 16, 8, 56, 49, 20, 6, 28, 13, 7, 36, 32, 53, 12
58, 12, 53, 32, 36, 7, 13, 28, 6, 20, 49, 56, 8, 16, 40, 51, 43, 24, 2, 9, 55, 39, 14, 44, 23, 54, 50, 33, 15, 41, 18, 48, 31, 29, 30, 1, 52, 11, 46, 42, 34, 35, 5, 45, 21, 22, 17, 4, 57, 37, 26, 19, 47, 3, 38, 25, 27, 10
25, 38, 3, 47, 19, 26, 37, 9, 2, 24, 43, 51, 40, 16, 12, 53, 32, 36, 8, 7, 13, 28, 6, 20, 49, 27, 10, 4, 17, 22, 21, 45, 5, 35, 34, 42, 46, 11, 52, 1, 30, 29, 31, 48, 18, 41, 15, 33, 50, 54, 23, 44, 14, 39
3, 38, 25, 47, 19, 26, 37, 9, 2, 24, 43, 51, 40, 16, 12, 53, 32, 36, 8, 7, 13, 28, 6, 20, 49, 27, 10, 4, 17, 22, 21, 45, 5, 35, 34, 42, 46, 11, 52, 1, 30, 29, 31, 48, 18, 41, 15, 33, 50, 54, 23, 44, 14, 39
55, 39, 14, 44, 23, 54, 50, 33, 15, 41, 18, 48, 31, 29, 30, 1, 52, 11, 46, 42, 34, 35, 5, 45, 21, 22, 17, 4, 10, 27, 49, 20, 6, 28, 13, 7, 8, 36, 32, 53, 12, 16, 40, 51, 43, 24, 2, 9, 37, 26, 19, 47, 25, 38, 3
28, 13, 7, 8, 36, 32, 53, 12, 16, 40, 51, 43, 24, 2, 9, 37, 26, 19, 47, 3, 38, 50, 33, 15, 41, 18, 48, 31, 6, 20, 49, 29, 30, 1, 52, 11, 46, 42, 34, 35, 5, 45, 21, 22, 17, 4, 10, 27, 25, 54, 23, 44, 14, 39
33, 15, 41, 18, 48, 31, 6, 20, 49, 29, 30, 1, 52, 11, 46, 42, 34, 35, 5, 45, 21, 22, 17, 4, 10, 27, 25, 54, 23, 44, 14, 39, 55, 50, 38, 3, 47, 19, 26, 37, 9, 2, 24, 43, 51, 40, 16, 12, 53, 32, 36, 8, 7, 13, 28
22, 21, 45, 5, 35, 34, 42, 46, 11, 52, 1, 30, 29, 49, 20, 6, 31, 48, 18, 41, 15, 33, 17, 4, 10, 27, 25, 54, 23, 44, 14, 39, 55, 50, 38, 3, 47, 19, 26, 37, 9, 2, 24, 43, 51, 40, 16, 12, 53, 32, 36, 8, 7, 13, 28
19, 26, 37, 9, 2, 24, 43, 51, 40, 16, 12, 53, 32, 36, 8, 7, 13, 28, 56, 47, 3, 38, 50, 55, 39, 14, 44, 23, 54, 25, 27, 10, 4, 17, 33, 15, 41, 18, 48, 31, 6, 20, 49, 29, 30, 1, 52, 11, 46, 42, 34, 35, 5, 45, 21, 22
27, 10, 4, 17, 33, 15, 41, 18, 48, 31, 6, 20, 49, 29, 30, 1, 52, 11, 46, 42, 34, 35, 5, 45, 21, 22, 57, 25, 54, 23, 44, 14, 39, 55, 50, 38, 3, 47, 56, 28, 13, 7, 8, 36, 32, 53, 12, 16, 40, 51, 43, 24, 2, 9, 37, 26, 19
12, 16, 40, 51, 43, 24, 2, 9, 37, 26, 19, 58, 53, 32, 36, 8, 7, 13, 28, 56, 47, 3, 38, 50, 55, 39, 14, 44, 23, 54, 25, 57, 22, 21, 45, 5, 35, 34, 42, 46, 11, 52, 1, 30, 29, 49, 20, 6, 31, 48, 18, 41, 15, 33, 17, 4, 10, 27
27, 10, 4, 17, 33, 15, 41, 18, 48, 31, 6, 20, 49, 29, 30, 1, 52, 11, 46, 42, 34, 35, 57, 22, 21, 45, 5, 25, 54, 23, 44, 14, 39, 55, 50, 38, 3, 47, 56, 28, 13, 7, 8, 36, 32, 53, 12, 16, 40, 51, 43, 24, 2, 9, 37, 26, 19
22, 33, 15, 41, 18, 48, 31, 6, 20, 49, 29, 30, 1, 52, 11, 46, 42, 34, 35, 5, 45, 21, 17, 4, 10, 27, 25, 54, 23, 44, 14, 39, 55, 50, 38, 3, 47, 19, 26, 37, 9, 2, 24, 43, 51, 40, 16, 12, 53, 32, 36, 8, 7, 13, 28
22, 33, 15, 41, 21, 45, 5, 35, 34, 42, 46, 11, 52, 1, 30, 29, 49, 20, 6, 31, 48, 18, 17, 4, 10, 27, 25, 54, 23, 44, 14, 39, 55, 50, 38, 3, 47, 19, 26, 37, 9, 2, 24, 43, 51, 40, 16, 12, 53, 32, 36, 8, 7, 13, 28
46, 11, 52, 1, 30, 29, 49, 20, 6, 31, 48, 18, 17, 4, 10, 27, 25, 54, 23, 44, 14, 39, 55, 50, 38, 3, 47, 19, 26, 37, 9, 2, 24, 43, 51, 40, 16, 12, 53, 32, 36, 8, 7, 13, 28, 56, 42, 34, 35, 5, 45, 21, 41, 15, 33, 22
46, 11, 52, 1, 30, 29, 49, 20, 6, 31, 48, 18, 17, 4, 10, 27, 25, 54, 23, 44, 14, 39, 55, 50, 38, 3, 47, 56, 28, 13, 7, 8, 36, 32, 53, 12, 16, 40, 51, 43, 24, 2, 9, 37, 26, 19, 42, 34, 35, 5, 45, 21, 41, 15, 33, 22
57, 22, 33, 15, 41, 21, 45, 5, 35, 34, 42, 19, 26, 37, 9, 2, 24, 43, 51, 40, 16, 12, 53, 32, 36, 8, 7, 13, 28, 56, 47, 3, 38, 50, 55, 39, 14, 44, 23, 54, 25, 27, 10, 4, 17, 18, 48, 31, 6, 20, 49, 29, 30, 1, 52, 11, 46
58, 46, 11, 52, 1, 30, 29, 49, 20, 6, 31, 48, 18, 17, 4, 10, 27, 25, 54, 23, 44, 14, 39, 55, 50, 38, 3, 47, 56, 28, 13, 7, 8, 36, 32, 53, 12, 16, 40, 51, 43, 24, 2, 9, 37, 26, 19, 42, 34, 35, 5, 45, 21, 41, 15, 33, 22, 57
22, 33, 15, 41, 21, 45, 5, 35, 34, 42, 46, 18, 48, 31, 6, 20, 49, 29, 30, 1, 52, 11, 17, 4, 10, 27, 25, 54, 23, 44, 14, 39, 55, 50, 38, 3, 47, 19, 26, 37, 9, 2, 24, 43, 51, 40, 16, 12, 53, 32, 36, 8, 7, 13, 28
28, 13, 7, 8, 36, 32, 53, 12, 16, 40, 51, 43, 24, 2, 9, 37, 26, 19, 47, 3, 38, 50, 33, 15, 41, 18, 48, 31, 6, 20, 49, 29, 30, 1, 52, 11, 46, 42, 34, 35, 5, 45, 21, 22, 17, 25, 27, 10, 4, 54, 23, 44, 14, 39
19, 26, 37, 9, 34, 42, 46, 11, 52, 1, 30, 29, 31, 48, 18, 41, 15, 33, 50, 47, 3, 38, 25, 35, 5, 45, 21, 22, 17, 4, 10, 54, 49, 20, 6, 28, 13, 7, 8, 36, 32, 53, 12, 16, 40, 51, 43, 24, 27, 2, 23, 44, 14, 39
19, 26, 37, 9, 34, 42, 46, 11, 52, 1, 30, 29, 31, 48, 18, 41, 15, 33, 50, 47, 3, 38, 25, 35, 5, 45, 21, 22, 17, 4, 10, 12, 53, 32, 36, 8, 7, 27, 2, 24, 43, 51, 40, 16, 54, 49, 20, 6, 28, 13, 23, 44, 14, 39
19, 26, 37, 9, 34, 42, 46, 11, 52, 1, 30, 29, 31, 48, 18, 41, 15, 33, 50, 47, 3, 38, 25, 35, 5, 45, 21, 22, 17, 4, 10, 12, 53, 32, 36, 8, 7, 2, 27, 24, 43, 51, 40, 16, 54, 49, 20, 6, 28, 13, 23, 44, 14, 39
19, 26, 37, 9, 34, 42, 46, 11, 52, 1, 30, 29, 31, 48, 18, 41, 15, 33, 50, 47, 3, 38, 25, 35, 5, 45, 21, 22, 17, 4, 10, 12, 53, 32, 36, 54, 49, 20, 6, 28, 13, 7, 2, 27, 24, 43, 51, 40, 16, 8, 23, 44, 14, 39
19, 26, 37, 9, 34, 42, 46, 11, 52, 1, 30, 29, 31, 48, 18, 41, 15, 33, 50, 47, 3, 38, 25, 35, 5, 45, 21, 22, 17, 4, 10, 12, 53, 32, 36, 7, 13, 28, 6, 20, 49, 54, 2, 27, 24, 43, 51, 40, 16, 8, 23, 44, 14, 39
55, 39, 14, 44, 23, 8, 16, 40, 51, 43, 24, 27, 2, 54, 49, 20, 6, 28, 13, 7, 36, 32, 53, 12, 10, 4, 17, 22, 21, 45, 5, 35, 25, 38, 3, 47, 50, 33, 15, 41, 18, 48, 31, 29, 30, 1, 52, 11, 46, 42, 34, 9, 37, 26, 19
39, 14, 44, 23, 50, 33, 15, 41, 18, 48, 31, 29, 30, 1, 52, 11, 46, 42, 34, 35, 5, 45, 21, 22, 17, 4, 10, 27, 3, 38, 25, 47, 19, 26, 37, 9, 2, 24, 43, 51, 40, 16, 12, 53, 32, 36, 8, 7, 13, 28, 6, 20, 49
7, 47, 19, 26, 37, 9, 2, 24, 43, 38, 25, 27, 10, 4, 17, 22, 21, 45, 5, 35, 34, 42, 46, 11, 52, 1, 30, 29, 31, 48, 18, 12, 16, 40, 51, 39, 14, 44, 23, 50, 33, 15, 41, 53, 32, 36, 8, 3, 13, 28, 6, 20, 49
37, 26, 19, 47, 7, 24, 43, 38, 25, 27, 10, 4, 17, 22, 21, 45, 5, 35, 34, 42, 46, 11, 52, 1, 30, 29, 31, 48, 18, 41, 15, 33, 50, 23, 44, 14, 39, 2, 9, 51, 40, 16, 12, 53, 32, 36, 8, 3, 13, 28, 6, 20, 49
37, 26, 19, 47, 7, 24, 43, 38, 25, 27, 10, 4, 17, 22, 21, 45, 5, 35, 34, 42, 46, 11, 52, 1, 30, 29, 31, 48, 18, 41, 15, 33, 50, 23, 44, 14, 39, 9, 2, 51, 40, 16, 12, 53, 32, 36, 8, 3, 13, 28, 6, 20, 49
35, 15, 25, 29, 16, 9, 12, 43, 24, 41, 2, 18, 48, 31, 23, 44, 14, 39, 51, 40, 7, 47, 19, 26, 37, 50, 33, 38, 34, 42, 46, 11, 52, 1, 30, 5, 45, 21, 22, 17, 4, 10, 27, 53, 32, 36, 8, 3, 13, 28, 6, 20, 49
5, 45, 21, 22, 17, 35, 24, 43, 37, 27, 48, 31, 16, 30, 1, 52, 29, 4, 10, 25, 38, 3, 47, 12, 15, 41, 40, 51, 39, 33, 50, 18, 2, 26, 19, 34, 42, 46, 11, 14, 44, 23, 9, 53, 32, 36, 8, 7, 13, 28, 6, 20, 49
5, 45, 21, 22, 17, 35, 24, 43, 37, 27, 48, 31, 16, 30, 1, 52, 29, 4, 10, 25, 38, 3, 47, 12, 15, 41, 40, 51, 39, 33, 50, 2, 18, 26, 19, 34, 42, 46, 11, 14, 44, 23, 9, 53, 32, 36, 8, 7, 13, 28, 6, 20, 49
5, 45, 21, 22, 17, 35, 24, 43, 37, 7, 38, 25, 16, 30, 1, 52, 29, 4, 10, 31, 48, 27, 47, 12, 15, 41, 40, 51, 39, 33, 50, 18, 2, 26, 19, 34, 42, 46, 11, 14, 44, 23, 9, 53, 32, 36, 8, 3, 13, 28, 6, 20, 49
5, 45, 21, 22, 17, 35, 24, 43, 37, 7, 38, 25, 16, 30, 1, 52, 29, 4, 10, 31, 48, 27, 47, 12, 15, 41, 40, 51, 39, 33, 50, 2, 18, 26, 19, 34, 42, 46, 11, 14, 44, 23, 9, 53, 32, 36, 8, 3, 13, 28, 6, 20, 49
20, 30, 4, 32, 24, 10, 27, 18, 11, 33, 29, 35, 16, 21, 9, 25, 31, 6, 8, 22, 2, 13, 28, 14, 12, 23, 36, 34, 19, 15, 7, 26, 1, 5, 3, 17
20, 30, 4, 32, 24, 10, 27, 18, 11, 33, 29, 35, 16, 21, 9, 25, 31, 6, 8, 22, 13, 2, 28, 14, 12, 23, 36, 34, 19, 15, 7, 26, 1, 5, 3, 17
13, 2, 33, 29, 35, 16, 21, 9, 25, 31, 6, 8, 22, 20, 30, 4, 32, 24, 10, 27, 18, 11, 28, 14, 12, 23, 36, 34, 19, 15, 7, 26, 1, 5, 3, 17
2, 13, 33, 29, 35, 16, 21, 9, 25, 31, 6, 8, 22, 20, 30, 4, 32, 24, 10, 27, 18, 11, 28, 14, 12, 23, 36, 34, 19, 15, 7, 26, 1, 5, 3, 17
28, 22, 8, 6, 31, 25, 9, 29, 33, 11, 21, 16, 35, 13, 20, 2, 18, 27, 12, 23, 36, 34, 19, 30, 10, 24, 32, 4, 14, 15, 7, 26, 1, 5, 3, 17
2, 13, 17, 1, 32, 29, 8, 20, 26, 6, 12, 22, 23, 4, 21, 14, 15, 7, 31, 16, 35, 30, 27, 28, 33, 25, 11, 9, 18, 34, 36, 19, 24, 10, 3, 5
13, 2, 17, 21, 14, 15, 7, 31, 16, 35, 30, 27, 23, 4, 1, 32, 29, 8, 20, 26, 6, 12, 22, 28, 33, 25, 11, 9, 18, 34, 36, 19, 24, 10, 3, 5
7, 15, 14, 21, 17, 2, 13, 31, 16, 35, 30, 27, 23, 4, 1, 32, 29, 8, 20, 26, 6, 12, 22, 28, 33, 25, 11, 9, 18, 34, 36, 19, 24, 10, 3, 5
7, 15, 14, 21, 17, 13, 2, 31, 16, 35, 30, 27, 23, 4, 1, 32, 29, 8, 20, 26, 6, 12, 22, 28, 33, 25, 11, 9, 18, 34, 36, 19, 24, 10, 3, 5
16, 7, 21, 4, 2, 17, 11, 25, 33, 27, 30, 35, 15, 28, 18, 26, 14, 1, 32, 29, 23, 31, 6, 13, 22, 12, 20, 8, 9, 34, 36, 19, 24, 10, 3, 5
4, 21, 7, 16, 2, 17, 11, 25, 33, 27, 30, 35, 15, 28, 18, 26, 14, 1, 32, 29, 23, 31, 6, 13, 22, 12, 20, 8, 9, 34, 36, 19, 24, 10, 3, 5
21, 4, 13, 2, 7, 31, 17, 1, 32, 29, 8, 20, 26, 6, 12, 22, 23, 27, 30, 35, 15, 14, 16, 28, 33, 25, 11, 9, 18, 34, 36, 19, 24, 10, 3, 5
2, 21, 17, 13, 4, 1, 32, 29, 8, 20, 26, 6, 12, 22, 23, 27, 30, 35, 15, 31, 7, 14, 16, 28, 33, 25, 11, 9, 18, 34, 36, 19, 24, 10, 3, 5
7, 15, 28, 18, 26, 17, 6, 16, 14, 1, 32, 29, 23, 31, 22, 35, 30, 27, 33, 25, 2, 11, 12, 21, 4, 13, 20, 8, 9, 34, 36, 19, 24, 10, 3, 5
7, 15, 28, 18, 26, 17, 6, 16, 14, 1, 32, 29, 23, 31, 22, 35, 30, 27, 33, 25, 11, 2, 12, 21, 4, 13, 20, 8, 9, 34, 36, 19, 24, 10, 3, 5
14, 22, 31, 15, 33, 10, 8, 13, 16, 21, 24, 12, 4, 11, 25, 23, 35, 34, 36, 9, 32, 5, 7, 29, 26, 6, 2, 30, 20, 27, 19, 18, 1, 28, 3, 17
12, 24, 21, 16, 13, 8, 10, 33, 15, 31, 22, 14, 4, 11, 25, 23, 35, 34, 36, 9, 32, 5, 7, 29, 26, 6, 2, 30, 20, 27, 19, 18, 1, 28, 3, 17
13, 16, 21, 24, 12, 4, 11, 10, 33, 15, 31, 22, 14, 8, 25, 23, 35, 34, 36, 9, 32, 5, 7, 29, 26, 6, 2, 30, 20, 27, 19, 18, 1, 28, 3, 17
13, 16, 4, 12, 24, 21, 11, 10, 33, 15, 31, 22, 14, 8, 25, 23, 35, 34, 36, 9, 32, 5, 7, 29, 26, 6, 2, 30, 20, 27, 19, 18, 1, 28, 3, 17
13, 16, 4, 12, 24, 21, 11, 10, 33, 15, 31, 22, 14, 8, 25, 23, 35, 34, 36, 9, 32, 19, 27, 29, 26, 6, 2, 30, 20, 7, 5, 18, 1, 28, 3, 17
16, 33, 7, 18, 15, 29, 25, 28, 1, 32, 13, 10, 8, 31, 6, 20, 36, 34, 35, 22, 30, 4, 12, 19, 11, 2, 9, 24, 14, 26, 21, 27, 23, 5, 3, 17
16, 33, 7, 18, 15, 29, 25, 28, 1, 32, 13, 10, 8, 31, 6, 20, 36, 34, 35, 22, 30, 4, 12, 19, 2, 11, 9, 24, 14, 26, 21, 27, 23, 5, 3, 17
21, 33, 23, 19, 24, 4, 11, 18, 7, 1, 32, 25, 14, 30, 35, 22, 8, 31, 34, 36, 9, 28, 13, 27, 16, 5, 2, 29, 15, 12, 6, 26, 20, 10, 3, 17
11, 30, 6, 19, 29, 27, 36, 34, 18, 20, 2, 7, 33, 5, 32, 25, 21, 9, 16, 26, 24, 12, 13, 4, 14, 22, 35, 23, 10, 31, 8, 15, 1, 28, 3, 17
7, 11, 6, 21, 14, 4, 13, 24, 20, 18, 19, 16, 9, 12, 35, 23, 10, 30, 2, 34, 36, 27, 29, 31, 33, 5, 32, 25, 26, 22, 8, 15, 1, 28, 3, 17
7, 11, 6, 21, 14, 4, 13, 24, 20, 18, 19, 16, 9, 12, 35, 23, 10, 30, 2, 34, 36, 27, 29, 31, 33, 22, 26, 25, 32, 5, 8, 15, 1, 28, 3, 17
7, 14, 4, 13, 19, 16, 9, 11, 6, 21, 24, 20, 18, 12, 35, 23, 10, 30, 2, 34, 36, 27, 29, 31, 33, 22, 26, 25, 32, 5, 8, 15, 1, 28, 3, 17
5, 8, 24, 12, 4, 31, 30, 16, 6, 9, 36, 34, 32, 21, 29, 27, 19, 20, 13, 10, 2, 15, 18, 11, 14, 33, 7, 23, 35, 26, 25, 22, 1, 28, 3, 17
14, 16, 31, 26, 9, 36, 34, 2, 18, 11, 19, 30, 23, 5, 29, 27, 32, 25, 20, 24, 12, 4, 6, 7, 33, 13, 35, 22, 21, 8, 10, 15, 1, 28, 3, 17
14, 16, 31, 26, 9, 36, 34, 18, 2, 11, 19, 30, 23, 5, 29, 27, 32, 25, 20, 24, 12, 4, 6, 7, 33, 13, 35, 22, 21, 8, 10, 15, 1, 28, 3, 17
22, 14, 31, 9, 23, 24, 12, 4, 6, 5, 35, 26, 16, 21, 2, 19, 18, 10, 29, 27, 20, 8, 36, 34, 7, 11, 25, 32, 33, 13, 30, 15, 1, 28, 3, 17
6, 4, 12, 24, 23, 9, 31, 14, 22, 5, 35, 26, 16, 21, 8, 20, 27, 29, 10, 18, 2, 19, 36, 34, 7, 11, 25, 32, 33, 13, 30, 15, 1, 28, 3, 17
6, 4, 12, 24, 23, 9, 31, 14, 22, 5, 35, 26, 16, 21, 19, 2, 18, 10, 29, 27, 20, 8, 36, 34, 7, 11, 25, 32, 33, 13, 30, 15, 1, 28, 3, 17
6, 4, 12, 24, 23, 9, 31, 14, 22, 5, 35, 26, 16, 21, 2, 19, 18, 10, 29, 27, 20, 8, 36, 34, 7, 11, 25, 32, 33, 13, 30, 15, 1, 28, 3, 17
7, 34, 36, 22, 14, 16, 9, 18, 2, 23, 31, 26, 35, 5, 4, 8, 12, 24, 10, 11, 29, 27, 20, 21, 19, 6, 25, 32, 33, 13, 30, 15, 1, 28, 3, 17
7, 34, 36, 22, 14, 16, 9, 18, 2, 23, 31, 26, 35, 24, 12, 8, 4, 5, 10, 11, 29, 27, 20, 21, 19, 6, 25, 32, 33, 13, 30, 15, 1, 28, 3, 17
7, 34, 36, 22, 14, 16, 9, 18, 2, 23, 31, 26, 35, 4, 8, 12, 24, 5, 10, 11, 29, 27, 20, 21, 19, 6, 25, 32, 33, 13, 30, 15, 1, 28, 3, 17
10, 8, 12, 24, 34, 36, 11, 16, 21, 4, 18, 29, 27, 20, 26, 35, 5, 23, 2, 22, 14, 6, 7, 9, 19, 31, 25, 32, 33, 13, 30, 15, 1, 28, 3, 17
10, 7, 12, 24, 34, 36, 4, 21, 16, 11, 18, 29, 27, 20, 26, 35, 5, 23, 2, 22, 14, 6, 8, 9, 19, 31, 25, 32, 33, 13, 30, 15, 1, 28, 3, 17
10, 7, 12, 24, 34, 36, 11, 16, 21, 4, 18, 29, 27, 20, 26, 35, 5, 23, 2, 22, 14, 6, 8, 9, 19, 31, 25, 32, 33, 13, 30, 15, 1, 28, 3, 17
2, 10, 12, 24, 34, 36, 11, 16, 21, 4, 18, 29, 27, 20, 26, 35, 5, 23, 22, 14, 6, 7, 8, 9, 19, 31, 25, 32, 33, 13, 30, 15, 1, 28, 3, 17
4, 36, 34, 6, 11, 7, 14, 29, 27, 20, 26, 35, 21, 16, 22, 18, 9, 23, 10, 2, 8, 12, 24, 5, 19, 31, 25, 32, 33, 13, 30, 15, 1, 28, 3, 17
8, 21, 23, 24, 13, 30, 11, 4, 31, 34, 36, 9, 16, 27, 20, 6, 35, 26, 25, 18, 22, 33, 32, 14, 2, 7, 19, 29, 12, 5, 10, 15, 1, 28, 3, 17
8, 21, 23, 24, 13, 30, 11, 4, 31, 34, 36, 9, 16, 27, 20, 6, 35, 26, 25, 18, 22, 33, 32, 2, 14, 7, 19, 29, 12, 5, 10, 15, 1, 28, 3, 17
8, 21, 23, 24, 13, 30, 11, 4, 31, 34, 36, 9, 16, 27, 20, 6, 35, 26, 25, 18, 22, 33, 32, 14, 7, 19, 2, 29, 12, 5, 10, 15, 1, 28, 3, 17
6, 14, 21, 8, 26, 19, 24, 2, 18, 4, 36, 34, 10, 30, 13, 12, 16, 23, 7, 25, 32, 33, 5, 22, 31, 9, 35, 20, 27, 29, 11, 15, 1, 28, 3, 17
19, 10, 2, 30, 13, 31, 22, 14, 18, 16, 24, 12, 25, 32, 33, 6, 21, 8, 26, 23, 4, 36, 34, 7, 5, 9, 35, 20, 27, 29, 11, 15, 1, 28, 3, 17
12, 24, 16, 18, 14, 22, 31, 13, 30, 2, 10, 19, 25, 32, 33, 6, 21, 8, 26, 23, 4, 36, 34, 7, 5, 9, 35, 20, 27, 29, 11, 15, 1, 28, 3, 17
23, 19, 10, 36, 34, 7, 2, 30, 13, 31, 22, 14, 18, 16, 24, 12, 25, 32, 33, 6, 21, 8, 26, 4, 5, 9, 35, 20, 27, 29, 11, 15, 1, 28, 3, 17
21, 6, 33, 32, 25, 12, 24, 16, 18, 14, 22, 31, 13, 30, 2, 7, 34, 36, 10, 19, 23, 8, 26, 4, 5, 9, 35, 20, 27, 29, 11, 15, 1, 28, 3, 17
13, 31, 22, 14, 18, 16, 24, 12, 25, 32, 33, 6, 21, 30, 2, 7, 34, 36, 10, 19, 23, 8, 26, 4, 5, 9, 35, 20, 27, 29, 11, 15, 1, 28, 3, 17
2, 23, 20, 35, 29, 27, 9, 19, 32, 25, 21, 33, 34, 36, 6, 22, 10, 30, 26, 13, 18, 31, 16, 8, 24, 14, 12, 4, 11, 5, 7, 15, 1, 28, 3, 17
2, 23, 20, 35, 29, 27, 9, 13, 26, 30, 10, 22, 6, 36, 34, 33, 21, 25, 32, 19, 18, 31, 16, 8, 24, 14, 12, 4, 11, 5, 7, 15, 1, 28, 3, 17
20, 35, 29, 27, 9, 16, 31, 18, 19, 32, 25, 21, 33, 34, 36, 13, 26, 30, 10, 22, 2, 23, 6, 8, 24, 14, 12, 4, 11, 5, 7, 15, 1, 28, 3, 17
20, 35, 29, 27, 9, 16, 31, 18, 19, 32, 25, 21, 33, 34, 36, 13, 26, 30, 10, 22, 23, 2, 6, 8, 24, 14, 12, 4, 11, 5, 7, 15, 1, 28, 3, 17
6, 22, 10, 30, 26, 13, 9, 27, 29, 35, 20, 23, 2, 36, 34, 33, 21, 25, 32, 19, 18, 31, 16, 8, 24, 14, 12, 4, 11, 5, 7, 15, 1, 28, 3, 17
18, 31, 16, 36, 34, 33, 21, 25, 32, 19, 30, 26, 13, 9, 27, 29, 35, 20, 10, 22, 2, 23, 6, 8, 24, 14, 12, 4, 11, 5, 7, 15, 1, 28, 3, 17
13, 26, 30, 19, 32, 25, 21, 33, 34, 36, 16, 31, 18, 9, 27, 29, 35, 20, 10, 22, 2, 23, 6, 8, 24, 14, 12, 4, 11, 5, 7, 15, 1, 28, 3, 17
13, 26, 30, 19, 32, 25, 21, 33, 34, 36, 16, 31, 18, 9, 27, 29, 35, 20, 10, 22, 23, 2, 6, 8, 24, 14, 12, 4, 11, 5, 7, 15, 1, 28, 3, 17
13, 29, 27, 9, 23, 14, 18, 31, 16, 35, 19, 10, 8, 26, 24, 36, 34, 33, 21, 25, 32, 30, 20, 11, 4, 12, 2, 22, 6, 5, 7, 15, 1, 28, 3, 17
18, 11, 30, 32, 25, 21, 33, 34, 36, 14, 12, 4, 26, 22, 35, 19, 10, 20, 31, 16, 8, 23, 6, 9, 27, 29, 2, 13, 24, 5, 7, 15, 1, 28, 3, 17
4, 12, 26, 18, 11, 30, 32, 25, 21, 33, 34, 36, 20, 10, 19, 35, 22, 6, 31, 16, 8, 23, 14, 9, 27, 29, 2, 13, 24, 5, 7, 15, 1, 28, 3, 17
15, 29, 11, 30, 2, 37, 33, 34, 26, 5, 19, 3, 13, 23, 7, 40, 43, 1, 36, 27, 41, 18, 39, 22, 8, 12, 31, 10, 6, 20, 28, 16, 24, 32, 9, 14, 42, 21, 17, 25, 35, 4, 38
13, 3, 19, 5, 26, 34, 33, 37, 2, 30, 11, 29, 15, 23, 7, 40, 43, 1, 36, 27, 41, 18, 39, 22, 8, 12, 31, 10, 6, 20, 28, 16, 24, 32, 9, 14, 42, 21, 17, 25, 35, 4, 38
11, 30, 2, 37, 33, 34, 26, 5, 19, 3, 13, 29, 15, 23, 7, 40, 43, 1, 36, 27, 41, 18, 39, 22, 8, 12, 31, 10, 6, 20, 28, 16, 24, 32, 9, 14, 42, 21, 17, 25, 35, 4, 38
20, 1, 43, 40, 31, 36, 11, 16, 18, 39, 10, 25, 32, 34, 41, 23, 24, 9, 35, 22, 42, 14, 8, 4, 27, 21, 17, 33, 2, 7, 3, 12, 6, 28, 26, 13, 29, 5, 30, 37, 19, 15, 38
20, 1, 43, 40, 31, 36, 11, 16, 18, 39, 22, 35, 9, 24, 23, 41, 34, 32, 25, 10, 42, 14, 8, 4, 27, 21, 17, 33, 2, 7, 3, 12, 6, 28, 26, 13, 29, 5, 30, 37, 19, 15, 38
20, 1, 43, 40, 31, 36, 11, 16, 18, 39, 22, 35, 9, 24, 23, 41, 34, 32, 25, 10, 42, 14, 8, 4, 27, 21, 17, 33, 2, 7, 26, 12, 6, 28, 3, 13, 29, 5, 30, 37, 19, 15, 38
20, 1, 43, 40, 31, 36, 11, 16, 18, 39, 22, 35, 9, 24, 23, 41, 34, 32, 25, 10, 42, 14, 8, 4, 27, 21, 17, 2, 33, 7, 26, 12, 6, 28, 3, 13, 29, 5, 30, 37, 19, 15, 38
8, 32, 11, 51, 10, 24, 41, 6, 38, 12, 31, 9, 7, 16, 43, 29, 33, 23, 48, 3, 2, 53, 36, 18, 47, 50, 45, 19, 27, 20, 40, 1, 44, 46, 22, 30, 34, 28, 49, 13, 4, 5, 26, 52, 14, 39, 17, 21, 35, 37, 15, 42, 25
12, 31, 1, 44, 46, 22, 36, 53, 2, 8, 19, 27, 38, 3, 48, 41, 24, 10, 6, 32, 13, 51, 11, 9, 23, 33, 29, 20, 40, 43, 16, 45, 50, 47, 18, 30, 34, 28, 49, 14, 4, 5, 26, 52, 7, 39, 17, 21, 35, 37, 15, 42, 25
12, 31, 1, 44, 46, 22, 36, 53, 2, 8, 19, 27, 38, 3, 48, 41, 24, 29, 33, 23, 9, 11, 51, 13, 32, 6, 10, 20, 40, 43, 16, 45, 50, 47, 18, 30, 34, 28, 49, 14, 4, 5, 26, 52, 7, 39, 17, 21, 35, 37, 15, 42, 25
54, 25, 42, 15, 37, 35, 21, 17, 39, 7, 52, 26, 5, 4, 14, 49, 28, 34, 30, 18, 47, 50, 45, 16, 43, 40, 20, 10, 6, 32, 13, 51, 11, 9, 23, 33, 29, 24, 41, 48, 3, 38, 27, 19, 8, 2, 53, 36, 22, 46, 44, 1, 31, 12
55, 12, 31, 1, 44, 46, 22, 36, 53, 2, 8, 19, 27, 38, 3, 48, 41, 24, 29, 33, 23, 9, 11, 51, 13, 32, 6, 10, 20, 40, 43, 16, 45, 50, 47, 18, 30, 34, 28, 49, 14, 4, 5, 26, 52, 7, 39, 17, 21, 35, 37, 15, 42, 25, 54
56, 54, 25, 42, 15, 37, 35, 21, 17, 39, 7, 52, 26, 5, 4, 14, 49, 28, 34, 30, 18, 47, 50, 45, 16, 43, 40, 20, 10, 6, 32, 13, 51, 11, 9, 23, 33, 29, 24, 41, 48, 3, 38, 27, 19, 8, 2, 53, 36, 22, 46, 44, 1, 31, 12, 55
57, 55, 12, 31, 1, 44, 46, 22, 36, 53, 2, 8, 19, 27, 38, 3, 48, 41, 24, 29, 33, 23, 9, 11, 51, 13, 32, 6, 10, 20, 40, 43, 16, 45, 50, 47, 18, 30, 34, 28, 49, 14, 4, 5, 26, 52, 7, 39, 17, 21, 35, 37, 15, 42, 25, 54, 56
41, 24, 29, 33, 23, 9, 11, 51, 13, 32, 6, 10, 20, 40, 43, 16, 45, 50, 47, 18, 30, 34, 28, 49, 14, 4, 5, 26, 52, 7, 39, 17, 21, 35, 37, 15, 42, 25, 54, 56, 58, 48, 3, 38, 27, 19, 8, 2, 53, 36, 22, 46, 44, 1, 31, 12, 55, 57
16, 43, 40, 20, 10, 6, 32, 13, 51, 11, 9, 23, 33, 29, 24, 41, 45, 50, 47, 18, 30, 34, 28, 49, 14, 4, 5, 26, 52, 7, 39, 17, 21, 35, 37, 15, 42, 25, 54, 56, 58, 48, 3, 38, 27, 19, 8, 2, 53, 36, 22, 46, 44, 1, 31, 12, 55, 57
6, 10, 20, 40, 43, 16, 32, 13, 51, 11, 9, 23, 33, 29, 24, 41, 45, 50, 47, 18, 30, 34, 28, 49, 14, 4, 5, 26, 52, 7, 39, 17, 21, 35, 37, 15, 42, 25, 54, 56, 58, 48, 3, 38, 27, 19, 8, 2, 53, 36, 22, 46, 44, 1, 31, 12, 55, 57
30, 34, 41, 24, 29, 33, 23, 9, 11, 51, 13, 58, 56, 54, 25, 42, 15, 37, 35, 21, 17, 39, 7, 52, 26, 5, 4, 14, 49, 28, 18, 47, 50, 45, 16, 43, 40, 20, 10, 6, 32, 48, 3, 38, 27, 19, 8, 2, 53, 36, 22, 46, 44, 1, 31, 12, 55, 57
30, 34, 41, 24, 29, 33, 23, 9, 11, 51, 13, 58, 56, 54, 25, 42, 15, 37, 35, 21, 17, 39, 7, 52, 26, 28, 49, 14, 4, 5, 18, 47, 50, 45, 16, 43, 40, 20, 10, 6, 32, 48, 3, 38, 27, 19, 8, 2, 53, 36, 22, 46, 44, 1, 31, 12, 55, 57
30, 34, 41, 24, 29, 33, 23, 9, 11, 51, 13, 58, 56, 54, 25, 42, 15, 37, 35, 21, 17, 39, 7, 52, 26, 4, 14, 49, 28, 5, 18, 47, 50, 45, 16, 43, 40, 20, 10, 6, 32, 48, 3, 38, 27, 19, 8, 2, 53, 36, 22, 46, 44, 1, 31, 12, 55, 57
11, 51, 13, 58, 56, 54, 25, 42, 15, 34, 30, 9, 23, 33, 29, 24, 41, 37, 35, 21, 17, 39, 7, 52, 26, 28, 49, 14, 4, 5, 18, 47, 50, 45, 16, 43, 40, 20, 10, 6, 32, 48, 3, 38, 27, 19, 8, 2, 53, 36, 22, 46, 44, 1, 31, 12, 55, 57
11, 51, 13, 58, 56, 54, 25, 42, 15, 34, 30, 9, 23, 33, 29, 24, 41, 37, 35, 21, 17, 39, 7, 52, 26, 4, 14, 49, 28, 5, 18, 47, 50, 45, 16, 43, 40, 20, 10, 6, 32, 48, 3, 38, 27, 19, 8, 2, 53, 36, 22, 46, 44, 1, 31, 12, 55, 57
12, 31, 1, 44, 46, 22, 36, 53, 2, 8, 19, 27, 38, 3, 48, 9, 29, 33, 23, 41, 24, 10, 6, 32, 13, 51, 11, 20, 40, 43, 16, 45, 50, 47, 18, 30, 34, 28, 49, 14, 4, 5, 26, 52, 7, 39, 17, 21, 35, 37, 15, 42, 25
54, 25, 42, 15, 37, 35, 21, 17, 39, 7, 52, 26, 5, 4, 14, 49, 28, 34, 30, 18, 47, 50, 45, 16, 43, 40, 20, 11, 51, 13, 32, 6, 10, 24, 41, 23, 33, 29, 9, 48, 3, 38, 27, 19, 8, 2, 53, 36, 22, 46, 44, 1, 31, 12
55, 12, 31, 1, 44, 46, 22, 36, 53, 2, 8, 19, 27, 38, 3, 48, 9, 29, 33, 23, 41, 24, 10, 6, 32, 13, 51, 11, 20, 40, 43, 16, 45, 50, 47, 18, 30, 34, 28, 49, 14, 4, 5, 26, 52, 7, 39, 17, 21, 35, 37, 15, 42, 25, 54
32, 13, 51, 11, 20, 40, 43, 16, 45, 50, 47, 18, 30, 34, 28, 49, 14, 4, 5, 26, 52, 7, 39, 17, 21, 35, 37, 15, 42, 25, 54, 56, 6, 10, 24, 41, 23, 33, 29, 9, 48, 3, 38, 27, 19, 8, 2, 53, 36, 22, 46, 44, 1, 31, 12, 55
47, 18, 30, 34, 28, 49, 14, 4, 5, 26, 52, 7, 39, 17, 21, 35, 37, 15, 42, 25, 54, 56, 6, 10, 24, 41, 23, 33, 29, 9, 48, 3, 38, 27, 19, 8, 2, 53, 36, 22, 46, 44, 1, 31, 12, 55, 57, 50, 45, 16, 43, 40, 20, 11, 51, 13, 32
29, 33, 23, 41, 24, 10, 6, 56, 54, 25, 42, 15, 37, 35, 21, 17, 39, 7, 52, 26, 5, 4, 14, 49, 28, 34, 30, 18, 47, 9, 48, 3, 38, 27, 19, 8, 2, 53, 36, 22, 46, 44, 1, 31, 12, 55, 57, 50, 45, 16, 43, 40, 20, 11, 51, 13, 32
12, 31, 1, 44, 46, 22, 36, 53, 8, 2, 19, 27, 38, 3, 48, 9, 29, 33, 23, 41, 24, 10, 6, 32, 13, 51, 11, 20, 40, 43, 16, 45, 50, 47, 18, 30, 34, 28, 49, 14, 4, 5, 26, 52, 7, 39, 17, 21, 35, 37, 15, 42, 25
54, 25, 42, 15, 37, 35, 21, 17, 39, 7, 52, 26, 5, 4, 14, 49, 28, 34, 30, 18, 47, 50, 45, 16, 43, 40, 20, 11, 51, 13, 32, 6, 10, 24, 41, 23, 33, 29, 9, 48, 3, 38, 27, 19, 2, 8, 53, 36, 22, 46, 44, 1, 31, 12
55, 12, 31, 1, 44, 46, 22, 36, 53, 8, 2, 19, 27, 38, 3, 48, 9, 29, 33, 23, 41, 24, 10, 6, 32, 13, 51, 11, 20, 40, 43, 16, 45, 50, 47, 18, 30, 34, 28, 49, 14, 4, 5, 26, 52, 7, 39, 17, 21, 35, 37, 15, 42, 25, 54
12, 31, 1, 44, 46, 22, 36, 53, 51, 8, 19, 27, 38, 3, 48, 41, 24, 29, 33, 23, 9, 11, 2, 13, 32, 6, 10, 20, 40, 43, 16, 45, 50, 47, 18, 30, 34, 28, 49, 14, 4, 5, 26, 52, 7, 39, 17, 21, 35, 37, 15, 42, 25
54, 25, 42, 15, 37, 35, 21, 17, 39, 7, 52, 26, 5, 4, 14, 49, 28, 34, 30, 18, 47, 50, 45, 16, 43, 40, 20, 10, 6, 32, 13, 2, 11, 9, 23, 33, 29, 24, 41, 48, 3, 38, 27, 19, 8, 51, 53, 36, 22, 46, 44, 1, 31, 12
55, 12, 31, 1, 44, 46, 22, 36, 53, 51, 8, 19, 27, 38, 3, 48, 41, 24, 29, 33, 23, 9, 11, 2, 13, 32, 6, 10, 20, 40, 43, 16, 45, 50, 47, 18, 30, 34, 28, 49, 14, 4, 5, 26, 52, 7, 39, 17, 21, 35, 37, 15, 42, 25, 54
56, 54, 25, 42, 15, 37, 35, 21, 17, 39, 7, 52, 26, 5, 4, 14, 49, 28, 34, 30, 18, 47, 50, 45, 16, 43, 40, 20, 10, 6, 32, 13, 2, 11, 9, 23, 33, 29, 24, 41, 48, 3, 38, 27, 19, 8, 51, 53, 36, 22, 46, 44, 1, 31, 12, 55
12, 31, 1, 44, 46, 22, 36, 53, 51, 8, 19, 27, 38, 3, 48, 9, 29, 33, 23, 41, 24, 10, 6, 32, 13, 2, 11, 20, 40, 43, 16, 45, 50, 47, 18, 30, 34, 28, 49, 14, 4, 5, 26, 52, 7, 39, 17, 21, 35, 37, 15, 42, 25
54, 25, 42, 15, 37, 35, 21, 17, 39, 7, 52, 26, 5, 4, 14, 49, 28, 34, 30, 18, 47, 50, 45, 16, 43, 40, 20, 11, 2, 13, 32, 6, 10, 24, 41, 23, 33, 29, 9, 48, 3, 38, 27, 19, 8, 51, 53, 36, 22, 46, 44, 1, 31, 12
55, 12, 31, 1, 44, 46, 22, 36, 53, 51, 8, 19, 27, 38, 3, 48, 9, 29, 33, 23, 41, 24, 10, 6, 32, 13, 2, 11, 20, 40, 43, 16, 45, 50, 47, 18, 30, 34, 28, 49, 14, 4, 5, 26, 52, 7, 39, 17, 21, 35, 37, 15, 42, 25, 54
32, 13, 2, 11, 20, 40, 43, 16, 45, 50, 47, 18, 30, 34, 28, 49, 14, 4, 5, 26, 52, 7, 39, 17, 21, 35, 37, 15, 42, 25, 54, 56, 6, 10, 24, 41, 23, 33, 29, 9, 48, 3, 38, 27, 19, 8, 51, 53, 36, 22, 46, 44, 1, 31, 12, 55
47, 18, 30, 34, 28, 49, 14, 4, 5, 26, 52, 7, 39, 17, 21, 35, 37, 15, 42, 25, 54, 56, 6, 10, 24, 41, 23, 33, 29, 9, 48, 3, 38, 27, 19, 8, 51, 53, 36, 22, 46, 44, 1, 31, 12, 55, 57, 50, 45, 16, 43, 40, 20, 11, 2, 13, 32
29, 33, 23, 41, 24, 10, 6, 56, 54, 25, 42, 15, 37, 35, 21, 17, 39, 7, 52, 26, 5, 4, 14, 49, 28, 34, 30, 18, 47, 9, 48, 3, 38, 27, 19, 8, 51, 53, 36, 22, 46, 44, 1, 31, 12, 55, 57, 50, 45, 16, 43, 40, 20, 11, 2, 13, 32
12, 31, 1, 44, 46, 22, 36, 53, 51, 8, 19, 27, 38, 3, 48, 9, 29, 33, 23, 41, 24, 10, 6, 32, 13, 11, 2, 20, 40, 43, 16, 45, 50, 47, 18, 30, 34, 28, 49, 14, 4, 5, 26, 52, 7, 39, 17, 21, 35, 37, 15, 42, 25
54, 25, 42, 15, 37, 35, 21, 17, 39, 7, 52, 26, 5, 4, 14, 49, 28, 34, 30, 18, 47, 50, 45, 16, 43, 40, 20, 2, 11, 13, 32, 6, 10, 24, 41, 23, 33, 29, 9, 48, 3, 38, 27, 19, 8, 51, 53, 36, 22, 46, 44, 1, 31, 12
55, 12, 31, 1, 44, 46, 22, 36, 53, 51, 8, 19, 27, 38, 3, 48, 9, 29, 33, 23, 41, 24, 10, 6, 32, 13, 11, 2, 20, 40, 43, 16, 45, 50, 47, 18, 30, 34, 28, 49, 14, 4, 5, 26, 52, 7, 39, 17, 21, 35, 37, 15, 42, 25, 54
32, 13, 11, 2, 20, 40, 43, 16, 45, 50, 47, 18, 30, 34, 28, 49, 14, 4, 5, 26, 52, 7, 39, 17, 21, 35, 37, 15, 42, 25, 54, 56, 6, 10, 24, 41, 23, 33, 29, 9, 48, 3, 38, 27, 19, 8, 51, 53, 36, 22, 46, 44, 1, 31, 12, 55
29, 33, 23, 41, 24, 10, 6, 56, 54, 25, 42, 15, 37, 35, 21, 17, 39, 7, 52, 26, 5, 4, 14, 49, 28, 34, 30, 18, 47, 9, 48, 3, 38, 27, 19, 8, 51, 53, 36, 22, 46, 44, 1, 31, 12, 55, 57, 50, 45, 16, 43, 40, 20, 2, 11, 13, 32
2, 11, 13, 58, 56, 54, 25, 42, 15, 34, 30, 9, 23, 33, 29, 24, 41, 37, 35, 21, 17, 39, 7, 52, 26, 4, 14, 49, 28, 5, 18, 47, 50, 45, 16, 43, 40, 20, 10, 6, 32, 48, 3, 38, 27, 19, 8, 51, 53, 36, 22, 46, 44, 1, 31, 12, 55, 57
7, 39, 17, 21, 35, 37, 41, 52, 26, 4, 14, 49, 28, 5, 18, 47, 50, 45, 16, 43, 40, 20, 10, 6, 32, 48, 3, 38, 27, 19, 8, 51, 53, 36, 22, 46, 44, 1, 31, 12, 57, 24, 29, 33, 23, 9, 30, 34, 15, 42, 25, 54, 55, 58, 13, 11, 2, 56
7, 39, 17, 21, 35, 37, 41, 52, 26, 4, 14, 49, 28, 5, 18, 47, 50, 45, 16, 43, 40, 57, 12, 31, 1, 44, 46, 22, 36, 53, 51, 8, 19, 27, 38, 3, 48, 32, 6, 10, 20, 24, 29, 33, 23, 9, 30, 34, 15, 42, 25, 54, 55, 58, 13, 11, 2, 56
2, 11, 13, 56, 1, 54, 25, 42, 15, 34, 30, 9, 23, 33, 29, 24, 41, 37, 35, 21, 17, 39, 7, 52, 26, 4, 14, 49, 28, 5, 18, 47, 50, 45, 16, 43, 40, 20, 10, 6, 32, 48, 3, 38, 27, 19, 8, 51, 53, 36, 22, 46, 44, 58, 31, 12, 55, 57
58, 55, 12, 31, 57, 44, 46, 22, 36, 53, 51, 8, 19, 27, 38, 3, 48, 32, 6, 10, 20, 40, 43, 16, 45, 50, 47, 18, 5, 28, 49, 14, 4, 26, 52, 7, 39, 17, 21, 35, 37, 41, 24, 29, 33, 23, 9, 30, 34, 15, 42, 25, 54, 1, 56, 13, 11, 2
57, 12, 31, 58, 44, 46, 22, 36, 53, 51, 8, 19, 27, 38, 3, 48, 32, 6, 10, 20, 40, 43, 16, 45, 50, 47, 18, 5, 28, 49, 14, 4, 26, 52, 7, 39, 17, 21, 35, 37, 41, 24, 29, 33, 23, 9, 30, 34, 15, 42, 25, 54, 1, 56, 13, 11, 2, 55
41, 37, 35, 21, 17, 39, 7, 52, 26, 4, 14, 49, 28, 5, 18, 47, 50, 45, 16, 43, 40, 20, 10, 6, 32, 48, 3, 38, 27, 19, 8, 51, 53, 36, 22, 46, 44, 58, 31, 12, 57, 24, 29, 33, 23, 9, 30, 34, 15, 42, 25, 54, 1, 56, 13, 11, 2, 55
7, 39, 17, 21, 35, 37, 41, 52, 26, 4, 14, 49, 28, 5, 18, 47, 50, 45, 16, 43, 40, 20, 10, 6, 32, 48, 3, 38, 27, 19, 8, 51, 53, 36, 22, 46, 44, 58, 31, 12, 57, 24, 29, 33, 23, 9, 30, 34, 15, 42, 25, 54, 1, 56, 13, 11, 2, 55
7, 39, 17, 21, 35, 37, 41, 52, 26, 4, 14, 49, 28, 5, 18, 47, 50, 45, 16, 43, 40, 57, 12, 31, 58, 44, 46, 22, 36, 53, 51, 8, 19, 27, 38, 3, 48, 32, 6, 10, 20, 24, 29, 33, 23, 9, 30, 34, 15, 42, 25, 54, 1, 56, 13, 11, 2, 55
7, 39, 17, 21, 35, 37, 41, 52, 26, 4, 14, 49, 28, 5, 18, 47, 50, 45, 16, 43, 40, 57, 12, 31, 58, 44, 46, 22, 36, 53, 51, 8, 19, 27, 38, 3, 48, 32, 6, 10, 20, 24, 29, 33, 23, 9, 30, 34, 15, 42, 25, 55, 1, 56, 13, 11, 2, 54
2, 11, 13, 56, 1, 57, 25, 42, 15, 34, 30, 9, 23, 33, 29, 24, 41, 37, 35, 21, 17, 39, 7, 52, 26, 4, 14, 49, 28, 5, 18, 47, 50, 45, 16, 43, 40, 20, 10, 6, 32, 48, 3, 38, 27, 19, 8, 51, 53, 36, 22, 46, 44, 58, 31, 12, 54, 55
