3, 18, 4, 7, 17, 15, 10, 6, 8, 5, 16, 2, 21, 19, 24, 22, 14, 11, 9, 25, 13, 12, 20, 1, 23
15, 10, 19, 23, 1, 20, 16, 9, 25, 6, 13, 2, 17, 3, 8, 11, 5, 24, 12, 7, 22, 4, 21, 14, 18
10, 2, 7, 22, 20, 4, 15, 18, 5, 11, 16, 21, 3, 24, 17, 8, 13, 14, 9, 6, 1, 23, 19, 25, 12
15, 5, 19, 24, 2, 21, 16, 13, 3, 8, 14, 17, 18, 9, 6, 7, 10, 11, 4, 25, 22, 12, 20, 1, 23
15, 5, 19, 24, 2, 21, 16, 13, 3, 8, 14, 17, 18, 9, 6, 4, 11, 10, 7, 25, 22, 12, 20, 1, 23
7, 20, 1, 23, 19, 10, 15, 13, 17, 2, 16, 8, 3, 25, 9, 11, 5, 24, 12, 6, 22, 18, 14, 21, 4
9, 6, 14, 22, 10, 12, 15, 4, 7, 13, 24, 17, 18, 11, 5, 19, 25, 8, 3, 21, 2, 16, 20, 1, 23
3, 8, 4, 18, 22, 12, 21, 2, 16, 13, 5, 15, 7, 14, 25, 19, 24, 17, 9, 6, 11, 10, 20, 1, 23
4, 7, 6, 9, 15, 12, 10, 22, 14, 13, 24, 17, 18, 11, 5, 19, 25, 8, 3, 21, 2, 16, 20, 1, 23
8, 16, 21, 2, 24, 19, 5, 15, 14, 17, 18, 9, 6, 3, 13, 7, 10, 11, 4, 25, 22, 12, 20, 1, 23
8, 3, 20, 1, 23, 19, 10, 15, 16, 17, 2, 13, 6, 25, 9, 11, 5, 24, 12, 7, 22, 4, 21, 14, 18
9, 6, 7, 4, 15, 12, 10, 22, 14, 13, 24, 17, 18, 11, 5, 19, 25, 8, 3, 21, 16, 2, 20, 1, 23
7, 20, 1, 23, 19, 10, 15, 13, 17, 2, 16, 8, 3, 25, 9, 11, 5, 24, 12, 6, 22, 4, 21, 14, 18
9, 25, 6, 13, 2, 17, 3, 8, 16, 20, 1, 23, 19, 10, 15, 11, 5, 24, 12, 7, 22, 4, 21, 14, 18
15, 5, 19, 24, 2, 21, 16, 13, 3, 6, 9, 18, 17, 14, 8, 7, 10, 11, 4, 25, 22, 12, 20, 1, 23
15, 5, 19, 24, 21, 2, 16, 13, 3, 8, 14, 17, 18, 9, 6, 7, 10, 11, 4, 25, 22, 12, 20, 1, 23
7, 20, 1, 23, 19, 10, 15, 13, 2, 17, 16, 8, 9, 25, 3, 11, 5, 24, 12, 6, 22, 4, 21, 14, 18
4, 8, 3, 18, 22, 12, 21, 2, 16, 13, 5, 15, 7, 14, 25, 19, 24, 17, 9, 6, 11, 10, 20, 1, 23
18, 9, 6, 12, 21, 2, 16, 14, 13, 4, 19, 24, 7, 10, 11, 22, 3, 8, 17, 25, 5, 15, 20, 1, 23
7, 20, 1, 23, 19, 10, 15, 13, 2, 17, 16, 8, 9, 25, 3, 11, 5, 24, 12, 6, 22, 18, 14, 21, 4
15, 10, 19, 23, 1, 20, 3, 9, 25, 8, 16, 2, 17, 13, 6, 11, 5, 24, 12, 7, 22, 18, 14, 21, 4
6, 13, 2, 17, 16, 8, 25, 9, 3, 20, 1, 23, 19, 10, 15, 11, 5, 24, 12, 7, 22, 4, 21, 14, 18
16, 8, 3, 17, 11, 2, 15, 10, 19, 23, 1, 20, 9, 25, 6, 13, 5, 24, 12, 7, 22, 4, 21, 14, 18
3, 22, 6, 8, 13, 9, 4, 11, 10, 18, 7, 15, 19, 25, 14, 16, 21, 2, 17, 24, 5, 12, 20, 1, 23
14, 22, 10, 12, 15, 7, 4, 13, 24, 17, 18, 11, 6, 9, 5, 19, 25, 8, 3, 21, 16, 2, 20, 1, 23
3, 8, 16, 13, 6, 25, 9, 20, 1, 23, 19, 10, 15, 11, 2, 17, 5, 24, 12, 7, 22, 4, 21, 14, 18
2, 16, 24, 17, 18, 9, 6, 7, 10, 15, 25, 20, 1, 23, 19, 5, 14, 11, 4, 13, 22, 3, 8, 12, 21
15, 10, 19, 23, 1, 20, 7, 13, 17, 2, 16, 8, 9, 25, 3, 11, 5, 24, 12, 6, 22, 4, 21, 14, 18
15, 5, 19, 24, 21, 2, 16, 13, 3, 6, 9, 18, 17, 14, 8, 7, 10, 11, 4, 25, 22, 12, 20, 1, 23
9, 6, 14, 22, 10, 12, 15, 4, 7, 13, 24, 17, 18, 11, 5, 19, 25, 8, 3, 21, 16, 2, 20, 1, 23
4, 7, 6, 9, 15, 12, 10, 22, 14, 13, 24, 17, 18, 11, 5, 19, 25, 8, 3, 21, 16, 2, 20, 1, 23
17, 11, 2, 15, 10, 19, 23, 1, 20, 9, 25, 13, 3, 8, 16, 5, 6, 24, 12, 7, 22, 4, 21, 14, 18
8, 3, 20, 1, 23, 19, 10, 15, 16, 2, 17, 13, 6, 25, 9, 11, 5, 24, 12, 7, 22, 4, 21, 14, 18
14, 7, 15, 5, 13, 16, 2, 21, 12, 22, 4, 8, 3, 18, 25, 19, 24, 17, 9, 6, 11, 10, 20, 1, 23
8, 4, 22, 11, 10, 7, 24, 19, 3, 13, 14, 16, 2, 21, 12, 6, 9, 18, 17, 25, 5, 15, 20, 1, 23
17, 11, 2, 15, 10, 19, 23, 1, 20, 9, 25, 6, 13, 3, 8, 16, 5, 24, 12, 7, 22, 4, 21, 14, 18
15, 5, 19, 24, 21, 2, 16, 13, 3, 6, 9, 18, 17, 14, 8, 4, 11, 10, 7, 25, 22, 12, 20, 1, 23
8, 16, 2, 21, 24, 19, 5, 15, 14, 17, 18, 9, 6, 3, 13, 7, 10, 11, 4, 25, 22, 12, 20, 1, 23
15, 5, 19, 24, 21, 2, 16, 13, 3, 8, 14, 17, 18, 9, 6, 4, 11, 10, 7, 25, 22, 12, 20, 1, 23
18, 9, 6, 12, 21, 2, 16, 14, 13, 3, 8, 4, 22, 11, 10, 7, 24, 19, 17, 25, 5, 15, 20, 1, 23
16, 14, 25, 19, 15, 7, 18, 10, 11, 4, 9, 13, 8, 3, 22, 6, 21, 2, 17, 24, 5, 12, 20, 1, 23
6, 13, 17, 2, 16, 8, 25, 9, 3, 20, 1, 23, 19, 10, 15, 11, 5, 24, 12, 7, 22, 4, 21, 14, 18
15, 10, 19, 23, 1, 20, 3, 9, 25, 6, 13, 2, 17, 16, 8, 11, 5, 24, 12, 7, 22, 4, 21, 14, 18
15, 10, 19, 23, 1, 20, 3, 9, 25, 6, 13, 17, 2, 16, 8, 11, 5, 24, 12, 7, 22, 4, 21, 14, 18
14, 22, 10, 12, 15, 11, 18, 17, 24, 13, 9, 6, 7, 4, 5, 19, 25, 8, 3, 21, 16, 2, 20, 1, 23
10, 7, 2, 22, 20, 4, 15, 18, 5, 11, 16, 21, 3, 24, 17, 8, 13, 14, 9, 6, 1, 23, 19, 25, 12
16, 8, 3, 17, 2, 11, 15, 10, 19, 23, 1, 20, 9, 25, 6, 13, 5, 24, 12, 7, 22, 4, 21, 14, 18
2, 10, 7, 22, 20, 4, 15, 18, 5, 11, 16, 21, 17, 24, 3, 8, 13, 14, 9, 6, 1, 23, 19, 25, 12
15, 10, 19, 23, 1, 20, 7, 13, 17, 2, 16, 8, 9, 25, 3, 11, 5, 24, 12, 6, 22, 18, 14, 21, 4
15, 10, 19, 23, 1, 20, 16, 9, 25, 8, 3, 2, 17, 13, 6, 11, 5, 24, 12, 7, 22, 4, 21, 14, 18
6, 13, 2, 17, 3, 8, 25, 9, 16, 20, 1, 23, 19, 10, 15, 11, 5, 24, 12, 7, 22, 4, 21, 14, 18
16, 8, 3, 17, 2, 13, 6, 25, 9, 20, 1, 23, 19, 10, 15, 11, 5, 24, 12, 7, 22, 4, 21, 14, 18
18, 9, 6, 12, 21, 2, 16, 14, 13, 7, 10, 11, 22, 4, 8, 19, 24, 3, 17, 25, 5, 15, 20, 1, 23
14, 17, 18, 9, 6, 3, 13, 16, 21, 2, 24, 19, 5, 15, 8, 4, 11, 10, 7, 25, 22, 12, 20, 1, 23
