42, 45, 17, 18, 29, 14, 21, 31, 20, 16, 36, 47, 44, 58, 54, 1, 13, 43, 15, 25, 56, 2, 37, 48, 53, 57, 50, 33, 34, 7, 27, 55, 40, 24, 39, 19, 23, 41, 28, 30, 5, 35, 6, 49, 3, 12, 38, 8, 10, 32, 46, 26, 9, 22, 4, 52, 51, 11
16, 36, 47, 44, 58, 54, 1, 38, 7, 34, 13, 35, 21, 30, 45, 17, 20, 43, 15, 5, 56, 2, 37, 48, 55, 40, 24, 39, 19, 25, 14, 29, 18, 42, 6, 31, 28, 46, 26, 49, 3, 41, 23, 52, 8, 12, 32, 10, 53, 57, 50, 33, 4, 22, 9, 27, 51, 11
36, 47, 44, 58, 54, 1, 13, 35, 21, 14, 29, 18, 15, 40, 10, 32, 46, 26, 9, 22, 4, 52, 7, 48, 37, 2, 56, 49, 3, 39, 31, 28, 30, 5, 41, 23, 16, 19, 6, 42, 55, 43, 24, 17, 45, 12, 38, 8, 53, 57, 50, 33, 20, 25, 34, 27, 51, 11
16, 5, 30, 28, 31, 20, 35, 21, 14, 29, 18, 17, 45, 43, 15, 23, 36, 47, 44, 58, 54, 1, 13, 41, 42, 3, 49, 6, 19, 39, 24, 40, 55, 27, 7, 34, 33, 50, 57, 53, 48, 37, 2, 56, 25, 12, 38, 8, 10, 32, 46, 26, 9, 22, 4, 52, 51, 11
19, 41, 23, 15, 20, 31, 28, 30, 5, 16, 36, 47, 44, 58, 54, 1, 13, 35, 21, 6, 42, 46, 26, 9, 22, 4, 52, 7, 34, 33, 50, 57, 53, 48, 37, 2, 56, 25, 55, 40, 24, 39, 3, 49, 14, 29, 18, 43, 17, 45, 12, 38, 8, 10, 32, 27, 51, 11
24, 43, 55, 19, 16, 36, 47, 44, 58, 54, 1, 31, 28, 40, 26, 10, 32, 46, 30, 5, 41, 4, 22, 9, 17, 45, 52, 7, 48, 37, 2, 56, 49, 3, 39, 13, 35, 42, 6, 21, 14, 29, 18, 15, 23, 12, 38, 8, 53, 57, 50, 33, 20, 25, 34, 27, 51, 11
42, 18, 29, 14, 21, 35, 20, 31, 28, 30, 5, 16, 36, 47, 44, 58, 54, 1, 13, 17, 45, 43, 15, 25, 56, 2, 37, 48, 53, 57, 50, 33, 34, 7, 27, 55, 40, 24, 39, 19, 23, 41, 3, 49, 6, 12, 38, 8, 10, 32, 46, 26, 9, 22, 4, 52, 51, 11
30, 50, 55, 9, 19, 24, 14, 22, 32, 29, 52, 4, 26, 5, 36, 45, 12, 46, 6, 49, 21, 35, 13, 42, 41, 34, 39, 27, 7, 3, 17, 23, 28, 20, 15, 18, 33, 1, 54, 58, 44, 47, 56, 43, 37, 48, 53, 57, 25, 31, 10, 8, 38, 16, 2, 40, 51, 11
32, 10, 8, 35, 13, 1, 54, 58, 44, 47, 36, 16, 5, 30, 28, 31, 7, 52, 26, 9, 22, 4, 55, 42, 29, 14, 3, 49, 56, 2, 37, 48, 46, 41, 23, 21, 15, 18, 38, 12, 45, 17, 43, 6, 19, 39, 24, 40, 53, 57, 50, 33, 20, 25, 34, 27, 51, 11
20, 31, 28, 30, 5, 16, 36, 47, 44, 58, 54, 1, 13, 35, 21, 14, 29, 18, 25, 56, 2, 37, 48, 53, 57, 50, 33, 34, 7, 27, 55, 40, 24, 39, 19, 6, 49, 3, 42, 41, 23, 15, 43, 17, 45, 12, 38, 8, 10, 32, 46, 26, 9, 22, 4, 52, 51, 11
28, 30, 5, 16, 36, 47, 44, 58, 54, 1, 13, 35, 21, 14, 29, 18, 15, 23, 41, 46, 32, 10, 8, 38, 12, 45, 17, 43, 31, 7, 52, 4, 22, 9, 26, 55, 42, 3, 49, 56, 2, 37, 48, 6, 19, 39, 24, 40, 53, 57, 50, 33, 20, 25, 34, 27, 51, 11
4, 55, 50, 30, 52, 29, 32, 22, 14, 24, 19, 9, 26, 5, 36, 45, 12, 46, 6, 49, 21, 35, 13, 42, 41, 34, 39, 27, 7, 3, 17, 23, 28, 20, 15, 18, 33, 1, 54, 58, 44, 47, 56, 43, 37, 48, 53, 57, 25, 31, 10, 8, 38, 16, 2, 40, 51, 11
36, 16, 5, 30, 28, 42, 41, 23, 19, 39, 24, 40, 55, 27, 7, 34, 33, 50, 57, 53, 48, 37, 2, 56, 25, 15, 43, 45, 17, 18, 29, 14, 21, 35, 20, 31, 47, 44, 58, 54, 1, 13, 6, 49, 3, 12, 38, 8, 10, 32, 46, 26, 9, 22, 4, 52, 51, 11
21, 2, 40, 35, 39, 3, 32, 28, 49, 5, 42, 24, 16, 36, 50, 33, 34, 45, 41, 30, 17, 9, 26, 23, 14, 31, 52, 29, 15, 47, 46, 56, 57, 53, 48, 37, 43, 10, 20, 8, 55, 27, 25, 18, 19, 12, 38, 44, 58, 54, 6, 7, 4, 22, 1, 13, 51, 11
36, 16, 5, 30, 28, 31, 20, 35, 21, 14, 29, 18, 17, 45, 43, 15, 25, 56, 2, 37, 48, 53, 57, 50, 33, 34, 7, 27, 55, 40, 24, 39, 19, 23, 41, 42, 47, 44, 58, 54, 1, 13, 3, 49, 6, 12, 38, 8, 10, 32, 46, 26, 9, 22, 4, 52, 51, 11
30, 28, 31, 20, 16, 36, 47, 44, 58, 54, 1, 13, 43, 15, 25, 56, 2, 37, 48, 53, 57, 50, 33, 34, 7, 27, 55, 40, 24, 39, 5, 35, 21, 14, 29, 18, 17, 45, 42, 19, 23, 41, 6, 49, 3, 12, 38, 8, 10, 32, 46, 26, 9, 22, 4, 52, 51, 11
36, 47, 44, 58, 54, 1, 13, 35, 21, 14, 29, 18, 17, 45, 43, 15, 25, 56, 2, 37, 48, 53, 57, 50, 33, 34, 7, 27, 55, 40, 24, 39, 19, 23, 41, 42, 16, 5, 30, 28, 31, 20, 3, 49, 6, 12, 38, 8, 10, 32, 46, 26, 9, 22, 4, 52, 51, 11
46, 41, 23, 15, 18, 29, 14, 21, 8, 38, 12, 45, 17, 43, 6, 19, 39, 24, 40, 35, 13, 1, 54, 58, 44, 47, 36, 16, 5, 30, 28, 31, 7, 52, 4, 22, 9, 26, 55, 42, 3, 49, 56, 2, 37, 48, 32, 10, 53, 57, 50, 33, 20, 25, 34, 27, 51, 11
42, 45, 17, 20, 31, 28, 30, 5, 16, 36, 47, 44, 58, 54, 1, 13, 35, 21, 14, 29, 18, 43, 15, 25, 56, 2, 37, 48, 53, 57, 50, 33, 34, 7, 27, 55, 40, 24, 39, 19, 23, 41, 6, 49, 3, 12, 38, 8, 10, 32, 46, 26, 9, 22, 4, 52, 51, 11
48, 37, 2, 56, 49, 3, 42, 55, 26, 9, 22, 4, 52, 7, 31, 28, 30, 5, 16, 36, 47, 44, 58, 54, 1, 13, 35, 8, 10, 32, 46, 41, 23, 21, 14, 29, 40, 24, 39, 19, 6, 43, 17, 45, 12, 38, 18, 15, 53, 57, 50, 33, 20, 25, 34, 27, 51, 11
40, 29, 14, 21, 38, 8, 10, 32, 46, 41, 23, 15, 18, 35, 13, 1, 54, 58, 44, 47, 36, 16, 5, 30, 28, 31, 7, 52, 4, 22, 9, 26, 55, 42, 3, 49, 56, 2, 37, 48, 24, 39, 19, 6, 43, 17, 45, 12, 53, 57, 50, 33, 20, 25, 34, 27, 51, 11
43, 17, 45, 12, 38, 18, 15, 21, 23, 41, 46, 48, 37, 2, 56, 49, 3, 14, 29, 42, 55, 4, 22, 9, 26, 52, 7, 31, 28, 30, 5, 16, 36, 47, 44, 58, 54, 1, 13, 35, 8, 10, 32, 6, 19, 39, 24, 40, 53, 57, 50, 33, 20, 25, 34, 27, 51, 11
39, 24, 40, 55, 27, 7, 34, 33, 50, 57, 53, 48, 37, 2, 56, 25, 15, 43, 45, 17, 18, 29, 14, 21, 35, 5, 30, 28, 31, 20, 16, 36, 47, 44, 58, 54, 1, 13, 42, 19, 23, 41, 6, 49, 3, 12, 38, 8, 10, 32, 46, 26, 9, 22, 4, 52, 51, 11
41, 23, 19, 39, 24, 40, 55, 27, 7, 34, 33, 50, 57, 53, 48, 37, 2, 56, 25, 15, 43, 18, 29, 14, 21, 35, 13, 1, 54, 58, 44, 47, 36, 16, 5, 30, 28, 31, 20, 17, 45, 42, 3, 49, 6, 12, 38, 8, 10, 32, 46, 26, 9, 22, 4, 52, 51, 11
39, 3, 49, 56, 2, 37, 48, 7, 52, 4, 22, 9, 26, 46, 32, 10, 40, 15, 18, 29, 42, 6, 19, 16, 36, 47, 44, 58, 54, 1, 13, 35, 21, 14, 55, 43, 24, 17, 45, 31, 28, 30, 5, 41, 23, 12, 38, 8, 53, 57, 50, 33, 20, 25, 34, 27, 51, 11
2, 21, 40, 35, 39, 5, 49, 28, 32, 3, 42, 24, 16, 36, 50, 33, 34, 45, 41, 30, 17, 9, 26, 23, 14, 31, 52, 29, 10, 43, 37, 48, 53, 57, 56, 46, 47, 15, 20, 8, 55, 27, 25, 18, 19, 12, 38, 44, 58, 54, 6, 7, 4, 22, 1, 13, 51, 11
2, 37, 56, 49, 3, 42, 41, 23, 15, 18, 29, 14, 21, 35, 13, 1, 54, 58, 44, 47, 36, 38, 8, 10, 32, 46, 26, 9, 22, 4, 52, 7, 31, 28, 30, 5, 16, 48, 12, 45, 17, 43, 6, 19, 39, 24, 40, 55, 53, 57, 50, 33, 20, 25, 34, 27, 51, 11
39, 24, 40, 55, 27, 7, 34, 33, 50, 57, 53, 48, 37, 2, 56, 25, 15, 43, 45, 17, 18, 29, 14, 21, 35, 13, 1, 54, 58, 44, 47, 36, 16, 5, 30, 28, 31, 20, 42, 19, 23, 41, 3, 49, 6, 12, 38, 8, 10, 32, 46, 26, 9, 22, 4, 52, 51, 11
32, 10, 40, 55, 43, 17, 45, 21, 35, 13, 1, 54, 58, 44, 47, 36, 16, 5, 30, 28, 31, 7, 52, 26, 9, 22, 42, 6, 19, 4, 24, 39, 46, 41, 23, 15, 18, 29, 14, 3, 49, 56, 2, 37, 48, 12, 38, 8, 53, 57, 50, 33, 20, 25, 34, 27, 51, 11
43, 17, 45, 12, 38, 18, 15, 21, 23, 41, 46, 32, 10, 8, 35, 13, 1, 54, 58, 44, 47, 36, 16, 5, 30, 28, 31, 7, 52, 4, 22, 9, 26, 55, 42, 29, 14, 3, 49, 56, 2, 37, 48, 6, 19, 39, 24, 40, 53, 57, 50, 33, 20, 25, 34, 27, 51, 11
23, 15, 18, 29, 42, 6, 19, 45, 17, 24, 43, 55, 14, 21, 35, 13, 1, 54, 58, 44, 47, 36, 16, 41, 5, 30, 28, 31, 39, 3, 49, 56, 2, 37, 48, 7, 52, 4, 22, 9, 26, 46, 32, 10, 40, 12, 38, 8, 53, 57, 50, 33, 20, 25, 34, 27, 51, 11
48, 37, 2, 56, 49, 3, 42, 55, 26, 9, 22, 4, 52, 7, 31, 28, 30, 5, 16, 36, 47, 44, 58, 54, 1, 13, 35, 40, 24, 39, 19, 6, 43, 17, 45, 12, 38, 8, 21, 14, 29, 18, 15, 23, 41, 46, 32, 10, 53, 57, 50, 33, 20, 25, 34, 27, 51, 11
15, 34, 33, 50, 36, 16, 24, 42, 3, 45, 29, 32, 28, 39, 8, 47, 46, 56, 57, 53, 48, 37, 43, 10, 20, 40, 55, 27, 52, 31, 49, 5, 14, 23, 26, 9, 2, 21, 35, 17, 30, 41, 25, 18, 19, 12, 38, 44, 58, 54, 6, 7, 4, 22, 1, 13, 51, 11
45, 17, 24, 43, 55, 19, 16, 36, 47, 44, 58, 54, 1, 31, 28, 40, 10, 32, 46, 30, 5, 41, 23, 15, 18, 29, 14, 21, 6, 42, 35, 13, 39, 3, 49, 56, 2, 37, 48, 7, 52, 26, 9, 22, 4, 12, 38, 8, 53, 57, 50, 33, 20, 25, 34, 27, 51, 11
9, 26, 52, 7, 31, 28, 30, 5, 16, 22, 4, 19, 6, 42, 24, 39, 36, 47, 44, 58, 54, 1, 13, 35, 21, 45, 17, 43, 55, 40, 10, 32, 46, 41, 23, 15, 18, 29, 14, 3, 49, 56, 2, 37, 48, 12, 38, 8, 53, 57, 50, 33, 20, 25, 34, 27, 51, 11
28, 30, 5, 35, 21, 14, 29, 18, 17, 45, 43, 15, 25, 56, 2, 37, 48, 53, 57, 50, 33, 34, 7, 27, 55, 40, 24, 39, 31, 20, 16, 36, 47, 44, 58, 54, 1, 13, 42, 19, 23, 41, 6, 49, 3, 12, 38, 8, 10, 32, 46, 26, 9, 22, 4, 52, 51, 11
2, 21, 40, 35, 39, 28, 32, 3, 49, 5, 42, 24, 16, 36, 50, 33, 34, 45, 41, 30, 17, 9, 26, 23, 14, 31, 52, 29, 15, 47, 46, 56, 57, 53, 48, 37, 43, 10, 20, 8, 55, 27, 25, 18, 19, 12, 38, 44, 58, 54, 6, 7, 4, 22, 1, 13, 51, 11
21, 49, 6, 46, 12, 45, 36, 5, 26, 9, 19, 24, 14, 22, 32, 29, 52, 30, 50, 55, 4, 35, 13, 42, 41, 34, 39, 27, 7, 3, 17, 23, 28, 20, 15, 18, 33, 1, 54, 58, 44, 47, 56, 43, 37, 48, 53, 57, 25, 31, 10, 8, 38, 2, 16, 40, 51, 11
9, 22, 4, 41, 10, 32, 46, 30, 5, 26, 40, 28, 31, 1, 54, 58, 44, 47, 36, 16, 19, 55, 43, 24, 17, 45, 52, 7, 48, 37, 2, 56, 49, 3, 39, 13, 35, 42, 6, 21, 14, 29, 18, 15, 23, 12, 38, 8, 53, 57, 50, 33, 20, 25, 34, 27, 51, 11
42, 20, 31, 28, 30, 5, 16, 36, 47, 44, 58, 54, 1, 13, 35, 21, 14, 29, 18, 17, 45, 43, 15, 25, 56, 2, 37, 48, 53, 57, 50, 33, 34, 7, 27, 55, 40, 24, 39, 19, 23, 41, 3, 49, 6, 12, 38, 8, 10, 32, 46, 26, 9, 22, 4, 52, 51, 11
28, 31, 20, 35, 21, 14, 29, 18, 17, 45, 43, 15, 25, 56, 2, 37, 48, 53, 57, 50, 33, 34, 7, 27, 55, 40, 24, 39, 30, 5, 16, 36, 47, 44, 58, 54, 1, 13, 42, 19, 23, 41, 6, 49, 3, 12, 38, 8, 10, 32, 46, 26, 9, 22, 4, 52, 51, 11
26, 23, 14, 31, 52, 29, 10, 40, 35, 17, 30, 41, 45, 34, 33, 50, 36, 16, 24, 42, 3, 49, 5, 32, 28, 39, 9, 21, 2, 43, 37, 48, 53, 57, 56, 46, 47, 15, 20, 8, 55, 27, 25, 18, 19, 12, 38, 44, 58, 54, 6, 7, 4, 22, 1, 13, 51, 11
48, 37, 2, 56, 49, 3, 41, 23, 15, 18, 29, 14, 21, 42, 55, 40, 24, 39, 19, 6, 43, 17, 45, 12, 38, 8, 10, 32, 46, 26, 9, 22, 4, 52, 7, 31, 28, 30, 5, 16, 36, 47, 44, 58, 54, 1, 13, 35, 53, 57, 50, 33, 20, 25, 34, 27, 51, 11
16, 20, 31, 28, 30, 5, 35, 21, 14, 29, 18, 17, 45, 43, 15, 23, 36, 47, 44, 58, 54, 1, 13, 41, 42, 3, 49, 6, 19, 39, 24, 40, 55, 27, 7, 34, 33, 50, 57, 53, 48, 37, 2, 56, 25, 12, 38, 8, 10, 32, 46, 26, 9, 22, 4, 52, 51, 11
23, 15, 18, 29, 14, 21, 35, 13, 1, 54, 58, 44, 47, 36, 16, 19, 6, 42, 55, 43, 24, 17, 45, 41, 5, 30, 28, 31, 39, 3, 49, 56, 2, 37, 48, 7, 52, 4, 22, 9, 26, 46, 32, 10, 40, 12, 38, 8, 53, 57, 50, 33, 20, 25, 34, 27, 51, 11
42, 55, 26, 9, 22, 4, 52, 7, 31, 28, 30, 5, 16, 36, 47, 44, 58, 54, 1, 13, 35, 8, 10, 32, 46, 41, 23, 15, 18, 38, 12, 45, 17, 43, 6, 19, 39, 24, 40, 29, 14, 21, 3, 49, 56, 2, 37, 48, 53, 57, 50, 33, 20, 25, 34, 27, 51, 11
23, 15, 43, 45, 17, 13, 1, 54, 58, 44, 47, 36, 16, 5, 30, 28, 31, 20, 35, 21, 14, 29, 18, 41, 42, 3, 49, 6, 19, 39, 24, 40, 55, 27, 7, 34, 33, 50, 57, 53, 48, 37, 2, 56, 25, 12, 38, 8, 10, 32, 46, 26, 9, 22, 4, 52, 51, 11
40, 55, 25, 56, 2, 37, 48, 53, 57, 50, 33, 34, 7, 52, 4, 41, 23, 15, 20, 31, 28, 30, 5, 16, 36, 47, 44, 58, 54, 1, 13, 35, 21, 46, 26, 9, 22, 19, 6, 42, 24, 39, 3, 49, 14, 29, 18, 43, 17, 45, 12, 38, 8, 10, 32, 27, 51, 11
21, 49, 6, 46, 12, 45, 36, 5, 26, 9, 19, 24, 14, 22, 32, 29, 52, 30, 50, 55, 4, 35, 13, 42, 41, 34, 39, 27, 7, 3, 17, 23, 28, 20, 15, 18, 33, 1, 54, 58, 44, 47, 56, 43, 37, 48, 53, 57, 25, 31, 10, 8, 38, 16, 2, 40, 51, 11
2, 21, 40, 35, 39, 5, 49, 28, 32, 3, 42, 24, 16, 36, 50, 33, 34, 45, 41, 30, 17, 9, 26, 23, 14, 31, 52, 29, 15, 47, 46, 56, 57, 53, 48, 37, 43, 10, 20, 8, 55, 27, 25, 18, 19, 12, 38, 44, 58, 54, 6, 7, 4, 22, 1, 13, 51, 11
37, 2, 56, 49, 3, 42, 41, 23, 15, 18, 29, 14, 21, 35, 13, 1, 54, 58, 44, 47, 36, 38, 8, 10, 32, 46, 26, 9, 22, 4, 52, 7, 31, 28, 30, 5, 16, 48, 12, 45, 17, 43, 6, 19, 39, 24, 40, 55, 53, 57, 50, 33, 20, 25, 34, 27, 51, 11
26, 23, 14, 31, 52, 29, 10, 40, 35, 39, 28, 32, 5, 49, 3, 42, 24, 16, 36, 50, 33, 34, 45, 41, 30, 17, 9, 2, 21, 43, 37, 48, 53, 57, 56, 46, 47, 15, 20, 8, 55, 27, 25, 18, 19, 12, 38, 44, 58, 54, 6, 7, 4, 22, 1, 13, 51, 11
48, 37, 2, 56, 49, 3, 40, 24, 39, 19, 6, 43, 17, 45, 12, 38, 8, 10, 32, 46, 26, 9, 22, 4, 52, 7, 31, 28, 30, 5, 16, 36, 47, 44, 58, 54, 1, 13, 35, 21, 14, 29, 18, 15, 23, 41, 55, 42, 53, 57, 50, 33, 20, 25, 34, 27, 51, 11
21, 49, 6, 46, 12, 45, 36, 5, 26, 32, 29, 52, 4, 22, 14, 24, 19, 9, 55, 50, 30, 35, 13, 42, 41, 34, 39, 27, 7, 3, 17, 23, 28, 20, 15, 18, 33, 1, 54, 58, 44, 47, 56, 43, 37, 48, 53, 57, 25, 31, 10, 8, 38, 16, 2, 40, 51, 11
39, 24, 40, 55, 27, 7, 34, 33, 50, 57, 53, 48, 37, 2, 56, 25, 15, 43, 45, 17, 13, 1, 54, 58, 44, 47, 36, 16, 20, 31, 28, 30, 5, 35, 21, 14, 29, 18, 42, 19, 23, 41, 3, 49, 6, 12, 38, 8, 10, 32, 46, 26, 9, 22, 4, 52, 51, 11
10, 31, 52, 28, 32, 5, 49, 42, 20, 3, 43, 37, 48, 53, 57, 56, 46, 47, 15, 29, 14, 23, 26, 9, 2, 21, 35, 17, 30, 41, 39, 8, 24, 16, 36, 50, 33, 34, 45, 27, 55, 40, 25, 18, 19, 12, 38, 44, 58, 54, 6, 7, 4, 22, 1, 13, 51, 11
40, 55, 25, 56, 2, 37, 48, 53, 57, 50, 33, 34, 7, 52, 4, 22, 9, 26, 46, 42, 6, 19, 41, 23, 15, 20, 31, 28, 30, 5, 16, 36, 47, 44, 58, 54, 1, 13, 35, 21, 24, 39, 3, 49, 14, 29, 18, 43, 17, 45, 12, 38, 8, 10, 32, 27, 51, 11
9, 26, 52, 7, 31, 28, 30, 5, 16, 22, 42, 6, 19, 4, 24, 39, 36, 47, 44, 58, 54, 1, 13, 35, 21, 45, 17, 43, 55, 40, 10, 32, 46, 41, 23, 15, 18, 29, 14, 3, 49, 56, 2, 37, 48, 12, 38, 8, 53, 57, 50, 33, 20, 25, 34, 27, 51, 11
45, 17, 24, 43, 55, 42, 6, 19, 16, 36, 47, 44, 58, 54, 1, 13, 35, 21, 14, 29, 18, 15, 40, 10, 32, 46, 26, 9, 22, 4, 52, 7, 48, 37, 2, 56, 49, 3, 39, 31, 28, 30, 5, 41, 23, 12, 38, 8, 53, 57, 50, 33, 20, 25, 34, 27, 51, 11
16, 36, 47, 44, 58, 54, 1, 13, 35, 21, 14, 55, 43, 24, 17, 45, 19, 6, 42, 29, 18, 15, 40, 10, 32, 46, 26, 9, 22, 4, 52, 7, 48, 37, 2, 56, 49, 3, 39, 31, 28, 30, 5, 41, 23, 12, 38, 8, 53, 57, 50, 33, 20, 25, 34, 27, 51, 11
24, 18, 23, 15, 13, 1, 54, 58, 44, 47, 36, 16, 4, 19, 9, 26, 52, 30, 31, 14, 21, 35, 5, 7, 39, 3, 49, 56, 37, 2, 28, 41, 46, 32, 10, 40, 29, 48, 17, 45, 55, 43, 6, 42, 22, 12, 38, 8, 53, 57, 50, 33, 20, 25, 34, 27, 51, 11
39, 32, 46, 26, 9, 22, 4, 52, 7, 31, 28, 30, 5, 16, 36, 47, 44, 58, 54, 1, 13, 35, 21, 14, 29, 18, 15, 23, 41, 42, 24, 40, 55, 3, 49, 56, 2, 37, 48, 19, 6, 43, 17, 45, 12, 38, 8, 10, 53, 57, 50, 33, 20, 25, 34, 27, 51, 11
20, 40, 35, 39, 28, 32, 5, 49, 3, 42, 24, 16, 36, 50, 33, 34, 45, 41, 30, 17, 15, 47, 46, 56, 57, 53, 48, 37, 43, 2, 21, 9, 26, 23, 14, 31, 52, 29, 10, 8, 55, 27, 25, 18, 19, 12, 38, 44, 58, 54, 6, 7, 4, 22, 1, 13, 51, 11
15, 34, 33, 50, 36, 16, 24, 42, 29, 45, 3, 32, 28, 39, 8, 47, 46, 56, 57, 53, 48, 37, 43, 10, 20, 40, 55, 27, 52, 31, 49, 5, 14, 23, 26, 9, 2, 21, 35, 17, 30, 41, 25, 18, 19, 12, 38, 44, 58, 54, 6, 7, 4, 22, 1, 13, 51, 11
28, 30, 31, 14, 21, 35, 5, 7, 52, 26, 9, 19, 4, 29, 40, 10, 32, 46, 41, 23, 15, 13, 1, 54, 58, 44, 47, 36, 18, 24, 39, 3, 49, 56, 37, 2, 16, 48, 17, 45, 55, 43, 6, 42, 22, 12, 38, 8, 53, 57, 50, 33, 20, 25, 34, 27, 51, 11
48, 37, 2, 56, 49, 3, 10, 32, 46, 41, 23, 15, 18, 29, 14, 21, 8, 38, 12, 45, 17, 43, 6, 19, 39, 24, 40, 35, 13, 1, 54, 58, 44, 47, 36, 16, 5, 30, 28, 31, 7, 52, 4, 22, 9, 26, 55, 42, 53, 57, 50, 33, 20, 25, 34, 27, 51, 11
17, 30, 41, 45, 34, 33, 50, 36, 16, 24, 42, 5, 49, 28, 32, 8, 39, 35, 40, 10, 29, 52, 31, 14, 23, 26, 9, 2, 21, 43, 37, 48, 53, 57, 56, 46, 47, 15, 20, 3, 55, 27, 25, 18, 19, 12, 38, 44, 58, 54, 6, 7, 4, 22, 1, 13, 51, 11
39, 24, 40, 55, 27, 7, 34, 33, 50, 57, 53, 48, 37, 2, 56, 25, 15, 43, 45, 17, 18, 29, 14, 21, 35, 5, 30, 28, 31, 20, 16, 36, 47, 44, 58, 54, 1, 13, 42, 19, 23, 41, 3, 49, 6, 12, 38, 8, 10, 32, 46, 26, 9, 22, 4, 52, 51, 11
17, 45, 12, 38, 8, 10, 32, 46, 26, 9, 22, 4, 52, 7, 31, 28, 30, 43, 6, 19, 39, 24, 40, 55, 3, 49, 56, 2, 37, 48, 5, 16, 36, 47, 44, 58, 54, 1, 13, 35, 21, 14, 29, 18, 15, 23, 41, 42, 53, 57, 50, 33, 20, 25, 34, 27, 51, 11
39, 24, 40, 55, 27, 7, 34, 33, 50, 57, 53, 48, 37, 2, 56, 25, 15, 43, 45, 17, 13, 1, 54, 58, 44, 47, 36, 16, 5, 30, 28, 31, 20, 35, 21, 14, 29, 18, 42, 19, 23, 41, 6, 49, 3, 12, 38, 8, 10, 32, 46, 26, 9, 22, 4, 52, 51, 11
45, 17, 20, 31, 28, 30, 5, 16, 36, 47, 44, 58, 54, 1, 13, 35, 21, 14, 29, 18, 43, 15, 25, 56, 2, 37, 48, 53, 57, 50, 33, 34, 7, 27, 55, 40, 24, 39, 19, 23, 41, 42, 3, 49, 6, 12, 38, 8, 10, 32, 46, 26, 9, 22, 4, 52, 51, 11
30, 28, 31, 7, 52, 4, 22, 9, 26, 19, 6, 42, 24, 39, 36, 47, 44, 58, 54, 1, 13, 35, 21, 45, 17, 43, 55, 40, 10, 32, 5, 16, 46, 41, 23, 15, 18, 29, 14, 3, 49, 56, 2, 37, 48, 12, 38, 8, 53, 57, 50, 33, 20, 25, 34, 27, 51, 11
16, 36, 47, 44, 58, 54, 1, 13, 35, 21, 14, 29, 18, 17, 45, 42, 5, 30, 28, 31, 20, 43, 15, 25, 56, 2, 37, 48, 53, 57, 50, 33, 34, 7, 27, 55, 40, 24, 39, 19, 23, 41, 3, 49, 6, 12, 38, 8, 10, 32, 46, 26, 9, 22, 4, 52, 51, 11
21, 2, 40, 35, 39, 3, 32, 28, 49, 5, 42, 24, 16, 36, 50, 33, 34, 45, 41, 30, 17, 9, 26, 23, 14, 31, 52, 29, 10, 43, 37, 48, 53, 57, 56, 46, 47, 15, 20, 8, 55, 27, 25, 18, 19, 12, 38, 44, 58, 54, 6, 7, 4, 22, 1, 13, 51, 11
32, 10, 8, 35, 13, 1, 54, 58, 44, 47, 36, 16, 5, 30, 28, 31, 7, 52, 4, 22, 9, 26, 55, 42, 29, 14, 3, 49, 56, 2, 37, 48, 46, 41, 23, 21, 15, 18, 38, 12, 45, 17, 43, 6, 19, 39, 24, 40, 53, 57, 50, 33, 20, 25, 34, 27, 51, 11
40, 55, 25, 56, 2, 37, 48, 53, 57, 50, 33, 34, 7, 52, 4, 22, 9, 26, 46, 42, 6, 21, 35, 13, 1, 54, 58, 44, 47, 36, 16, 5, 30, 28, 31, 20, 15, 23, 41, 19, 24, 39, 3, 49, 14, 29, 18, 43, 17, 45, 12, 38, 8, 10, 32, 27, 51, 11
14, 29, 40, 24, 39, 19, 6, 43, 17, 45, 12, 38, 18, 15, 21, 3, 49, 56, 2, 37, 48, 23, 41, 46, 32, 10, 8, 35, 13, 1, 54, 58, 44, 47, 36, 16, 5, 30, 28, 31, 7, 52, 26, 9, 22, 4, 55, 42, 53, 57, 50, 33, 20, 25, 34, 27, 51, 11
42, 55, 22, 9, 26, 46, 21, 40, 24, 39, 19, 6, 25, 56, 2, 37, 48, 53, 57, 50, 33, 34, 7, 52, 4, 41, 23, 35, 13, 1, 54, 58, 44, 47, 36, 16, 5, 30, 28, 31, 20, 15, 3, 49, 14, 29, 18, 43, 17, 45, 12, 38, 8, 10, 32, 27, 51, 11
42, 55, 26, 9, 22, 4, 52, 7, 31, 28, 30, 5, 16, 36, 47, 44, 58, 54, 1, 13, 35, 18, 15, 23, 41, 46, 32, 10, 8, 38, 21, 14, 29, 40, 24, 39, 19, 6, 43, 17, 45, 12, 3, 49, 56, 2, 37, 48, 53, 57, 50, 33, 20, 25, 34, 27, 51, 11
18, 29, 14, 21, 35, 5, 30, 28, 31, 20, 16, 36, 47, 44, 58, 54, 1, 13, 17, 45, 43, 15, 25, 56, 2, 37, 48, 53, 57, 50, 33, 34, 7, 27, 55, 40, 24, 39, 19, 6, 49, 3, 42, 41, 23, 12, 38, 8, 10, 32, 46, 26, 9, 22, 4, 52, 51, 11
24, 18, 23, 15, 13, 1, 54, 58, 44, 47, 36, 16, 4, 19, 9, 26, 52, 7, 5, 35, 21, 14, 31, 30, 39, 3, 49, 56, 37, 2, 28, 41, 46, 32, 10, 40, 29, 48, 17, 45, 55, 43, 6, 42, 22, 12, 38, 8, 53, 57, 50, 33, 20, 25, 34, 27, 51, 11
21, 35, 13, 1, 54, 58, 44, 47, 36, 45, 12, 38, 8, 31, 46, 26, 9, 22, 4, 52, 7, 14, 29, 18, 15, 40, 55, 43, 17, 28, 30, 5, 41, 23, 16, 19, 6, 42, 24, 39, 3, 49, 56, 2, 37, 48, 32, 10, 53, 57, 50, 33, 20, 25, 34, 27, 51, 11
42, 18, 29, 14, 21, 35, 5, 30, 28, 31, 20, 16, 36, 47, 44, 58, 54, 1, 13, 17, 45, 43, 15, 25, 56, 2, 37, 48, 53, 57, 50, 33, 34, 7, 27, 55, 40, 24, 39, 19, 23, 41, 3, 49, 6, 12, 38, 8, 10, 32, 46, 26, 9, 22, 4, 52, 51, 11
24, 18, 23, 15, 13, 1, 54, 58, 44, 47, 36, 16, 4, 19, 9, 26, 52, 30, 31, 14, 21, 35, 5, 7, 39, 3, 49, 56, 2, 37, 28, 41, 46, 32, 10, 40, 29, 48, 17, 45, 55, 43, 6, 42, 22, 12, 38, 8, 53, 57, 50, 33, 20, 25, 34, 27, 51, 11
48, 37, 2, 56, 49, 3, 21, 14, 29, 40, 24, 39, 19, 6, 43, 17, 45, 12, 38, 8, 10, 32, 46, 41, 23, 15, 18, 35, 13, 1, 54, 58, 44, 47, 36, 16, 5, 30, 28, 31, 7, 52, 4, 22, 9, 26, 55, 42, 53, 57, 50, 33, 20, 25, 34, 27, 51, 11
21, 14, 29, 7, 52, 4, 22, 9, 26, 46, 31, 8, 38, 12, 45, 17, 43, 55, 40, 15, 18, 35, 13, 1, 54, 58, 44, 47, 36, 28, 30, 5, 41, 23, 16, 19, 6, 42, 24, 39, 3, 49, 56, 2, 37, 48, 32, 10, 53, 57, 50, 33, 20, 25, 34, 27, 51, 11
41, 23, 19, 39, 24, 40, 55, 27, 7, 34, 33, 50, 57, 53, 48, 37, 2, 56, 25, 15, 43, 45, 17, 20, 31, 28, 30, 5, 16, 36, 47, 44, 58, 54, 1, 13, 35, 21, 14, 29, 18, 42, 3, 49, 6, 12, 38, 8, 10, 32, 46, 26, 9, 22, 4, 52, 51, 11
28, 31, 7, 52, 4, 22, 9, 26, 46, 32, 10, 8, 38, 12, 45, 17, 43, 6, 19, 39, 24, 40, 3, 49, 56, 2, 37, 48, 30, 5, 16, 36, 47, 44, 58, 54, 1, 13, 35, 21, 14, 29, 18, 15, 23, 41, 55, 42, 53, 57, 50, 33, 20, 25, 34, 27, 51, 11
5, 49, 42, 20, 3, 32, 28, 52, 31, 10, 43, 37, 48, 53, 57, 56, 46, 47, 15, 29, 14, 23, 26, 9, 2, 21, 35, 17, 30, 41, 39, 8, 24, 16, 36, 50, 33, 34, 45, 27, 55, 40, 25, 18, 19, 12, 38, 44, 58, 54, 6, 7, 4, 22, 1, 13, 51, 11
48, 37, 2, 56, 49, 3, 42, 55, 26, 9, 22, 4, 52, 7, 31, 28, 30, 5, 16, 36, 47, 44, 58, 54, 1, 13, 35, 8, 10, 32, 46, 41, 23, 15, 18, 38, 12, 45, 17, 43, 6, 19, 39, 24, 40, 29, 14, 21, 53, 57, 50, 33, 20, 25, 34, 27, 51, 11
20, 40, 35, 39, 8, 32, 28, 49, 5, 42, 24, 16, 36, 50, 33, 34, 45, 41, 30, 17, 15, 47, 46, 56, 57, 53, 48, 37, 43, 21, 2, 9, 26, 23, 14, 31, 52, 29, 10, 3, 55, 27, 25, 18, 19, 12, 38, 44, 58, 54, 6, 7, 4, 22, 1, 13, 51, 11
32, 10, 40, 55, 43, 17, 45, 21, 35, 13, 1, 54, 58, 44, 47, 36, 39, 24, 42, 6, 19, 4, 22, 9, 26, 52, 7, 31, 28, 30, 5, 16, 46, 41, 23, 15, 18, 29, 14, 3, 49, 56, 2, 37, 48, 12, 38, 8, 53, 57, 50, 33, 20, 25, 34, 27, 51, 11
2, 21, 40, 35, 17, 30, 41, 45, 34, 33, 50, 36, 16, 24, 42, 5, 49, 28, 32, 8, 39, 9, 26, 23, 14, 31, 52, 29, 15, 47, 46, 56, 57, 53, 48, 37, 43, 10, 20, 3, 55, 27, 25, 18, 19, 12, 38, 44, 58, 54, 6, 7, 4, 22, 1, 13, 51, 11
21, 35, 13, 1, 54, 58, 44, 47, 36, 45, 12, 38, 8, 4, 52, 7, 31, 22, 9, 26, 46, 14, 29, 18, 15, 40, 55, 43, 17, 28, 30, 5, 41, 23, 16, 19, 6, 42, 24, 39, 3, 49, 56, 2, 37, 48, 32, 10, 53, 57, 50, 33, 20, 25, 34, 27, 51, 11
32, 10, 40, 55, 43, 17, 45, 21, 35, 13, 1, 54, 58, 44, 47, 36, 39, 24, 4, 19, 6, 42, 22, 16, 5, 30, 28, 31, 7, 52, 26, 9, 46, 41, 23, 15, 18, 29, 14, 3, 49, 56, 2, 37, 48, 12, 38, 8, 53, 57, 50, 33, 20, 25, 34, 27, 51, 11
21, 14, 31, 7, 52, 26, 9, 19, 4, 16, 36, 47, 44, 58, 54, 1, 13, 15, 23, 18, 24, 35, 5, 30, 39, 3, 49, 56, 37, 2, 28, 41, 46, 32, 10, 40, 29, 48, 17, 45, 55, 43, 6, 42, 22, 12, 38, 8, 53, 57, 50, 33, 20, 25, 34, 27, 51, 11
26, 23, 14, 31, 52, 29, 10, 40, 35, 17, 30, 41, 45, 34, 33, 50, 36, 16, 24, 42, 5, 49, 28, 32, 8, 39, 9, 21, 2, 43, 37, 48, 53, 57, 56, 46, 47, 15, 20, 3, 55, 27, 25, 18, 19, 12, 38, 44, 58, 54, 6, 7, 4, 22, 1, 13, 51, 11
41, 23, 52, 8, 28, 31, 6, 42, 18, 29, 14, 25, 19, 39, 24, 40, 55, 48, 37, 2, 56, 5, 15, 43, 20, 17, 45, 30, 21, 35, 13, 34, 7, 38, 1, 54, 58, 44, 47, 36, 16, 3, 49, 26, 46, 12, 32, 10, 53, 57, 50, 33, 4, 22, 9, 27, 51, 11
2, 21, 40, 35, 39, 3, 32, 28, 49, 5, 42, 24, 16, 36, 50, 33, 34, 45, 41, 30, 17, 9, 26, 23, 14, 31, 52, 29, 10, 43, 37, 48, 53, 57, 56, 46, 47, 15, 20, 8, 55, 27, 25, 18, 19, 12, 38, 44, 58, 54, 6, 7, 4, 22, 1, 13, 51, 11
15, 47, 46, 56, 57, 53, 48, 37, 43, 10, 20, 40, 55, 27, 42, 34, 33, 50, 36, 16, 24, 8, 39, 28, 32, 3, 45, 29, 52, 31, 49, 5, 14, 23, 26, 9, 2, 21, 35, 17, 30, 41, 25, 18, 19, 12, 38, 44, 58, 54, 6, 7, 4, 22, 1, 13, 51, 11
45, 17, 24, 43, 55, 19, 16, 36, 47, 44, 58, 54, 1, 31, 28, 40, 10, 32, 46, 26, 9, 22, 4, 52, 7, 48, 37, 2, 56, 49, 3, 39, 13, 35, 42, 6, 21, 14, 29, 18, 15, 23, 41, 5, 30, 12, 38, 8, 53, 57, 50, 33, 20, 25, 34, 27, 51, 11
23, 15, 43, 18, 29, 14, 21, 35, 13, 1, 54, 58, 44, 47, 36, 16, 5, 30, 28, 31, 20, 17, 45, 41, 42, 3, 49, 6, 19, 39, 24, 40, 55, 27, 7, 34, 33, 50, 57, 53, 48, 37, 2, 56, 25, 12, 38, 8, 10, 32, 46, 26, 9, 22, 4, 52, 51, 11
21, 49, 6, 46, 12, 45, 36, 5, 26, 9, 19, 24, 14, 22, 32, 29, 52, 30, 50, 55, 4, 35, 13, 42, 41, 34, 39, 3, 7, 27, 17, 23, 28, 20, 15, 18, 33, 1, 54, 58, 44, 47, 56, 43, 37, 48, 53, 57, 25, 31, 10, 8, 38, 16, 2, 40, 51, 11
45, 17, 24, 43, 55, 19, 16, 36, 47, 44, 58, 54, 1, 31, 28, 30, 5, 41, 23, 15, 18, 29, 14, 21, 6, 42, 35, 13, 39, 3, 49, 56, 2, 37, 48, 7, 52, 4, 22, 9, 26, 46, 32, 10, 40, 12, 38, 8, 53, 57, 50, 33, 20, 25, 34, 27, 51, 11
4, 22, 9, 26, 52, 7, 48, 37, 2, 56, 49, 3, 39, 31, 28, 30, 5, 16, 36, 47, 44, 58, 54, 1, 13, 35, 46, 32, 10, 40, 55, 43, 24, 17, 45, 21, 14, 29, 18, 15, 23, 41, 19, 6, 42, 12, 38, 8, 53, 57, 50, 33, 20, 25, 34, 27, 51, 11
9, 22, 4, 41, 5, 30, 46, 32, 10, 26, 40, 28, 31, 1, 54, 58, 44, 47, 36, 16, 19, 55, 43, 24, 17, 45, 52, 7, 48, 37, 2, 56, 49, 3, 39, 13, 35, 42, 6, 21, 14, 29, 18, 15, 23, 12, 38, 8, 53, 57, 50, 33, 20, 25, 34, 27, 51, 11
23, 15, 20, 31, 28, 30, 5, 42, 55, 22, 9, 26, 46, 21, 35, 13, 1, 54, 58, 44, 47, 36, 16, 41, 4, 52, 7, 34, 33, 50, 57, 53, 48, 37, 2, 56, 25, 6, 19, 39, 24, 40, 3, 49, 14, 29, 18, 43, 17, 45, 12, 38, 8, 10, 32, 27, 51, 11
10, 43, 37, 48, 53, 57, 56, 46, 47, 15, 20, 40, 55, 27, 42, 34, 33, 50, 36, 16, 24, 8, 39, 28, 32, 5, 49, 29, 52, 31, 45, 3, 14, 23, 26, 9, 2, 21, 35, 17, 30, 41, 25, 18, 19, 12, 38, 44, 58, 54, 6, 7, 4, 22, 1, 13, 51, 11
10, 5, 49, 31, 52, 28, 32, 3, 20, 42, 43, 37, 48, 53, 57, 56, 46, 47, 15, 29, 14, 23, 26, 9, 2, 21, 35, 17, 30, 41, 39, 8, 24, 16, 36, 50, 33, 34, 45, 27, 55, 40, 25, 18, 19, 12, 38, 44, 58, 54, 6, 7, 4, 22, 1, 13, 51, 11
21, 2, 40, 35, 39, 28, 32, 3, 49, 5, 42, 24, 16, 36, 50, 33, 34, 45, 41, 30, 17, 9, 26, 23, 14, 31, 52, 29, 15, 47, 46, 56, 57, 53, 48, 37, 43, 10, 20, 8, 55, 27, 25, 18, 19, 12, 38, 44, 58, 54, 6, 7, 4, 22, 1, 13, 51, 11
39, 3, 49, 56, 2, 37, 48, 7, 52, 4, 22, 9, 26, 46, 32, 10, 40, 15, 18, 29, 42, 6, 19, 45, 17, 24, 43, 55, 14, 21, 35, 13, 1, 54, 58, 44, 47, 36, 16, 31, 28, 30, 5, 41, 23, 12, 38, 8, 53, 57, 50, 33, 20, 25, 34, 27, 51, 11
23, 26, 9, 2, 21, 35, 42, 20, 40, 55, 27, 45, 34, 33, 50, 36, 16, 24, 8, 39, 41, 30, 17, 14, 29, 10, 43, 37, 48, 53, 57, 56, 46, 47, 15, 3, 49, 28, 32, 31, 52, 5, 25, 18, 19, 12, 38, 44, 58, 54, 6, 7, 4, 22, 1, 13, 51, 11
39, 24, 40, 55, 27, 7, 34, 33, 50, 57, 53, 48, 37, 2, 56, 25, 15, 43, 45, 17, 13, 1, 54, 58, 44, 47, 36, 16, 20, 31, 28, 30, 5, 35, 21, 14, 29, 18, 42, 19, 23, 41, 6, 49, 3, 12, 38, 8, 10, 32, 46, 26, 9, 22, 4, 52, 51, 11
30, 5, 41, 23, 15, 18, 29, 14, 21, 6, 42, 35, 13, 39, 3, 49, 56, 2, 37, 48, 7, 52, 4, 22, 9, 26, 46, 32, 10, 40, 28, 31, 1, 54, 58, 44, 47, 36, 16, 19, 55, 43, 24, 17, 45, 12, 38, 8, 53, 57, 50, 33, 20, 25, 34, 27, 51, 11
16, 36, 47, 44, 58, 54, 1, 13, 35, 21, 14, 29, 18, 43, 15, 23, 5, 30, 28, 31, 20, 17, 45, 41, 42, 3, 49, 6, 19, 39, 24, 40, 55, 27, 7, 34, 33, 50, 57, 53, 48, 37, 2, 56, 25, 12, 38, 8, 10, 32, 46, 26, 9, 22, 4, 52, 51, 11
42, 13, 1, 54, 58, 44, 47, 36, 16, 20, 31, 28, 41, 23, 19, 39, 24, 40, 55, 27, 7, 34, 33, 50, 57, 53, 48, 37, 2, 56, 25, 15, 43, 45, 17, 18, 29, 14, 21, 35, 5, 30, 6, 49, 3, 12, 38, 8, 10, 32, 46, 26, 9, 22, 4, 52, 51, 11
15, 47, 46, 56, 57, 53, 48, 37, 43, 10, 20, 40, 55, 27, 42, 34, 33, 50, 36, 16, 24, 8, 39, 28, 32, 29, 45, 3, 52, 31, 49, 5, 14, 23, 26, 9, 2, 21, 35, 17, 30, 41, 25, 18, 19, 12, 38, 44, 58, 54, 6, 7, 4, 22, 1, 13, 51, 11
2, 37, 56, 49, 3, 42, 41, 23, 15, 18, 29, 14, 21, 35, 13, 1, 54, 58, 44, 47, 36, 16, 5, 30, 28, 31, 7, 52, 4, 22, 9, 26, 46, 32, 10, 8, 38, 48, 12, 45, 17, 43, 6, 19, 39, 24, 40, 55, 53, 57, 50, 33, 20, 25, 34, 27, 51, 11
23, 15, 43, 45, 17, 13, 1, 54, 58, 44, 47, 36, 16, 20, 31, 28, 30, 5, 35, 21, 14, 29, 18, 41, 42, 3, 49, 6, 19, 39, 24, 40, 55, 27, 7, 34, 33, 50, 57, 53, 48, 37, 2, 56, 25, 12, 38, 8, 10, 32, 46, 26, 9, 22, 4, 52, 51, 11
42, 41, 23, 19, 39, 24, 40, 55, 27, 7, 34, 33, 50, 57, 53, 48, 37, 2, 56, 25, 15, 43, 45, 17, 20, 31, 28, 30, 5, 16, 36, 47, 44, 58, 54, 1, 13, 35, 21, 14, 29, 18, 3, 49, 6, 12, 38, 8, 10, 32, 46, 26, 9, 22, 4, 52, 51, 11
9, 26, 52, 7, 31, 28, 30, 5, 16, 22, 42, 6, 19, 4, 24, 39, 36, 47, 44, 58, 54, 1, 13, 35, 21, 14, 29, 18, 15, 23, 41, 46, 32, 10, 40, 55, 43, 17, 45, 3, 49, 56, 2, 37, 48, 12, 38, 8, 53, 57, 50, 33, 20, 25, 34, 27, 51, 11
7, 27, 55, 40, 24, 39, 19, 34, 33, 50, 57, 53, 48, 37, 2, 56, 25, 18, 29, 6, 49, 3, 42, 41, 23, 15, 43, 17, 45, 14, 21, 35, 13, 1, 54, 58, 44, 47, 36, 16, 5, 30, 28, 31, 20, 12, 38, 8, 10, 32, 46, 26, 9, 22, 4, 52, 51, 11
21, 49, 6, 46, 12, 45, 36, 5, 26, 4, 52, 29, 32, 22, 14, 24, 19, 9, 55, 50, 30, 35, 13, 42, 41, 34, 39, 27, 7, 3, 17, 23, 28, 20, 15, 18, 33, 1, 54, 58, 44, 47, 56, 43, 37, 48, 53, 57, 25, 31, 10, 8, 38, 16, 2, 40, 51, 11
43, 17, 45, 12, 38, 8, 10, 32, 46, 26, 9, 22, 4, 52, 7, 31, 28, 30, 5, 16, 36, 47, 44, 58, 54, 1, 13, 35, 21, 48, 37, 2, 56, 49, 3, 42, 55, 41, 23, 15, 18, 29, 14, 6, 19, 39, 24, 40, 53, 57, 50, 33, 20, 25, 34, 27, 51, 11
26, 23, 14, 31, 52, 29, 10, 40, 35, 17, 30, 41, 45, 34, 33, 50, 36, 16, 24, 42, 5, 49, 28, 32, 3, 39, 9, 21, 2, 43, 37, 48, 53, 57, 56, 46, 47, 15, 20, 8, 55, 27, 25, 18, 19, 12, 38, 44, 58, 54, 6, 7, 4, 22, 1, 13, 51, 11
2, 21, 40, 35, 39, 3, 32, 28, 49, 5, 42, 24, 16, 36, 50, 33, 34, 45, 41, 30, 17, 9, 26, 23, 14, 31, 52, 29, 15, 47, 46, 56, 57, 53, 48, 37, 43, 10, 20, 8, 55, 27, 25, 18, 19, 12, 38, 44, 58, 54, 6, 7, 4, 22, 1, 13, 51, 11
3, 20, 42, 32, 28, 52, 31, 49, 5, 10, 43, 37, 48, 53, 57, 56, 46, 47, 15, 29, 14, 23, 26, 9, 2, 21, 35, 17, 30, 41, 39, 8, 24, 16, 36, 50, 33, 34, 45, 27, 55, 40, 25, 18, 19, 12, 38, 44, 58, 54, 6, 7, 4, 22, 1, 13, 51, 11
20, 40, 35, 39, 8, 32, 28, 49, 5, 42, 24, 16, 36, 50, 33, 34, 45, 41, 30, 17, 15, 47, 46, 56, 57, 53, 48, 37, 43, 2, 21, 9, 26, 23, 14, 31, 52, 29, 10, 3, 55, 27, 25, 18, 19, 12, 38, 44, 58, 54, 6, 7, 4, 22, 1, 13, 51, 11
24, 43, 55, 19, 16, 36, 47, 44, 58, 54, 1, 31, 28, 40, 26, 5, 30, 46, 32, 10, 41, 4, 22, 9, 17, 45, 52, 7, 48, 37, 2, 56, 49, 3, 39, 13, 35, 42, 6, 21, 14, 29, 18, 15, 23, 12, 38, 8, 53, 57, 50, 33, 20, 25, 34, 27, 51, 11
20, 40, 35, 39, 8, 32, 28, 49, 5, 42, 24, 16, 36, 50, 33, 34, 45, 41, 30, 17, 15, 47, 46, 56, 57, 53, 48, 37, 43, 10, 29, 52, 31, 14, 23, 26, 9, 21, 2, 3, 55, 27, 25, 18, 19, 12, 38, 44, 58, 54, 6, 7, 4, 22, 1, 13, 51, 11
32, 10, 40, 55, 43, 17, 45, 21, 35, 13, 1, 54, 58, 44, 47, 36, 39, 24, 4, 19, 6, 42, 22, 9, 26, 52, 7, 31, 28, 30, 5, 16, 46, 41, 23, 15, 18, 29, 14, 3, 49, 56, 2, 37, 48, 12, 38, 8, 53, 57, 50, 33, 20, 25, 34, 27, 51, 11
31, 20, 35, 21, 14, 29, 18, 17, 45, 43, 15, 25, 56, 2, 37, 48, 53, 57, 50, 33, 34, 7, 27, 55, 40, 24, 39, 19, 23, 41, 42, 28, 30, 5, 16, 36, 47, 44, 58, 54, 1, 13, 3, 49, 6, 12, 38, 8, 10, 32, 46, 26, 9, 22, 4, 52, 51, 11
2, 21, 40, 35, 17, 30, 41, 45, 34, 33, 50, 36, 16, 24, 42, 3, 49, 5, 32, 28, 39, 9, 26, 23, 14, 31, 52, 29, 10, 43, 37, 48, 53, 57, 56, 46, 47, 15, 20, 8, 55, 27, 25, 18, 19, 12, 38, 44, 58, 54, 6, 7, 4, 22, 1, 13, 51, 11
26, 23, 14, 31, 52, 29, 10, 40, 35, 39, 3, 32, 28, 49, 5, 42, 24, 16, 36, 50, 33, 34, 45, 41, 30, 17, 9, 21, 2, 43, 37, 48, 53, 57, 56, 46, 47, 15, 20, 8, 55, 27, 25, 18, 19, 12, 38, 44, 58, 54, 6, 7, 4, 22, 1, 13, 51, 11
14, 21, 35, 13, 1, 54, 58, 44, 47, 36, 16, 5, 30, 28, 29, 18, 15, 23, 41, 46, 32, 10, 8, 38, 12, 45, 17, 43, 31, 7, 52, 4, 22, 9, 26, 55, 42, 3, 49, 56, 2, 37, 48, 6, 19, 39, 24, 40, 53, 57, 50, 33, 20, 25, 34, 27, 51, 11
19, 39, 24, 40, 55, 42, 21, 14, 29, 18, 15, 23, 41, 3, 49, 56, 2, 37, 48, 6, 43, 17, 45, 12, 38, 8, 10, 32, 46, 26, 9, 22, 4, 52, 7, 31, 28, 30, 5, 16, 36, 47, 44, 58, 54, 1, 13, 35, 53, 57, 50, 33, 20, 25, 34, 27, 51, 11
39, 24, 40, 55, 27, 7, 34, 33, 50, 57, 53, 48, 37, 2, 56, 25, 15, 43, 20, 31, 28, 30, 5, 42, 45, 17, 18, 29, 14, 21, 35, 13, 1, 54, 58, 44, 47, 36, 16, 19, 23, 41, 3, 49, 6, 12, 38, 8, 10, 32, 46, 26, 9, 22, 4, 52, 51, 11
21, 35, 5, 7, 52, 26, 9, 19, 4, 16, 36, 47, 44, 58, 54, 1, 13, 15, 23, 18, 24, 14, 31, 30, 39, 3, 49, 56, 37, 2, 28, 41, 46, 32, 10, 40, 29, 48, 17, 45, 55, 43, 6, 42, 22, 12, 38, 8, 53, 57, 50, 33, 20, 25, 34, 27, 51, 11
20, 40, 35, 39, 8, 32, 28, 49, 5, 42, 24, 16, 36, 50, 33, 34, 45, 41, 30, 17, 10, 43, 37, 48, 53, 57, 56, 46, 47, 15, 29, 52, 31, 14, 23, 26, 9, 21, 2, 3, 55, 27, 25, 18, 19, 12, 38, 44, 58, 54, 6, 7, 4, 22, 1, 13, 51, 11
39, 24, 40, 55, 27, 7, 34, 33, 50, 57, 53, 48, 37, 2, 56, 25, 15, 43, 45, 17, 20, 31, 28, 30, 5, 16, 36, 47, 44, 58, 54, 1, 13, 35, 21, 14, 29, 18, 42, 19, 23, 41, 6, 49, 3, 12, 38, 8, 10, 32, 46, 26, 9, 22, 4, 52, 51, 11
23, 41, 5, 30, 46, 32, 10, 40, 28, 31, 1, 54, 58, 44, 47, 36, 16, 19, 55, 43, 24, 17, 45, 15, 18, 29, 14, 21, 6, 42, 35, 13, 39, 3, 49, 56, 2, 37, 48, 7, 52, 4, 22, 9, 26, 12, 38, 8, 53, 57, 50, 33, 20, 25, 34, 27, 51, 11
3, 49, 5, 20, 42, 32, 28, 52, 31, 10, 43, 37, 48, 53, 57, 56, 46, 47, 15, 29, 14, 23, 26, 9, 2, 21, 35, 17, 30, 41, 39, 8, 24, 16, 36, 50, 33, 34, 45, 27, 55, 40, 25, 18, 19, 12, 38, 44, 58, 54, 6, 7, 4, 22, 1, 13, 51, 11
21, 49, 6, 46, 12, 45, 36, 5, 26, 4, 52, 29, 32, 22, 14, 24, 19, 9, 55, 50, 30, 35, 13, 42, 41, 34, 39, 27, 7, 3, 17, 23, 28, 20, 15, 18, 33, 1, 54, 58, 44, 47, 56, 43, 37, 48, 53, 57, 25, 31, 10, 8, 38, 2, 16, 40, 51, 11
17, 30, 41, 45, 34, 33, 50, 36, 16, 24, 42, 5, 49, 28, 32, 8, 39, 35, 40, 2, 21, 9, 26, 23, 14, 31, 52, 29, 15, 47, 46, 56, 57, 53, 48, 37, 43, 10, 20, 3, 55, 27, 25, 18, 19, 12, 38, 44, 58, 54, 6, 7, 4, 22, 1, 13, 51, 11
42, 41, 23, 19, 39, 24, 40, 55, 27, 7, 34, 33, 50, 57, 53, 48, 37, 2, 56, 25, 15, 43, 18, 29, 14, 21, 35, 13, 1, 54, 58, 44, 47, 36, 16, 5, 30, 28, 31, 20, 17, 45, 6, 49, 3, 12, 38, 8, 10, 32, 46, 26, 9, 22, 4, 52, 51, 11
17, 30, 41, 45, 34, 33, 50, 36, 16, 24, 42, 5, 49, 28, 32, 8, 39, 35, 40, 2, 21, 9, 26, 23, 14, 31, 52, 29, 10, 43, 37, 48, 53, 57, 56, 46, 47, 15, 20, 3, 55, 27, 25, 18, 19, 12, 38, 44, 58, 54, 6, 7, 4, 22, 1, 13, 51, 11
45, 17, 43, 15, 23, 41, 42, 3, 49, 6, 19, 39, 24, 40, 55, 27, 7, 34, 33, 50, 57, 53, 48, 37, 2, 20, 31, 28, 30, 5, 16, 36, 47, 44, 58, 54, 1, 13, 35, 21, 14, 29, 18, 25, 56, 12, 38, 8, 10, 32, 46, 26, 9, 22, 4, 52, 51, 11
48, 37, 2, 56, 49, 3, 21, 14, 29, 40, 24, 39, 19, 6, 43, 17, 45, 12, 38, 18, 15, 23, 41, 46, 32, 10, 8, 35, 13, 1, 54, 58, 44, 47, 36, 16, 5, 30, 28, 31, 7, 52, 4, 22, 9, 26, 55, 42, 53, 57, 50, 33, 20, 25, 34, 27, 51, 11
15, 18, 38, 21, 14, 29, 40, 24, 39, 19, 6, 43, 17, 45, 12, 3, 49, 56, 2, 37, 48, 23, 41, 46, 32, 10, 8, 35, 13, 1, 54, 58, 44, 47, 36, 16, 5, 30, 28, 31, 7, 52, 26, 9, 22, 4, 55, 42, 53, 57, 50, 33, 20, 25, 34, 27, 51, 11
10, 43, 37, 48, 53, 57, 56, 46, 47, 15, 31, 52, 28, 32, 3, 29, 14, 23, 26, 42, 20, 41, 30, 17, 35, 21, 9, 2, 49, 5, 39, 8, 24, 16, 36, 50, 33, 34, 45, 27, 55, 40, 25, 18, 19, 12, 38, 44, 58, 54, 6, 7, 4, 22, 1, 13, 51, 11
14, 29, 18, 15, 23, 41, 19, 6, 42, 55, 43, 24, 17, 45, 21, 35, 13, 1, 54, 58, 44, 47, 36, 16, 5, 30, 28, 31, 39, 3, 49, 56, 2, 37, 48, 7, 52, 4, 22, 9, 26, 46, 32, 10, 40, 12, 38, 8, 53, 57, 50, 33, 20, 25, 34, 27, 51, 11
30, 28, 31, 7, 52, 26, 9, 22, 4, 19, 6, 42, 24, 39, 36, 47, 44, 58, 54, 1, 13, 35, 21, 45, 17, 43, 55, 40, 10, 32, 5, 16, 46, 41, 23, 15, 18, 29, 14, 3, 49, 56, 2, 37, 48, 12, 38, 8, 53, 57, 50, 33, 20, 25, 34, 27, 51, 11
39, 24, 40, 55, 27, 7, 34, 33, 50, 57, 53, 48, 37, 2, 56, 25, 15, 43, 45, 17, 18, 29, 14, 21, 35, 20, 31, 28, 30, 5, 16, 36, 47, 44, 58, 54, 1, 13, 42, 19, 23, 41, 3, 49, 6, 12, 38, 8, 10, 32, 46, 26, 9, 22, 4, 52, 51, 11
26, 23, 14, 31, 52, 29, 10, 40, 35, 39, 5, 49, 28, 32, 3, 42, 24, 16, 36, 50, 33, 34, 45, 41, 30, 17, 9, 21, 2, 43, 37, 48, 53, 57, 56, 46, 47, 15, 20, 8, 55, 27, 25, 18, 19, 12, 38, 44, 58, 54, 6, 7, 4, 22, 1, 13, 51, 11
21, 49, 6, 46, 12, 45, 36, 5, 26, 9, 19, 24, 14, 22, 32, 29, 52, 4, 55, 50, 30, 35, 13, 42, 41, 34, 39, 27, 7, 3, 17, 23, 28, 20, 15, 18, 33, 1, 54, 58, 44, 47, 56, 43, 37, 48, 53, 57, 25, 31, 10, 8, 38, 16, 2, 40, 51, 11
48, 37, 2, 56, 49, 3, 8, 10, 32, 46, 41, 23, 15, 18, 38, 12, 45, 17, 43, 6, 19, 39, 24, 40, 29, 14, 21, 35, 13, 1, 54, 58, 44, 47, 36, 16, 5, 30, 28, 31, 7, 52, 4, 22, 9, 26, 55, 42, 53, 57, 50, 33, 20, 25, 34, 27, 51, 11
42, 18, 29, 14, 21, 35, 5, 30, 28, 31, 20, 16, 36, 47, 44, 58, 54, 1, 13, 17, 45, 43, 15, 25, 56, 2, 37, 48, 53, 57, 50, 33, 34, 7, 27, 55, 40, 24, 39, 19, 23, 41, 6, 49, 3, 12, 38, 8, 10, 32, 46, 26, 9, 22, 4, 52, 51, 11
39, 24, 40, 55, 27, 7, 34, 33, 50, 57, 53, 48, 37, 2, 56, 25, 15, 43, 45, 17, 18, 29, 14, 21, 35, 20, 31, 28, 30, 5, 16, 36, 47, 44, 58, 54, 1, 13, 42, 19, 23, 41, 6, 49, 3, 12, 38, 8, 10, 32, 46, 26, 9, 22, 4, 52, 51, 11
20, 40, 35, 39, 28, 32, 5, 49, 3, 42, 24, 16, 36, 50, 33, 34, 45, 41, 30, 17, 10, 43, 37, 48, 53, 57, 56, 46, 47, 15, 29, 52, 31, 14, 23, 26, 9, 21, 2, 8, 55, 27, 25, 18, 19, 12, 38, 44, 58, 54, 6, 7, 4, 22, 1, 13, 51, 11
4, 22, 9, 26, 52, 7, 48, 37, 2, 56, 49, 3, 39, 13, 35, 42, 6, 21, 14, 29, 18, 15, 23, 41, 5, 30, 46, 32, 10, 40, 28, 31, 1, 54, 58, 44, 47, 36, 16, 19, 55, 43, 24, 17, 45, 12, 38, 8, 53, 57, 50, 33, 20, 25, 34, 27, 51, 11
10, 31, 52, 28, 32, 3, 20, 42, 49, 5, 43, 37, 48, 53, 57, 56, 46, 47, 15, 29, 14, 23, 26, 9, 2, 21, 35, 17, 30, 41, 39, 8, 24, 16, 36, 50, 33, 34, 45, 27, 55, 40, 25, 18, 19, 12, 38, 44, 58, 54, 6, 7, 4, 22, 1, 13, 51, 11
2, 21, 40, 35, 17, 30, 41, 45, 34, 33, 50, 36, 16, 24, 42, 3, 49, 5, 32, 28, 39, 9, 26, 23, 14, 31, 52, 29, 15, 47, 46, 56, 57, 53, 48, 37, 43, 10, 20, 8, 55, 27, 25, 18, 19, 12, 38, 44, 58, 54, 6, 7, 4, 22, 1, 13, 51, 11
26, 23, 14, 31, 52, 29, 10, 40, 35, 39, 28, 32, 5, 49, 3, 42, 24, 16, 36, 50, 33, 34, 45, 41, 30, 17, 9, 21, 2, 43, 37, 48, 53, 57, 56, 46, 47, 15, 20, 8, 55, 27, 25, 18, 19, 12, 38, 44, 58, 54, 6, 7, 4, 22, 1, 13, 51, 11
3, 39, 31, 49, 56, 2, 37, 48, 7, 52, 4, 22, 9, 26, 46, 32, 10, 40, 15, 18, 29, 14, 21, 35, 13, 1, 54, 58, 44, 47, 36, 28, 30, 5, 41, 23, 16, 19, 6, 42, 55, 43, 24, 17, 45, 12, 38, 8, 53, 57, 50, 33, 20, 25, 34, 27, 51, 11
39, 24, 40, 55, 27, 7, 34, 33, 50, 57, 53, 48, 37, 2, 56, 25, 15, 43, 45, 17, 13, 1, 54, 58, 44, 47, 36, 16, 5, 30, 28, 31, 20, 35, 21, 14, 29, 18, 42, 19, 23, 41, 3, 49, 6, 12, 38, 8, 10, 32, 46, 26, 9, 22, 4, 52, 51, 11
28, 31, 20, 15, 23, 41, 19, 6, 42, 46, 26, 9, 22, 4, 52, 7, 34, 33, 50, 57, 53, 48, 37, 2, 56, 25, 55, 40, 30, 5, 16, 36, 47, 44, 58, 54, 1, 13, 35, 21, 24, 39, 3, 49, 14, 29, 18, 43, 17, 45, 12, 38, 8, 10, 32, 27, 51, 11
21, 2, 40, 35, 39, 8, 32, 28, 49, 5, 42, 24, 16, 36, 50, 33, 34, 45, 41, 30, 17, 9, 26, 23, 14, 31, 52, 29, 10, 43, 37, 48, 53, 57, 56, 46, 47, 15, 20, 3, 55, 27, 25, 18, 19, 12, 38, 44, 58, 54, 6, 7, 4, 22, 1, 13, 51, 11
36, 16, 5, 30, 28, 42, 41, 23, 19, 39, 24, 40, 55, 27, 7, 34, 33, 50, 57, 53, 48, 37, 2, 56, 25, 15, 43, 45, 17, 18, 29, 14, 21, 35, 20, 31, 47, 44, 58, 54, 1, 13, 3, 49, 6, 12, 38, 8, 10, 32, 46, 26, 9, 22, 4, 52, 51, 11
23, 26, 9, 2, 21, 35, 42, 20, 40, 55, 27, 45, 34, 33, 50, 36, 16, 24, 8, 39, 41, 30, 17, 14, 29, 15, 47, 46, 56, 57, 53, 48, 37, 43, 10, 3, 49, 28, 32, 31, 52, 5, 25, 18, 19, 12, 38, 44, 58, 54, 6, 7, 4, 22, 1, 13, 51, 11
5, 25, 34, 6, 19, 30, 28, 31, 20, 16, 36, 47, 44, 58, 54, 1, 13, 35, 21, 39, 24, 14, 29, 18, 40, 55, 56, 2, 37, 48, 53, 57, 50, 33, 7, 52, 4, 22, 9, 26, 46, 32, 10, 8, 38, 12, 45, 17, 43, 15, 23, 41, 42, 3, 49, 27, 51, 11
42, 55, 26, 9, 22, 4, 52, 7, 31, 28, 30, 5, 16, 36, 47, 44, 58, 54, 1, 13, 35, 8, 10, 32, 46, 41, 23, 21, 14, 29, 40, 24, 39, 19, 6, 43, 17, 45, 12, 38, 18, 15, 3, 49, 56, 2, 37, 48, 53, 57, 50, 33, 20, 25, 34, 27, 51, 11
48, 37, 2, 56, 49, 3, 12, 45, 17, 43, 6, 19, 39, 24, 40, 29, 14, 21, 38, 8, 10, 32, 46, 41, 23, 15, 18, 35, 13, 1, 54, 58, 44, 47, 36, 16, 5, 30, 28, 31, 7, 52, 4, 22, 9, 26, 55, 42, 53, 57, 50, 33, 20, 25, 34, 27, 51, 11
21, 2, 40, 35, 17, 30, 41, 45, 34, 33, 50, 36, 16, 24, 42, 3, 49, 5, 32, 28, 39, 9, 26, 23, 14, 31, 52, 29, 15, 47, 46, 56, 57, 53, 48, 37, 43, 10, 20, 8, 55, 27, 25, 18, 19, 12, 38, 44, 58, 54, 6, 7, 4, 22, 1, 13, 51, 11
19, 6, 34, 25, 13, 1, 54, 58, 44, 47, 36, 16, 20, 31, 28, 30, 5, 35, 21, 39, 24, 14, 29, 18, 40, 55, 56, 2, 37, 48, 53, 57, 50, 33, 7, 52, 4, 22, 9, 26, 46, 32, 10, 8, 38, 12, 45, 17, 43, 15, 23, 41, 42, 3, 49, 27, 51, 11
31, 20, 16, 36, 47, 44, 58, 54, 1, 13, 35, 21, 14, 29, 18, 17, 45, 19, 39, 24, 40, 55, 27, 7, 34, 33, 50, 57, 53, 48, 37, 23, 41, 42, 6, 49, 3, 2, 56, 25, 15, 43, 5, 30, 28, 12, 38, 8, 10, 32, 46, 26, 9, 22, 4, 52, 51, 11
8, 24, 16, 36, 50, 33, 34, 15, 39, 28, 32, 29, 45, 3, 42, 47, 46, 56, 57, 53, 48, 37, 43, 10, 20, 40, 55, 27, 52, 31, 49, 5, 14, 23, 26, 9, 2, 21, 35, 17, 30, 41, 25, 18, 19, 12, 38, 44, 58, 54, 6, 7, 4, 22, 1, 13, 51, 11
8, 39, 28, 32, 29, 45, 3, 42, 24, 16, 36, 50, 33, 34, 15, 47, 46, 56, 57, 53, 48, 37, 43, 10, 20, 40, 55, 27, 52, 31, 49, 5, 14, 23, 26, 9, 2, 21, 35, 17, 30, 41, 25, 18, 19, 12, 38, 44, 58, 54, 6, 7, 4, 22, 1, 13, 51, 11
42, 45, 17, 18, 29, 14, 21, 41, 23, 19, 39, 24, 40, 55, 27, 7, 34, 33, 50, 57, 53, 48, 37, 2, 56, 25, 15, 43, 20, 31, 28, 30, 5, 16, 36, 47, 44, 58, 54, 1, 13, 35, 3, 49, 6, 12, 38, 8, 10, 32, 46, 26, 9, 22, 4, 52, 51, 11
24, 43, 55, 19, 16, 36, 47, 44, 58, 54, 1, 31, 28, 40, 26, 10, 32, 46, 30, 9, 22, 4, 41, 5, 17, 45, 52, 7, 48, 37, 2, 56, 49, 3, 39, 13, 35, 42, 6, 21, 14, 29, 18, 15, 23, 12, 38, 8, 53, 57, 50, 33, 20, 25, 34, 27, 51, 11
45, 17, 56, 25, 18, 29, 14, 21, 35, 13, 1, 54, 58, 44, 47, 36, 16, 5, 30, 28, 31, 20, 2, 37, 48, 53, 57, 50, 33, 34, 7, 27, 55, 40, 24, 39, 19, 6, 49, 3, 42, 41, 23, 15, 43, 12, 38, 8, 10, 32, 46, 26, 9, 22, 4, 52, 51, 11
7, 5, 35, 21, 14, 31, 30, 52, 26, 9, 19, 4, 16, 36, 47, 44, 58, 54, 1, 13, 15, 23, 18, 24, 39, 3, 49, 56, 37, 2, 28, 41, 46, 32, 10, 40, 29, 48, 17, 45, 55, 43, 6, 42, 22, 12, 38, 8, 53, 57, 50, 33, 20, 25, 34, 27, 51, 11
2, 21, 40, 35, 17, 30, 41, 45, 34, 33, 50, 36, 16, 24, 42, 5, 49, 28, 32, 3, 39, 9, 26, 23, 14, 31, 52, 29, 10, 43, 37, 48, 53, 57, 56, 46, 47, 15, 20, 8, 55, 27, 25, 18, 19, 12, 38, 44, 58, 54, 6, 7, 4, 22, 1, 13, 51, 11
21, 35, 5, 7, 52, 26, 9, 19, 4, 16, 36, 47, 44, 58, 54, 1, 13, 15, 23, 18, 24, 14, 31, 30, 39, 3, 49, 56, 2, 37, 28, 41, 46, 32, 10, 40, 29, 48, 17, 45, 55, 43, 6, 42, 22, 12, 38, 8, 53, 57, 50, 33, 20, 25, 34, 27, 51, 11
15, 18, 38, 12, 45, 17, 43, 6, 19, 39, 24, 40, 29, 14, 21, 23, 41, 46, 32, 10, 8, 35, 13, 1, 54, 58, 44, 47, 36, 16, 5, 30, 28, 31, 7, 52, 4, 22, 9, 26, 55, 42, 3, 49, 56, 2, 37, 48, 53, 57, 50, 33, 20, 25, 34, 27, 51, 11
28, 31, 39, 3, 49, 56, 2, 37, 48, 7, 52, 4, 22, 9, 26, 46, 32, 10, 40, 16, 19, 6, 42, 55, 43, 24, 17, 45, 30, 5, 41, 23, 15, 18, 29, 14, 21, 35, 13, 1, 54, 58, 44, 47, 36, 12, 38, 8, 53, 57, 50, 33, 20, 25, 34, 27, 51, 11
2, 21, 40, 35, 17, 30, 41, 45, 34, 33, 50, 36, 16, 24, 42, 5, 49, 28, 32, 3, 39, 9, 26, 23, 14, 31, 52, 29, 15, 47, 46, 56, 57, 53, 48, 37, 43, 10, 20, 8, 55, 27, 25, 18, 19, 12, 38, 44, 58, 54, 6, 7, 4, 22, 1, 13, 51, 11
21, 49, 6, 46, 12, 45, 36, 5, 26, 4, 52, 29, 32, 22, 14, 24, 19, 9, 55, 50, 30, 35, 13, 42, 41, 34, 39, 3, 7, 27, 17, 23, 28, 20, 15, 18, 33, 1, 54, 58, 44, 47, 56, 43, 37, 48, 53, 57, 25, 31, 10, 8, 38, 16, 2, 40, 51, 11
41, 23, 19, 39, 24, 40, 55, 27, 7, 34, 33, 50, 57, 53, 48, 37, 2, 56, 25, 15, 43, 18, 29, 14, 21, 35, 13, 1, 54, 58, 44, 47, 36, 16, 5, 30, 28, 31, 20, 17, 45, 42, 6, 49, 3, 12, 38, 8, 10, 32, 46, 26, 9, 22, 4, 52, 51, 11
43, 15, 23, 41, 42, 3, 49, 6, 19, 39, 24, 40, 55, 27, 7, 34, 33, 50, 57, 53, 48, 37, 2, 20, 31, 28, 30, 5, 16, 36, 47, 44, 58, 54, 1, 13, 35, 21, 14, 29, 18, 25, 56, 17, 45, 12, 38, 8, 10, 32, 46, 26, 9, 22, 4, 52, 51, 11
16, 5, 30, 28, 31, 7, 52, 26, 9, 22, 42, 6, 19, 4, 24, 39, 36, 47, 44, 58, 54, 1, 13, 35, 21, 45, 17, 43, 55, 40, 10, 32, 46, 41, 23, 15, 18, 29, 14, 3, 49, 56, 2, 37, 48, 12, 38, 8, 53, 57, 50, 33, 20, 25, 34, 27, 51, 11
3, 20, 42, 32, 28, 52, 31, 49, 5, 15, 47, 46, 56, 57, 53, 48, 37, 43, 10, 29, 14, 23, 26, 9, 2, 21, 35, 17, 30, 41, 39, 8, 24, 16, 36, 50, 33, 34, 45, 27, 55, 40, 25, 18, 19, 12, 38, 44, 58, 54, 6, 7, 4, 22, 1, 13, 51, 11
21, 14, 31, 30, 52, 26, 9, 19, 4, 16, 36, 47, 44, 58, 54, 1, 13, 15, 23, 18, 24, 35, 5, 7, 39, 3, 49, 56, 2, 37, 28, 41, 46, 32, 10, 40, 29, 48, 17, 45, 55, 43, 6, 42, 22, 12, 38, 8, 53, 57, 50, 33, 20, 25, 34, 27, 51, 11
5, 39, 35, 40, 20, 49, 28, 32, 3, 42, 24, 16, 36, 50, 33, 34, 45, 41, 30, 17, 15, 47, 46, 56, 57, 53, 48, 37, 43, 2, 21, 9, 26, 23, 14, 31, 52, 29, 10, 8, 55, 27, 25, 18, 19, 12, 38, 44, 58, 54, 6, 7, 4, 22, 1, 13, 51, 11
23, 15, 43, 45, 17, 18, 29, 14, 21, 35, 5, 30, 28, 31, 20, 16, 36, 47, 44, 58, 54, 1, 13, 41, 42, 3, 49, 6, 19, 39, 24, 40, 55, 27, 7, 34, 33, 50, 57, 53, 48, 37, 2, 56, 25, 12, 38, 8, 10, 32, 46, 26, 9, 22, 4, 52, 51, 11
39, 24, 40, 55, 27, 7, 34, 33, 50, 57, 53, 48, 37, 2, 56, 25, 15, 43, 20, 31, 28, 30, 5, 16, 36, 47, 44, 58, 54, 1, 13, 35, 21, 14, 29, 18, 17, 45, 42, 19, 23, 41, 3, 49, 6, 12, 38, 8, 10, 32, 46, 26, 9, 22, 4, 52, 51, 11
23, 26, 9, 2, 21, 35, 42, 20, 40, 55, 27, 45, 34, 33, 50, 36, 16, 24, 8, 39, 41, 30, 17, 14, 29, 10, 43, 37, 48, 53, 57, 56, 46, 47, 15, 5, 49, 31, 52, 28, 32, 3, 25, 18, 19, 12, 38, 44, 58, 54, 6, 7, 4, 22, 1, 13, 51, 11
45, 17, 24, 43, 55, 19, 16, 36, 47, 44, 58, 54, 1, 31, 28, 40, 10, 32, 46, 30, 5, 41, 26, 9, 22, 4, 52, 7, 48, 37, 2, 56, 49, 3, 39, 13, 35, 42, 6, 21, 14, 29, 18, 15, 23, 12, 38, 8, 53, 57, 50, 33, 20, 25, 34, 27, 51, 11
29, 14, 21, 6, 42, 35, 13, 39, 3, 49, 56, 2, 37, 48, 7, 52, 4, 22, 9, 26, 46, 32, 10, 40, 55, 43, 24, 17, 45, 18, 15, 23, 41, 5, 30, 28, 31, 1, 54, 58, 44, 47, 36, 16, 19, 12, 38, 8, 53, 57, 50, 33, 20, 25, 34, 27, 51, 11
2, 21, 40, 35, 17, 30, 41, 45, 34, 33, 50, 36, 16, 24, 42, 5, 49, 3, 32, 28, 39, 9, 26, 23, 14, 31, 52, 29, 15, 47, 46, 56, 57, 53, 48, 37, 43, 10, 20, 8, 55, 27, 25, 18, 19, 12, 38, 44, 58, 54, 6, 7, 4, 22, 1, 13, 51, 11
42, 18, 29, 14, 21, 35, 20, 31, 28, 30, 5, 16, 36, 47, 44, 58, 54, 1, 13, 17, 45, 43, 15, 25, 56, 2, 37, 48, 53, 57, 50, 33, 34, 7, 27, 55, 40, 24, 39, 19, 23, 41, 6, 49, 3, 12, 38, 8, 10, 32, 46, 26, 9, 22, 4, 52, 51, 11
21, 2, 40, 35, 39, 28, 32, 5, 49, 3, 42, 24, 16, 36, 50, 33, 34, 45, 41, 30, 17, 9, 26, 23, 14, 31, 52, 29, 15, 47, 46, 56, 57, 53, 48, 37, 43, 10, 20, 8, 55, 27, 25, 18, 19, 12, 38, 44, 58, 54, 6, 7, 4, 22, 1, 13, 51, 11
6, 42, 29, 18, 15, 23, 19, 45, 17, 24, 43, 55, 14, 21, 35, 13, 1, 54, 58, 44, 47, 36, 16, 41, 5, 30, 28, 31, 39, 3, 49, 56, 2, 37, 48, 7, 52, 4, 22, 9, 26, 46, 32, 10, 40, 12, 38, 8, 53, 57, 50, 33, 20, 25, 34, 27, 51, 11
20, 40, 35, 39, 3, 32, 28, 49, 5, 42, 24, 16, 36, 50, 33, 34, 45, 41, 30, 17, 15, 47, 46, 56, 57, 53, 48, 37, 43, 2, 21, 9, 26, 23, 14, 31, 52, 29, 10, 8, 55, 27, 25, 18, 19, 12, 38, 44, 58, 54, 6, 7, 4, 22, 1, 13, 51, 11
48, 37, 2, 56, 49, 3, 14, 29, 42, 55, 26, 9, 22, 4, 52, 7, 31, 28, 30, 5, 16, 36, 47, 44, 58, 54, 1, 13, 35, 8, 10, 32, 46, 41, 23, 21, 15, 18, 38, 12, 45, 17, 43, 6, 19, 39, 24, 40, 53, 57, 50, 33, 20, 25, 34, 27, 51, 11
31, 39, 3, 49, 56, 2, 37, 48, 7, 52, 4, 22, 9, 26, 46, 32, 10, 40, 15, 18, 29, 14, 21, 35, 13, 1, 54, 58, 44, 47, 36, 28, 30, 5, 41, 23, 16, 19, 6, 42, 55, 43, 24, 17, 45, 12, 38, 8, 53, 57, 50, 33, 20, 25, 34, 27, 51, 11
26, 23, 14, 31, 52, 29, 10, 40, 35, 17, 30, 41, 45, 34, 33, 50, 36, 16, 24, 42, 5, 49, 28, 32, 8, 39, 9, 2, 21, 43, 37, 48, 53, 57, 56, 46, 47, 15, 20, 3, 55, 27, 25, 18, 19, 12, 38, 44, 58, 54, 6, 7, 4, 22, 1, 13, 51, 11
21, 2, 40, 35, 39, 28, 32, 5, 49, 3, 42, 24, 16, 36, 50, 33, 34, 45, 41, 30, 17, 9, 26, 23, 14, 31, 52, 29, 10, 43, 37, 48, 53, 57, 56, 46, 47, 15, 20, 8, 55, 27, 25, 18, 19, 12, 38, 44, 58, 54, 6, 7, 4, 22, 1, 13, 51, 11
23, 15, 43, 45, 17, 5, 30, 28, 31, 20, 16, 36, 47, 44, 58, 54, 1, 13, 35, 21, 14, 29, 18, 41, 42, 3, 49, 6, 19, 39, 24, 40, 55, 27, 7, 34, 33, 50, 57, 53, 48, 37, 2, 56, 25, 12, 38, 8, 10, 32, 46, 26, 9, 22, 4, 52, 51, 11
10, 31, 52, 28, 32, 42, 20, 5, 49, 3, 43, 37, 48, 53, 57, 56, 46, 47, 15, 29, 14, 23, 26, 9, 2, 21, 35, 17, 30, 41, 39, 8, 24, 16, 36, 50, 33, 34, 45, 27, 55, 40, 25, 18, 19, 12, 38, 44, 58, 54, 6, 7, 4, 22, 1, 13, 51, 11
14, 29, 18, 15, 23, 41, 55, 42, 3, 49, 56, 2, 37, 48, 21, 35, 13, 1, 54, 58, 44, 47, 36, 16, 5, 30, 28, 31, 7, 52, 4, 22, 9, 26, 46, 32, 10, 8, 38, 12, 45, 17, 43, 6, 19, 39, 24, 40, 53, 57, 50, 33, 20, 25, 34, 27, 51, 11
28, 31, 20, 35, 21, 14, 29, 18, 17, 45, 43, 15, 25, 56, 2, 37, 48, 53, 57, 50, 33, 34, 7, 27, 55, 40, 24, 39, 30, 5, 16, 36, 47, 44, 58, 54, 1, 13, 42, 19, 23, 41, 3, 49, 6, 12, 38, 8, 10, 32, 46, 26, 9, 22, 4, 52, 51, 11
39, 24, 40, 55, 27, 7, 34, 33, 50, 57, 53, 48, 37, 2, 56, 25, 15, 43, 45, 17, 5, 30, 28, 31, 20, 16, 36, 47, 44, 58, 54, 1, 13, 35, 21, 14, 29, 18, 42, 19, 23, 41, 6, 49, 3, 12, 38, 8, 10, 32, 46, 26, 9, 22, 4, 52, 51, 11
26, 23, 14, 31, 52, 29, 10, 40, 35, 39, 8, 32, 28, 49, 5, 42, 24, 16, 36, 50, 33, 34, 45, 41, 30, 17, 9, 2, 21, 43, 37, 48, 53, 57, 56, 46, 47, 15, 20, 3, 55, 27, 25, 18, 19, 12, 38, 44, 58, 54, 6, 7, 4, 22, 1, 13, 51, 11
42, 18, 29, 14, 21, 35, 13, 1, 54, 58, 44, 47, 36, 16, 5, 30, 28, 31, 20, 17, 45, 43, 15, 25, 56, 2, 37, 48, 53, 57, 50, 33, 34, 7, 27, 55, 40, 24, 39, 19, 23, 41, 3, 49, 6, 12, 38, 8, 10, 32, 46, 26, 9, 22, 4, 52, 51, 11
2, 21, 40, 35, 17, 30, 41, 45, 34, 33, 50, 36, 16, 24, 42, 5, 49, 28, 32, 8, 39, 9, 26, 23, 14, 31, 52, 29, 10, 43, 37, 48, 53, 57, 56, 46, 47, 15, 20, 3, 55, 27, 25, 18, 19, 12, 38, 44, 58, 54, 6, 7, 4, 22, 1, 13, 51, 11
39, 24, 40, 55, 27, 7, 34, 33, 50, 57, 53, 48, 37, 2, 56, 25, 15, 43, 45, 17, 5, 30, 28, 31, 20, 16, 36, 47, 44, 58, 54, 1, 13, 35, 21, 14, 29, 18, 42, 19, 23, 41, 3, 49, 6, 12, 38, 8, 10, 32, 46, 26, 9, 22, 4, 52, 51, 11
42, 13, 1, 54, 58, 44, 47, 36, 16, 20, 31, 28, 41, 23, 19, 39, 24, 40, 55, 27, 7, 34, 33, 50, 57, 53, 48, 37, 2, 56, 25, 15, 43, 45, 17, 18, 29, 14, 21, 35, 5, 30, 3, 49, 6, 12, 38, 8, 10, 32, 46, 26, 9, 22, 4, 52, 51, 11
21, 2, 40, 35, 39, 8, 32, 28, 49, 5, 42, 24, 16, 36, 50, 33, 34, 45, 41, 30, 17, 9, 26, 23, 14, 31, 52, 29, 15, 47, 46, 56, 57, 53, 48, 37, 43, 10, 20, 3, 55, 27, 25, 18, 19, 12, 38, 44, 58, 54, 6, 7, 4, 22, 1, 13, 51, 11
21, 15, 18, 38, 12, 45, 17, 43, 6, 19, 39, 24, 40, 29, 14, 3, 49, 56, 2, 37, 48, 23, 41, 46, 32, 10, 8, 35, 13, 1, 54, 58, 44, 47, 36, 16, 5, 30, 28, 31, 7, 52, 4, 22, 9, 26, 55, 42, 53, 57, 50, 33, 20, 25, 34, 27, 51, 11
48, 37, 2, 56, 49, 3, 15, 18, 38, 12, 45, 17, 43, 6, 19, 39, 24, 40, 29, 14, 21, 23, 41, 46, 32, 10, 8, 35, 13, 1, 54, 58, 44, 47, 36, 16, 5, 30, 28, 31, 7, 52, 4, 22, 9, 26, 55, 42, 53, 57, 50, 33, 20, 25, 34, 27, 51, 11
17, 30, 41, 45, 34, 33, 50, 36, 16, 24, 42, 5, 49, 28, 32, 3, 39, 35, 40, 10, 29, 52, 31, 14, 23, 26, 9, 21, 2, 43, 37, 48, 53, 57, 56, 46, 47, 15, 20, 8, 55, 27, 25, 18, 19, 12, 38, 44, 58, 54, 6, 7, 4, 22, 1, 13, 51, 11
23, 26, 9, 2, 21, 35, 42, 20, 40, 55, 27, 45, 34, 33, 50, 36, 16, 24, 8, 39, 41, 30, 17, 14, 29, 15, 47, 46, 56, 57, 53, 48, 37, 43, 10, 5, 49, 31, 52, 28, 32, 3, 25, 18, 19, 12, 38, 44, 58, 54, 6, 7, 4, 22, 1, 13, 51, 11
43, 17, 45, 12, 38, 8, 10, 32, 46, 26, 9, 22, 4, 52, 7, 31, 28, 30, 5, 16, 36, 47, 44, 58, 54, 1, 13, 35, 21, 14, 29, 18, 15, 23, 41, 55, 42, 3, 49, 56, 2, 37, 48, 6, 19, 39, 24, 40, 53, 57, 50, 33, 20, 25, 34, 27, 51, 11
17, 30, 41, 45, 34, 33, 50, 36, 16, 24, 42, 3, 49, 5, 32, 28, 39, 35, 40, 10, 29, 52, 31, 14, 23, 26, 9, 21, 2, 43, 37, 48, 53, 57, 56, 46, 47, 15, 20, 8, 55, 27, 25, 18, 19, 12, 38, 44, 58, 54, 6, 7, 4, 22, 1, 13, 51, 11
10, 3, 49, 28, 32, 31, 52, 5, 20, 42, 43, 37, 48, 53, 57, 56, 46, 47, 15, 29, 14, 23, 26, 9, 2, 21, 35, 17, 30, 41, 39, 8, 24, 16, 36, 50, 33, 34, 45, 27, 55, 40, 25, 18, 19, 12, 38, 44, 58, 54, 6, 7, 4, 22, 1, 13, 51, 11
45, 17, 43, 15, 23, 41, 42, 3, 49, 6, 19, 39, 24, 40, 55, 27, 7, 34, 33, 50, 57, 53, 48, 37, 2, 56, 25, 18, 29, 14, 21, 35, 13, 1, 54, 58, 44, 47, 36, 16, 5, 30, 28, 31, 20, 12, 38, 8, 10, 32, 46, 26, 9, 22, 4, 52, 51, 11
15, 43, 45, 17, 18, 29, 14, 21, 35, 20, 31, 28, 30, 5, 16, 23, 36, 47, 44, 58, 54, 1, 13, 41, 42, 3, 49, 6, 19, 39, 24, 40, 55, 27, 7, 34, 33, 50, 57, 53, 48, 37, 2, 56, 25, 12, 38, 8, 10, 32, 46, 26, 9, 22, 4, 52, 51, 11
10, 43, 37, 48, 53, 57, 56, 46, 47, 15, 3, 52, 31, 32, 28, 29, 14, 23, 26, 42, 20, 41, 30, 17, 35, 21, 9, 2, 49, 5, 39, 8, 24, 16, 36, 50, 33, 34, 45, 27, 55, 40, 25, 18, 19, 12, 38, 44, 58, 54, 6, 7, 4, 22, 1, 13, 51, 11
6, 42, 29, 18, 15, 23, 19, 16, 36, 47, 44, 58, 54, 1, 13, 35, 21, 14, 55, 43, 24, 17, 45, 41, 5, 30, 28, 31, 39, 3, 49, 56, 2, 37, 48, 7, 52, 4, 22, 9, 26, 46, 32, 10, 40, 12, 38, 8, 53, 57, 50, 33, 20, 25, 34, 27, 51, 11
5, 41, 4, 22, 9, 30, 46, 32, 10, 26, 40, 28, 31, 1, 54, 58, 44, 47, 36, 16, 19, 55, 43, 24, 17, 45, 52, 7, 48, 37, 2, 56, 49, 3, 39, 13, 35, 42, 6, 21, 14, 29, 18, 15, 23, 12, 38, 8, 53, 57, 50, 33, 20, 25, 34, 27, 51, 11
24, 43, 55, 19, 16, 36, 47, 44, 58, 54, 1, 31, 28, 40, 4, 22, 9, 26, 41, 5, 30, 46, 32, 10, 17, 45, 52, 7, 48, 37, 2, 56, 49, 3, 39, 13, 35, 42, 6, 21, 14, 29, 18, 15, 23, 12, 38, 8, 53, 57, 50, 33, 20, 25, 34, 27, 51, 11
42, 27, 55, 40, 20, 10, 43, 37, 48, 53, 57, 56, 46, 47, 15, 34, 33, 50, 36, 16, 24, 8, 39, 28, 32, 29, 45, 3, 52, 31, 49, 5, 14, 23, 26, 9, 2, 21, 35, 17, 30, 41, 25, 18, 19, 12, 38, 44, 58, 54, 6, 7, 4, 22, 1, 13, 51, 11
26, 9, 22, 4, 52, 7, 48, 37, 2, 56, 49, 3, 39, 31, 28, 30, 5, 16, 36, 47, 44, 58, 54, 1, 13, 35, 46, 32, 10, 40, 55, 43, 24, 17, 45, 21, 14, 29, 18, 15, 23, 41, 19, 6, 42, 12, 38, 8, 53, 57, 50, 33, 20, 25, 34, 27, 51, 11
5, 30, 46, 32, 10, 41, 26, 9, 22, 4, 40, 28, 31, 1, 54, 58, 44, 47, 36, 16, 19, 55, 43, 24, 17, 45, 52, 7, 48, 37, 2, 56, 49, 3, 39, 13, 35, 42, 6, 21, 14, 29, 18, 15, 23, 12, 38, 8, 53, 57, 50, 33, 20, 25, 34, 27, 51, 11
15, 18, 38, 21, 14, 29, 40, 24, 39, 19, 6, 43, 17, 45, 12, 3, 49, 56, 2, 37, 48, 23, 41, 46, 32, 10, 8, 35, 13, 1, 54, 58, 44, 47, 36, 16, 5, 30, 28, 31, 7, 52, 4, 22, 9, 26, 55, 42, 53, 57, 50, 33, 20, 25, 34, 27, 51, 11
42, 41, 23, 19, 39, 24, 40, 55, 27, 7, 34, 33, 50, 57, 53, 48, 37, 2, 56, 25, 15, 43, 18, 29, 14, 21, 35, 13, 1, 54, 58, 44, 47, 36, 16, 5, 30, 28, 31, 20, 17, 45, 3, 49, 6, 12, 38, 8, 10, 32, 46, 26, 9, 22, 4, 52, 51, 11
26, 23, 14, 31, 52, 29, 10, 40, 35, 39, 3, 32, 28, 49, 5, 42, 24, 16, 36, 50, 33, 34, 45, 41, 30, 17, 9, 2, 21, 43, 37, 48, 53, 57, 56, 46, 47, 15, 20, 8, 55, 27, 25, 18, 19, 12, 38, 44, 58, 54, 6, 7, 4, 22, 1, 13, 51, 11
24, 43, 55, 19, 16, 36, 47, 44, 58, 54, 1, 31, 28, 40, 4, 22, 9, 26, 41, 10, 32, 46, 30, 5, 17, 45, 52, 7, 48, 37, 2, 56, 49, 3, 39, 13, 35, 42, 6, 21, 14, 29, 18, 15, 23, 12, 38, 8, 53, 57, 50, 33, 20, 25, 34, 27, 51, 11
8, 24, 16, 36, 50, 33, 34, 15, 39, 28, 32, 3, 45, 29, 42, 47, 46, 56, 57, 53, 48, 37, 43, 10, 20, 40, 55, 27, 52, 31, 49, 5, 14, 23, 26, 9, 2, 21, 35, 17, 30, 41, 25, 18, 19, 12, 38, 44, 58, 54, 6, 7, 4, 22, 1, 13, 51, 11
2, 21, 40, 35, 39, 5, 49, 3, 32, 28, 42, 24, 16, 36, 50, 33, 34, 45, 41, 30, 17, 9, 26, 23, 14, 31, 52, 29, 15, 47, 46, 56, 57, 53, 48, 37, 43, 10, 20, 8, 55, 27, 25, 18, 19, 12, 38, 44, 58, 54, 6, 7, 4, 22, 1, 13, 51, 11
17, 30, 41, 45, 34, 33, 50, 36, 16, 24, 42, 3, 49, 5, 32, 28, 39, 35, 40, 2, 21, 9, 26, 23, 14, 31, 52, 29, 15, 47, 46, 56, 57, 53, 48, 37, 43, 10, 20, 8, 55, 27, 25, 18, 19, 12, 38, 44, 58, 54, 6, 7, 4, 22, 1, 13, 51, 11
28, 30, 5, 35, 21, 14, 29, 18, 17, 45, 43, 15, 25, 56, 2, 37, 48, 53, 57, 50, 33, 34, 7, 27, 55, 40, 24, 39, 31, 20, 16, 36, 47, 44, 58, 54, 1, 13, 42, 19, 23, 41, 3, 49, 6, 12, 38, 8, 10, 32, 46, 26, 9, 22, 4, 52, 51, 11
23, 15, 18, 29, 14, 21, 6, 42, 35, 13, 39, 3, 49, 56, 2, 37, 48, 7, 52, 26, 9, 22, 4, 41, 5, 30, 46, 32, 10, 40, 28, 31, 1, 54, 58, 44, 47, 36, 16, 19, 55, 43, 24, 17, 45, 12, 38, 8, 53, 57, 50, 33, 20, 25, 34, 27, 51, 11
45, 17, 24, 43, 55, 19, 16, 36, 47, 44, 58, 54, 1, 31, 28, 40, 10, 32, 46, 30, 5, 41, 4, 22, 9, 26, 52, 7, 48, 37, 2, 56, 49, 3, 39, 13, 35, 42, 6, 21, 14, 29, 18, 15, 23, 12, 38, 8, 53, 57, 50, 33, 20, 25, 34, 27, 51, 11
21, 14, 29, 46, 26, 9, 22, 31, 7, 52, 4, 8, 38, 12, 45, 17, 43, 55, 40, 15, 18, 35, 13, 1, 54, 58, 44, 47, 36, 28, 30, 5, 41, 23, 16, 19, 6, 42, 24, 39, 3, 49, 56, 2, 37, 48, 32, 10, 53, 57, 50, 33, 20, 25, 34, 27, 51, 11
17, 30, 41, 45, 34, 33, 50, 36, 16, 24, 42, 5, 49, 28, 32, 8, 39, 35, 40, 10, 29, 52, 31, 14, 23, 26, 9, 21, 2, 43, 37, 48, 53, 57, 56, 46, 47, 15, 20, 3, 55, 27, 25, 18, 19, 12, 38, 44, 58, 54, 6, 7, 4, 22, 1, 13, 51, 11
21, 2, 40, 35, 17, 30, 41, 45, 34, 33, 50, 36, 16, 24, 42, 5, 49, 28, 32, 8, 39, 9, 26, 23, 14, 31, 52, 29, 15, 47, 46, 56, 57, 53, 48, 37, 43, 10, 20, 3, 55, 27, 25, 18, 19, 12, 38, 44, 58, 54, 6, 7, 4, 22, 1, 13, 51, 11
12, 45, 17, 43, 6, 19, 39, 24, 40, 29, 14, 21, 38, 18, 15, 3, 49, 56, 2, 37, 48, 23, 41, 46, 32, 10, 8, 35, 13, 1, 54, 58, 44, 47, 36, 16, 5, 30, 28, 31, 7, 52, 4, 22, 9, 26, 55, 42, 53, 57, 50, 33, 20, 25, 34, 27, 51, 11
26, 23, 14, 31, 52, 29, 10, 40, 35, 39, 28, 32, 3, 49, 5, 42, 24, 16, 36, 50, 33, 34, 45, 41, 30, 17, 9, 21, 2, 43, 37, 48, 53, 57, 56, 46, 47, 15, 20, 8, 55, 27, 25, 18, 19, 12, 38, 44, 58, 54, 6, 7, 4, 22, 1, 13, 51, 11
21, 2, 40, 35, 17, 30, 41, 45, 34, 33, 50, 36, 16, 24, 42, 5, 49, 28, 32, 8, 39, 9, 26, 23, 14, 31, 52, 29, 10, 43, 37, 48, 53, 57, 56, 46, 47, 15, 20, 3, 55, 27, 25, 18, 19, 12, 38, 44, 58, 54, 6, 7, 4, 22, 1, 13, 51, 11
23, 15, 18, 29, 14, 21, 6, 42, 35, 13, 39, 3, 49, 56, 2, 37, 48, 7, 52, 4, 22, 9, 26, 41, 5, 30, 46, 32, 10, 40, 28, 31, 1, 54, 58, 44, 47, 36, 16, 19, 55, 43, 24, 17, 45, 12, 38, 8, 53, 57, 50, 33, 20, 25, 34, 27, 51, 11
15, 34, 33, 50, 36, 16, 24, 8, 39, 28, 32, 29, 45, 3, 42, 47, 46, 56, 57, 53, 48, 37, 43, 10, 20, 40, 55, 27, 52, 31, 49, 5, 14, 23, 26, 9, 2, 21, 35, 17, 30, 41, 25, 18, 19, 12, 38, 44, 58, 54, 6, 7, 4, 22, 1, 13, 51, 11
48, 37, 2, 56, 49, 3, 42, 55, 26, 9, 22, 4, 52, 7, 31, 28, 30, 5, 16, 36, 47, 44, 58, 54, 1, 13, 35, 18, 15, 23, 41, 46, 32, 10, 8, 38, 21, 14, 29, 40, 24, 39, 19, 6, 43, 17, 45, 12, 53, 57, 50, 33, 20, 25, 34, 27, 51, 11
45, 17, 24, 43, 55, 42, 6, 19, 16, 40, 10, 32, 46, 26, 9, 22, 4, 52, 7, 48, 37, 2, 56, 49, 3, 39, 31, 28, 30, 5, 41, 23, 15, 18, 29, 14, 21, 35, 13, 1, 54, 58, 44, 47, 36, 12, 38, 8, 53, 57, 50, 33, 20, 25, 34, 27, 51, 11
10, 31, 52, 28, 32, 42, 20, 3, 49, 5, 43, 37, 48, 53, 57, 56, 46, 47, 15, 29, 14, 23, 26, 9, 2, 21, 35, 17, 30, 41, 39, 8, 24, 16, 36, 50, 33, 34, 45, 27, 55, 40, 25, 18, 19, 12, 38, 44, 58, 54, 6, 7, 4, 22, 1, 13, 51, 11
48, 37, 2, 56, 49, 3, 21, 14, 29, 18, 15, 23, 41, 46, 32, 10, 8, 38, 12, 45, 17, 43, 6, 19, 39, 24, 40, 35, 13, 1, 54, 58, 44, 47, 36, 16, 5, 30, 28, 31, 7, 52, 4, 22, 9, 26, 55, 42, 53, 57, 50, 33, 20, 25, 34, 27, 51, 11
26, 23, 14, 31, 52, 29, 10, 40, 35, 39, 8, 32, 28, 49, 5, 42, 24, 16, 36, 50, 33, 34, 45, 41, 30, 17, 9, 21, 2, 43, 37, 48, 53, 57, 56, 46, 47, 15, 20, 3, 55, 27, 25, 18, 19, 12, 38, 44, 58, 54, 6, 7, 4, 22, 1, 13, 51, 11
24, 18, 23, 15, 13, 1, 54, 58, 44, 47, 36, 16, 4, 19, 9, 26, 52, 30, 5, 35, 21, 14, 31, 7, 39, 3, 49, 56, 37, 2, 28, 41, 46, 32, 10, 40, 29, 48, 17, 45, 55, 43, 6, 42, 22, 12, 38, 8, 53, 57, 50, 33, 20, 25, 34, 27, 51, 11
24, 43, 55, 19, 16, 36, 47, 44, 58, 54, 1, 31, 28, 40, 26, 9, 22, 4, 41, 10, 32, 46, 30, 5, 17, 45, 52, 7, 48, 37, 2, 56, 49, 3, 39, 13, 35, 42, 6, 21, 14, 29, 18, 15, 23, 12, 38, 8, 53, 57, 50, 33, 20, 25, 34, 27, 51, 11
10, 5, 49, 31, 52, 28, 32, 42, 20, 3, 43, 37, 48, 53, 57, 56, 46, 47, 15, 29, 14, 23, 26, 9, 2, 21, 35, 17, 30, 41, 39, 8, 24, 16, 36, 50, 33, 34, 45, 27, 55, 40, 25, 18, 19, 12, 38, 44, 58, 54, 6, 7, 4, 22, 1, 13, 51, 11
24, 43, 55, 19, 16, 36, 47, 44, 58, 54, 1, 31, 28, 40, 26, 9, 22, 4, 41, 5, 30, 46, 32, 10, 17, 45, 52, 7, 48, 37, 2, 56, 49, 3, 39, 13, 35, 42, 6, 21, 14, 29, 18, 15, 23, 12, 38, 8, 53, 57, 50, 33, 20, 25, 34, 27, 51, 11
2, 21, 40, 35, 39, 28, 32, 3, 49, 5, 42, 24, 16, 36, 50, 33, 34, 45, 41, 30, 17, 9, 26, 23, 14, 31, 52, 29, 10, 43, 37, 48, 53, 57, 56, 46, 47, 15, 20, 8, 55, 27, 25, 18, 19, 12, 38, 44, 58, 54, 6, 7, 4, 22, 1, 13, 51, 11
45, 17, 24, 43, 55, 42, 6, 19, 16, 23, 41, 5, 30, 28, 31, 39, 3, 49, 56, 2, 37, 48, 7, 52, 4, 22, 9, 26, 46, 32, 10, 40, 15, 18, 29, 14, 21, 35, 13, 1, 54, 58, 44, 47, 36, 12, 38, 8, 53, 57, 50, 33, 20, 25, 34, 27, 51, 11
40, 20, 10, 43, 37, 48, 53, 57, 56, 46, 47, 15, 34, 33, 50, 36, 16, 24, 8, 39, 28, 32, 29, 45, 3, 52, 31, 49, 5, 14, 23, 26, 9, 2, 21, 35, 17, 30, 41, 42, 55, 27, 25, 18, 19, 12, 38, 44, 58, 54, 6, 7, 4, 22, 1, 13, 51, 11
48, 37, 2, 56, 49, 3, 55, 40, 24, 42, 41, 23, 15, 18, 29, 14, 21, 35, 13, 1, 54, 58, 44, 47, 36, 16, 5, 30, 28, 31, 7, 52, 4, 22, 9, 26, 46, 32, 39, 19, 6, 43, 17, 45, 12, 38, 8, 10, 53, 57, 50, 33, 20, 25, 34, 27, 51, 11
32, 10, 40, 55, 43, 17, 45, 21, 35, 13, 1, 54, 58, 44, 47, 36, 39, 24, 42, 6, 19, 4, 22, 16, 5, 30, 28, 31, 7, 52, 26, 9, 46, 41, 23, 15, 18, 29, 14, 3, 49, 56, 2, 37, 48, 12, 38, 8, 53, 57, 50, 33, 20, 25, 34, 27, 51, 11
39, 3, 49, 56, 2, 37, 48, 7, 52, 4, 22, 9, 26, 46, 32, 10, 40, 15, 18, 29, 14, 21, 35, 13, 1, 54, 58, 44, 47, 36, 16, 19, 6, 42, 55, 43, 24, 17, 45, 31, 28, 30, 5, 41, 23, 12, 38, 8, 53, 57, 50, 33, 20, 25, 34, 27, 51, 11
25, 56, 2, 37, 48, 53, 57, 50, 33, 34, 7, 27, 55, 40, 24, 39, 19, 23, 41, 42, 28, 30, 5, 16, 36, 15, 43, 45, 17, 18, 29, 14, 21, 35, 20, 31, 47, 44, 58, 54, 1, 13, 6, 49, 3, 12, 38, 8, 10, 32, 46, 26, 9, 22, 4, 52, 51, 11
45, 17, 24, 43, 55, 19, 16, 36, 47, 44, 58, 54, 1, 31, 28, 40, 10, 32, 46, 30, 5, 41, 23, 15, 18, 29, 14, 21, 6, 42, 35, 13, 39, 3, 49, 56, 2, 37, 48, 7, 52, 4, 22, 9, 26, 12, 38, 8, 53, 57, 50, 33, 20, 25, 34, 27, 51, 11
2, 21, 40, 35, 39, 28, 32, 5, 49, 3, 42, 24, 16, 36, 50, 33, 34, 45, 41, 30, 17, 9, 26, 23, 14, 31, 52, 29, 10, 43, 37, 48, 53, 57, 56, 46, 47, 15, 20, 8, 55, 27, 25, 18, 19, 12, 38, 44, 58, 54, 6, 7, 4, 22, 1, 13, 51, 11
43, 17, 45, 12, 38, 18, 15, 21, 23, 41, 46, 32, 10, 8, 35, 13, 1, 54, 58, 44, 47, 36, 16, 5, 30, 28, 31, 7, 52, 26, 9, 22, 4, 55, 42, 29, 14, 3, 49, 56, 2, 37, 48, 6, 19, 39, 24, 40, 53, 57, 50, 33, 20, 25, 34, 27, 51, 11
