5, 37, 59, 8, 27, 7, 21, 3, 55, 40, 22, 6, 17, 49, 46, 53, 34, 33, 32, 31, 30, 57, 1, 54, 50, 10, 2, 44, 11, 18, 47, 39, 26, 4, 52, 24, 51, 13, 45, 38, 14, 28, 9, 35, 43, 48, 41, 16, 58, 20, 19, 25, 15, 42, 23, 36, 12, 29, 56
28, 44, 27, 47, 18, 11, 6, 5, 4, 8, 59, 37, 17, 49, 46, 53, 14, 38, 45, 13, 51, 24, 52, 33, 32, 31, 26, 25, 9, 35, 43, 48, 41, 22, 40, 55, 3, 21, 7, 16, 58, 20, 19, 50, 2, 10, 34, 39, 54, 1, 57, 30, 15, 42, 23, 36, 12, 29, 56
21, 3, 55, 40, 22, 41, 48, 43, 35, 52, 24, 51, 13, 45, 38, 14, 28, 9, 11, 18, 47, 7, 16, 58, 20, 26, 31, 32, 33, 5, 4, 8, 59, 37, 6, 17, 49, 46, 53, 34, 10, 2, 50, 19, 25, 27, 44, 39, 54, 1, 57, 30, 15, 42, 23, 36, 12, 29, 56
37, 59, 8, 4, 5, 47, 39, 41, 48, 43, 35, 9, 28, 14, 38, 45, 13, 51, 24, 52, 15, 42, 23, 33, 32, 31, 26, 54, 1, 57, 30, 20, 58, 16, 7, 21, 3, 18, 11, 44, 27, 25, 19, 50, 2, 10, 34, 53, 46, 49, 17, 6, 22, 40, 55, 36, 12, 29, 56
28, 14, 38, 45, 13, 51, 24, 52, 44, 27, 25, 19, 50, 2, 10, 34, 53, 46, 49, 17, 6, 37, 59, 8, 33, 31, 26, 4, 9, 11, 18, 47, 32, 5, 20, 58, 16, 7, 21, 3, 55, 40, 22, 41, 48, 43, 35, 39, 54, 1, 57, 30, 15, 42, 23, 36, 12, 29, 56
18, 11, 9, 28, 24, 52, 35, 43, 48, 41, 22, 40, 55, 3, 21, 45, 38, 14, 47, 7, 16, 58, 20, 26, 51, 13, 31, 32, 33, 37, 59, 8, 4, 5, 6, 17, 49, 46, 53, 34, 10, 2, 50, 19, 25, 27, 44, 39, 54, 1, 57, 30, 15, 42, 23, 36, 12, 29, 56
18, 47, 39, 26, 54, 1, 57, 30, 31, 6, 17, 49, 46, 53, 34, 10, 50, 32, 11, 44, 27, 8, 59, 37, 5, 33, 22, 40, 55, 3, 21, 7, 2, 4, 52, 24, 51, 13, 45, 38, 14, 28, 9, 35, 43, 48, 41, 16, 58, 20, 19, 25, 15, 42, 23, 36, 12, 29, 56
28, 44, 27, 14, 53, 46, 49, 17, 6, 5, 4, 8, 59, 37, 11, 18, 47, 38, 45, 13, 51, 24, 52, 33, 32, 31, 26, 25, 9, 35, 43, 48, 41, 22, 40, 55, 3, 21, 7, 16, 58, 20, 19, 50, 2, 10, 34, 39, 54, 1, 57, 30, 15, 42, 23, 36, 12, 29, 56
16, 41, 17, 49, 46, 53, 34, 10, 2, 50, 54, 1, 57, 30, 32, 33, 58, 20, 51, 24, 52, 4, 8, 27, 44, 11, 18, 47, 39, 6, 22, 40, 31, 43, 48, 26, 59, 37, 5, 7, 55, 3, 21, 35, 9, 28, 14, 38, 45, 13, 19, 25, 15, 42, 23, 36, 12, 29, 56
28, 44, 27, 6, 17, 49, 46, 53, 14, 37, 59, 8, 4, 5, 11, 18, 47, 38, 45, 13, 51, 24, 52, 33, 32, 31, 26, 25, 9, 35, 43, 48, 41, 22, 40, 55, 3, 21, 7, 16, 58, 20, 19, 50, 2, 10, 34, 39, 54, 1, 57, 30, 15, 42, 23, 36, 12, 29, 56
25, 26, 31, 32, 33, 52, 24, 51, 13, 45, 38, 47, 18, 11, 6, 5, 4, 14, 53, 46, 49, 17, 37, 59, 8, 27, 44, 28, 9, 35, 43, 48, 41, 22, 40, 55, 3, 21, 7, 16, 58, 20, 19, 50, 2, 10, 34, 39, 54, 1, 57, 30, 15, 42, 23, 36, 12, 29, 56
26, 59, 37, 5, 7, 10, 50, 31, 54, 1, 57, 30, 32, 33, 2, 34, 53, 46, 49, 17, 6, 22, 40, 55, 3, 21, 39, 47, 18, 11, 44, 27, 8, 4, 52, 24, 51, 13, 45, 38, 14, 28, 9, 35, 43, 48, 41, 16, 58, 20, 19, 25, 15, 42, 23, 36, 12, 29, 56
28, 44, 27, 14, 53, 46, 49, 17, 4, 47, 18, 11, 6, 5, 37, 59, 8, 38, 45, 13, 51, 24, 52, 33, 32, 31, 26, 25, 9, 35, 43, 48, 41, 22, 40, 55, 3, 21, 7, 16, 58, 20, 19, 50, 2, 10, 34, 39, 54, 1, 57, 30, 15, 42, 23, 36, 12, 29, 56
9, 28, 14, 38, 45, 13, 51, 24, 52, 35, 43, 48, 41, 22, 40, 55, 3, 21, 7, 16, 58, 20, 39, 47, 18, 11, 44, 27, 25, 19, 50, 2, 10, 34, 53, 46, 49, 17, 6, 37, 59, 8, 4, 5, 33, 32, 31, 26, 54, 1, 57, 30, 15, 42, 23, 36, 12, 29, 56
28, 44, 27, 6, 17, 49, 46, 53, 14, 5, 37, 59, 8, 4, 11, 18, 47, 38, 45, 13, 51, 24, 52, 33, 32, 31, 26, 25, 9, 35, 43, 48, 41, 22, 40, 55, 3, 21, 7, 16, 58, 20, 19, 50, 2, 10, 34, 39, 54, 1, 57, 30, 15, 42, 23, 36, 12, 29, 56
10, 34, 53, 46, 49, 17, 6, 22, 40, 55, 2, 50, 19, 25, 27, 44, 11, 18, 3, 21, 7, 16, 58, 20, 30, 57, 1, 54, 26, 31, 32, 33, 23, 42, 15, 52, 24, 51, 13, 45, 38, 14, 28, 9, 35, 43, 48, 41, 39, 47, 5, 4, 8, 59, 37, 36, 12, 29, 56
31, 54, 1, 57, 30, 32, 33, 2, 34, 53, 46, 49, 17, 41, 16, 58, 20, 51, 24, 52, 4, 8, 27, 44, 11, 18, 47, 39, 6, 22, 40, 50, 10, 43, 48, 26, 59, 37, 5, 7, 55, 3, 21, 35, 9, 28, 14, 38, 45, 13, 19, 25, 15, 42, 23, 36, 12, 29, 56
32, 50, 10, 34, 53, 46, 49, 17, 6, 31, 30, 57, 1, 54, 26, 39, 47, 18, 11, 44, 27, 8, 59, 37, 5, 33, 22, 40, 55, 7, 21, 3, 2, 4, 52, 24, 51, 13, 45, 38, 14, 28, 9, 35, 43, 48, 41, 16, 58, 20, 19, 25, 15, 42, 23, 36, 12, 29, 56
33, 32, 30, 57, 1, 54, 50, 2, 10, 34, 53, 46, 49, 17, 41, 16, 58, 20, 51, 24, 52, 4, 8, 27, 44, 11, 18, 47, 39, 6, 22, 40, 31, 43, 48, 26, 59, 37, 5, 7, 55, 3, 21, 35, 9, 28, 14, 38, 45, 13, 19, 25, 15, 42, 23, 36, 12, 29, 56
6, 22, 40, 32, 33, 2, 39, 47, 18, 11, 44, 27, 8, 4, 52, 24, 51, 20, 58, 16, 41, 17, 49, 46, 53, 34, 10, 50, 31, 54, 1, 57, 30, 7, 5, 37, 59, 26, 48, 43, 55, 3, 21, 35, 9, 28, 14, 38, 45, 13, 19, 25, 15, 42, 23, 36, 12, 29, 56
2, 10, 50, 19, 25, 27, 44, 11, 18, 47, 34, 53, 46, 49, 17, 6, 37, 59, 8, 4, 5, 33, 32, 31, 26, 20, 58, 16, 7, 21, 3, 55, 40, 22, 41, 48, 43, 35, 52, 24, 51, 13, 45, 38, 14, 28, 9, 39, 54, 1, 57, 30, 15, 42, 23, 36, 12, 29, 56
6, 37, 59, 8, 4, 26, 17, 49, 46, 53, 34, 10, 2, 50, 19, 25, 27, 44, 52, 24, 51, 13, 45, 38, 14, 28, 31, 32, 9, 11, 18, 47, 33, 5, 20, 58, 16, 7, 21, 3, 55, 40, 22, 41, 48, 43, 35, 39, 54, 1, 57, 30, 15, 42, 23, 36, 12, 29, 56
6, 22, 40, 55, 3, 21, 17, 49, 46, 53, 34, 33, 32, 31, 30, 57, 1, 54, 50, 10, 2, 7, 5, 37, 59, 8, 27, 44, 11, 18, 47, 39, 26, 4, 52, 24, 51, 13, 45, 38, 14, 28, 9, 35, 43, 48, 41, 16, 58, 20, 19, 25, 15, 42, 23, 36, 12, 29, 56
11, 18, 47, 39, 6, 22, 40, 55, 17, 21, 3, 44, 27, 8, 4, 52, 24, 49, 46, 53, 34, 33, 32, 31, 51, 20, 58, 16, 41, 48, 43, 30, 57, 1, 54, 50, 10, 2, 7, 5, 37, 59, 26, 35, 9, 28, 14, 38, 45, 13, 19, 25, 15, 42, 23, 36, 12, 29, 56
14, 38, 45, 21, 3, 55, 40, 22, 41, 48, 43, 35, 52, 24, 28, 26, 20, 58, 16, 7, 47, 18, 11, 9, 51, 13, 31, 32, 33, 5, 4, 8, 59, 37, 6, 17, 49, 46, 53, 34, 10, 2, 50, 19, 25, 27, 44, 39, 54, 1, 57, 30, 15, 42, 23, 36, 12, 29, 56
52, 24, 51, 13, 45, 38, 14, 28, 9, 35, 43, 48, 41, 39, 47, 18, 11, 44, 27, 25, 19, 50, 2, 10, 34, 53, 46, 49, 17, 6, 37, 59, 8, 4, 5, 33, 32, 31, 26, 54, 1, 57, 30, 20, 58, 16, 7, 21, 3, 55, 40, 22, 15, 42, 23, 36, 12, 29, 56
28, 44, 27, 5, 6, 11, 18, 47, 4, 8, 59, 37, 17, 49, 46, 53, 14, 38, 45, 13, 51, 24, 52, 33, 32, 31, 26, 25, 9, 35, 43, 48, 41, 22, 40, 55, 3, 21, 7, 16, 58, 20, 19, 50, 2, 10, 34, 39, 54, 1, 57, 30, 15, 42, 23, 36, 12, 29, 56
28, 44, 27, 14, 53, 46, 49, 17, 5, 4, 8, 59, 37, 6, 11, 18, 47, 38, 45, 13, 51, 24, 52, 33, 32, 31, 26, 25, 9, 35, 43, 48, 41, 22, 40, 55, 3, 21, 7, 16, 58, 20, 19, 50, 2, 10, 34, 39, 54, 1, 57, 30, 15, 42, 23, 36, 12, 29, 56
47, 18, 11, 44, 27, 25, 19, 50, 2, 10, 34, 53, 46, 49, 17, 6, 37, 59, 8, 4, 5, 33, 32, 31, 26, 20, 58, 16, 7, 21, 3, 55, 40, 22, 41, 48, 43, 35, 9, 28, 14, 38, 45, 13, 51, 24, 52, 39, 54, 1, 57, 30, 15, 42, 23, 36, 12, 29, 56
30, 57, 1, 54, 32, 50, 10, 34, 53, 46, 49, 17, 6, 22, 40, 55, 3, 21, 7, 5, 37, 59, 8, 27, 44, 11, 18, 47, 39, 26, 31, 33, 2, 4, 52, 24, 51, 13, 45, 38, 14, 28, 9, 35, 43, 48, 41, 16, 58, 20, 19, 25, 15, 42, 23, 36, 12, 29, 56
10, 2, 50, 54, 1, 57, 30, 31, 32, 33, 34, 53, 46, 49, 17, 41, 16, 58, 20, 51, 24, 52, 4, 8, 27, 44, 11, 18, 47, 39, 6, 22, 40, 43, 48, 26, 59, 37, 5, 7, 55, 3, 21, 35, 9, 28, 14, 38, 45, 13, 19, 25, 15, 42, 23, 36, 12, 29, 56
6, 22, 40, 55, 3, 21, 17, 49, 46, 53, 34, 33, 32, 31, 30, 57, 1, 54, 50, 10, 2, 7, 5, 37, 59, 26, 39, 47, 18, 11, 44, 27, 8, 4, 52, 24, 51, 13, 45, 38, 14, 28, 9, 35, 43, 48, 41, 16, 58, 20, 19, 25, 15, 42, 23, 36, 12, 29, 56
18, 47, 39, 26, 54, 1, 57, 30, 31, 6, 17, 49, 46, 53, 34, 10, 50, 32, 11, 44, 27, 8, 59, 37, 5, 33, 22, 40, 55, 7, 21, 3, 2, 4, 52, 24, 51, 13, 45, 38, 14, 28, 9, 35, 43, 48, 41, 16, 58, 20, 19, 25, 15, 42, 23, 36, 12, 29, 56
52, 24, 51, 13, 45, 38, 14, 28, 9, 35, 43, 48, 41, 22, 40, 55, 3, 21, 7, 16, 58, 20, 30, 57, 1, 54, 26, 31, 32, 33, 5, 4, 8, 59, 37, 6, 17, 49, 46, 53, 34, 10, 2, 50, 19, 25, 27, 44, 11, 18, 47, 39, 15, 42, 23, 36, 12, 29, 56
33, 32, 30, 57, 1, 54, 50, 2, 10, 34, 53, 46, 49, 17, 41, 16, 58, 20, 51, 24, 52, 4, 8, 27, 44, 11, 18, 47, 39, 6, 22, 40, 31, 7, 5, 37, 59, 26, 48, 43, 55, 3, 21, 35, 9, 28, 14, 38, 45, 13, 19, 25, 15, 42, 23, 36, 12, 29, 56
2, 33, 32, 40, 22, 6, 39, 47, 18, 11, 44, 27, 8, 4, 52, 24, 51, 20, 58, 16, 41, 17, 49, 46, 53, 34, 10, 50, 31, 54, 1, 57, 30, 7, 5, 37, 59, 26, 48, 43, 55, 3, 21, 35, 9, 28, 14, 38, 45, 13, 19, 25, 15, 42, 23, 36, 12, 29, 56
32, 30, 57, 1, 54, 50, 2, 10, 34, 53, 46, 49, 17, 41, 16, 58, 20, 51, 24, 52, 4, 8, 27, 44, 11, 18, 47, 39, 6, 22, 40, 31, 33, 43, 48, 26, 59, 37, 5, 7, 55, 3, 21, 35, 9, 28, 14, 38, 45, 13, 19, 25, 15, 42, 23, 36, 12, 29, 56
28, 44, 27, 25, 26, 31, 32, 33, 52, 24, 51, 13, 45, 38, 47, 18, 11, 6, 5, 4, 8, 59, 37, 17, 49, 46, 53, 14, 9, 35, 43, 48, 41, 22, 40, 55, 3, 21, 7, 16, 58, 20, 19, 50, 2, 10, 34, 39, 54, 1, 57, 30, 15, 42, 23, 36, 12, 29, 56
46, 53, 34, 10, 2, 50, 19, 25, 27, 44, 11, 18, 3, 21, 7, 16, 58, 20, 30, 57, 1, 54, 26, 31, 32, 33, 37, 59, 8, 4, 5, 47, 39, 41, 48, 43, 35, 52, 24, 51, 13, 45, 38, 14, 28, 9, 49, 17, 6, 22, 40, 55, 15, 42, 23, 36, 12, 29, 56
25, 26, 31, 32, 33, 52, 24, 51, 13, 45, 38, 5, 6, 11, 18, 47, 4, 8, 59, 37, 17, 49, 46, 53, 14, 27, 44, 28, 9, 35, 43, 48, 41, 22, 40, 55, 3, 21, 7, 16, 58, 20, 19, 50, 2, 10, 34, 39, 54, 1, 57, 30, 15, 42, 23, 36, 12, 29, 56
21, 17, 49, 46, 53, 34, 10, 50, 31, 54, 1, 57, 30, 32, 33, 2, 7, 5, 37, 59, 26, 3, 55, 40, 22, 6, 39, 47, 18, 11, 44, 27, 8, 4, 52, 24, 51, 13, 45, 38, 14, 28, 9, 35, 43, 48, 41, 16, 58, 20, 19, 25, 15, 42, 23, 36, 12, 29, 56
4, 5, 33, 32, 8, 59, 37, 6, 17, 49, 46, 53, 34, 10, 2, 50, 19, 25, 27, 44, 9, 28, 14, 38, 45, 13, 51, 24, 52, 11, 18, 47, 31, 26, 20, 58, 16, 7, 21, 3, 55, 40, 22, 41, 48, 43, 35, 39, 54, 1, 57, 30, 15, 42, 23, 36, 12, 29, 56
25, 26, 31, 32, 33, 52, 24, 51, 13, 45, 38, 8, 59, 37, 5, 6, 11, 18, 47, 4, 17, 49, 46, 53, 14, 27, 44, 28, 9, 35, 43, 48, 41, 22, 40, 55, 3, 21, 7, 16, 58, 20, 19, 50, 2, 10, 34, 39, 54, 1, 57, 30, 15, 42, 23, 36, 12, 29, 56
52, 24, 51, 13, 45, 38, 14, 28, 9, 35, 43, 48, 41, 22, 40, 55, 3, 21, 7, 16, 58, 20, 26, 31, 32, 33, 5, 4, 8, 59, 37, 6, 17, 49, 46, 53, 34, 10, 2, 50, 19, 25, 27, 44, 11, 18, 47, 39, 54, 1, 57, 30, 15, 42, 23, 36, 12, 29, 56
27, 8, 59, 37, 5, 7, 33, 2, 32, 30, 57, 1, 54, 31, 50, 10, 34, 53, 46, 49, 17, 6, 22, 40, 55, 3, 21, 44, 11, 18, 47, 39, 26, 4, 52, 24, 51, 13, 45, 38, 14, 28, 9, 35, 43, 48, 41, 16, 58, 20, 19, 25, 15, 42, 23, 36, 12, 29, 56
26, 20, 58, 16, 7, 47, 18, 11, 9, 28, 14, 38, 45, 13, 51, 24, 52, 35, 43, 48, 41, 22, 40, 55, 3, 21, 31, 32, 33, 5, 4, 8, 59, 37, 6, 17, 49, 46, 53, 34, 10, 2, 50, 19, 25, 27, 44, 39, 54, 1, 57, 30, 15, 42, 23, 36, 12, 29, 56
6, 22, 40, 55, 3, 21, 17, 49, 46, 53, 34, 33, 2, 32, 30, 57, 1, 54, 31, 50, 10, 7, 5, 37, 59, 8, 27, 44, 11, 18, 47, 39, 26, 4, 52, 24, 51, 13, 45, 38, 14, 28, 9, 35, 43, 48, 41, 16, 58, 20, 19, 25, 15, 42, 23, 36, 12, 29, 56
43, 48, 10, 50, 31, 54, 1, 57, 30, 32, 21, 7, 5, 37, 59, 8, 2, 33, 34, 53, 46, 49, 17, 6, 22, 40, 55, 3, 41, 16, 58, 20, 51, 24, 52, 4, 26, 39, 47, 18, 11, 44, 27, 35, 9, 28, 14, 38, 45, 13, 19, 25, 15, 42, 23, 36, 12, 29, 56
27, 44, 28, 9, 35, 43, 48, 41, 22, 40, 55, 3, 21, 7, 16, 58, 20, 19, 50, 2, 10, 34, 53, 46, 49, 17, 37, 25, 26, 31, 32, 33, 52, 24, 51, 13, 45, 59, 8, 4, 5, 6, 11, 18, 47, 38, 14, 39, 54, 1, 57, 30, 15, 42, 23, 36, 12, 29, 56
28, 44, 27, 25, 26, 31, 32, 33, 52, 24, 51, 13, 45, 38, 47, 18, 11, 6, 37, 59, 14, 53, 46, 49, 17, 5, 4, 8, 9, 35, 43, 48, 41, 22, 40, 55, 3, 21, 7, 16, 58, 20, 19, 50, 2, 10, 34, 39, 54, 1, 57, 30, 15, 42, 23, 36, 12, 29, 56
37, 59, 8, 4, 5, 33, 32, 31, 26, 54, 1, 57, 30, 20, 58, 16, 7, 21, 3, 55, 40, 22, 6, 17, 49, 46, 53, 34, 10, 2, 50, 19, 25, 27, 44, 11, 18, 47, 39, 41, 48, 43, 35, 9, 28, 14, 38, 45, 13, 51, 24, 52, 15, 42, 23, 36, 12, 29, 56
26, 4, 8, 59, 37, 6, 17, 49, 46, 53, 34, 10, 2, 50, 19, 25, 27, 44, 52, 24, 51, 13, 45, 38, 14, 28, 31, 32, 9, 11, 18, 47, 33, 5, 20, 58, 16, 7, 21, 3, 55, 40, 22, 41, 48, 43, 35, 39, 54, 1, 57, 30, 15, 42, 23, 36, 12, 29, 56
3, 21, 7, 55, 40, 22, 33, 5, 37, 59, 8, 27, 44, 11, 18, 47, 39, 26, 54, 1, 57, 30, 31, 6, 17, 49, 46, 53, 34, 10, 2, 50, 32, 4, 52, 24, 51, 13, 45, 38, 14, 28, 9, 35, 43, 48, 41, 16, 58, 20, 19, 25, 15, 42, 23, 36, 12, 29, 56
9, 28, 14, 38, 45, 13, 51, 24, 52, 35, 43, 48, 41, 18, 11, 44, 27, 25, 19, 50, 2, 55, 40, 22, 6, 17, 49, 46, 53, 34, 10, 3, 21, 7, 16, 58, 20, 30, 57, 1, 54, 26, 31, 32, 33, 37, 59, 8, 39, 47, 5, 4, 15, 42, 23, 36, 12, 29, 56
28, 44, 27, 25, 26, 31, 32, 33, 52, 24, 51, 13, 45, 38, 8, 59, 37, 5, 6, 11, 18, 47, 4, 17, 49, 46, 53, 14, 9, 35, 43, 48, 41, 22, 40, 55, 3, 21, 7, 16, 58, 20, 19, 50, 2, 10, 34, 39, 54, 1, 57, 30, 15, 42, 23, 36, 12, 29, 56
25, 26, 31, 32, 33, 52, 24, 51, 13, 45, 38, 47, 18, 11, 6, 5, 4, 8, 59, 37, 17, 49, 46, 53, 14, 27, 44, 28, 9, 35, 43, 48, 41, 22, 40, 55, 3, 21, 7, 16, 58, 20, 19, 50, 2, 10, 34, 39, 54, 1, 57, 30, 15, 42, 23, 36, 12, 29, 56
28, 44, 27, 14, 53, 46, 49, 17, 37, 59, 8, 4, 5, 6, 11, 18, 47, 38, 45, 13, 51, 24, 52, 33, 32, 31, 26, 25, 9, 35, 43, 48, 41, 22, 40, 55, 3, 21, 7, 16, 58, 20, 19, 50, 2, 10, 34, 39, 54, 1, 57, 30, 15, 42, 23, 36, 12, 29, 56
28, 44, 27, 8, 59, 37, 17, 49, 46, 53, 14, 4, 47, 18, 11, 6, 5, 38, 45, 13, 51, 24, 52, 33, 32, 31, 26, 25, 9, 35, 43, 48, 41, 22, 40, 55, 3, 21, 7, 16, 58, 20, 19, 50, 2, 10, 34, 39, 54, 1, 57, 30, 15, 42, 23, 36, 12, 29, 56
30, 57, 1, 54, 26, 31, 32, 33, 5, 4, 8, 59, 37, 6, 17, 49, 46, 53, 34, 10, 2, 50, 19, 25, 27, 44, 11, 18, 47, 39, 20, 58, 16, 7, 21, 3, 55, 40, 22, 41, 48, 43, 35, 9, 28, 14, 38, 45, 13, 51, 24, 52, 15, 42, 23, 36, 12, 29, 56
10, 50, 31, 54, 1, 57, 30, 32, 2, 33, 34, 53, 46, 49, 17, 41, 16, 58, 20, 51, 24, 52, 4, 8, 27, 44, 11, 18, 47, 39, 6, 22, 40, 43, 48, 26, 59, 37, 5, 7, 55, 3, 21, 35, 9, 28, 14, 38, 45, 13, 19, 25, 15, 42, 23, 36, 12, 29, 56
31, 32, 8, 59, 37, 6, 17, 49, 46, 53, 34, 10, 2, 50, 19, 25, 27, 44, 9, 28, 14, 38, 45, 13, 51, 24, 52, 11, 18, 47, 33, 26, 4, 5, 20, 58, 16, 7, 21, 3, 55, 40, 22, 41, 48, 43, 35, 39, 54, 1, 57, 30, 15, 42, 23, 36, 12, 29, 56
26, 59, 37, 5, 7, 10, 50, 31, 54, 1, 57, 30, 32, 33, 2, 34, 53, 46, 49, 17, 21, 3, 55, 40, 22, 6, 39, 47, 18, 11, 44, 27, 8, 4, 52, 24, 51, 13, 45, 38, 14, 28, 9, 35, 43, 48, 41, 16, 58, 20, 19, 25, 15, 42, 23, 36, 12, 29, 56
9, 28, 14, 38, 45, 13, 51, 24, 52, 35, 43, 48, 41, 16, 58, 20, 30, 57, 1, 54, 26, 31, 32, 33, 37, 59, 8, 4, 5, 7, 21, 3, 18, 11, 44, 27, 25, 19, 50, 2, 10, 34, 53, 46, 49, 17, 39, 47, 55, 40, 22, 6, 15, 42, 23, 36, 12, 29, 56
43, 48, 10, 50, 31, 54, 1, 57, 30, 32, 21, 7, 5, 37, 59, 8, 27, 44, 11, 18, 47, 39, 26, 4, 52, 24, 51, 20, 58, 16, 41, 3, 55, 40, 22, 6, 17, 49, 46, 53, 34, 33, 2, 35, 9, 28, 14, 38, 45, 13, 19, 25, 15, 42, 23, 36, 12, 29, 56
9, 28, 14, 38, 45, 13, 51, 24, 52, 35, 43, 48, 41, 16, 58, 20, 30, 57, 1, 54, 26, 39, 47, 55, 40, 22, 6, 17, 49, 46, 53, 34, 10, 2, 50, 19, 25, 27, 44, 11, 18, 3, 21, 7, 5, 37, 59, 8, 4, 33, 32, 31, 15, 42, 23, 36, 12, 29, 56
5, 37, 59, 8, 27, 7, 33, 32, 31, 30, 57, 1, 54, 50, 2, 10, 34, 53, 46, 49, 17, 21, 3, 55, 40, 22, 6, 44, 11, 18, 47, 39, 26, 4, 52, 24, 51, 13, 45, 38, 14, 28, 9, 35, 43, 48, 41, 16, 58, 20, 19, 25, 15, 42, 23, 36, 12, 29, 56
6, 22, 40, 55, 3, 21, 17, 49, 46, 53, 34, 10, 50, 31, 54, 1, 57, 30, 32, 2, 33, 7, 5, 37, 59, 8, 27, 44, 11, 18, 47, 39, 26, 4, 52, 24, 51, 13, 45, 38, 14, 28, 9, 35, 43, 48, 41, 16, 58, 20, 19, 25, 15, 42, 23, 36, 12, 29, 56
26, 20, 58, 16, 7, 21, 3, 55, 40, 22, 41, 48, 43, 35, 9, 28, 14, 38, 45, 13, 51, 24, 52, 11, 18, 47, 31, 32, 33, 5, 4, 8, 59, 37, 6, 17, 49, 46, 53, 34, 10, 2, 50, 19, 25, 27, 44, 39, 54, 1, 57, 30, 15, 42, 23, 36, 12, 29, 56
5, 37, 59, 8, 27, 7, 2, 10, 50, 54, 1, 57, 30, 31, 32, 33, 34, 53, 46, 49, 17, 6, 22, 40, 55, 3, 21, 44, 11, 18, 47, 39, 26, 4, 52, 24, 51, 13, 45, 38, 14, 28, 9, 35, 43, 48, 41, 16, 58, 20, 19, 25, 15, 42, 23, 36, 12, 29, 56
28, 44, 27, 25, 26, 31, 32, 33, 52, 24, 51, 13, 45, 38, 5, 6, 11, 18, 47, 4, 8, 59, 37, 17, 49, 46, 53, 14, 9, 35, 43, 48, 41, 22, 40, 55, 3, 21, 7, 16, 58, 20, 19, 50, 2, 10, 34, 39, 54, 1, 57, 30, 15, 42, 23, 36, 12, 29, 56
52, 24, 51, 13, 45, 38, 14, 28, 9, 35, 43, 48, 41, 16, 58, 20, 30, 57, 1, 54, 26, 6, 22, 40, 55, 47, 39, 17, 49, 46, 53, 34, 10, 2, 50, 19, 25, 27, 44, 11, 18, 3, 21, 7, 4, 8, 59, 37, 5, 33, 32, 31, 15, 42, 23, 36, 12, 29, 56
19, 25, 27, 44, 11, 18, 41, 48, 43, 35, 52, 24, 51, 13, 45, 38, 14, 28, 9, 50, 2, 55, 40, 22, 6, 17, 49, 46, 53, 34, 10, 3, 21, 7, 16, 58, 20, 30, 57, 1, 54, 26, 31, 32, 33, 37, 59, 8, 4, 5, 47, 39, 15, 42, 23, 36, 12, 29, 56
8, 47, 18, 11, 4, 27, 44, 28, 59, 37, 5, 6, 17, 49, 46, 53, 14, 38, 45, 13, 51, 24, 52, 33, 32, 31, 26, 25, 9, 35, 43, 48, 41, 22, 40, 55, 3, 21, 7, 16, 58, 20, 19, 50, 2, 10, 34, 39, 54, 1, 57, 30, 15, 42, 23, 36, 12, 29, 56
28, 44, 27, 8, 4, 14, 53, 46, 49, 17, 6, 59, 37, 5, 11, 18, 47, 38, 45, 13, 51, 24, 52, 33, 32, 31, 26, 25, 9, 35, 43, 48, 41, 22, 40, 55, 3, 21, 7, 16, 58, 20, 19, 50, 2, 10, 34, 39, 54, 1, 57, 30, 15, 42, 23, 36, 12, 29, 56
28, 44, 27, 25, 26, 31, 32, 33, 52, 24, 51, 13, 45, 38, 47, 18, 11, 6, 5, 4, 14, 53, 46, 49, 17, 37, 59, 8, 9, 35, 43, 48, 41, 22, 40, 55, 3, 21, 7, 16, 58, 20, 19, 50, 2, 10, 34, 39, 54, 1, 57, 30, 15, 42, 23, 36, 12, 29, 56
43, 48, 5, 37, 59, 8, 27, 7, 2, 33, 32, 30, 57, 1, 54, 31, 50, 10, 34, 53, 46, 49, 17, 21, 3, 55, 40, 22, 6, 44, 11, 18, 47, 39, 26, 4, 52, 24, 51, 20, 58, 16, 41, 35, 9, 28, 14, 38, 45, 13, 19, 25, 15, 42, 23, 36, 12, 29, 56
6, 37, 59, 8, 4, 26, 17, 49, 46, 53, 34, 10, 2, 50, 19, 25, 27, 44, 52, 24, 51, 13, 45, 38, 14, 28, 31, 33, 9, 11, 18, 47, 32, 5, 20, 58, 16, 7, 21, 3, 55, 40, 22, 41, 48, 43, 35, 39, 54, 1, 57, 30, 15, 42, 23, 36, 12, 29, 56
26, 59, 37, 5, 7, 10, 50, 31, 54, 1, 57, 30, 32, 2, 33, 34, 53, 46, 49, 17, 21, 3, 55, 40, 22, 6, 39, 47, 18, 11, 44, 27, 8, 4, 52, 24, 51, 13, 45, 38, 14, 28, 9, 35, 43, 48, 41, 16, 58, 20, 19, 25, 15, 42, 23, 36, 12, 29, 56
28, 44, 27, 14, 53, 46, 49, 17, 4, 8, 59, 37, 5, 6, 11, 18, 47, 38, 45, 13, 51, 24, 52, 33, 32, 31, 26, 25, 9, 35, 43, 48, 41, 22, 40, 55, 3, 21, 7, 16, 58, 20, 19, 50, 2, 10, 34, 39, 54, 1, 57, 30, 15, 42, 23, 36, 12, 29, 56
2, 10, 50, 54, 1, 57, 30, 31, 32, 33, 34, 53, 46, 49, 17, 41, 16, 58, 20, 51, 24, 52, 4, 8, 27, 44, 11, 18, 47, 39, 6, 22, 40, 7, 5, 37, 59, 26, 48, 43, 55, 3, 21, 35, 9, 28, 14, 38, 45, 13, 19, 25, 15, 42, 23, 36, 12, 29, 56
25, 19, 50, 2, 10, 34, 53, 46, 18, 3, 21, 7, 16, 58, 20, 30, 57, 1, 54, 26, 31, 32, 33, 14, 28, 27, 44, 11, 9, 35, 43, 48, 41, 39, 47, 5, 4, 8, 59, 37, 38, 45, 13, 51, 24, 52, 49, 17, 6, 22, 40, 55, 15, 42, 23, 36, 12, 29, 56
18, 11, 6, 5, 38, 45, 13, 51, 24, 52, 33, 32, 31, 26, 25, 27, 44, 28, 47, 37, 59, 8, 4, 17, 49, 46, 53, 14, 9, 35, 43, 48, 41, 22, 40, 55, 3, 21, 7, 16, 58, 20, 19, 50, 2, 10, 34, 39, 54, 1, 57, 30, 15, 42, 23, 36, 12, 29, 56
2, 33, 32, 38, 14, 30, 57, 1, 54, 31, 50, 10, 34, 53, 46, 49, 28, 9, 4, 8, 27, 44, 3, 21, 17, 55, 40, 22, 6, 39, 47, 18, 11, 7, 5, 37, 59, 26, 45, 13, 51, 24, 52, 35, 43, 48, 41, 16, 58, 20, 19, 25, 15, 42, 23, 36, 12, 29, 56
30, 57, 1, 54, 31, 50, 55, 40, 38, 14, 28, 9, 4, 8, 27, 44, 11, 18, 3, 10, 34, 53, 46, 49, 17, 6, 22, 32, 33, 2, 47, 39, 21, 7, 5, 37, 59, 26, 45, 13, 51, 24, 52, 35, 43, 48, 41, 16, 58, 20, 19, 25, 15, 42, 23, 36, 12, 29, 56
21, 17, 49, 46, 53, 34, 10, 2, 50, 54, 1, 57, 30, 31, 32, 33, 7, 5, 37, 59, 26, 3, 55, 40, 22, 6, 39, 47, 18, 11, 44, 27, 8, 4, 52, 24, 51, 13, 45, 38, 14, 28, 9, 35, 43, 48, 41, 16, 58, 20, 19, 25, 15, 42, 23, 36, 12, 29, 56
27, 8, 59, 37, 5, 7, 10, 50, 31, 54, 1, 57, 30, 32, 33, 2, 34, 53, 46, 49, 17, 21, 3, 55, 40, 22, 6, 44, 11, 18, 47, 39, 26, 4, 52, 24, 51, 13, 45, 38, 14, 28, 9, 35, 43, 48, 41, 16, 58, 20, 19, 25, 15, 42, 23, 36, 12, 29, 56
24, 52, 4, 8, 27, 44, 11, 18, 47, 39, 6, 22, 40, 55, 3, 21, 17, 49, 46, 53, 34, 10, 50, 31, 51, 20, 58, 16, 41, 48, 43, 54, 1, 57, 30, 32, 2, 33, 7, 5, 37, 59, 26, 35, 9, 28, 14, 38, 45, 13, 19, 25, 15, 42, 23, 36, 12, 29, 56
37, 17, 49, 46, 53, 34, 10, 2, 50, 19, 20, 58, 16, 7, 21, 3, 55, 40, 22, 41, 48, 43, 35, 9, 28, 44, 27, 25, 26, 31, 32, 33, 52, 24, 51, 13, 45, 59, 8, 4, 47, 18, 11, 6, 5, 38, 14, 39, 54, 1, 57, 30, 15, 42, 23, 36, 12, 29, 56
25, 26, 31, 32, 33, 52, 24, 51, 13, 45, 38, 47, 18, 11, 5, 37, 59, 6, 17, 49, 46, 53, 14, 4, 8, 27, 44, 28, 9, 35, 43, 48, 41, 22, 40, 55, 3, 21, 7, 16, 58, 20, 19, 50, 2, 10, 34, 39, 54, 1, 57, 30, 15, 42, 23, 36, 12, 29, 56
47, 18, 11, 52, 24, 51, 13, 45, 38, 14, 28, 9, 35, 43, 48, 41, 22, 40, 55, 3, 21, 7, 16, 58, 20, 26, 31, 32, 33, 5, 4, 8, 59, 37, 6, 17, 49, 46, 53, 34, 10, 2, 50, 19, 25, 27, 44, 39, 54, 1, 57, 30, 15, 42, 23, 36, 12, 29, 56
52, 24, 51, 13, 45, 38, 14, 28, 9, 35, 43, 48, 41, 16, 58, 20, 30, 57, 1, 54, 26, 39, 47, 55, 40, 22, 6, 17, 49, 46, 53, 34, 10, 2, 50, 19, 25, 27, 44, 11, 18, 3, 21, 7, 37, 59, 8, 4, 5, 33, 32, 31, 15, 42, 23, 36, 12, 29, 56
43, 48, 10, 50, 31, 54, 1, 57, 30, 32, 21, 7, 5, 37, 59, 8, 33, 2, 34, 53, 46, 49, 17, 6, 22, 40, 55, 3, 41, 16, 58, 20, 51, 24, 52, 4, 26, 39, 47, 18, 11, 44, 27, 35, 9, 28, 14, 38, 45, 13, 19, 25, 15, 42, 23, 36, 12, 29, 56
6, 22, 40, 55, 3, 21, 17, 49, 46, 53, 34, 43, 48, 31, 30, 57, 1, 54, 32, 50, 10, 7, 5, 37, 59, 26, 39, 47, 18, 11, 44, 27, 8, 33, 2, 4, 52, 24, 51, 20, 58, 16, 41, 35, 9, 28, 14, 38, 45, 13, 19, 25, 15, 42, 23, 36, 12, 29, 56
6, 37, 59, 8, 32, 31, 17, 49, 46, 53, 34, 10, 2, 50, 19, 25, 27, 44, 9, 28, 14, 38, 45, 13, 51, 24, 52, 11, 18, 47, 33, 26, 4, 5, 20, 58, 16, 7, 21, 3, 55, 40, 22, 41, 48, 43, 35, 39, 54, 1, 57, 30, 15, 42, 23, 36, 12, 29, 56
27, 8, 59, 37, 5, 7, 10, 50, 31, 54, 1, 57, 30, 32, 2, 33, 34, 53, 46, 49, 17, 6, 22, 40, 55, 3, 21, 44, 11, 18, 47, 39, 26, 4, 52, 24, 51, 13, 45, 38, 14, 28, 9, 35, 43, 48, 41, 16, 58, 20, 19, 25, 15, 42, 23, 36, 12, 29, 56
27, 8, 59, 37, 5, 7, 10, 2, 50, 54, 1, 57, 30, 31, 32, 33, 34, 53, 46, 49, 17, 21, 3, 55, 40, 22, 6, 44, 11, 18, 47, 39, 26, 4, 52, 24, 51, 13, 45, 38, 14, 28, 9, 35, 43, 48, 41, 16, 58, 20, 19, 25, 15, 42, 23, 36, 12, 29, 56
4, 33, 32, 31, 8, 59, 37, 5, 7, 21, 3, 18, 11, 44, 27, 25, 19, 50, 2, 10, 34, 53, 46, 49, 17, 39, 47, 55, 40, 22, 6, 26, 54, 1, 57, 30, 20, 58, 16, 41, 48, 43, 35, 9, 28, 14, 38, 45, 13, 51, 24, 52, 15, 42, 23, 36, 12, 29, 56
9, 28, 14, 38, 45, 13, 51, 24, 52, 35, 43, 48, 41, 18, 11, 44, 27, 25, 19, 50, 2, 55, 40, 22, 6, 17, 49, 46, 53, 34, 10, 3, 21, 7, 16, 58, 20, 30, 57, 1, 54, 26, 31, 32, 33, 37, 59, 8, 4, 5, 47, 39, 15, 42, 23, 36, 12, 29, 56
4, 5, 33, 32, 3, 55, 40, 21, 7, 37, 59, 8, 57, 1, 54, 26, 39, 47, 18, 11, 44, 27, 22, 6, 17, 49, 46, 53, 34, 10, 50, 2, 31, 9, 28, 14, 38, 45, 13, 51, 24, 52, 35, 43, 48, 41, 16, 58, 20, 30, 19, 25, 15, 42, 23, 36, 12, 29, 56
16, 41, 17, 49, 46, 53, 34, 10, 2, 50, 54, 1, 57, 30, 32, 33, 58, 20, 51, 24, 52, 4, 8, 27, 44, 11, 18, 47, 39, 6, 22, 40, 31, 7, 5, 37, 59, 26, 48, 43, 55, 3, 21, 35, 9, 28, 14, 38, 45, 13, 19, 25, 15, 42, 23, 36, 12, 29, 56
5, 37, 59, 8, 27, 7, 21, 3, 55, 40, 22, 6, 17, 49, 46, 53, 34, 10, 50, 31, 54, 1, 57, 30, 32, 2, 33, 44, 11, 18, 47, 39, 26, 4, 52, 24, 51, 13, 45, 38, 14, 28, 9, 35, 43, 48, 41, 16, 58, 20, 19, 25, 15, 42, 23, 36, 12, 29, 56
14, 30, 57, 1, 54, 2, 50, 10, 39, 47, 18, 11, 44, 27, 38, 31, 34, 53, 46, 49, 17, 28, 32, 55, 40, 22, 6, 33, 9, 7, 21, 8, 4, 3, 5, 37, 59, 26, 45, 13, 51, 24, 52, 35, 43, 48, 41, 16, 58, 20, 19, 25, 15, 42, 23, 36, 12, 29, 56
16, 41, 17, 49, 46, 53, 34, 10, 2, 50, 54, 1, 57, 30, 31, 32, 58, 20, 51, 24, 52, 4, 8, 27, 44, 11, 18, 47, 39, 6, 22, 40, 33, 43, 48, 26, 59, 37, 5, 7, 55, 3, 21, 35, 9, 28, 14, 38, 45, 13, 19, 25, 15, 42, 23, 36, 12, 29, 56
33, 40, 22, 6, 39, 47, 18, 11, 44, 27, 8, 4, 52, 24, 51, 20, 58, 32, 31, 30, 57, 1, 54, 50, 2, 10, 34, 53, 46, 49, 17, 41, 16, 7, 5, 37, 59, 26, 48, 43, 55, 3, 21, 35, 9, 28, 14, 38, 45, 13, 19, 25, 15, 42, 23, 36, 12, 29, 56
2, 33, 32, 30, 57, 1, 54, 31, 50, 10, 34, 53, 46, 49, 17, 41, 16, 58, 20, 51, 24, 52, 4, 8, 27, 44, 11, 18, 47, 39, 6, 22, 40, 43, 48, 26, 59, 37, 5, 7, 55, 3, 21, 35, 9, 28, 14, 38, 45, 13, 19, 25, 15, 42, 23, 36, 12, 29, 56
26, 59, 37, 5, 7, 2, 10, 50, 54, 1, 57, 30, 31, 32, 33, 34, 53, 46, 49, 17, 6, 22, 40, 55, 3, 21, 39, 47, 18, 11, 44, 27, 8, 4, 52, 24, 51, 13, 45, 38, 14, 28, 9, 35, 43, 48, 41, 16, 58, 20, 19, 25, 15, 42, 23, 36, 12, 29, 56
32, 30, 57, 1, 54, 50, 2, 10, 34, 53, 46, 49, 17, 41, 16, 58, 20, 51, 24, 52, 4, 8, 27, 44, 11, 18, 47, 39, 6, 22, 40, 31, 33, 7, 5, 37, 59, 26, 48, 43, 55, 3, 21, 35, 9, 28, 14, 38, 45, 13, 19, 25, 15, 42, 23, 36, 12, 29, 56
18, 47, 39, 26, 32, 33, 2, 48, 43, 6, 17, 49, 46, 53, 34, 10, 50, 31, 11, 44, 27, 8, 59, 37, 5, 7, 21, 3, 55, 40, 22, 54, 1, 57, 30, 4, 52, 24, 51, 20, 58, 16, 41, 35, 9, 28, 14, 38, 45, 13, 19, 25, 15, 42, 23, 36, 12, 29, 56
18, 11, 6, 5, 38, 45, 13, 51, 24, 52, 33, 32, 31, 26, 25, 27, 44, 28, 47, 4, 8, 59, 37, 17, 49, 46, 53, 14, 9, 35, 43, 48, 41, 22, 40, 55, 3, 21, 7, 16, 58, 20, 19, 50, 2, 10, 34, 39, 54, 1, 57, 30, 15, 42, 23, 36, 12, 29, 56
28, 44, 27, 14, 53, 46, 49, 17, 37, 59, 8, 4, 47, 18, 11, 6, 5, 38, 45, 13, 51, 24, 52, 33, 32, 31, 26, 25, 9, 35, 43, 48, 41, 22, 40, 55, 3, 21, 7, 16, 58, 20, 19, 50, 2, 10, 34, 39, 54, 1, 57, 30, 15, 42, 23, 36, 12, 29, 56
9, 11, 18, 47, 7, 16, 58, 20, 26, 28, 14, 38, 45, 13, 51, 24, 52, 35, 43, 48, 41, 22, 40, 55, 3, 21, 31, 32, 33, 5, 4, 8, 59, 37, 6, 17, 49, 46, 53, 34, 10, 2, 50, 19, 25, 27, 44, 39, 54, 1, 57, 30, 15, 42, 23, 36, 12, 29, 56
5, 37, 59, 8, 27, 7, 2, 33, 32, 30, 57, 1, 54, 31, 50, 10, 34, 53, 46, 49, 17, 21, 3, 55, 40, 22, 6, 44, 11, 18, 47, 39, 26, 4, 52, 24, 51, 13, 45, 38, 14, 28, 9, 35, 43, 48, 41, 16, 58, 20, 19, 25, 15, 42, 23, 36, 12, 29, 56
33, 30, 57, 1, 54, 50, 2, 10, 34, 53, 46, 49, 17, 41, 16, 58, 20, 51, 24, 52, 4, 8, 27, 44, 11, 18, 47, 39, 6, 22, 40, 31, 32, 43, 48, 26, 59, 37, 5, 7, 55, 3, 21, 35, 9, 28, 14, 38, 45, 13, 19, 25, 15, 42, 23, 36, 12, 29, 56
28, 44, 27, 25, 26, 31, 32, 33, 52, 24, 51, 13, 45, 38, 47, 18, 11, 37, 59, 8, 4, 5, 14, 53, 46, 49, 17, 6, 9, 35, 43, 48, 41, 22, 40, 55, 3, 21, 7, 16, 58, 20, 19, 50, 2, 10, 34, 39, 54, 1, 57, 30, 15, 42, 23, 36, 12, 29, 56
4, 5, 33, 32, 3, 55, 40, 21, 7, 37, 59, 8, 57, 1, 54, 26, 39, 47, 18, 11, 44, 27, 22, 6, 17, 49, 46, 53, 34, 10, 50, 2, 31, 52, 24, 51, 13, 45, 38, 14, 28, 30, 20, 58, 16, 41, 48, 43, 35, 9, 19, 25, 15, 42, 23, 36, 12, 29, 56
28, 44, 27, 8, 4, 6, 17, 49, 46, 53, 14, 59, 37, 5, 11, 18, 47, 38, 45, 13, 51, 24, 52, 33, 32, 31, 26, 25, 9, 35, 43, 48, 41, 22, 40, 55, 3, 21, 7, 16, 58, 20, 19, 50, 2, 10, 34, 39, 54, 1, 57, 30, 15, 42, 23, 36, 12, 29, 56
24, 52, 35, 43, 48, 41, 22, 40, 55, 3, 21, 45, 38, 14, 28, 26, 20, 58, 16, 7, 47, 18, 11, 9, 51, 13, 31, 32, 33, 5, 4, 8, 59, 37, 6, 17, 49, 46, 53, 34, 10, 2, 50, 19, 25, 27, 44, 39, 54, 1, 57, 30, 15, 42, 23, 36, 12, 29, 56
33, 40, 22, 6, 39, 47, 18, 11, 44, 27, 8, 4, 52, 24, 51, 20, 58, 32, 31, 30, 57, 1, 54, 50, 2, 10, 34, 53, 46, 49, 17, 41, 16, 43, 48, 26, 59, 37, 5, 7, 55, 3, 21, 35, 9, 28, 14, 38, 45, 13, 19, 25, 15, 42, 23, 36, 12, 29, 56
16, 41, 17, 49, 46, 53, 34, 10, 2, 50, 54, 1, 57, 30, 31, 33, 58, 20, 51, 24, 52, 4, 8, 27, 44, 11, 18, 47, 39, 6, 22, 40, 32, 7, 5, 37, 59, 26, 48, 43, 55, 3, 21, 35, 9, 28, 14, 38, 45, 13, 19, 25, 15, 42, 23, 36, 12, 29, 56
22, 6, 17, 49, 46, 53, 34, 2, 33, 32, 30, 57, 1, 54, 31, 50, 10, 7, 5, 37, 59, 26, 40, 55, 3, 21, 39, 47, 18, 11, 44, 27, 8, 4, 52, 24, 51, 13, 45, 38, 14, 28, 9, 35, 43, 48, 41, 16, 58, 20, 19, 25, 15, 42, 23, 36, 12, 29, 56
9, 28, 14, 38, 45, 13, 51, 24, 52, 35, 43, 48, 41, 16, 58, 20, 30, 57, 1, 54, 26, 6, 22, 40, 55, 47, 39, 17, 49, 46, 53, 34, 10, 2, 50, 19, 25, 27, 44, 11, 18, 3, 21, 7, 5, 37, 59, 8, 4, 33, 32, 31, 15, 42, 23, 36, 12, 29, 56
52, 24, 51, 13, 45, 38, 14, 28, 9, 35, 43, 48, 41, 39, 47, 5, 4, 8, 59, 37, 33, 32, 31, 26, 54, 1, 57, 30, 20, 58, 16, 7, 21, 3, 18, 11, 44, 27, 25, 19, 50, 2, 10, 34, 53, 46, 49, 17, 6, 22, 40, 55, 15, 42, 23, 36, 12, 29, 56
7, 5, 37, 59, 26, 48, 43, 10, 50, 31, 54, 1, 57, 6, 22, 40, 55, 3, 21, 39, 47, 18, 11, 44, 27, 8, 4, 52, 24, 51, 20, 58, 16, 41, 17, 49, 46, 53, 34, 2, 33, 32, 30, 35, 9, 28, 14, 38, 45, 13, 19, 25, 15, 42, 23, 36, 12, 29, 56
6, 22, 40, 31, 32, 33, 39, 47, 18, 11, 44, 27, 8, 4, 52, 24, 51, 20, 58, 16, 41, 17, 49, 46, 53, 34, 10, 2, 50, 54, 1, 57, 30, 7, 5, 37, 59, 26, 48, 43, 55, 3, 21, 35, 9, 28, 14, 38, 45, 13, 19, 25, 15, 42, 23, 36, 12, 29, 56
28, 44, 27, 6, 17, 49, 46, 53, 14, 4, 8, 59, 37, 5, 11, 18, 47, 38, 45, 13, 51, 24, 52, 33, 32, 31, 26, 25, 9, 35, 43, 48, 41, 22, 40, 55, 3, 21, 7, 16, 58, 20, 19, 50, 2, 10, 34, 39, 54, 1, 57, 30, 15, 42, 23, 36, 12, 29, 56
28, 44, 27, 8, 59, 37, 5, 6, 11, 18, 47, 4, 17, 49, 46, 53, 14, 38, 45, 13, 51, 24, 52, 33, 32, 31, 26, 25, 9, 35, 43, 48, 41, 22, 40, 55, 3, 21, 7, 16, 58, 20, 19, 50, 2, 10, 34, 39, 54, 1, 57, 30, 15, 42, 23, 36, 12, 29, 56
33, 40, 22, 6, 39, 47, 18, 11, 44, 27, 8, 4, 52, 24, 51, 20, 58, 16, 41, 17, 49, 46, 53, 34, 10, 2, 50, 54, 1, 57, 30, 31, 32, 43, 48, 26, 59, 37, 5, 7, 55, 3, 21, 35, 9, 28, 14, 38, 45, 13, 19, 25, 15, 42, 23, 36, 12, 29, 56
28, 44, 27, 14, 53, 46, 49, 17, 4, 5, 6, 11, 18, 47, 37, 59, 8, 38, 45, 13, 51, 24, 52, 33, 32, 31, 26, 25, 9, 35, 43, 48, 41, 22, 40, 55, 3, 21, 7, 16, 58, 20, 19, 50, 2, 10, 34, 39, 54, 1, 57, 30, 15, 42, 23, 36, 12, 29, 56
28, 44, 27, 25, 26, 31, 32, 33, 52, 24, 51, 13, 45, 38, 5, 6, 11, 18, 47, 4, 14, 53, 46, 49, 17, 37, 59, 8, 9, 35, 43, 48, 41, 22, 40, 55, 3, 21, 7, 16, 58, 20, 19, 50, 2, 10, 34, 39, 54, 1, 57, 30, 15, 42, 23, 36, 12, 29, 56
33, 31, 30, 57, 1, 54, 50, 2, 10, 34, 53, 46, 49, 17, 41, 16, 58, 20, 51, 24, 52, 4, 8, 27, 44, 11, 18, 47, 39, 6, 22, 40, 32, 7, 5, 37, 59, 26, 48, 43, 55, 3, 21, 35, 9, 28, 14, 38, 45, 13, 19, 25, 15, 42, 23, 36, 12, 29, 56
9, 28, 14, 38, 45, 13, 51, 24, 52, 35, 43, 48, 41, 16, 58, 20, 30, 57, 1, 54, 26, 31, 32, 33, 37, 59, 8, 4, 5, 7, 21, 3, 18, 11, 44, 27, 25, 19, 50, 2, 10, 34, 53, 46, 49, 17, 6, 22, 40, 55, 47, 39, 15, 42, 23, 36, 12, 29, 56
21, 3, 55, 40, 22, 6, 17, 49, 46, 53, 34, 10, 50, 31, 54, 1, 57, 30, 32, 2, 33, 7, 5, 37, 59, 8, 27, 44, 11, 18, 47, 39, 26, 4, 52, 24, 51, 13, 45, 38, 14, 28, 9, 35, 43, 48, 41, 16, 58, 20, 19, 25, 15, 42, 23, 36, 12, 29, 56
30, 57, 1, 54, 32, 50, 10, 34, 53, 46, 49, 17, 6, 22, 40, 55, 3, 21, 7, 5, 37, 59, 26, 39, 47, 18, 11, 44, 27, 8, 31, 33, 2, 4, 52, 24, 51, 13, 45, 38, 14, 28, 9, 35, 43, 48, 41, 16, 58, 20, 19, 25, 15, 42, 23, 36, 12, 29, 56
28, 44, 27, 8, 59, 37, 47, 18, 11, 6, 5, 4, 17, 49, 46, 53, 14, 38, 45, 13, 51, 24, 52, 33, 32, 31, 26, 25, 9, 35, 43, 48, 41, 22, 40, 55, 3, 21, 7, 16, 58, 20, 19, 50, 2, 10, 34, 39, 54, 1, 57, 30, 15, 42, 23, 36, 12, 29, 56
16, 7, 21, 3, 18, 11, 44, 27, 25, 19, 50, 2, 10, 34, 53, 46, 58, 20, 30, 57, 1, 54, 26, 31, 32, 33, 37, 59, 8, 4, 5, 47, 39, 41, 48, 43, 35, 52, 24, 51, 13, 45, 38, 14, 28, 9, 49, 17, 6, 22, 40, 55, 15, 42, 23, 36, 12, 29, 56
5, 37, 59, 8, 27, 7, 10, 50, 31, 54, 1, 57, 30, 32, 33, 2, 34, 53, 46, 49, 17, 6, 22, 40, 55, 3, 21, 44, 11, 18, 47, 39, 26, 4, 52, 24, 51, 13, 45, 38, 14, 28, 9, 35, 43, 48, 41, 16, 58, 20, 19, 25, 15, 42, 23, 36, 12, 29, 56
6, 22, 40, 31, 32, 33, 39, 47, 18, 11, 44, 27, 8, 4, 52, 24, 51, 20, 58, 16, 41, 17, 49, 46, 53, 34, 10, 2, 50, 54, 1, 57, 30, 43, 48, 26, 59, 37, 5, 7, 55, 3, 21, 35, 9, 28, 14, 38, 45, 13, 19, 25, 15, 42, 23, 36, 12, 29, 56
33, 47, 18, 11, 9, 32, 31, 26, 4, 8, 59, 37, 6, 17, 49, 46, 53, 34, 10, 2, 50, 19, 25, 27, 44, 52, 24, 51, 13, 45, 38, 14, 28, 5, 20, 58, 16, 7, 21, 3, 55, 40, 22, 41, 48, 43, 35, 39, 54, 1, 57, 30, 15, 42, 23, 36, 12, 29, 56
19, 25, 27, 44, 11, 18, 41, 48, 43, 35, 52, 24, 51, 13, 45, 38, 14, 28, 9, 50, 2, 10, 34, 53, 46, 49, 17, 6, 22, 40, 55, 3, 21, 7, 16, 58, 20, 30, 57, 1, 54, 26, 31, 32, 33, 37, 59, 8, 4, 5, 47, 39, 15, 42, 23, 36, 12, 29, 56
22, 6, 17, 49, 46, 53, 34, 33, 32, 31, 30, 57, 1, 54, 50, 10, 2, 7, 5, 37, 59, 26, 40, 55, 3, 21, 39, 47, 18, 11, 44, 27, 8, 4, 52, 24, 51, 13, 45, 38, 14, 28, 9, 35, 43, 48, 41, 16, 58, 20, 19, 25, 15, 42, 23, 36, 12, 29, 56
32, 33, 5, 4, 8, 59, 37, 6, 17, 49, 46, 53, 34, 10, 2, 50, 19, 25, 27, 44, 9, 28, 14, 38, 45, 13, 51, 24, 52, 11, 18, 47, 31, 26, 20, 58, 16, 7, 21, 3, 55, 40, 22, 41, 48, 43, 35, 39, 54, 1, 57, 30, 15, 42, 23, 36, 12, 29, 56
33, 32, 40, 22, 6, 39, 47, 18, 11, 44, 27, 8, 4, 52, 24, 51, 20, 58, 16, 41, 17, 49, 46, 53, 34, 10, 2, 50, 54, 1, 57, 30, 31, 43, 48, 26, 59, 37, 5, 7, 55, 3, 21, 35, 9, 28, 14, 38, 45, 13, 19, 25, 15, 42, 23, 36, 12, 29, 56
19, 25, 27, 44, 11, 18, 41, 48, 43, 35, 9, 28, 14, 38, 45, 13, 51, 24, 52, 50, 2, 55, 40, 22, 6, 17, 49, 46, 53, 34, 10, 3, 21, 7, 16, 58, 20, 30, 57, 1, 54, 26, 31, 32, 33, 37, 59, 8, 39, 47, 5, 4, 15, 42, 23, 36, 12, 29, 56
31, 26, 39, 47, 18, 11, 44, 27, 8, 59, 37, 5, 7, 21, 3, 55, 40, 22, 6, 17, 49, 46, 53, 34, 10, 50, 32, 54, 1, 57, 30, 33, 2, 4, 52, 24, 51, 13, 45, 38, 14, 28, 9, 35, 43, 48, 41, 16, 58, 20, 19, 25, 15, 42, 23, 36, 12, 29, 56
31, 30, 57, 1, 54, 32, 50, 10, 34, 53, 46, 49, 17, 6, 22, 40, 55, 3, 21, 7, 5, 37, 59, 26, 39, 47, 18, 11, 44, 27, 8, 33, 2, 4, 52, 24, 51, 13, 45, 38, 14, 28, 9, 35, 43, 48, 41, 16, 58, 20, 19, 25, 15, 42, 23, 36, 12, 29, 56
52, 24, 51, 13, 45, 38, 14, 28, 9, 35, 43, 48, 41, 22, 40, 55, 3, 21, 7, 16, 58, 20, 39, 47, 18, 11, 44, 27, 25, 19, 50, 2, 10, 34, 53, 46, 49, 17, 6, 37, 59, 8, 4, 5, 33, 32, 31, 26, 54, 1, 57, 30, 15, 42, 23, 36, 12, 29, 56
24, 52, 35, 43, 48, 41, 22, 40, 55, 3, 21, 45, 38, 14, 28, 9, 11, 18, 47, 7, 16, 58, 20, 26, 51, 13, 31, 32, 33, 5, 4, 8, 59, 37, 6, 17, 49, 46, 53, 34, 10, 2, 50, 19, 25, 27, 44, 39, 54, 1, 57, 30, 15, 42, 23, 36, 12, 29, 56
31, 32, 33, 5, 4, 8, 59, 37, 7, 21, 3, 18, 11, 44, 27, 25, 19, 50, 2, 10, 34, 53, 46, 49, 17, 39, 47, 55, 40, 22, 6, 26, 54, 1, 57, 30, 20, 58, 16, 41, 48, 43, 35, 9, 28, 14, 38, 45, 13, 51, 24, 52, 15, 42, 23, 36, 12, 29, 56
43, 48, 27, 8, 59, 37, 5, 7, 10, 50, 31, 54, 1, 57, 30, 32, 33, 2, 34, 53, 46, 49, 17, 21, 3, 55, 40, 22, 6, 44, 11, 18, 47, 39, 26, 4, 52, 24, 51, 20, 58, 16, 41, 35, 9, 28, 14, 38, 45, 13, 19, 25, 15, 42, 23, 36, 12, 29, 56
26, 59, 37, 5, 7, 2, 33, 32, 30, 57, 1, 54, 31, 50, 10, 34, 53, 46, 49, 17, 21, 3, 55, 40, 22, 6, 39, 47, 18, 11, 44, 27, 8, 4, 52, 24, 51, 13, 45, 38, 14, 28, 9, 35, 43, 48, 41, 16, 58, 20, 19, 25, 15, 42, 23, 36, 12, 29, 56
18, 11, 6, 5, 37, 59, 8, 38, 45, 13, 51, 24, 52, 33, 32, 31, 26, 25, 47, 4, 17, 49, 46, 53, 14, 27, 44, 28, 9, 35, 43, 48, 41, 22, 40, 55, 3, 21, 7, 16, 58, 20, 19, 50, 2, 10, 34, 39, 54, 1, 57, 30, 15, 42, 23, 36, 12, 29, 56
8, 59, 37, 17, 49, 46, 53, 14, 4, 47, 18, 11, 6, 5, 38, 45, 13, 51, 24, 52, 33, 32, 31, 26, 25, 27, 44, 28, 9, 35, 43, 48, 41, 22, 40, 55, 3, 21, 7, 16, 58, 20, 19, 50, 2, 10, 34, 39, 54, 1, 57, 30, 15, 42, 23, 36, 12, 29, 56
10, 2, 50, 19, 25, 27, 44, 11, 18, 47, 34, 53, 46, 49, 17, 6, 37, 59, 8, 4, 5, 33, 32, 31, 26, 20, 58, 16, 7, 21, 3, 55, 40, 22, 41, 48, 43, 35, 9, 28, 14, 38, 45, 13, 51, 24, 52, 39, 54, 1, 57, 30, 15, 42, 23, 36, 12, 29, 56
9, 28, 14, 38, 45, 13, 51, 24, 52, 35, 43, 48, 41, 16, 58, 20, 30, 57, 1, 54, 26, 31, 32, 33, 5, 4, 8, 59, 37, 7, 21, 3, 18, 11, 44, 27, 25, 19, 50, 2, 10, 34, 53, 46, 49, 17, 39, 47, 55, 40, 22, 6, 15, 42, 23, 36, 12, 29, 56
28, 44, 27, 6, 17, 49, 46, 53, 14, 5, 4, 8, 59, 37, 11, 18, 47, 38, 45, 13, 51, 24, 52, 33, 32, 31, 26, 25, 9, 35, 43, 48, 41, 22, 40, 55, 3, 21, 7, 16, 58, 20, 19, 50, 2, 10, 34, 39, 54, 1, 57, 30, 15, 42, 23, 36, 12, 29, 56
27, 8, 59, 37, 5, 7, 10, 50, 31, 54, 1, 57, 30, 32, 33, 2, 34, 53, 46, 49, 17, 6, 22, 40, 55, 3, 21, 44, 11, 18, 47, 39, 26, 4, 52, 24, 51, 13, 45, 38, 14, 28, 9, 35, 43, 48, 41, 16, 58, 20, 19, 25, 15, 42, 23, 36, 12, 29, 56
9, 28, 14, 38, 45, 13, 51, 24, 52, 35, 43, 48, 41, 16, 58, 20, 30, 57, 1, 54, 26, 39, 47, 55, 40, 22, 6, 17, 49, 46, 53, 34, 10, 2, 50, 19, 25, 27, 44, 11, 18, 3, 21, 7, 37, 59, 8, 4, 5, 33, 32, 31, 15, 42, 23, 36, 12, 29, 56
19, 50, 2, 10, 34, 53, 46, 58, 20, 30, 57, 1, 54, 26, 31, 32, 33, 14, 28, 25, 27, 44, 11, 18, 3, 21, 7, 16, 9, 35, 43, 48, 41, 39, 47, 5, 4, 8, 59, 37, 38, 45, 13, 51, 24, 52, 49, 17, 6, 22, 40, 55, 15, 42, 23, 36, 12, 29, 56
6, 4, 8, 27, 44, 28, 17, 49, 46, 53, 14, 59, 37, 5, 11, 18, 47, 38, 45, 13, 51, 24, 52, 33, 32, 31, 26, 25, 9, 35, 43, 48, 41, 22, 40, 55, 3, 21, 7, 16, 58, 20, 19, 50, 2, 10, 34, 39, 54, 1, 57, 30, 15, 42, 23, 36, 12, 29, 56
10, 34, 53, 46, 49, 17, 6, 22, 48, 43, 50, 31, 54, 1, 57, 30, 32, 2, 33, 7, 5, 37, 59, 26, 40, 55, 3, 21, 39, 47, 18, 11, 44, 27, 8, 4, 52, 24, 51, 20, 58, 16, 41, 35, 9, 28, 14, 38, 45, 13, 19, 25, 15, 42, 23, 36, 12, 29, 56
26, 59, 37, 5, 7, 10, 50, 32, 54, 1, 57, 30, 31, 48, 43, 34, 53, 46, 49, 17, 6, 22, 40, 55, 3, 21, 39, 47, 18, 11, 44, 27, 8, 33, 2, 4, 52, 24, 51, 20, 58, 16, 41, 35, 9, 28, 14, 38, 45, 13, 19, 25, 15, 42, 23, 36, 12, 29, 56
28, 44, 27, 8, 4, 5, 17, 49, 46, 53, 14, 59, 37, 6, 11, 18, 47, 38, 45, 13, 51, 24, 52, 33, 32, 31, 26, 25, 9, 35, 43, 48, 41, 22, 40, 55, 3, 21, 7, 16, 58, 20, 19, 50, 2, 10, 34, 39, 54, 1, 57, 30, 15, 42, 23, 36, 12, 29, 56
9, 28, 14, 38, 45, 13, 51, 24, 52, 35, 43, 48, 41, 5, 37, 59, 8, 4, 33, 32, 31, 26, 54, 1, 57, 30, 20, 58, 16, 7, 21, 3, 18, 11, 44, 27, 25, 19, 50, 2, 10, 34, 53, 46, 49, 17, 39, 47, 55, 40, 22, 6, 15, 42, 23, 36, 12, 29, 56
26, 59, 37, 5, 7, 2, 10, 50, 54, 1, 57, 30, 31, 32, 33, 34, 53, 46, 49, 17, 21, 3, 55, 40, 22, 6, 39, 47, 18, 11, 44, 27, 8, 4, 52, 24, 51, 13, 45, 38, 14, 28, 9, 35, 43, 48, 41, 16, 58, 20, 19, 25, 15, 42, 23, 36, 12, 29, 56
52, 24, 51, 13, 45, 38, 14, 28, 9, 35, 43, 48, 41, 16, 58, 20, 30, 57, 1, 54, 26, 6, 22, 40, 55, 47, 39, 17, 49, 46, 53, 34, 10, 2, 50, 19, 25, 27, 44, 11, 18, 3, 21, 7, 5, 37, 59, 8, 31, 32, 33, 4, 15, 42, 23, 36, 12, 29, 56
27, 8, 59, 37, 5, 7, 10, 50, 31, 54, 1, 57, 30, 32, 2, 33, 34, 53, 46, 49, 17, 21, 3, 55, 40, 22, 6, 44, 11, 18, 47, 39, 26, 4, 52, 24, 51, 13, 45, 38, 14, 28, 9, 35, 43, 48, 41, 16, 58, 20, 19, 25, 15, 42, 23, 36, 12, 29, 56
2, 10, 50, 54, 1, 57, 30, 31, 32, 33, 34, 53, 46, 49, 17, 41, 16, 58, 20, 51, 24, 52, 4, 8, 27, 44, 11, 18, 47, 39, 6, 22, 40, 43, 48, 26, 59, 37, 5, 7, 55, 3, 21, 35, 9, 28, 14, 38, 45, 13, 19, 25, 15, 42, 23, 36, 12, 29, 56
31, 32, 50, 10, 34, 53, 46, 49, 17, 6, 22, 40, 55, 3, 21, 7, 5, 37, 59, 8, 27, 44, 11, 18, 47, 39, 26, 54, 1, 57, 30, 33, 2, 4, 52, 24, 51, 13, 45, 38, 14, 28, 9, 35, 43, 48, 41, 16, 58, 20, 19, 25, 15, 42, 23, 36, 12, 29, 56
33, 31, 40, 22, 6, 39, 47, 18, 11, 44, 27, 8, 4, 52, 24, 51, 20, 58, 16, 41, 17, 49, 46, 53, 34, 10, 2, 50, 54, 1, 57, 30, 32, 43, 48, 26, 59, 37, 5, 7, 55, 3, 21, 35, 9, 28, 14, 38, 45, 13, 19, 25, 15, 42, 23, 36, 12, 29, 56
43, 48, 41, 16, 58, 20, 51, 24, 52, 4, 26, 39, 47, 18, 11, 44, 6, 22, 40, 55, 3, 21, 17, 49, 46, 53, 34, 2, 33, 32, 30, 57, 1, 54, 31, 50, 10, 7, 27, 8, 59, 37, 5, 35, 9, 28, 14, 38, 45, 13, 19, 25, 15, 42, 23, 36, 12, 29, 56
9, 28, 14, 38, 45, 13, 51, 24, 52, 35, 43, 48, 41, 39, 47, 18, 11, 44, 27, 25, 19, 50, 2, 10, 34, 53, 46, 49, 17, 6, 37, 59, 8, 4, 5, 33, 32, 31, 26, 54, 1, 57, 30, 20, 58, 16, 7, 21, 3, 55, 40, 22, 15, 42, 23, 36, 12, 29, 56
5, 37, 59, 8, 27, 7, 10, 50, 32, 54, 1, 57, 30, 31, 48, 43, 34, 53, 46, 49, 17, 6, 22, 40, 55, 3, 21, 44, 11, 18, 47, 39, 26, 33, 2, 4, 52, 24, 51, 20, 58, 16, 41, 35, 9, 28, 14, 38, 45, 13, 19, 25, 15, 42, 23, 36, 12, 29, 56
18, 11, 44, 27, 8, 4, 9, 28, 14, 38, 40, 55, 50, 31, 54, 1, 57, 30, 3, 10, 34, 53, 46, 49, 17, 6, 22, 32, 33, 2, 47, 39, 21, 7, 5, 37, 59, 26, 45, 13, 51, 24, 52, 35, 43, 48, 41, 16, 58, 20, 19, 25, 15, 42, 23, 36, 12, 29, 56
19, 25, 27, 44, 11, 18, 41, 48, 43, 35, 9, 28, 14, 38, 45, 13, 51, 24, 52, 50, 2, 10, 34, 53, 46, 49, 17, 6, 22, 40, 55, 3, 21, 7, 16, 58, 20, 30, 57, 1, 54, 26, 31, 32, 33, 37, 59, 8, 4, 5, 47, 39, 15, 42, 23, 36, 12, 29, 56
27, 44, 11, 18, 47, 39, 10, 50, 2, 54, 1, 57, 30, 6, 22, 40, 55, 32, 28, 17, 49, 46, 53, 34, 31, 38, 14, 33, 9, 7, 21, 8, 4, 3, 5, 37, 59, 26, 45, 13, 51, 24, 52, 35, 43, 48, 41, 16, 58, 20, 19, 25, 15, 42, 23, 36, 12, 29, 56
24, 52, 44, 27, 25, 26, 35, 43, 48, 41, 22, 40, 55, 3, 21, 7, 16, 58, 20, 19, 50, 2, 10, 34, 51, 13, 45, 38, 14, 28, 9, 11, 18, 47, 53, 46, 49, 17, 6, 37, 59, 8, 4, 5, 33, 32, 31, 39, 54, 1, 57, 30, 15, 42, 23, 36, 12, 29, 56
22, 6, 17, 49, 46, 53, 34, 10, 50, 32, 54, 1, 57, 30, 31, 48, 43, 7, 5, 37, 59, 26, 40, 55, 3, 21, 39, 47, 18, 11, 44, 27, 8, 33, 2, 4, 52, 24, 51, 20, 58, 16, 41, 35, 9, 28, 14, 38, 45, 13, 19, 25, 15, 42, 23, 36, 12, 29, 56
9, 28, 14, 38, 45, 13, 51, 24, 52, 35, 43, 48, 41, 18, 11, 44, 27, 25, 19, 50, 2, 10, 34, 53, 46, 49, 17, 6, 22, 40, 55, 3, 21, 7, 16, 58, 20, 30, 57, 1, 54, 26, 31, 32, 33, 37, 59, 8, 39, 47, 5, 4, 15, 42, 23, 36, 12, 29, 56
6, 37, 59, 8, 32, 31, 17, 49, 46, 53, 34, 10, 2, 50, 19, 25, 27, 44, 52, 24, 51, 13, 45, 38, 14, 28, 9, 11, 18, 47, 33, 26, 4, 5, 20, 58, 16, 7, 21, 3, 55, 40, 22, 41, 48, 43, 35, 39, 54, 1, 57, 30, 15, 42, 23, 36, 12, 29, 56
5, 37, 59, 8, 27, 7, 10, 2, 50, 54, 1, 57, 30, 31, 32, 33, 34, 53, 46, 49, 17, 6, 22, 40, 55, 3, 21, 44, 11, 18, 47, 39, 26, 4, 52, 24, 51, 13, 45, 38, 14, 28, 9, 35, 43, 48, 41, 16, 58, 20, 19, 25, 15, 42, 23, 36, 12, 29, 56
22, 40, 55, 3, 21, 7, 5, 37, 59, 8, 27, 44, 11, 18, 47, 39, 26, 54, 1, 57, 30, 31, 6, 17, 49, 46, 53, 34, 10, 50, 32, 33, 2, 4, 52, 24, 51, 13, 45, 38, 14, 28, 9, 35, 43, 48, 41, 16, 58, 20, 19, 25, 15, 42, 23, 36, 12, 29, 56
8, 59, 37, 17, 49, 46, 53, 14, 4, 5, 6, 11, 18, 47, 38, 45, 13, 51, 24, 52, 33, 32, 31, 26, 25, 27, 44, 28, 9, 35, 43, 48, 41, 22, 40, 55, 3, 21, 7, 16, 58, 20, 19, 50, 2, 10, 34, 39, 54, 1, 57, 30, 15, 42, 23, 36, 12, 29, 56
28, 44, 27, 25, 26, 31, 32, 33, 52, 24, 51, 13, 45, 38, 47, 18, 11, 5, 37, 59, 6, 17, 49, 46, 53, 14, 4, 8, 9, 35, 43, 48, 41, 22, 40, 55, 3, 21, 7, 16, 58, 20, 19, 50, 2, 10, 34, 39, 54, 1, 57, 30, 15, 42, 23, 36, 12, 29, 56
6, 22, 40, 32, 2, 33, 39, 47, 18, 11, 44, 27, 8, 4, 52, 24, 51, 20, 58, 16, 41, 17, 49, 46, 53, 34, 10, 50, 31, 54, 1, 57, 30, 43, 48, 26, 59, 37, 5, 7, 55, 3, 21, 35, 9, 28, 14, 38, 45, 13, 19, 25, 15, 42, 23, 36, 12, 29, 56
52, 24, 51, 13, 45, 38, 14, 28, 9, 35, 43, 48, 41, 16, 58, 20, 30, 57, 1, 54, 26, 39, 47, 55, 40, 22, 6, 17, 49, 46, 53, 34, 10, 2, 50, 19, 25, 27, 44, 11, 18, 3, 21, 7, 5, 37, 59, 8, 4, 33, 32, 31, 15, 42, 23, 36, 12, 29, 56
27, 44, 28, 9, 35, 43, 48, 41, 22, 40, 55, 3, 21, 7, 16, 58, 20, 19, 50, 2, 10, 34, 53, 46, 49, 17, 37, 25, 26, 31, 32, 33, 52, 24, 51, 13, 45, 59, 8, 4, 47, 18, 11, 6, 5, 38, 14, 39, 54, 1, 57, 30, 15, 42, 23, 36, 12, 29, 56
52, 24, 51, 13, 45, 38, 14, 28, 9, 35, 43, 48, 41, 16, 58, 20, 30, 57, 1, 54, 26, 39, 47, 55, 40, 22, 6, 17, 49, 46, 53, 34, 10, 2, 50, 19, 25, 27, 44, 11, 18, 3, 21, 7, 5, 37, 59, 8, 31, 32, 33, 4, 15, 42, 23, 36, 12, 29, 56
27, 44, 11, 18, 47, 39, 26, 40, 55, 50, 32, 54, 1, 57, 30, 33, 2, 4, 52, 24, 51, 20, 58, 16, 41, 59, 37, 8, 53, 46, 49, 17, 6, 22, 31, 48, 43, 5, 7, 21, 34, 10, 3, 35, 9, 28, 14, 38, 45, 13, 19, 25, 15, 42, 23, 36, 12, 29, 56
33, 30, 57, 1, 54, 50, 2, 10, 34, 53, 46, 49, 17, 41, 16, 58, 20, 51, 24, 52, 4, 8, 27, 44, 11, 18, 47, 39, 6, 22, 40, 31, 32, 7, 5, 37, 59, 26, 48, 43, 55, 3, 21, 35, 9, 28, 14, 38, 45, 13, 19, 25, 15, 42, 23, 36, 12, 29, 56
33, 47, 18, 11, 9, 32, 31, 28, 14, 38, 45, 13, 51, 24, 52, 44, 27, 25, 19, 50, 2, 10, 34, 53, 46, 49, 17, 6, 37, 59, 8, 4, 26, 5, 20, 58, 16, 7, 21, 3, 55, 40, 22, 41, 48, 43, 35, 39, 54, 1, 57, 30, 15, 42, 23, 36, 12, 29, 56
52, 24, 51, 13, 45, 38, 14, 28, 9, 35, 43, 48, 41, 18, 11, 44, 27, 25, 19, 50, 2, 10, 34, 53, 46, 49, 17, 6, 22, 40, 55, 3, 21, 7, 16, 58, 20, 30, 57, 1, 54, 26, 31, 32, 33, 37, 59, 8, 39, 47, 5, 4, 15, 42, 23, 36, 12, 29, 56
43, 48, 5, 37, 59, 8, 27, 7, 10, 50, 31, 54, 1, 57, 30, 32, 2, 33, 34, 53, 46, 49, 17, 21, 3, 55, 40, 22, 6, 44, 11, 18, 47, 39, 26, 4, 52, 24, 51, 20, 58, 16, 41, 35, 9, 28, 14, 38, 45, 13, 19, 25, 15, 42, 23, 36, 12, 29, 56
28, 14, 33, 32, 31, 26, 54, 1, 57, 30, 20, 58, 11, 44, 27, 25, 19, 50, 2, 10, 34, 53, 46, 18, 3, 21, 7, 16, 9, 35, 43, 48, 41, 39, 47, 5, 4, 8, 59, 37, 38, 45, 13, 51, 24, 52, 49, 17, 6, 22, 40, 55, 15, 42, 23, 36, 12, 29, 56
26, 59, 37, 5, 7, 10, 2, 50, 54, 1, 57, 30, 31, 32, 33, 34, 53, 46, 49, 17, 21, 3, 55, 40, 22, 6, 39, 47, 18, 11, 44, 27, 8, 4, 52, 24, 51, 13, 45, 38, 14, 28, 9, 35, 43, 48, 41, 16, 58, 20, 19, 25, 15, 42, 23, 36, 12, 29, 56
41, 16, 58, 20, 51, 24, 52, 4, 26, 39, 47, 18, 11, 44, 6, 22, 40, 55, 3, 21, 17, 49, 46, 53, 34, 2, 33, 32, 30, 57, 1, 54, 31, 50, 10, 7, 27, 8, 59, 37, 5, 48, 43, 35, 9, 28, 14, 38, 45, 13, 19, 25, 15, 42, 23, 36, 12, 29, 56
8, 47, 18, 11, 28, 44, 27, 4, 59, 37, 5, 6, 17, 49, 46, 53, 14, 38, 45, 13, 51, 24, 52, 33, 32, 31, 26, 25, 9, 35, 43, 48, 41, 22, 40, 55, 3, 21, 7, 16, 58, 20, 19, 50, 2, 10, 34, 39, 54, 1, 57, 30, 15, 42, 23, 36, 12, 29, 56
5, 37, 59, 8, 27, 7, 2, 33, 32, 30, 57, 1, 54, 31, 50, 10, 34, 53, 46, 49, 17, 6, 22, 40, 55, 3, 21, 44, 11, 18, 47, 39, 26, 4, 52, 24, 51, 13, 45, 38, 14, 28, 9, 35, 43, 48, 41, 16, 58, 20, 19, 25, 15, 42, 23, 36, 12, 29, 56
17, 6, 31, 30, 57, 1, 54, 26, 39, 47, 18, 11, 44, 27, 8, 59, 37, 49, 46, 53, 34, 10, 50, 32, 33, 2, 4, 52, 24, 51, 20, 58, 16, 41, 22, 48, 43, 5, 7, 21, 40, 55, 3, 35, 9, 28, 14, 38, 45, 13, 19, 25, 15, 42, 23, 36, 12, 29, 56
17, 6, 22, 40, 55, 3, 21, 39, 47, 18, 11, 44, 27, 8, 4, 52, 24, 49, 46, 53, 34, 10, 50, 31, 51, 20, 58, 16, 41, 48, 43, 54, 1, 57, 30, 32, 2, 33, 7, 5, 37, 59, 26, 35, 9, 28, 14, 38, 45, 13, 19, 25, 15, 42, 23, 36, 12, 29, 56
27, 44, 11, 18, 47, 39, 2, 10, 50, 54, 1, 57, 30, 6, 22, 40, 55, 32, 28, 17, 49, 46, 53, 34, 31, 38, 14, 33, 9, 7, 21, 8, 4, 3, 5, 37, 59, 26, 45, 13, 51, 24, 52, 35, 43, 48, 41, 16, 58, 20, 19, 25, 15, 42, 23, 36, 12, 29, 56
9, 28, 14, 38, 45, 13, 51, 24, 52, 35, 43, 48, 41, 16, 58, 20, 30, 57, 1, 54, 26, 39, 47, 55, 40, 22, 6, 17, 49, 46, 53, 34, 10, 2, 50, 19, 25, 27, 44, 11, 18, 3, 21, 7, 4, 8, 59, 37, 5, 33, 32, 31, 15, 42, 23, 36, 12, 29, 56
33, 31, 40, 22, 6, 39, 47, 18, 11, 44, 27, 8, 4, 52, 24, 51, 20, 58, 16, 41, 17, 49, 46, 53, 34, 10, 2, 50, 54, 1, 57, 30, 32, 7, 5, 37, 59, 26, 48, 43, 55, 3, 21, 35, 9, 28, 14, 38, 45, 13, 19, 25, 15, 42, 23, 36, 12, 29, 56
21, 17, 49, 46, 53, 34, 33, 32, 31, 30, 57, 1, 54, 50, 2, 10, 7, 5, 37, 59, 26, 3, 55, 40, 22, 6, 39, 47, 18, 11, 44, 27, 8, 4, 52, 24, 51, 13, 45, 38, 14, 28, 9, 35, 43, 48, 41, 16, 58, 20, 19, 25, 15, 42, 23, 36, 12, 29, 56
52, 24, 51, 13, 45, 38, 14, 28, 9, 35, 43, 48, 41, 16, 58, 20, 30, 57, 1, 54, 26, 31, 32, 33, 5, 4, 8, 59, 37, 7, 21, 3, 18, 11, 44, 27, 25, 19, 50, 2, 10, 34, 53, 46, 49, 17, 39, 47, 55, 40, 22, 6, 15, 42, 23, 36, 12, 29, 56
22, 6, 17, 49, 46, 53, 34, 10, 50, 31, 54, 1, 57, 30, 32, 33, 2, 7, 5, 37, 59, 26, 40, 55, 3, 21, 39, 47, 18, 11, 44, 27, 8, 4, 52, 24, 51, 13, 45, 38, 14, 28, 9, 35, 43, 48, 41, 16, 58, 20, 19, 25, 15, 42, 23, 36, 12, 29, 56
33, 2, 32, 30, 57, 1, 54, 31, 50, 10, 34, 53, 46, 49, 17, 41, 16, 58, 20, 51, 24, 52, 4, 8, 27, 44, 11, 18, 47, 39, 6, 22, 40, 7, 5, 37, 59, 26, 48, 43, 55, 3, 21, 35, 9, 28, 14, 38, 45, 13, 19, 25, 15, 42, 23, 36, 12, 29, 56
21, 17, 49, 46, 53, 34, 10, 50, 31, 54, 1, 57, 30, 32, 2, 33, 7, 5, 37, 59, 26, 3, 55, 40, 22, 6, 39, 47, 18, 11, 44, 27, 8, 4, 52, 24, 51, 13, 45, 38, 14, 28, 9, 35, 43, 48, 41, 16, 58, 20, 19, 25, 15, 42, 23, 36, 12, 29, 56
27, 8, 59, 37, 5, 7, 2, 10, 50, 54, 1, 57, 30, 31, 32, 33, 34, 53, 46, 49, 17, 21, 3, 55, 40, 22, 6, 44, 11, 18, 47, 39, 26, 4, 52, 24, 51, 13, 45, 38, 14, 28, 9, 35, 43, 48, 41, 16, 58, 20, 19, 25, 15, 42, 23, 36, 12, 29, 56
11, 18, 47, 39, 21, 3, 55, 40, 22, 6, 17, 44, 27, 8, 4, 52, 24, 49, 46, 53, 34, 10, 50, 31, 51, 20, 58, 16, 41, 48, 43, 54, 1, 57, 30, 32, 2, 33, 7, 5, 37, 59, 26, 35, 9, 28, 14, 38, 45, 13, 19, 25, 15, 42, 23, 36, 12, 29, 56
52, 24, 51, 13, 45, 38, 14, 28, 9, 35, 43, 48, 41, 16, 58, 20, 30, 57, 1, 54, 26, 31, 32, 33, 37, 59, 8, 4, 5, 7, 21, 3, 18, 11, 44, 27, 25, 19, 50, 2, 10, 34, 53, 46, 49, 17, 39, 47, 55, 40, 22, 6, 15, 42, 23, 36, 12, 29, 56
16, 7, 21, 3, 18, 46, 53, 34, 10, 2, 50, 19, 25, 27, 44, 11, 58, 20, 30, 57, 1, 54, 26, 31, 32, 33, 5, 4, 8, 59, 37, 47, 39, 41, 48, 43, 35, 52, 24, 51, 13, 45, 38, 14, 28, 9, 49, 17, 6, 22, 40, 55, 15, 42, 23, 36, 12, 29, 56
5, 37, 59, 8, 27, 7, 10, 50, 32, 54, 1, 57, 30, 31, 48, 43, 34, 53, 46, 49, 17, 21, 3, 55, 40, 22, 6, 44, 11, 18, 47, 39, 26, 33, 2, 4, 52, 24, 51, 20, 58, 16, 41, 35, 9, 28, 14, 38, 45, 13, 19, 25, 15, 42, 23, 36, 12, 29, 56
26, 59, 37, 5, 7, 10, 50, 32, 54, 1, 57, 30, 31, 48, 43, 34, 53, 46, 49, 17, 21, 3, 55, 40, 22, 6, 39, 47, 18, 11, 44, 27, 8, 33, 2, 4, 52, 24, 51, 20, 58, 16, 41, 35, 9, 28, 14, 38, 45, 13, 19, 25, 15, 42, 23, 36, 12, 29, 56
27, 8, 59, 37, 5, 7, 10, 50, 32, 54, 1, 57, 30, 31, 48, 43, 34, 53, 46, 49, 17, 21, 3, 55, 40, 22, 6, 44, 11, 18, 47, 39, 26, 33, 2, 4, 52, 24, 51, 20, 58, 16, 41, 35, 9, 28, 14, 38, 45, 13, 19, 25, 15, 42, 23, 36, 12, 29, 56
31, 30, 57, 1, 54, 32, 50, 10, 34, 53, 46, 49, 17, 6, 22, 40, 55, 3, 21, 7, 5, 37, 59, 8, 27, 44, 11, 18, 47, 39, 26, 33, 2, 4, 52, 24, 51, 13, 45, 38, 14, 28, 9, 35, 43, 48, 41, 16, 58, 20, 19, 25, 15, 42, 23, 36, 12, 29, 56
25, 26, 31, 32, 33, 52, 24, 51, 13, 45, 38, 8, 59, 37, 47, 18, 11, 6, 5, 4, 17, 49, 46, 53, 14, 27, 44, 28, 9, 35, 43, 48, 41, 22, 40, 55, 3, 21, 7, 16, 58, 20, 19, 50, 2, 10, 34, 39, 54, 1, 57, 30, 15, 42, 23, 36, 12, 29, 56
5, 37, 59, 8, 27, 7, 10, 50, 31, 54, 1, 57, 30, 32, 2, 33, 34, 53, 46, 49, 17, 6, 22, 40, 55, 3, 21, 44, 11, 18, 47, 39, 26, 4, 52, 24, 51, 13, 45, 38, 14, 28, 9, 35, 43, 48, 41, 16, 58, 20, 19, 25, 15, 42, 23, 36, 12, 29, 56
14, 38, 45, 21, 3, 55, 40, 22, 41, 48, 43, 35, 52, 24, 28, 26, 20, 58, 16, 7, 47, 18, 11, 9, 51, 13, 31, 32, 33, 37, 59, 8, 4, 5, 6, 17, 49, 46, 53, 34, 10, 2, 50, 19, 25, 27, 44, 39, 54, 1, 57, 30, 15, 42, 23, 36, 12, 29, 56
28, 44, 27, 14, 53, 46, 49, 17, 5, 37, 59, 8, 4, 6, 11, 18, 47, 38, 45, 13, 51, 24, 52, 33, 32, 31, 26, 25, 9, 35, 43, 48, 41, 22, 40, 55, 3, 21, 7, 16, 58, 20, 19, 50, 2, 10, 34, 39, 54, 1, 57, 30, 15, 42, 23, 36, 12, 29, 56
11, 44, 27, 25, 19, 50, 2, 10, 34, 53, 46, 18, 3, 21, 7, 16, 58, 20, 30, 57, 1, 54, 26, 31, 32, 33, 37, 59, 8, 4, 5, 47, 39, 41, 48, 43, 35, 52, 24, 51, 13, 45, 38, 14, 28, 9, 49, 17, 6, 22, 40, 55, 15, 42, 23, 36, 12, 29, 56
26, 4, 8, 59, 37, 6, 17, 49, 46, 53, 34, 10, 2, 50, 19, 25, 27, 44, 52, 24, 51, 13, 45, 38, 14, 28, 31, 33, 9, 11, 18, 47, 32, 5, 20, 58, 16, 7, 21, 3, 55, 40, 22, 41, 48, 43, 35, 39, 54, 1, 57, 30, 15, 42, 23, 36, 12, 29, 56
9, 28, 14, 38, 45, 13, 51, 24, 52, 35, 43, 48, 41, 16, 58, 20, 30, 57, 1, 54, 26, 31, 32, 33, 4, 8, 59, 37, 5, 7, 21, 3, 18, 11, 44, 27, 25, 19, 50, 2, 10, 34, 53, 46, 49, 17, 39, 47, 55, 40, 22, 6, 15, 42, 23, 36, 12, 29, 56
26, 20, 58, 16, 7, 21, 3, 55, 40, 22, 41, 48, 43, 35, 52, 24, 51, 13, 45, 38, 14, 28, 9, 11, 18, 47, 31, 32, 33, 5, 4, 8, 59, 37, 6, 17, 49, 46, 53, 34, 10, 2, 50, 19, 25, 27, 44, 39, 54, 1, 57, 30, 15, 42, 23, 36, 12, 29, 56
8, 27, 44, 11, 18, 47, 39, 26, 59, 37, 5, 7, 21, 3, 55, 40, 22, 6, 17, 49, 46, 53, 34, 10, 50, 32, 54, 1, 57, 30, 31, 33, 2, 4, 52, 24, 51, 13, 45, 38, 14, 28, 9, 35, 43, 48, 41, 16, 58, 20, 19, 25, 15, 42, 23, 36, 12, 29, 56
25, 26, 31, 32, 33, 52, 24, 51, 13, 45, 38, 4, 11, 18, 47, 8, 59, 37, 5, 14, 53, 46, 49, 17, 6, 27, 44, 28, 9, 35, 43, 48, 41, 22, 40, 55, 3, 21, 7, 16, 58, 20, 19, 50, 2, 10, 34, 39, 54, 1, 57, 30, 15, 42, 23, 36, 12, 29, 56
5, 37, 59, 8, 27, 7, 10, 2, 50, 54, 1, 57, 30, 31, 32, 33, 34, 53, 46, 49, 17, 21, 3, 55, 40, 22, 6, 44, 11, 18, 47, 39, 26, 4, 52, 24, 51, 13, 45, 38, 14, 28, 9, 35, 43, 48, 41, 16, 58, 20, 19, 25, 15, 42, 23, 36, 12, 29, 56
37, 7, 21, 3, 18, 11, 44, 27, 25, 19, 50, 2, 10, 34, 53, 46, 49, 17, 6, 22, 40, 55, 47, 39, 41, 48, 43, 35, 52, 24, 51, 13, 45, 38, 14, 28, 9, 59, 8, 4, 5, 33, 32, 31, 26, 54, 1, 57, 30, 20, 58, 16, 15, 42, 23, 36, 12, 29, 56
9, 28, 14, 38, 45, 13, 51, 24, 52, 35, 43, 48, 41, 55, 40, 22, 6, 17, 49, 46, 53, 34, 10, 2, 50, 19, 25, 27, 44, 11, 18, 3, 21, 7, 16, 58, 20, 30, 57, 1, 54, 26, 31, 32, 33, 37, 59, 8, 39, 47, 5, 4, 15, 42, 23, 36, 12, 29, 56
26, 20, 58, 16, 7, 47, 18, 11, 9, 28, 14, 38, 45, 21, 3, 55, 40, 22, 41, 48, 43, 35, 52, 24, 51, 13, 31, 32, 33, 5, 4, 8, 59, 37, 6, 17, 49, 46, 53, 34, 10, 2, 50, 19, 25, 27, 44, 39, 54, 1, 57, 30, 15, 42, 23, 36, 12, 29, 56
5, 37, 59, 8, 27, 7, 21, 3, 55, 40, 22, 6, 17, 49, 46, 53, 34, 2, 33, 32, 30, 57, 1, 54, 31, 50, 10, 44, 11, 18, 47, 39, 26, 4, 52, 24, 51, 13, 45, 38, 14, 28, 9, 35, 43, 48, 41, 16, 58, 20, 19, 25, 15, 42, 23, 36, 12, 29, 56
9, 28, 14, 38, 45, 13, 51, 24, 52, 35, 43, 48, 41, 16, 58, 20, 30, 57, 1, 54, 26, 31, 32, 33, 5, 37, 59, 8, 4, 7, 21, 3, 18, 11, 44, 27, 25, 19, 50, 2, 10, 34, 53, 46, 49, 17, 39, 47, 55, 40, 22, 6, 15, 42, 23, 36, 12, 29, 56
27, 8, 59, 37, 5, 7, 33, 2, 32, 30, 57, 1, 54, 31, 50, 10, 34, 53, 46, 49, 17, 21, 3, 55, 40, 22, 6, 44, 11, 18, 47, 39, 26, 4, 52, 24, 51, 13, 45, 38, 14, 28, 9, 35, 43, 48, 41, 16, 58, 20, 19, 25, 15, 42, 23, 36, 12, 29, 56
28, 44, 27, 14, 53, 46, 49, 17, 4, 8, 59, 37, 47, 18, 11, 6, 5, 38, 45, 13, 51, 24, 52, 33, 32, 31, 26, 25, 9, 35, 43, 48, 41, 22, 40, 55, 3, 21, 7, 16, 58, 20, 19, 50, 2, 10, 34, 39, 54, 1, 57, 30, 15, 42, 23, 36, 12, 29, 56
3, 55, 40, 45, 38, 14, 28, 9, 35, 43, 48, 41, 16, 58, 20, 30, 57, 1, 54, 26, 39, 47, 2, 50, 10, 34, 53, 46, 49, 17, 6, 22, 4, 33, 32, 31, 27, 44, 11, 18, 21, 7, 5, 37, 59, 8, 52, 24, 51, 13, 19, 25, 15, 42, 23, 36, 12, 29, 56
10, 50, 31, 54, 1, 57, 30, 32, 2, 33, 34, 53, 46, 49, 17, 41, 16, 58, 20, 51, 24, 52, 4, 8, 27, 44, 11, 18, 47, 39, 6, 22, 40, 7, 5, 37, 59, 26, 48, 43, 55, 3, 21, 35, 9, 28, 14, 38, 45, 13, 19, 25, 15, 42, 23, 36, 12, 29, 56
9, 28, 14, 38, 45, 13, 51, 24, 52, 35, 43, 48, 41, 16, 58, 20, 30, 57, 1, 54, 26, 31, 32, 33, 5, 4, 8, 59, 37, 7, 21, 3, 18, 11, 44, 27, 25, 19, 50, 2, 10, 34, 53, 46, 49, 17, 6, 22, 40, 55, 47, 39, 15, 42, 23, 36, 12, 29, 56
52, 24, 51, 13, 45, 38, 14, 28, 9, 35, 43, 48, 41, 16, 58, 20, 30, 57, 1, 54, 26, 39, 47, 55, 40, 22, 6, 17, 49, 46, 53, 34, 10, 2, 50, 19, 25, 27, 44, 11, 18, 3, 21, 7, 5, 4, 8, 59, 37, 33, 32, 31, 15, 42, 23, 36, 12, 29, 56
27, 44, 11, 18, 47, 39, 26, 4, 52, 24, 51, 20, 58, 16, 41, 3, 55, 40, 22, 6, 17, 49, 46, 53, 34, 33, 2, 8, 59, 37, 5, 7, 21, 32, 30, 57, 1, 54, 31, 50, 10, 48, 43, 35, 9, 28, 14, 38, 45, 13, 19, 25, 15, 42, 23, 36, 12, 29, 56
18, 11, 44, 27, 8, 4, 9, 28, 14, 38, 40, 55, 50, 31, 54, 1, 57, 30, 3, 10, 34, 53, 46, 49, 17, 6, 22, 32, 2, 33, 47, 39, 21, 7, 5, 37, 59, 26, 45, 13, 51, 24, 52, 35, 43, 48, 41, 16, 58, 20, 19, 25, 15, 42, 23, 36, 12, 29, 56
8, 27, 44, 11, 18, 47, 39, 26, 59, 37, 5, 7, 21, 3, 55, 40, 22, 6, 17, 49, 46, 53, 34, 10, 50, 31, 32, 33, 2, 48, 43, 54, 1, 57, 30, 4, 52, 24, 51, 20, 58, 16, 41, 35, 9, 28, 14, 38, 45, 13, 19, 25, 15, 42, 23, 36, 12, 29, 56
28, 44, 27, 25, 26, 31, 32, 33, 52, 24, 51, 13, 45, 38, 4, 11, 18, 47, 8, 59, 37, 5, 14, 53, 46, 49, 17, 6, 9, 35, 43, 48, 41, 22, 40, 55, 3, 21, 7, 16, 58, 20, 19, 50, 2, 10, 34, 39, 54, 1, 57, 30, 15, 42, 23, 36, 12, 29, 56
25, 26, 31, 32, 33, 52, 24, 51, 13, 45, 38, 5, 6, 11, 18, 47, 4, 14, 53, 46, 49, 17, 37, 59, 8, 27, 44, 28, 9, 35, 43, 48, 41, 22, 40, 55, 3, 21, 7, 16, 58, 20, 19, 50, 2, 10, 34, 39, 54, 1, 57, 30, 15, 42, 23, 36, 12, 29, 56
52, 24, 51, 13, 45, 38, 14, 28, 9, 35, 43, 48, 41, 37, 59, 8, 4, 5, 33, 32, 31, 26, 54, 1, 57, 30, 20, 58, 16, 7, 21, 3, 55, 40, 22, 6, 17, 49, 46, 53, 34, 10, 2, 50, 19, 25, 27, 44, 11, 18, 47, 39, 15, 42, 23, 36, 12, 29, 56
22, 6, 17, 49, 46, 53, 34, 33, 32, 31, 30, 57, 1, 54, 50, 2, 10, 7, 5, 37, 59, 26, 40, 55, 3, 21, 39, 47, 18, 11, 44, 27, 8, 4, 52, 24, 51, 13, 45, 38, 14, 28, 9, 35, 43, 48, 41, 16, 58, 20, 19, 25, 15, 42, 23, 36, 12, 29, 56
21, 17, 49, 46, 53, 34, 33, 2, 32, 30, 57, 1, 54, 31, 50, 10, 7, 5, 37, 59, 26, 3, 55, 40, 22, 6, 39, 47, 18, 11, 44, 27, 8, 4, 52, 24, 51, 13, 45, 38, 14, 28, 9, 35, 43, 48, 41, 16, 58, 20, 19, 25, 15, 42, 23, 36, 12, 29, 56
33, 2, 32, 40, 22, 6, 39, 47, 18, 11, 44, 27, 8, 4, 52, 24, 51, 20, 58, 16, 41, 17, 49, 46, 53, 34, 10, 50, 31, 54, 1, 57, 30, 43, 48, 26, 59, 37, 5, 7, 55, 3, 21, 35, 9, 28, 14, 38, 45, 13, 19, 25, 15, 42, 23, 36, 12, 29, 56
5, 37, 59, 8, 27, 7, 43, 48, 31, 30, 57, 1, 54, 32, 50, 10, 34, 53, 46, 49, 17, 21, 3, 55, 40, 22, 6, 44, 11, 18, 47, 39, 26, 33, 2, 4, 52, 24, 51, 20, 58, 16, 41, 35, 9, 28, 14, 38, 45, 13, 19, 25, 15, 42, 23, 36, 12, 29, 56
19, 25, 27, 44, 11, 18, 41, 48, 43, 35, 9, 28, 14, 38, 45, 13, 51, 24, 52, 50, 2, 10, 34, 53, 46, 49, 17, 6, 22, 40, 55, 3, 21, 7, 16, 58, 20, 30, 57, 1, 54, 26, 31, 32, 33, 37, 59, 8, 39, 47, 5, 4, 15, 42, 23, 36, 12, 29, 56
28, 44, 27, 6, 17, 49, 46, 53, 14, 5, 37, 59, 8, 47, 18, 11, 4, 38, 45, 13, 51, 24, 52, 33, 32, 31, 26, 25, 9, 35, 43, 48, 41, 22, 40, 55, 3, 21, 7, 16, 58, 20, 19, 50, 2, 10, 34, 39, 54, 1, 57, 30, 15, 42, 23, 36, 12, 29, 56
4, 33, 32, 31, 8, 59, 37, 5, 7, 21, 3, 18, 11, 44, 27, 25, 19, 50, 2, 10, 34, 53, 46, 49, 17, 6, 22, 40, 55, 47, 39, 26, 54, 1, 57, 30, 20, 58, 16, 41, 48, 43, 35, 9, 28, 14, 38, 45, 13, 51, 24, 52, 15, 42, 23, 36, 12, 29, 56
26, 59, 37, 5, 7, 43, 48, 31, 30, 57, 1, 54, 32, 50, 10, 34, 53, 46, 49, 17, 21, 3, 55, 40, 22, 6, 39, 47, 18, 11, 44, 27, 8, 33, 2, 4, 52, 24, 51, 20, 58, 16, 41, 35, 9, 28, 14, 38, 45, 13, 19, 25, 15, 42, 23, 36, 12, 29, 56
9, 28, 14, 38, 45, 13, 51, 24, 52, 35, 43, 48, 41, 18, 11, 44, 27, 25, 19, 50, 2, 10, 34, 53, 46, 49, 17, 6, 22, 40, 55, 3, 21, 7, 16, 58, 20, 30, 57, 1, 54, 26, 31, 32, 33, 37, 59, 8, 4, 5, 47, 39, 15, 42, 23, 36, 12, 29, 56
8, 27, 44, 11, 18, 47, 39, 31, 32, 28, 9, 4, 30, 57, 1, 54, 6, 22, 40, 55, 50, 2, 17, 49, 46, 53, 34, 10, 33, 21, 3, 38, 14, 7, 5, 37, 59, 26, 45, 13, 51, 24, 52, 35, 43, 48, 41, 16, 58, 20, 19, 25, 15, 42, 23, 36, 12, 29, 56
27, 8, 59, 37, 5, 7, 2, 33, 32, 30, 57, 1, 54, 31, 50, 10, 34, 53, 46, 49, 17, 21, 3, 55, 40, 22, 6, 44, 11, 18, 47, 39, 26, 4, 52, 24, 51, 13, 45, 38, 14, 28, 9, 35, 43, 48, 41, 16, 58, 20, 19, 25, 15, 42, 23, 36, 12, 29, 56
14, 38, 45, 21, 3, 55, 40, 22, 41, 48, 43, 35, 52, 24, 28, 9, 11, 18, 47, 7, 16, 58, 20, 26, 51, 13, 31, 32, 33, 5, 4, 8, 59, 37, 6, 17, 49, 46, 53, 34, 10, 2, 50, 19, 25, 27, 44, 39, 54, 1, 57, 30, 15, 42, 23, 36, 12, 29, 56
6, 22, 40, 55, 3, 21, 17, 49, 46, 53, 34, 2, 33, 32, 30, 57, 1, 54, 31, 50, 10, 7, 5, 37, 59, 8, 27, 44, 11, 18, 47, 39, 26, 4, 52, 24, 51, 13, 45, 38, 14, 28, 9, 35, 43, 48, 41, 16, 58, 20, 19, 25, 15, 42, 23, 36, 12, 29, 56
52, 24, 51, 13, 45, 38, 14, 28, 9, 35, 43, 48, 41, 18, 11, 44, 27, 25, 19, 50, 2, 55, 40, 22, 6, 17, 49, 46, 53, 34, 10, 3, 21, 7, 16, 58, 20, 30, 57, 1, 54, 26, 31, 32, 33, 37, 59, 8, 39, 47, 5, 4, 15, 42, 23, 36, 12, 29, 56
39, 47, 18, 11, 44, 27, 25, 19, 50, 2, 10, 34, 53, 46, 49, 17, 6, 22, 40, 55, 3, 21, 7, 16, 58, 20, 30, 57, 1, 54, 26, 31, 32, 33, 5, 4, 8, 59, 37, 41, 48, 43, 35, 9, 28, 14, 38, 45, 13, 51, 24, 52, 15, 42, 23, 36, 12, 29, 56
52, 24, 51, 13, 45, 38, 14, 28, 9, 35, 43, 48, 41, 16, 58, 20, 30, 57, 1, 54, 26, 6, 22, 40, 55, 47, 39, 17, 49, 46, 53, 34, 10, 2, 50, 19, 25, 27, 44, 11, 18, 3, 21, 7, 5, 37, 59, 8, 4, 33, 32, 31, 15, 42, 23, 36, 12, 29, 56
43, 48, 5, 37, 59, 8, 27, 7, 10, 50, 31, 54, 1, 57, 30, 32, 33, 2, 34, 53, 46, 49, 17, 21, 3, 55, 40, 22, 6, 44, 11, 18, 47, 39, 26, 4, 52, 24, 51, 20, 58, 16, 41, 35, 9, 28, 14, 38, 45, 13, 19, 25, 15, 42, 23, 36, 12, 29, 56
6, 22, 40, 32, 2, 33, 39, 47, 18, 11, 44, 27, 8, 4, 52, 24, 51, 20, 58, 16, 41, 17, 49, 46, 53, 34, 10, 50, 31, 54, 1, 57, 30, 7, 5, 37, 59, 26, 48, 43, 55, 3, 21, 35, 9, 28, 14, 38, 45, 13, 19, 25, 15, 42, 23, 36, 12, 29, 56
2, 33, 32, 31, 50, 10, 34, 53, 46, 49, 17, 6, 22, 40, 55, 3, 21, 7, 5, 37, 59, 8, 27, 44, 11, 18, 47, 39, 26, 54, 1, 57, 30, 4, 52, 24, 51, 13, 45, 38, 14, 28, 9, 35, 43, 48, 41, 16, 58, 20, 19, 25, 15, 42, 23, 36, 12, 29, 56
39, 47, 18, 11, 44, 27, 25, 19, 50, 2, 10, 34, 53, 46, 49, 17, 6, 37, 59, 8, 4, 5, 33, 32, 31, 26, 54, 1, 57, 30, 20, 58, 16, 7, 21, 3, 55, 40, 22, 41, 48, 43, 35, 9, 28, 14, 38, 45, 13, 51, 24, 52, 15, 42, 23, 36, 12, 29, 56
11, 44, 27, 25, 19, 50, 2, 10, 34, 53, 46, 18, 3, 21, 7, 16, 58, 20, 30, 57, 1, 54, 26, 31, 32, 33, 37, 59, 8, 4, 5, 47, 39, 41, 48, 43, 35, 9, 28, 14, 38, 45, 13, 51, 24, 52, 49, 17, 6, 22, 40, 55, 15, 42, 23, 36, 12, 29, 56
4, 26, 31, 33, 8, 59, 37, 6, 17, 49, 46, 53, 34, 10, 2, 50, 19, 25, 27, 44, 9, 28, 14, 38, 45, 13, 51, 24, 52, 11, 18, 47, 32, 5, 20, 58, 16, 7, 21, 3, 55, 40, 22, 41, 48, 43, 35, 39, 54, 1, 57, 30, 15, 42, 23, 36, 12, 29, 56
27, 8, 59, 37, 5, 7, 21, 3, 55, 40, 22, 6, 17, 49, 46, 53, 34, 10, 50, 31, 54, 1, 57, 30, 32, 2, 33, 44, 11, 18, 47, 39, 26, 4, 52, 24, 51, 13, 45, 38, 14, 28, 9, 35, 43, 48, 41, 16, 58, 20, 19, 25, 15, 42, 23, 36, 12, 29, 56
28, 44, 27, 14, 53, 46, 49, 17, 6, 5, 37, 59, 8, 47, 18, 11, 4, 38, 45, 13, 51, 24, 52, 33, 32, 31, 26, 25, 9, 35, 43, 48, 41, 22, 40, 55, 3, 21, 7, 16, 58, 20, 19, 50, 2, 10, 34, 39, 54, 1, 57, 30, 15, 42, 23, 36, 12, 29, 56
21, 3, 55, 40, 22, 41, 48, 43, 35, 9, 28, 14, 38, 45, 13, 51, 24, 52, 11, 18, 47, 7, 16, 58, 20, 26, 31, 32, 33, 5, 4, 8, 59, 37, 6, 17, 49, 46, 53, 34, 10, 2, 50, 19, 25, 27, 44, 39, 54, 1, 57, 30, 15, 42, 23, 36, 12, 29, 56
43, 48, 5, 37, 59, 8, 27, 7, 10, 50, 31, 54, 1, 57, 30, 32, 33, 2, 34, 53, 46, 49, 17, 6, 22, 40, 55, 3, 21, 44, 11, 18, 47, 39, 26, 4, 52, 24, 51, 20, 58, 16, 41, 35, 9, 28, 14, 38, 45, 13, 19, 25, 15, 42, 23, 36, 12, 29, 56
2, 33, 32, 30, 57, 1, 54, 31, 50, 10, 34, 53, 46, 49, 17, 41, 16, 58, 20, 51, 24, 52, 4, 8, 27, 44, 11, 18, 47, 39, 6, 22, 40, 7, 5, 37, 59, 26, 48, 43, 55, 3, 21, 35, 9, 28, 14, 38, 45, 13, 19, 25, 15, 42, 23, 36, 12, 29, 56
10, 50, 31, 54, 1, 57, 30, 32, 33, 2, 34, 53, 46, 49, 17, 41, 16, 58, 20, 51, 24, 52, 4, 8, 27, 44, 11, 18, 47, 39, 6, 22, 40, 43, 48, 26, 59, 37, 5, 7, 55, 3, 21, 35, 9, 28, 14, 38, 45, 13, 19, 25, 15, 42, 23, 36, 12, 29, 56
3, 21, 17, 55, 40, 22, 6, 39, 47, 18, 11, 44, 27, 8, 4, 52, 24, 49, 46, 53, 34, 10, 50, 31, 51, 20, 58, 16, 41, 48, 43, 54, 1, 57, 30, 32, 2, 33, 7, 5, 37, 59, 26, 35, 9, 28, 14, 38, 45, 13, 19, 25, 15, 42, 23, 36, 12, 29, 56
17, 21, 3, 55, 40, 22, 6, 39, 47, 18, 11, 44, 27, 8, 4, 52, 24, 49, 46, 53, 34, 10, 50, 31, 51, 20, 58, 16, 41, 48, 43, 54, 1, 57, 30, 32, 2, 33, 7, 5, 37, 59, 26, 35, 9, 28, 14, 38, 45, 13, 19, 25, 15, 42, 23, 36, 12, 29, 56
9, 28, 14, 38, 45, 13, 51, 24, 52, 35, 43, 48, 41, 5, 4, 8, 59, 37, 33, 32, 31, 26, 54, 1, 57, 30, 20, 58, 16, 7, 21, 3, 18, 11, 44, 27, 25, 19, 50, 2, 10, 34, 53, 46, 49, 17, 39, 47, 55, 40, 22, 6, 15, 42, 23, 36, 12, 29, 56
4, 27, 44, 28, 11, 18, 47, 8, 59, 37, 5, 6, 17, 49, 46, 53, 14, 38, 45, 13, 51, 24, 52, 33, 32, 31, 26, 25, 9, 35, 43, 48, 41, 22, 40, 55, 3, 21, 7, 16, 58, 20, 19, 50, 2, 10, 34, 39, 54, 1, 57, 30, 15, 42, 23, 36, 12, 29, 56
22, 6, 17, 49, 46, 53, 34, 33, 2, 32, 30, 57, 1, 54, 31, 50, 10, 7, 5, 37, 59, 26, 40, 55, 3, 21, 39, 47, 18, 11, 44, 27, 8, 4, 52, 24, 51, 13, 45, 38, 14, 28, 9, 35, 43, 48, 41, 16, 58, 20, 19, 25, 15, 42, 23, 36, 12, 29, 56
9, 28, 14, 38, 45, 13, 51, 24, 52, 35, 43, 48, 41, 10, 34, 53, 46, 49, 17, 6, 22, 40, 55, 2, 50, 19, 25, 27, 44, 11, 18, 3, 21, 7, 16, 58, 20, 30, 57, 1, 54, 26, 31, 32, 33, 37, 59, 8, 39, 47, 5, 4, 15, 42, 23, 36, 12, 29, 56
21, 17, 49, 46, 53, 34, 10, 50, 32, 54, 1, 57, 30, 31, 48, 43, 7, 5, 37, 59, 26, 3, 55, 40, 22, 6, 39, 47, 18, 11, 44, 27, 8, 33, 2, 4, 52, 24, 51, 20, 58, 16, 41, 35, 9, 28, 14, 38, 45, 13, 19, 25, 15, 42, 23, 36, 12, 29, 56
25, 26, 31, 32, 33, 52, 24, 51, 13, 45, 38, 47, 18, 11, 37, 59, 8, 4, 5, 14, 53, 46, 49, 17, 6, 27, 44, 28, 9, 35, 43, 48, 41, 22, 40, 55, 3, 21, 7, 16, 58, 20, 19, 50, 2, 10, 34, 39, 54, 1, 57, 30, 15, 42, 23, 36, 12, 29, 56
9, 28, 14, 38, 45, 13, 51, 24, 52, 35, 43, 48, 41, 16, 58, 20, 30, 57, 1, 54, 26, 31, 32, 33, 4, 8, 59, 37, 5, 7, 21, 3, 18, 11, 44, 27, 25, 19, 50, 2, 10, 34, 53, 46, 49, 17, 6, 22, 40, 55, 47, 39, 15, 42, 23, 36, 12, 29, 56
33, 2, 32, 40, 22, 6, 39, 47, 18, 11, 44, 27, 8, 4, 52, 24, 51, 20, 58, 16, 41, 17, 49, 46, 53, 34, 10, 50, 31, 54, 1, 57, 30, 7, 5, 37, 59, 26, 48, 43, 55, 3, 21, 35, 9, 28, 14, 38, 45, 13, 19, 25, 15, 42, 23, 36, 12, 29, 56
9, 28, 14, 38, 45, 13, 51, 24, 52, 35, 43, 48, 41, 16, 58, 20, 30, 57, 1, 54, 26, 39, 47, 55, 40, 22, 6, 17, 49, 46, 53, 34, 10, 2, 50, 19, 25, 27, 44, 11, 18, 3, 21, 7, 5, 4, 8, 59, 37, 33, 32, 31, 15, 42, 23, 36, 12, 29, 56
2, 33, 32, 40, 22, 6, 39, 47, 18, 11, 44, 27, 8, 4, 52, 24, 51, 20, 58, 16, 41, 17, 49, 46, 53, 34, 10, 50, 31, 54, 1, 57, 30, 43, 48, 26, 59, 37, 5, 7, 55, 3, 21, 35, 9, 28, 14, 38, 45, 13, 19, 25, 15, 42, 23, 36, 12, 29, 56
6, 22, 40, 55, 3, 21, 17, 49, 46, 53, 34, 2, 33, 32, 30, 57, 1, 54, 31, 50, 10, 7, 5, 37, 59, 26, 39, 47, 18, 11, 44, 27, 8, 4, 52, 24, 51, 13, 45, 38, 14, 28, 9, 35, 43, 48, 41, 16, 58, 20, 19, 25, 15, 42, 23, 36, 12, 29, 56
27, 8, 59, 37, 5, 7, 2, 10, 50, 54, 1, 57, 30, 31, 32, 33, 34, 53, 46, 49, 17, 6, 22, 40, 55, 3, 21, 44, 11, 18, 47, 39, 26, 4, 52, 24, 51, 13, 45, 38, 14, 28, 9, 35, 43, 48, 41, 16, 58, 20, 19, 25, 15, 42, 23, 36, 12, 29, 56
52, 24, 51, 13, 45, 38, 14, 28, 9, 35, 43, 48, 41, 16, 58, 20, 30, 57, 1, 54, 26, 6, 22, 40, 55, 47, 39, 17, 49, 46, 53, 34, 10, 2, 50, 19, 25, 27, 44, 11, 18, 3, 21, 7, 5, 4, 8, 59, 37, 33, 32, 31, 15, 42, 23, 36, 12, 29, 56
2, 10, 50, 19, 25, 27, 44, 11, 18, 47, 34, 53, 46, 49, 17, 6, 37, 59, 8, 4, 5, 33, 32, 31, 26, 20, 58, 16, 7, 21, 3, 55, 40, 22, 41, 48, 43, 35, 9, 28, 14, 38, 45, 13, 51, 24, 52, 39, 54, 1, 57, 30, 15, 42, 23, 36, 12, 29, 56
9, 28, 14, 38, 45, 13, 51, 24, 52, 35, 43, 48, 41, 16, 58, 20, 30, 57, 1, 54, 26, 6, 22, 40, 55, 47, 39, 17, 49, 46, 53, 34, 10, 2, 50, 19, 25, 27, 44, 11, 18, 3, 21, 7, 4, 8, 59, 37, 5, 33, 32, 31, 15, 42, 23, 36, 12, 29, 56
25, 26, 31, 32, 33, 52, 24, 51, 13, 45, 38, 47, 18, 11, 6, 37, 59, 14, 53, 46, 49, 17, 5, 4, 8, 27, 44, 28, 9, 35, 43, 48, 41, 22, 40, 55, 3, 21, 7, 16, 58, 20, 19, 50, 2, 10, 34, 39, 54, 1, 57, 30, 15, 42, 23, 36, 12, 29, 56
55, 40, 22, 6, 17, 49, 46, 53, 34, 10, 2, 50, 19, 25, 27, 44, 11, 18, 3, 21, 7, 16, 58, 20, 30, 57, 1, 54, 26, 31, 32, 33, 37, 59, 8, 4, 5, 47, 39, 41, 48, 43, 35, 9, 28, 14, 38, 45, 13, 51, 24, 52, 15, 42, 23, 36, 12, 29, 56
32, 40, 22, 6, 39, 47, 18, 11, 44, 27, 8, 4, 52, 24, 51, 20, 58, 16, 41, 17, 49, 46, 53, 34, 10, 2, 50, 54, 1, 57, 30, 31, 33, 43, 48, 26, 59, 37, 5, 7, 55, 3, 21, 35, 9, 28, 14, 38, 45, 13, 19, 25, 15, 42, 23, 36, 12, 29, 56
18, 11, 44, 27, 8, 4, 9, 28, 14, 38, 40, 55, 50, 31, 54, 1, 57, 30, 7, 10, 34, 53, 46, 49, 17, 6, 22, 32, 33, 2, 47, 39, 21, 3, 5, 37, 59, 26, 45, 13, 51, 24, 52, 35, 43, 48, 41, 16, 58, 20, 19, 25, 15, 42, 23, 36, 12, 29, 56
28, 44, 27, 25, 26, 31, 32, 33, 52, 24, 51, 13, 45, 38, 8, 59, 37, 47, 18, 11, 6, 5, 4, 17, 49, 46, 53, 14, 9, 35, 43, 48, 41, 22, 40, 55, 3, 21, 7, 16, 58, 20, 19, 50, 2, 10, 34, 39, 54, 1, 57, 30, 15, 42, 23, 36, 12, 29, 56
31, 32, 33, 37, 59, 8, 4, 5, 7, 21, 3, 18, 11, 44, 27, 25, 19, 50, 2, 10, 34, 53, 46, 49, 17, 39, 47, 55, 40, 22, 6, 26, 54, 1, 57, 30, 20, 58, 16, 41, 48, 43, 35, 9, 28, 14, 38, 45, 13, 51, 24, 52, 15, 42, 23, 36, 12, 29, 56
19, 25, 27, 44, 11, 18, 41, 48, 43, 35, 9, 28, 14, 38, 45, 13, 51, 24, 52, 50, 2, 55, 40, 22, 6, 17, 49, 46, 53, 34, 10, 3, 21, 7, 16, 58, 20, 30, 57, 1, 54, 26, 31, 32, 33, 37, 59, 8, 4, 5, 47, 39, 15, 42, 23, 36, 12, 29, 56
7, 5, 37, 59, 26, 48, 43, 2, 10, 50, 54, 1, 57, 6, 22, 40, 55, 3, 21, 39, 47, 18, 11, 44, 27, 8, 4, 52, 24, 51, 20, 58, 16, 41, 17, 49, 46, 53, 34, 33, 32, 31, 30, 35, 9, 28, 14, 38, 45, 13, 19, 25, 15, 42, 23, 36, 12, 29, 56
33, 47, 18, 11, 9, 32, 31, 28, 14, 38, 45, 13, 51, 24, 52, 44, 27, 25, 19, 50, 2, 10, 34, 53, 46, 49, 17, 26, 4, 8, 59, 37, 6, 5, 20, 58, 16, 7, 21, 3, 55, 40, 22, 41, 48, 43, 35, 39, 54, 1, 57, 30, 15, 42, 23, 36, 12, 29, 56
9, 28, 14, 38, 45, 13, 51, 24, 52, 35, 43, 48, 41, 37, 59, 8, 4, 5, 33, 32, 31, 26, 54, 1, 57, 30, 20, 58, 16, 7, 21, 3, 18, 11, 44, 27, 25, 19, 50, 2, 10, 34, 53, 46, 49, 17, 39, 47, 55, 40, 22, 6, 15, 42, 23, 36, 12, 29, 56
22, 6, 17, 49, 46, 53, 34, 43, 48, 31, 30, 57, 1, 54, 32, 50, 10, 7, 5, 37, 59, 26, 40, 55, 3, 21, 39, 47, 18, 11, 44, 27, 8, 33, 2, 4, 52, 24, 51, 20, 58, 16, 41, 35, 9, 28, 14, 38, 45, 13, 19, 25, 15, 42, 23, 36, 12, 29, 56
9, 28, 14, 38, 45, 13, 51, 24, 52, 35, 43, 48, 41, 22, 40, 55, 3, 21, 7, 16, 58, 20, 30, 57, 1, 54, 39, 47, 18, 11, 44, 27, 25, 19, 50, 2, 10, 34, 53, 46, 49, 17, 6, 37, 59, 8, 4, 5, 33, 32, 31, 26, 15, 42, 23, 36, 12, 29, 56
33, 31, 30, 57, 1, 54, 50, 2, 10, 34, 53, 46, 49, 17, 41, 16, 58, 20, 51, 24, 52, 4, 8, 27, 44, 11, 18, 47, 39, 6, 22, 40, 32, 43, 48, 26, 59, 37, 5, 7, 55, 3, 21, 35, 9, 28, 14, 38, 45, 13, 19, 25, 15, 42, 23, 36, 12, 29, 56
5, 37, 59, 8, 27, 7, 21, 3, 55, 40, 22, 6, 17, 49, 46, 53, 34, 33, 2, 32, 30, 57, 1, 54, 31, 50, 10, 44, 11, 18, 47, 39, 26, 4, 52, 24, 51, 13, 45, 38, 14, 28, 9, 35, 43, 48, 41, 16, 58, 20, 19, 25, 15, 42, 23, 36, 12, 29, 56
52, 24, 51, 13, 45, 38, 14, 28, 9, 35, 43, 48, 41, 16, 58, 20, 30, 57, 1, 54, 26, 6, 22, 40, 55, 47, 39, 17, 49, 46, 53, 34, 10, 2, 50, 19, 25, 27, 44, 11, 18, 3, 21, 7, 37, 59, 8, 4, 5, 33, 32, 31, 15, 42, 23, 36, 12, 29, 56
