75, 22, 60, 18, 44, 4, 12, 67, 20, 27, 66, 34, 5, 37, 33, 74, 51, 49, 3, 19, 56, 46, 64, 41, 72, 35, 23, 1, 69, 65, 43, 58, 55, 10, 63, 16, 11, 30, 17, 24, 59, 6, 36, 13, 48, 54, 45, 25, 28, 31, 71, 62, 61, 38, 29, 2, 39, 70, 42, 21, 32, 15, 52, 26, 40, 57, 73, 68, 14, 8, 47, 53, 9, 50, 7
41, 72, 35, 23, 1, 69, 65, 43, 58, 55, 10, 63, 16, 11, 30, 17, 24, 59, 47, 8, 14, 32, 36, 6, 37, 5, 34, 66, 27, 20, 67, 12, 4, 44, 18, 60, 22, 75, 53, 9, 50, 64, 46, 56, 19, 3, 49, 51, 74, 33, 7, 68, 73, 57, 40, 26, 52, 15, 21, 42, 70, 39, 2, 29, 38, 61, 62, 71, 31, 28, 25, 45, 54, 48, 13
36, 2, 29, 38, 61, 16, 63, 10, 55, 58, 43, 65, 69, 1, 23, 35, 72, 41, 64, 46, 56, 17, 30, 11, 37, 5, 34, 66, 27, 20, 67, 12, 39, 13, 44, 4, 6, 59, 24, 70, 42, 21, 32, 15, 52, 26, 40, 57, 73, 68, 48, 75, 22, 60, 18, 62, 19, 3, 49, 51, 74, 33, 71, 31, 28, 25, 45, 54, 7, 50, 9, 53, 47, 8, 14
23, 69, 65, 43, 14, 47, 19, 21, 59, 55, 46, 64, 41, 72, 35, 1, 25, 37, 15, 32, 36, 56, 5, 18, 44, 4, 67, 20, 42, 3, 70, 39, 51, 45, 54, 40, 11, 30, 61, 24, 38, 71, 31, 28, 57, 73, 68, 16, 63, 26, 2, 49, 29, 8, 22, 60, 13, 17, 10, 58, 62, 75, 33, 74, 52, 34, 66, 27, 48, 7, 50, 9, 53, 12, 6
62, 15, 21, 19, 24, 59, 8, 29, 2, 49, 26, 27, 67, 22, 1, 36, 32, 51, 39, 70, 30, 13, 52, 74, 33, 31, 28, 57, 73, 68, 64, 41, 72, 35, 38, 61, 63, 10, 55, 46, 18, 44, 54, 45, 56, 42, 40, 65, 43, 14, 47, 16, 58, 20, 60, 11, 71, 23, 66, 34, 5, 37, 75, 3, 25, 69, 4, 17, 48, 7, 50, 9, 53, 12, 6
41, 72, 35, 23, 1, 69, 65, 43, 58, 55, 10, 63, 16, 6, 36, 32, 14, 8, 47, 59, 24, 17, 30, 11, 37, 5, 34, 66, 27, 20, 67, 12, 4, 44, 18, 60, 22, 75, 53, 9, 50, 64, 46, 56, 19, 3, 49, 51, 74, 33, 7, 68, 73, 57, 40, 26, 52, 15, 21, 42, 70, 39, 2, 29, 38, 61, 62, 71, 31, 28, 25, 45, 54, 48, 13
9, 50, 7, 68, 73, 51, 38, 61, 16, 35, 53, 52, 15, 18, 44, 54, 11, 30, 25, 19, 3, 26, 57, 67, 20, 27, 70, 42, 58, 60, 22, 63, 72, 41, 64, 46, 13, 8, 29, 2, 48, 62, 66, 23, 1, 47, 14, 43, 65, 69, 4, 12, 6, 39, 45, 32, 36, 56, 40, 37, 5, 34, 71, 10, 55, 75, 74, 33, 21, 17, 49, 31, 28, 59, 24
62, 68, 73, 57, 40, 26, 52, 15, 32, 21, 42, 70, 39, 13, 33, 74, 51, 49, 3, 19, 56, 46, 64, 41, 72, 35, 23, 1, 69, 65, 43, 58, 55, 10, 63, 16, 11, 30, 17, 24, 59, 6, 36, 2, 29, 38, 61, 37, 5, 34, 66, 27, 20, 67, 12, 4, 44, 18, 60, 22, 75, 48, 71, 31, 28, 25, 45, 54, 7, 50, 9, 53, 47, 8, 14
50, 9, 53, 75, 22, 60, 18, 44, 4, 12, 67, 20, 27, 66, 34, 5, 37, 33, 74, 51, 49, 3, 19, 56, 46, 64, 41, 72, 35, 23, 1, 69, 65, 43, 58, 55, 10, 63, 16, 47, 8, 14, 32, 36, 11, 30, 17, 24, 59, 6, 7, 68, 73, 57, 40, 26, 52, 15, 21, 42, 70, 39, 2, 29, 38, 61, 62, 71, 31, 28, 25, 45, 54, 48, 13
16, 61, 38, 3, 49, 51, 74, 33, 68, 73, 57, 40, 26, 52, 15, 32, 63, 10, 55, 58, 43, 65, 69, 1, 23, 35, 72, 41, 64, 46, 56, 19, 21, 42, 70, 39, 13, 62, 29, 2, 36, 11, 30, 17, 24, 59, 6, 37, 5, 34, 66, 27, 20, 67, 12, 4, 44, 18, 60, 22, 75, 48, 71, 31, 28, 25, 45, 54, 7, 50, 9, 53, 47, 8, 14
7, 68, 73, 51, 38, 61, 16, 50, 9, 35, 53, 52, 15, 18, 44, 54, 63, 72, 41, 64, 46, 13, 57, 67, 20, 27, 70, 42, 58, 60, 22, 11, 30, 25, 19, 3, 26, 8, 29, 2, 48, 62, 66, 23, 1, 47, 14, 43, 65, 69, 39, 6, 12, 4, 45, 32, 36, 56, 40, 37, 5, 34, 71, 10, 55, 75, 74, 33, 21, 17, 49, 31, 28, 59, 24
11, 16, 63, 10, 55, 58, 43, 65, 69, 1, 23, 30, 17, 24, 59, 61, 38, 60, 22, 75, 48, 13, 39, 35, 72, 41, 64, 46, 56, 19, 3, 12, 67, 20, 27, 66, 34, 18, 62, 70, 42, 6, 37, 5, 2, 36, 29, 33, 74, 51, 49, 4, 44, 68, 73, 57, 40, 26, 52, 15, 32, 21, 71, 31, 28, 25, 45, 54, 14, 8, 47, 53, 9, 50, 7
11, 56, 30, 13, 52, 74, 33, 37, 5, 34, 18, 60, 20, 58, 16, 49, 29, 2, 46, 47, 14, 43, 65, 40, 42, 70, 39, 51, 26, 8, 59, 24, 19, 21, 15, 62, 66, 27, 67, 22, 1, 36, 32, 45, 54, 44, 55, 10, 63, 61, 38, 35, 72, 41, 64, 68, 73, 57, 28, 31, 71, 23, 75, 3, 25, 69, 4, 17, 48, 6, 12, 53, 9, 50, 7
14, 43, 65, 69, 23, 18, 44, 42, 20, 67, 3, 70, 39, 4, 47, 19, 21, 15, 24, 61, 30, 11, 40, 54, 45, 32, 36, 56, 5, 37, 25, 1, 35, 72, 41, 64, 46, 55, 59, 51, 26, 2, 49, 29, 8, 22, 60, 13, 17, 38, 71, 31, 28, 57, 73, 68, 16, 63, 10, 58, 62, 75, 33, 74, 52, 34, 66, 27, 48, 6, 12, 53, 9, 50, 7
12, 67, 20, 27, 66, 34, 5, 37, 11, 30, 17, 16, 4, 44, 13, 39, 63, 10, 55, 58, 43, 65, 69, 1, 23, 35, 72, 41, 64, 46, 56, 61, 38, 29, 2, 36, 6, 59, 24, 70, 42, 21, 32, 15, 52, 26, 40, 57, 73, 68, 48, 75, 22, 60, 18, 62, 19, 3, 49, 51, 74, 33, 71, 31, 28, 25, 45, 54, 7, 50, 9, 53, 47, 8, 14
7, 68, 73, 51, 38, 61, 16, 50, 9, 35, 53, 52, 15, 18, 44, 54, 11, 30, 25, 19, 3, 26, 57, 67, 20, 27, 70, 42, 58, 60, 22, 63, 72, 41, 64, 46, 13, 8, 29, 2, 48, 62, 66, 23, 1, 47, 14, 43, 65, 69, 39, 6, 12, 4, 45, 32, 36, 56, 40, 37, 5, 34, 71, 10, 55, 75, 74, 33, 21, 17, 49, 31, 28, 59, 24
23, 69, 65, 43, 14, 47, 19, 21, 59, 55, 46, 64, 41, 72, 35, 1, 25, 37, 15, 32, 36, 56, 5, 18, 44, 4, 67, 20, 42, 3, 70, 39, 51, 45, 54, 40, 11, 30, 61, 24, 38, 71, 31, 28, 57, 73, 68, 16, 63, 10, 17, 13, 60, 22, 8, 29, 49, 26, 2, 58, 62, 75, 33, 74, 52, 34, 66, 27, 48, 7, 50, 9, 53, 12, 6
9, 50, 7, 68, 73, 51, 38, 61, 16, 35, 53, 52, 15, 18, 44, 54, 11, 30, 3, 19, 25, 26, 57, 67, 20, 27, 70, 42, 58, 60, 22, 63, 72, 41, 64, 46, 13, 8, 29, 48, 2, 62, 66, 23, 1, 47, 14, 43, 65, 69, 4, 12, 6, 39, 45, 32, 36, 56, 40, 37, 5, 34, 71, 10, 55, 75, 74, 33, 21, 17, 49, 31, 28, 59, 24
23, 69, 65, 43, 14, 47, 19, 21, 59, 55, 46, 64, 41, 72, 35, 1, 25, 37, 15, 32, 36, 56, 5, 18, 44, 42, 20, 67, 4, 3, 70, 39, 51, 45, 54, 40, 11, 30, 61, 24, 38, 71, 31, 28, 57, 73, 68, 16, 63, 26, 2, 49, 29, 8, 22, 60, 13, 17, 10, 58, 62, 75, 33, 74, 52, 34, 66, 27, 48, 7, 50, 9, 53, 12, 6
36, 2, 29, 38, 61, 56, 46, 64, 41, 72, 35, 23, 1, 69, 65, 43, 58, 55, 10, 63, 4, 44, 13, 39, 12, 67, 20, 27, 66, 34, 5, 37, 11, 30, 17, 16, 6, 59, 24, 70, 42, 21, 32, 15, 52, 26, 40, 57, 73, 68, 48, 75, 22, 60, 18, 62, 19, 3, 49, 51, 74, 33, 71, 31, 28, 25, 45, 54, 14, 8, 47, 53, 9, 50, 7
23, 69, 65, 43, 14, 47, 19, 21, 59, 55, 46, 64, 41, 72, 35, 1, 25, 37, 15, 32, 36, 56, 5, 18, 44, 42, 20, 67, 4, 3, 70, 39, 51, 45, 54, 40, 11, 30, 61, 24, 38, 71, 31, 28, 57, 73, 68, 16, 63, 10, 17, 13, 60, 22, 8, 29, 49, 26, 2, 58, 62, 75, 33, 74, 52, 34, 66, 27, 48, 6, 12, 53, 9, 50, 7
9, 50, 7, 68, 73, 51, 38, 61, 16, 35, 53, 52, 15, 18, 44, 54, 11, 30, 3, 19, 25, 26, 57, 67, 20, 27, 70, 42, 58, 60, 22, 63, 72, 41, 64, 46, 13, 8, 29, 48, 2, 62, 66, 23, 1, 47, 14, 43, 65, 69, 39, 6, 12, 4, 45, 32, 36, 56, 40, 37, 5, 34, 71, 10, 55, 75, 74, 33, 21, 17, 49, 31, 28, 59, 24
23, 69, 65, 43, 14, 47, 19, 21, 59, 55, 46, 64, 41, 72, 35, 1, 25, 37, 15, 32, 36, 56, 5, 18, 44, 4, 67, 20, 42, 3, 70, 39, 51, 45, 54, 40, 68, 73, 57, 28, 31, 71, 38, 24, 61, 30, 11, 16, 63, 2, 26, 49, 29, 8, 22, 60, 13, 17, 10, 58, 62, 75, 33, 74, 52, 34, 66, 27, 48, 7, 50, 9, 53, 12, 6
16, 61, 38, 51, 73, 68, 7, 50, 9, 35, 53, 52, 15, 18, 44, 54, 11, 30, 25, 19, 3, 26, 57, 67, 20, 27, 70, 42, 58, 60, 22, 63, 72, 41, 64, 46, 13, 8, 29, 2, 48, 62, 66, 23, 1, 47, 14, 43, 65, 69, 39, 6, 12, 4, 45, 32, 36, 56, 40, 37, 5, 34, 71, 10, 55, 75, 74, 33, 21, 17, 49, 31, 28, 59, 24
7, 68, 73, 51, 38, 61, 16, 50, 9, 35, 53, 52, 15, 18, 44, 54, 11, 30, 25, 19, 3, 26, 57, 67, 20, 27, 70, 42, 58, 60, 22, 63, 72, 41, 64, 46, 13, 8, 29, 2, 48, 62, 66, 23, 1, 47, 14, 43, 65, 69, 4, 12, 6, 39, 45, 32, 36, 56, 40, 37, 5, 34, 71, 10, 55, 75, 74, 33, 21, 17, 49, 31, 28, 59, 24
23, 69, 65, 43, 14, 47, 19, 21, 59, 55, 46, 64, 41, 72, 35, 1, 25, 74, 52, 56, 36, 32, 15, 18, 44, 42, 20, 67, 4, 3, 70, 39, 51, 45, 54, 40, 11, 30, 61, 24, 38, 71, 31, 28, 57, 73, 68, 16, 63, 2, 26, 49, 29, 8, 22, 60, 13, 17, 10, 58, 62, 75, 33, 37, 5, 34, 66, 27, 48, 7, 50, 9, 53, 12, 6
21, 15, 62, 56, 11, 60, 20, 58, 16, 47, 14, 43, 65, 40, 42, 71, 23, 66, 34, 5, 37, 19, 24, 59, 8, 29, 49, 2, 26, 27, 67, 22, 1, 36, 32, 28, 31, 33, 74, 52, 13, 30, 70, 39, 51, 57, 73, 68, 64, 41, 72, 35, 38, 61, 63, 10, 55, 46, 18, 44, 54, 45, 75, 3, 25, 69, 4, 17, 48, 6, 12, 53, 9, 50, 7
23, 69, 65, 43, 14, 47, 19, 21, 59, 55, 46, 64, 41, 72, 35, 1, 25, 37, 15, 32, 36, 56, 5, 18, 44, 42, 20, 67, 4, 3, 70, 39, 51, 45, 54, 40, 11, 30, 61, 24, 38, 71, 31, 28, 57, 73, 68, 16, 63, 2, 26, 49, 29, 8, 22, 60, 13, 17, 10, 58, 62, 75, 33, 74, 52, 34, 66, 27, 48, 6, 12, 53, 9, 50, 7
9, 50, 16, 61, 38, 51, 73, 68, 7, 35, 53, 52, 15, 18, 44, 54, 63, 72, 41, 64, 46, 13, 57, 67, 20, 27, 70, 42, 58, 60, 22, 11, 30, 25, 19, 3, 26, 8, 29, 48, 2, 62, 66, 23, 1, 47, 14, 43, 65, 69, 4, 12, 6, 39, 45, 32, 36, 56, 40, 37, 5, 34, 71, 10, 55, 75, 74, 33, 21, 17, 49, 31, 28, 59, 24
32, 21, 42, 70, 39, 13, 48, 75, 22, 60, 18, 62, 2, 29, 38, 61, 56, 46, 64, 41, 72, 35, 23, 1, 69, 65, 43, 58, 55, 10, 63, 16, 15, 52, 26, 40, 57, 73, 68, 44, 4, 12, 67, 20, 27, 66, 34, 5, 37, 6, 59, 24, 17, 30, 11, 36, 19, 3, 49, 51, 74, 33, 71, 31, 28, 25, 45, 54, 7, 50, 9, 53, 47, 8, 14
7, 68, 73, 51, 38, 61, 16, 50, 9, 35, 53, 52, 15, 18, 44, 54, 11, 30, 25, 19, 3, 26, 57, 67, 20, 27, 70, 42, 58, 60, 22, 63, 72, 41, 64, 46, 13, 8, 29, 48, 2, 62, 66, 23, 1, 47, 14, 43, 65, 69, 4, 12, 6, 39, 45, 32, 36, 56, 40, 37, 5, 34, 71, 10, 55, 75, 74, 33, 21, 17, 49, 31, 28, 59, 24
50, 9, 53, 75, 22, 60, 18, 44, 4, 12, 67, 20, 27, 66, 34, 5, 37, 11, 30, 17, 24, 59, 47, 8, 14, 32, 36, 6, 16, 63, 10, 55, 58, 43, 65, 69, 1, 23, 35, 72, 41, 64, 46, 56, 19, 3, 49, 51, 74, 33, 7, 68, 73, 57, 40, 26, 52, 15, 21, 42, 70, 39, 2, 29, 38, 61, 62, 71, 31, 28, 25, 45, 54, 48, 13
9, 50, 7, 68, 73, 51, 38, 61, 16, 35, 53, 52, 15, 18, 44, 54, 11, 30, 25, 19, 3, 26, 57, 67, 20, 27, 70, 42, 58, 60, 22, 63, 72, 41, 64, 46, 13, 8, 29, 48, 2, 62, 66, 23, 1, 47, 14, 43, 65, 69, 4, 12, 6, 39, 45, 32, 36, 56, 40, 37, 5, 34, 71, 10, 55, 75, 74, 33, 21, 17, 49, 31, 28, 59, 24
26, 40, 57, 73, 68, 62, 2, 29, 38, 61, 16, 63, 10, 55, 58, 43, 65, 69, 1, 23, 35, 72, 41, 64, 46, 56, 52, 15, 32, 21, 42, 70, 39, 13, 48, 75, 22, 60, 36, 6, 59, 24, 17, 30, 11, 37, 5, 34, 66, 27, 20, 67, 12, 4, 44, 18, 19, 3, 49, 51, 74, 33, 71, 31, 28, 25, 45, 54, 7, 50, 9, 53, 47, 8, 14
5, 56, 36, 32, 15, 37, 25, 1, 35, 72, 41, 64, 46, 55, 59, 21, 19, 47, 14, 43, 65, 69, 23, 18, 44, 42, 20, 67, 4, 3, 70, 39, 51, 45, 54, 40, 11, 30, 61, 24, 38, 71, 31, 28, 57, 73, 68, 16, 63, 26, 2, 49, 29, 8, 22, 60, 13, 17, 10, 58, 62, 75, 33, 74, 52, 34, 66, 27, 48, 7, 50, 9, 53, 12, 6
16, 63, 10, 55, 58, 43, 65, 69, 1, 23, 35, 72, 41, 64, 46, 56, 61, 38, 29, 2, 62, 13, 39, 70, 42, 21, 32, 15, 52, 26, 40, 57, 73, 68, 48, 75, 22, 60, 36, 11, 30, 17, 24, 59, 6, 37, 5, 34, 66, 27, 20, 67, 12, 4, 44, 18, 19, 3, 49, 51, 74, 33, 71, 31, 28, 25, 45, 54, 7, 50, 9, 53, 47, 8, 14
36, 2, 29, 38, 61, 56, 46, 64, 41, 72, 35, 23, 1, 69, 65, 43, 58, 55, 10, 63, 4, 44, 13, 39, 16, 17, 30, 11, 37, 5, 34, 66, 27, 20, 67, 12, 6, 59, 24, 70, 42, 21, 32, 15, 52, 26, 40, 57, 73, 68, 48, 75, 22, 60, 18, 62, 19, 3, 49, 51, 74, 33, 71, 31, 28, 25, 45, 54, 14, 8, 47, 53, 9, 50, 7
23, 69, 65, 43, 14, 47, 19, 21, 59, 55, 46, 64, 41, 72, 35, 1, 25, 37, 15, 32, 36, 56, 5, 18, 44, 4, 67, 20, 42, 3, 70, 39, 51, 45, 54, 40, 11, 30, 61, 24, 38, 71, 31, 28, 57, 73, 68, 16, 63, 2, 26, 49, 29, 8, 22, 60, 13, 17, 10, 58, 62, 75, 33, 74, 52, 34, 66, 27, 48, 6, 12, 53, 9, 50, 7
7, 68, 73, 51, 38, 61, 16, 50, 9, 35, 53, 52, 15, 18, 44, 54, 11, 30, 3, 19, 25, 26, 57, 67, 20, 27, 70, 42, 58, 60, 22, 63, 72, 41, 64, 46, 13, 8, 29, 2, 48, 62, 66, 23, 1, 47, 14, 43, 65, 69, 39, 6, 12, 4, 45, 32, 36, 56, 40, 37, 5, 34, 71, 10, 55, 75, 74, 33, 21, 17, 49, 31, 28, 59, 24
62, 68, 73, 57, 40, 26, 52, 15, 32, 21, 42, 70, 39, 13, 48, 75, 22, 60, 18, 44, 4, 12, 67, 20, 27, 66, 34, 5, 37, 11, 30, 17, 24, 59, 6, 36, 2, 29, 38, 61, 16, 63, 10, 55, 58, 43, 65, 69, 1, 23, 35, 72, 41, 64, 46, 56, 19, 3, 49, 51, 74, 33, 71, 31, 28, 25, 45, 54, 7, 50, 9, 53, 47, 8, 14
37, 5, 34, 66, 23, 71, 11, 60, 20, 58, 16, 47, 14, 43, 65, 40, 42, 56, 62, 15, 21, 19, 24, 59, 8, 29, 49, 2, 26, 27, 67, 22, 1, 36, 32, 28, 31, 33, 74, 52, 13, 30, 70, 39, 51, 57, 73, 68, 64, 41, 72, 35, 38, 61, 63, 10, 55, 46, 18, 44, 54, 45, 75, 3, 25, 69, 4, 17, 48, 7, 50, 9, 53, 12, 6
26, 49, 29, 8, 59, 55, 46, 64, 41, 72, 35, 1, 25, 37, 5, 56, 36, 32, 4, 67, 20, 10, 17, 13, 60, 22, 2, 63, 16, 68, 73, 57, 28, 31, 71, 38, 24, 61, 30, 11, 40, 54, 45, 51, 39, 70, 21, 15, 3, 19, 47, 14, 43, 65, 69, 23, 18, 44, 42, 58, 62, 75, 33, 74, 52, 34, 66, 27, 48, 7, 50, 9, 53, 12, 6
2, 36, 29, 38, 61, 56, 46, 64, 41, 72, 35, 23, 1, 69, 65, 43, 58, 55, 10, 63, 39, 13, 44, 4, 12, 67, 20, 27, 66, 34, 5, 37, 11, 30, 17, 16, 6, 59, 24, 70, 42, 21, 32, 15, 52, 26, 40, 57, 73, 68, 48, 75, 22, 60, 18, 62, 19, 3, 49, 51, 74, 33, 71, 31, 28, 25, 45, 54, 14, 8, 47, 53, 9, 50, 7
12, 67, 20, 27, 66, 34, 5, 37, 11, 30, 17, 16, 39, 13, 44, 4, 63, 10, 55, 58, 43, 65, 69, 1, 23, 35, 72, 41, 64, 46, 56, 61, 38, 29, 2, 36, 6, 59, 24, 70, 42, 21, 32, 15, 52, 26, 40, 57, 73, 68, 48, 75, 22, 60, 18, 62, 19, 3, 49, 51, 74, 33, 71, 31, 28, 25, 45, 54, 14, 8, 47, 53, 9, 50, 7
23, 69, 65, 43, 14, 47, 19, 3, 59, 55, 46, 64, 41, 72, 35, 1, 25, 37, 15, 32, 36, 56, 5, 18, 44, 4, 67, 20, 42, 21, 70, 39, 51, 45, 54, 40, 11, 30, 61, 24, 38, 71, 31, 28, 57, 73, 68, 16, 63, 2, 26, 49, 29, 8, 22, 60, 13, 17, 10, 58, 62, 75, 33, 74, 52, 34, 66, 27, 48, 7, 50, 9, 53, 12, 6
21, 15, 62, 56, 42, 40, 65, 43, 14, 47, 16, 58, 20, 60, 11, 71, 23, 66, 34, 5, 37, 19, 24, 59, 8, 29, 2, 49, 26, 27, 67, 22, 1, 36, 32, 28, 31, 33, 74, 52, 13, 30, 70, 39, 51, 57, 73, 68, 64, 41, 72, 35, 38, 61, 63, 10, 55, 46, 18, 44, 54, 45, 75, 3, 25, 69, 4, 17, 48, 6, 12, 53, 9, 50, 7
2, 36, 29, 38, 61, 56, 46, 64, 41, 72, 35, 23, 1, 69, 65, 43, 58, 55, 10, 63, 4, 44, 13, 39, 16, 17, 30, 11, 37, 5, 34, 66, 27, 20, 67, 12, 6, 59, 24, 70, 42, 21, 32, 15, 52, 26, 40, 57, 73, 68, 48, 75, 22, 60, 18, 62, 19, 3, 49, 51, 74, 33, 71, 31, 28, 25, 45, 54, 7, 50, 9, 53, 47, 8, 14
21, 15, 62, 56, 11, 60, 20, 58, 16, 47, 14, 43, 65, 40, 42, 71, 23, 66, 34, 5, 37, 19, 24, 59, 8, 29, 2, 49, 26, 27, 67, 22, 1, 36, 32, 28, 31, 33, 74, 52, 13, 30, 70, 39, 51, 57, 73, 68, 64, 41, 72, 35, 38, 61, 63, 10, 55, 46, 18, 44, 54, 45, 75, 3, 25, 69, 4, 17, 48, 6, 12, 53, 9, 50, 7
36, 2, 29, 38, 61, 56, 46, 64, 41, 72, 35, 23, 1, 69, 65, 43, 58, 55, 10, 63, 4, 44, 13, 39, 16, 17, 30, 11, 37, 5, 34, 66, 27, 20, 67, 12, 6, 59, 24, 70, 42, 21, 32, 15, 52, 26, 40, 57, 73, 68, 48, 75, 22, 60, 18, 62, 19, 3, 49, 51, 74, 33, 71, 31, 28, 25, 45, 54, 7, 50, 9, 53, 47, 8, 14
8, 22, 60, 58, 42, 70, 39, 36, 29, 49, 15, 66, 27, 20, 18, 53, 67, 57, 35, 72, 41, 64, 61, 38, 51, 73, 68, 7, 50, 9, 62, 69, 65, 43, 14, 47, 32, 45, 54, 44, 74, 75, 55, 52, 56, 40, 21, 1, 23, 2, 48, 13, 46, 12, 3, 34, 33, 37, 25, 19, 5, 26, 71, 30, 11, 16, 63, 10, 6, 4, 17, 31, 28, 59, 24
26, 49, 29, 8, 59, 55, 46, 64, 41, 72, 35, 1, 25, 74, 52, 56, 36, 32, 4, 67, 20, 10, 17, 13, 60, 22, 2, 63, 16, 68, 73, 57, 28, 31, 71, 38, 24, 61, 30, 11, 40, 54, 45, 51, 39, 70, 3, 15, 21, 19, 47, 14, 43, 65, 69, 23, 18, 44, 42, 58, 62, 75, 33, 37, 5, 34, 66, 27, 48, 7, 50, 9, 53, 12, 6
15, 52, 26, 40, 57, 73, 68, 33, 74, 51, 49, 3, 38, 61, 16, 32, 63, 10, 55, 58, 43, 65, 69, 1, 23, 35, 72, 41, 64, 46, 56, 19, 21, 42, 70, 39, 13, 62, 29, 2, 36, 6, 59, 24, 17, 30, 11, 37, 5, 34, 66, 27, 20, 67, 12, 4, 44, 18, 60, 22, 75, 48, 71, 31, 28, 25, 45, 54, 7, 50, 9, 53, 47, 8, 14
22, 60, 13, 17, 10, 20, 67, 4, 32, 36, 56, 5, 37, 25, 1, 35, 72, 41, 64, 46, 55, 59, 8, 29, 49, 26, 2, 63, 16, 68, 73, 57, 28, 31, 71, 38, 24, 61, 30, 11, 40, 54, 45, 51, 39, 70, 3, 15, 21, 19, 47, 14, 43, 65, 69, 23, 18, 44, 42, 58, 62, 75, 33, 74, 52, 34, 66, 27, 48, 7, 50, 9, 53, 12, 6
62, 68, 73, 57, 40, 26, 52, 15, 32, 21, 42, 70, 39, 13, 61, 38, 29, 2, 36, 6, 59, 24, 17, 30, 11, 16, 63, 10, 55, 58, 43, 65, 69, 1, 23, 35, 72, 41, 64, 46, 56, 19, 3, 49, 51, 74, 33, 37, 5, 34, 66, 27, 20, 67, 12, 4, 44, 18, 60, 22, 75, 48, 71, 31, 28, 25, 45, 54, 7, 50, 9, 53, 47, 8, 14
23, 69, 65, 43, 14, 47, 19, 3, 59, 55, 46, 64, 41, 72, 35, 1, 25, 37, 15, 32, 36, 56, 5, 18, 44, 42, 20, 67, 4, 21, 70, 39, 51, 45, 54, 40, 11, 30, 61, 24, 38, 71, 31, 28, 57, 73, 68, 16, 63, 10, 17, 13, 60, 22, 8, 29, 49, 26, 2, 58, 62, 75, 33, 74, 52, 34, 66, 27, 48, 7, 50, 9, 53, 12, 6
15, 32, 36, 56, 5, 37, 25, 1, 35, 72, 41, 64, 46, 55, 59, 21, 19, 47, 14, 43, 65, 69, 23, 18, 44, 42, 20, 67, 4, 3, 70, 39, 51, 45, 54, 40, 11, 30, 61, 24, 38, 71, 31, 28, 57, 73, 68, 16, 63, 2, 26, 49, 29, 8, 22, 60, 13, 17, 10, 58, 62, 75, 33, 74, 52, 34, 66, 27, 48, 7, 50, 9, 53, 12, 6
56, 46, 64, 41, 72, 35, 23, 1, 69, 65, 43, 58, 55, 10, 63, 16, 61, 38, 29, 2, 62, 68, 73, 57, 40, 26, 52, 15, 32, 21, 42, 70, 39, 13, 48, 75, 22, 60, 18, 44, 4, 12, 67, 20, 27, 66, 34, 5, 37, 11, 30, 17, 24, 59, 6, 36, 19, 3, 49, 51, 74, 33, 71, 31, 28, 25, 45, 54, 7, 50, 9, 53, 47, 8, 14
11, 56, 30, 13, 52, 74, 33, 37, 5, 34, 18, 60, 20, 58, 16, 49, 29, 2, 46, 47, 14, 43, 65, 40, 42, 70, 39, 51, 26, 8, 59, 24, 19, 21, 15, 62, 66, 27, 67, 22, 1, 36, 32, 45, 54, 44, 55, 10, 63, 61, 38, 35, 72, 41, 64, 68, 73, 57, 28, 31, 71, 23, 75, 3, 25, 69, 4, 17, 48, 7, 50, 9, 53, 12, 6
23, 69, 65, 43, 14, 47, 19, 3, 59, 55, 46, 64, 41, 72, 35, 1, 25, 37, 15, 32, 36, 56, 5, 18, 44, 42, 20, 67, 4, 21, 70, 39, 51, 45, 54, 40, 11, 30, 61, 24, 38, 71, 31, 28, 57, 73, 68, 16, 63, 26, 2, 49, 29, 8, 22, 60, 13, 17, 10, 58, 62, 75, 33, 74, 52, 34, 66, 27, 48, 7, 50, 9, 53, 12, 6
22, 75, 48, 68, 73, 57, 40, 6, 59, 26, 52, 15, 32, 21, 42, 70, 39, 13, 44, 4, 49, 51, 60, 66, 27, 20, 67, 12, 3, 19, 56, 46, 64, 41, 72, 35, 23, 1, 69, 65, 43, 58, 55, 10, 63, 16, 61, 38, 29, 18, 62, 74, 33, 34, 5, 37, 2, 36, 11, 30, 17, 24, 71, 31, 28, 25, 45, 54, 14, 8, 47, 53, 9, 50, 7
2, 36, 29, 38, 61, 56, 46, 64, 41, 72, 35, 23, 1, 69, 65, 43, 58, 55, 10, 63, 16, 17, 30, 11, 37, 5, 34, 66, 27, 20, 67, 12, 39, 13, 44, 4, 6, 59, 24, 70, 42, 21, 32, 15, 52, 26, 40, 57, 73, 68, 48, 75, 22, 60, 18, 62, 19, 3, 49, 51, 74, 33, 71, 31, 28, 25, 45, 54, 7, 50, 9, 53, 47, 8, 14
62, 68, 73, 57, 40, 26, 52, 15, 32, 21, 42, 70, 39, 13, 48, 75, 22, 60, 18, 44, 4, 12, 67, 20, 27, 66, 34, 5, 37, 61, 38, 29, 2, 36, 6, 59, 24, 17, 30, 11, 16, 63, 10, 55, 58, 43, 65, 69, 1, 23, 35, 72, 41, 64, 46, 56, 19, 3, 49, 51, 74, 33, 71, 31, 28, 25, 45, 54, 7, 50, 9, 53, 47, 8, 14
50, 9, 53, 75, 22, 60, 18, 44, 4, 12, 67, 20, 27, 66, 34, 5, 37, 6, 59, 24, 17, 30, 11, 36, 32, 14, 8, 47, 16, 63, 10, 55, 58, 43, 65, 69, 1, 23, 35, 72, 41, 64, 46, 56, 19, 3, 49, 51, 74, 33, 7, 68, 73, 57, 40, 26, 52, 15, 21, 42, 70, 39, 2, 29, 38, 61, 62, 71, 31, 28, 25, 45, 54, 48, 13
23, 69, 65, 43, 14, 47, 19, 21, 59, 55, 46, 64, 41, 72, 35, 1, 25, 37, 15, 32, 36, 56, 5, 18, 44, 42, 20, 67, 4, 3, 70, 39, 51, 45, 54, 40, 68, 73, 57, 28, 31, 71, 38, 24, 61, 30, 11, 16, 63, 10, 17, 13, 60, 22, 8, 29, 49, 26, 2, 58, 62, 75, 33, 74, 52, 34, 66, 27, 48, 7, 50, 9, 53, 12, 6
23, 69, 65, 43, 14, 47, 19, 21, 59, 55, 46, 64, 41, 72, 35, 1, 25, 37, 5, 56, 36, 32, 15, 18, 44, 4, 67, 20, 42, 3, 70, 39, 51, 45, 54, 40, 11, 30, 61, 24, 38, 71, 31, 28, 57, 73, 68, 16, 63, 2, 26, 49, 29, 8, 22, 60, 13, 17, 10, 58, 62, 75, 33, 74, 52, 34, 66, 27, 48, 7, 50, 9, 53, 12, 6
2, 36, 29, 38, 61, 56, 46, 64, 41, 72, 35, 23, 1, 69, 65, 43, 58, 55, 10, 63, 16, 17, 30, 11, 37, 5, 34, 66, 27, 20, 67, 12, 39, 13, 44, 4, 6, 59, 24, 70, 42, 21, 32, 15, 52, 26, 40, 57, 73, 68, 48, 75, 22, 60, 18, 62, 19, 3, 49, 51, 74, 33, 71, 31, 28, 25, 45, 54, 14, 8, 47, 53, 9, 50, 7
23, 69, 65, 43, 14, 47, 19, 21, 59, 55, 46, 64, 41, 72, 35, 1, 25, 37, 5, 56, 36, 32, 15, 18, 44, 42, 20, 67, 4, 3, 70, 39, 51, 45, 54, 40, 68, 73, 57, 28, 31, 71, 38, 24, 61, 30, 11, 16, 63, 2, 26, 49, 29, 8, 22, 60, 13, 17, 10, 58, 62, 75, 33, 74, 52, 34, 66, 27, 48, 7, 50, 9, 53, 12, 6
16, 63, 10, 55, 58, 43, 65, 69, 1, 23, 35, 72, 41, 64, 46, 56, 61, 38, 29, 2, 62, 18, 60, 22, 75, 48, 13, 39, 70, 42, 21, 32, 15, 52, 26, 40, 57, 73, 68, 44, 4, 12, 67, 20, 27, 66, 34, 5, 37, 6, 59, 24, 17, 30, 11, 36, 19, 3, 49, 51, 74, 33, 71, 31, 28, 25, 45, 54, 7, 50, 9, 53, 47, 8, 14
2, 36, 29, 38, 61, 16, 63, 10, 55, 58, 43, 65, 69, 1, 23, 35, 72, 41, 64, 46, 56, 17, 30, 11, 37, 5, 34, 66, 27, 20, 67, 12, 39, 13, 44, 4, 6, 59, 24, 70, 42, 21, 32, 15, 52, 26, 40, 57, 73, 68, 48, 75, 22, 60, 18, 62, 19, 3, 49, 51, 74, 33, 71, 31, 28, 25, 45, 54, 7, 50, 9, 53, 47, 8, 14
8, 22, 60, 58, 42, 70, 39, 36, 29, 49, 15, 66, 27, 20, 18, 53, 67, 57, 35, 72, 41, 64, 61, 38, 51, 73, 68, 7, 50, 9, 62, 69, 65, 43, 14, 47, 32, 45, 54, 44, 74, 75, 55, 52, 56, 40, 21, 1, 23, 2, 48, 13, 46, 12, 5, 34, 25, 19, 33, 37, 3, 26, 71, 30, 11, 16, 63, 10, 6, 4, 17, 31, 28, 59, 24
23, 69, 65, 43, 14, 47, 19, 21, 59, 55, 46, 64, 41, 72, 35, 1, 25, 37, 15, 32, 36, 56, 5, 18, 44, 42, 20, 67, 4, 3, 70, 39, 51, 45, 54, 40, 11, 30, 61, 24, 38, 71, 31, 28, 57, 73, 68, 16, 63, 2, 26, 49, 29, 8, 22, 60, 13, 17, 10, 58, 62, 75, 33, 74, 52, 34, 66, 27, 7, 50, 9, 53, 12, 6, 48
23, 69, 65, 43, 14, 47, 19, 21, 59, 55, 46, 64, 41, 72, 35, 1, 25, 37, 5, 56, 36, 32, 15, 18, 44, 42, 20, 67, 4, 3, 70, 39, 51, 45, 54, 40, 11, 30, 61, 24, 38, 71, 31, 28, 57, 73, 68, 16, 63, 10, 17, 13, 60, 22, 8, 29, 49, 26, 2, 58, 62, 75, 33, 74, 52, 34, 66, 27, 48, 7, 50, 9, 53, 12, 6
16, 63, 10, 55, 58, 43, 65, 69, 1, 23, 35, 72, 41, 64, 46, 56, 61, 38, 29, 2, 62, 68, 73, 57, 40, 26, 52, 15, 32, 21, 42, 70, 39, 13, 48, 75, 22, 60, 18, 44, 4, 12, 67, 20, 27, 66, 34, 5, 37, 11, 30, 17, 24, 59, 6, 36, 19, 3, 49, 51, 74, 33, 71, 31, 28, 25, 45, 54, 7, 50, 9, 53, 47, 8, 14
36, 2, 29, 38, 61, 56, 46, 64, 41, 72, 35, 23, 1, 69, 65, 43, 58, 55, 10, 63, 4, 44, 13, 39, 12, 67, 20, 27, 66, 34, 5, 37, 11, 30, 17, 16, 6, 59, 24, 70, 42, 21, 32, 15, 52, 26, 40, 57, 73, 68, 48, 75, 22, 60, 18, 62, 19, 3, 49, 51, 74, 33, 71, 31, 28, 25, 45, 54, 7, 50, 9, 53, 47, 8, 14
56, 46, 64, 41, 72, 35, 23, 1, 69, 65, 43, 58, 55, 10, 63, 16, 61, 38, 29, 2, 62, 68, 73, 57, 40, 26, 52, 15, 32, 21, 42, 70, 39, 13, 48, 75, 22, 60, 36, 6, 59, 24, 17, 30, 11, 37, 5, 34, 66, 27, 20, 67, 12, 4, 44, 18, 19, 3, 49, 51, 74, 33, 71, 31, 28, 25, 45, 54, 7, 50, 9, 53, 47, 8, 14
33, 74, 51, 49, 3, 19, 56, 46, 64, 41, 72, 35, 23, 1, 69, 65, 43, 58, 55, 10, 63, 16, 11, 30, 17, 24, 59, 6, 36, 2, 29, 38, 61, 37, 5, 34, 66, 27, 20, 67, 12, 4, 44, 18, 60, 22, 75, 48, 13, 39, 70, 42, 21, 32, 15, 52, 26, 40, 57, 73, 68, 62, 71, 31, 28, 25, 45, 54, 7, 50, 9, 53, 47, 8, 14
48, 75, 22, 60, 18, 44, 4, 12, 67, 20, 27, 66, 34, 5, 37, 33, 74, 51, 49, 3, 19, 56, 46, 64, 41, 72, 35, 23, 1, 69, 65, 43, 58, 55, 10, 63, 16, 11, 30, 17, 24, 59, 6, 36, 2, 29, 38, 61, 13, 39, 70, 42, 21, 32, 15, 52, 26, 40, 57, 73, 68, 62, 71, 31, 28, 25, 45, 54, 7, 50, 9, 53, 47, 8, 14
26, 40, 57, 73, 68, 62, 2, 29, 38, 61, 56, 46, 64, 41, 72, 35, 23, 1, 69, 65, 43, 58, 55, 10, 63, 16, 52, 15, 32, 21, 42, 70, 39, 13, 48, 75, 22, 60, 18, 44, 4, 12, 67, 20, 27, 66, 34, 5, 37, 6, 59, 24, 17, 30, 11, 36, 19, 3, 49, 51, 74, 33, 71, 31, 28, 25, 45, 54, 7, 50, 9, 53, 47, 8, 14
12, 67, 20, 27, 66, 34, 5, 37, 11, 30, 17, 16, 39, 13, 44, 4, 63, 10, 55, 58, 43, 65, 69, 1, 23, 35, 72, 41, 64, 46, 56, 6, 36, 2, 29, 38, 61, 59, 24, 70, 42, 21, 32, 15, 52, 26, 40, 57, 73, 68, 48, 75, 22, 60, 18, 62, 19, 3, 49, 51, 74, 33, 71, 31, 28, 25, 45, 54, 14, 8, 47, 53, 9, 50, 7
23, 69, 65, 43, 14, 47, 19, 21, 59, 55, 46, 64, 41, 72, 35, 1, 25, 37, 15, 32, 36, 56, 5, 18, 44, 42, 20, 67, 4, 3, 70, 39, 51, 45, 54, 40, 11, 30, 61, 24, 38, 71, 31, 28, 57, 73, 68, 16, 63, 10, 17, 13, 60, 22, 8, 29, 49, 2, 26, 58, 62, 75, 33, 74, 52, 34, 66, 27, 48, 7, 50, 9, 53, 12, 6
26, 40, 57, 73, 68, 62, 2, 29, 38, 61, 16, 63, 10, 55, 58, 43, 65, 69, 1, 23, 35, 72, 41, 64, 46, 56, 52, 15, 32, 21, 42, 70, 39, 13, 48, 75, 22, 60, 36, 11, 30, 17, 24, 59, 6, 37, 5, 34, 66, 27, 20, 67, 12, 4, 44, 18, 19, 3, 49, 51, 74, 33, 71, 31, 28, 25, 45, 54, 7, 50, 9, 53, 47, 8, 14
23, 69, 65, 43, 14, 47, 19, 21, 59, 55, 46, 64, 41, 72, 35, 1, 25, 37, 5, 56, 36, 32, 15, 18, 44, 42, 20, 67, 4, 3, 70, 39, 51, 45, 54, 40, 11, 30, 61, 24, 38, 71, 31, 28, 57, 73, 68, 16, 63, 2, 26, 49, 29, 8, 22, 60, 13, 17, 10, 58, 62, 75, 33, 74, 52, 34, 66, 27, 48, 6, 12, 53, 9, 50, 7
42, 40, 65, 43, 14, 47, 16, 58, 20, 60, 11, 71, 23, 66, 34, 5, 37, 33, 74, 52, 13, 30, 70, 39, 51, 32, 36, 1, 22, 67, 27, 26, 2, 49, 29, 8, 59, 24, 19, 21, 15, 62, 56, 45, 54, 44, 18, 46, 55, 10, 63, 61, 38, 35, 72, 41, 64, 68, 73, 57, 28, 31, 75, 3, 25, 69, 4, 17, 48, 7, 50, 9, 53, 12, 6
36, 2, 29, 38, 61, 56, 46, 64, 41, 72, 35, 23, 1, 69, 65, 43, 58, 55, 10, 63, 39, 13, 44, 4, 16, 17, 30, 11, 37, 5, 34, 66, 27, 20, 67, 12, 6, 59, 24, 70, 42, 21, 32, 15, 52, 26, 40, 57, 73, 68, 48, 75, 22, 60, 18, 62, 19, 3, 49, 51, 74, 33, 71, 31, 28, 25, 45, 54, 7, 50, 9, 53, 47, 8, 14
2, 36, 29, 38, 61, 56, 46, 64, 41, 72, 35, 23, 1, 69, 65, 43, 58, 55, 10, 63, 4, 44, 13, 39, 12, 67, 20, 27, 66, 34, 5, 37, 11, 30, 17, 16, 6, 59, 24, 70, 42, 21, 32, 15, 52, 26, 40, 57, 73, 68, 48, 75, 22, 60, 18, 62, 19, 3, 49, 51, 74, 33, 71, 31, 28, 25, 45, 54, 7, 50, 9, 53, 47, 8, 14
23, 69, 65, 43, 14, 47, 19, 21, 59, 55, 46, 64, 41, 72, 35, 1, 25, 37, 15, 32, 36, 56, 5, 18, 44, 42, 20, 67, 4, 3, 70, 39, 51, 45, 54, 40, 68, 73, 57, 28, 31, 71, 38, 24, 61, 30, 11, 16, 63, 2, 26, 49, 29, 8, 22, 60, 13, 17, 10, 58, 62, 75, 33, 74, 52, 34, 66, 27, 48, 7, 50, 9, 53, 12, 6
16, 63, 10, 55, 58, 43, 65, 69, 1, 23, 35, 72, 41, 64, 46, 56, 61, 38, 29, 2, 62, 68, 73, 57, 40, 26, 52, 15, 32, 21, 42, 70, 39, 13, 48, 75, 22, 60, 36, 11, 30, 17, 24, 59, 6, 37, 5, 34, 66, 27, 20, 67, 12, 4, 44, 18, 19, 3, 49, 51, 74, 33, 71, 31, 28, 25, 45, 54, 7, 50, 9, 53, 47, 8, 14
68, 73, 57, 40, 26, 52, 15, 32, 21, 42, 70, 39, 2, 29, 38, 61, 62, 71, 31, 28, 25, 45, 54, 48, 13, 36, 6, 59, 24, 17, 30, 11, 16, 63, 10, 55, 58, 43, 65, 69, 1, 23, 35, 72, 41, 64, 46, 56, 19, 3, 49, 51, 74, 33, 37, 5, 34, 66, 27, 20, 67, 12, 4, 44, 18, 60, 22, 75, 14, 8, 47, 53, 9, 50, 7
9, 50, 7, 68, 73, 51, 38, 61, 16, 35, 53, 52, 15, 18, 44, 54, 11, 30, 25, 19, 3, 26, 57, 67, 20, 27, 70, 42, 58, 60, 22, 63, 72, 41, 64, 46, 13, 8, 29, 2, 48, 62, 66, 23, 1, 47, 14, 43, 65, 69, 39, 6, 12, 4, 45, 32, 36, 56, 40, 37, 5, 34, 71, 10, 55, 75, 74, 33, 21, 17, 49, 31, 28, 59, 24
9, 50, 16, 61, 38, 51, 73, 68, 7, 35, 53, 52, 15, 18, 44, 54, 11, 30, 3, 19, 25, 26, 57, 67, 20, 27, 70, 42, 58, 60, 22, 63, 72, 41, 64, 46, 13, 8, 29, 48, 2, 62, 66, 23, 1, 47, 14, 43, 65, 69, 4, 12, 6, 39, 45, 32, 36, 56, 40, 37, 5, 34, 71, 10, 55, 75, 74, 33, 21, 17, 49, 31, 28, 59, 24
11, 60, 20, 58, 16, 47, 14, 43, 65, 40, 42, 71, 23, 66, 34, 5, 37, 33, 74, 52, 13, 30, 70, 39, 51, 32, 36, 1, 22, 67, 27, 26, 49, 2, 29, 8, 59, 24, 19, 21, 15, 62, 56, 45, 54, 44, 18, 46, 55, 10, 63, 61, 38, 35, 72, 41, 64, 68, 73, 57, 28, 31, 75, 3, 25, 69, 4, 17, 48, 7, 50, 9, 53, 12, 6
32, 21, 42, 70, 39, 13, 48, 75, 22, 60, 18, 62, 2, 29, 38, 61, 56, 46, 64, 41, 72, 35, 23, 1, 69, 65, 43, 58, 55, 10, 63, 16, 15, 52, 26, 40, 57, 73, 68, 44, 4, 12, 67, 20, 27, 66, 34, 5, 37, 11, 30, 17, 24, 59, 6, 36, 19, 3, 49, 51, 74, 33, 71, 31, 28, 25, 45, 54, 7, 50, 9, 53, 47, 8, 14
23, 69, 65, 43, 14, 47, 19, 21, 59, 55, 46, 64, 41, 72, 35, 1, 25, 37, 15, 32, 36, 56, 5, 18, 44, 4, 67, 20, 42, 3, 70, 39, 51, 45, 54, 40, 11, 30, 61, 24, 38, 71, 31, 28, 57, 73, 68, 16, 63, 2, 26, 49, 29, 8, 22, 60, 13, 17, 10, 58, 62, 75, 33, 74, 52, 34, 66, 27, 48, 7, 50, 9, 53, 12, 6
7, 68, 73, 51, 38, 61, 16, 50, 9, 35, 53, 52, 15, 18, 44, 54, 63, 72, 41, 64, 46, 13, 57, 67, 20, 27, 70, 42, 58, 60, 22, 11, 30, 3, 19, 25, 26, 8, 29, 48, 2, 62, 66, 23, 1, 47, 14, 43, 65, 69, 39, 6, 12, 4, 45, 32, 36, 56, 40, 37, 5, 34, 71, 10, 55, 75, 74, 33, 21, 17, 49, 31, 28, 59, 24
12, 67, 20, 27, 66, 34, 5, 37, 11, 30, 17, 16, 39, 13, 44, 4, 63, 10, 55, 58, 43, 65, 69, 1, 23, 35, 72, 41, 64, 46, 56, 6, 36, 2, 29, 38, 61, 59, 24, 70, 42, 21, 32, 15, 52, 26, 40, 57, 73, 68, 48, 75, 22, 60, 18, 62, 19, 3, 49, 51, 74, 33, 71, 31, 28, 25, 45, 54, 7, 50, 9, 53, 47, 8, 14
11, 56, 30, 13, 52, 74, 33, 37, 5, 34, 18, 60, 20, 58, 16, 2, 49, 29, 46, 47, 14, 43, 65, 40, 42, 70, 39, 51, 26, 8, 59, 24, 19, 21, 15, 62, 66, 27, 67, 22, 1, 36, 32, 45, 54, 44, 55, 10, 63, 61, 38, 35, 72, 41, 64, 68, 73, 57, 28, 31, 71, 23, 75, 3, 25, 69, 4, 17, 48, 7, 50, 9, 53, 12, 6
56, 46, 64, 41, 72, 35, 23, 1, 69, 65, 43, 58, 55, 10, 63, 16, 61, 38, 29, 2, 62, 68, 73, 57, 40, 26, 52, 15, 32, 21, 42, 70, 39, 13, 48, 75, 22, 60, 36, 11, 30, 17, 24, 59, 6, 37, 5, 34, 66, 27, 20, 67, 12, 4, 44, 18, 19, 3, 49, 51, 74, 33, 71, 31, 28, 25, 45, 54, 7, 50, 9, 53, 47, 8, 14
37, 5, 34, 66, 23, 71, 11, 60, 20, 58, 16, 47, 14, 43, 65, 40, 42, 56, 62, 15, 21, 19, 24, 59, 8, 29, 2, 49, 26, 27, 67, 22, 1, 36, 32, 28, 31, 33, 74, 52, 13, 30, 70, 39, 51, 57, 73, 68, 64, 41, 72, 35, 38, 61, 63, 10, 55, 46, 18, 44, 54, 45, 75, 3, 25, 69, 4, 17, 48, 6, 12, 53, 9, 50, 7
16, 61, 38, 51, 73, 68, 7, 50, 9, 35, 53, 52, 15, 18, 44, 54, 11, 30, 25, 19, 3, 26, 57, 67, 20, 27, 70, 42, 58, 60, 22, 63, 72, 41, 64, 46, 13, 8, 29, 48, 2, 62, 66, 23, 1, 47, 14, 43, 65, 69, 39, 6, 12, 4, 45, 32, 36, 56, 40, 37, 5, 34, 71, 10, 55, 75, 74, 33, 21, 17, 49, 31, 28, 59, 24
33, 74, 52, 62, 15, 21, 19, 30, 13, 57, 73, 68, 64, 41, 72, 35, 24, 59, 8, 29, 49, 26, 2, 38, 61, 63, 10, 55, 46, 18, 44, 54, 45, 37, 5, 34, 66, 27, 67, 22, 1, 23, 71, 31, 28, 32, 36, 56, 11, 60, 20, 58, 16, 47, 14, 43, 65, 40, 42, 70, 39, 51, 75, 3, 25, 69, 4, 17, 48, 7, 50, 9, 53, 12, 6
26, 49, 29, 8, 22, 60, 13, 17, 10, 20, 67, 4, 32, 36, 56, 5, 37, 25, 1, 35, 72, 41, 64, 46, 55, 59, 2, 63, 16, 68, 73, 57, 28, 31, 71, 38, 24, 61, 30, 11, 40, 54, 45, 51, 39, 70, 3, 15, 21, 19, 47, 14, 43, 65, 69, 23, 18, 44, 42, 58, 62, 75, 33, 74, 52, 34, 66, 27, 48, 7, 50, 9, 53, 12, 6
26, 49, 29, 8, 59, 55, 46, 64, 41, 72, 35, 1, 25, 37, 5, 56, 36, 32, 4, 67, 20, 10, 17, 13, 60, 22, 2, 63, 16, 68, 73, 57, 28, 31, 71, 38, 24, 61, 30, 11, 40, 54, 45, 51, 39, 70, 3, 15, 21, 19, 47, 14, 43, 65, 69, 23, 18, 44, 42, 58, 62, 75, 33, 74, 52, 34, 66, 27, 48, 6, 12, 53, 9, 50, 7
62, 61, 38, 29, 2, 36, 6, 59, 24, 17, 30, 11, 16, 63, 10, 55, 58, 43, 65, 69, 1, 23, 35, 72, 41, 64, 46, 56, 19, 3, 49, 51, 74, 33, 37, 5, 34, 66, 27, 20, 67, 12, 4, 44, 18, 60, 22, 75, 48, 13, 39, 70, 42, 21, 32, 15, 52, 26, 40, 57, 73, 68, 71, 31, 28, 25, 45, 54, 7, 50, 9, 53, 47, 8, 14
9, 50, 16, 61, 38, 51, 73, 68, 7, 35, 53, 52, 15, 18, 44, 54, 11, 30, 25, 19, 3, 26, 57, 67, 20, 27, 70, 42, 58, 60, 22, 63, 72, 41, 64, 46, 13, 8, 29, 2, 48, 62, 66, 23, 1, 47, 14, 43, 65, 69, 4, 12, 6, 39, 45, 32, 36, 56, 40, 37, 5, 34, 71, 10, 55, 75, 74, 33, 21, 17, 49, 31, 28, 59, 24
23, 69, 65, 43, 14, 47, 19, 21, 59, 55, 46, 64, 41, 72, 35, 1, 25, 37, 15, 32, 36, 56, 5, 18, 44, 42, 20, 67, 4, 3, 70, 39, 51, 45, 54, 40, 68, 73, 57, 28, 31, 71, 38, 24, 61, 30, 11, 16, 63, 26, 2, 49, 29, 8, 22, 60, 13, 17, 10, 58, 62, 75, 33, 74, 52, 34, 66, 27, 48, 7, 50, 9, 53, 12, 6
9, 50, 7, 68, 73, 51, 38, 61, 16, 35, 53, 52, 15, 18, 44, 54, 11, 30, 25, 19, 3, 26, 57, 67, 20, 27, 70, 42, 58, 60, 22, 63, 72, 41, 64, 46, 13, 8, 29, 48, 2, 62, 66, 23, 1, 47, 14, 43, 65, 69, 39, 6, 12, 4, 45, 32, 36, 56, 40, 37, 5, 34, 71, 10, 55, 75, 74, 33, 21, 17, 49, 31, 28, 59, 24
7, 68, 73, 51, 38, 61, 16, 50, 9, 35, 53, 52, 15, 18, 44, 54, 11, 30, 25, 19, 3, 26, 57, 67, 20, 27, 70, 42, 58, 60, 22, 63, 72, 41, 64, 46, 13, 8, 29, 48, 2, 62, 66, 23, 1, 47, 14, 43, 65, 69, 39, 6, 12, 4, 45, 32, 36, 56, 40, 37, 5, 34, 71, 10, 55, 75, 74, 33, 21, 17, 49, 31, 28, 59, 24
23, 69, 65, 43, 14, 47, 19, 3, 59, 55, 46, 64, 41, 72, 35, 1, 25, 37, 15, 32, 36, 56, 5, 18, 44, 42, 20, 67, 4, 21, 70, 39, 51, 45, 54, 40, 11, 30, 61, 24, 38, 71, 31, 28, 57, 73, 68, 16, 63, 2, 26, 49, 29, 8, 22, 60, 13, 17, 10, 58, 62, 75, 33, 74, 52, 34, 66, 27, 48, 7, 50, 9, 53, 12, 6
37, 5, 34, 66, 23, 71, 11, 60, 20, 58, 16, 47, 14, 43, 65, 40, 42, 56, 62, 15, 21, 19, 24, 59, 8, 29, 49, 2, 26, 27, 67, 22, 1, 36, 32, 28, 31, 33, 74, 52, 13, 30, 70, 39, 51, 57, 73, 68, 64, 41, 72, 35, 38, 61, 63, 10, 55, 46, 18, 44, 54, 45, 75, 3, 25, 69, 4, 17, 48, 6, 12, 53, 9, 50, 7
26, 49, 29, 8, 59, 55, 46, 64, 41, 72, 35, 1, 25, 37, 5, 56, 36, 32, 4, 67, 20, 10, 17, 13, 60, 22, 2, 63, 16, 11, 30, 61, 24, 38, 71, 31, 28, 57, 73, 68, 40, 54, 45, 51, 39, 70, 3, 15, 21, 19, 47, 14, 43, 65, 69, 23, 18, 44, 42, 58, 62, 75, 33, 74, 52, 34, 66, 27, 48, 7, 50, 9, 53, 12, 6
21, 15, 62, 56, 11, 60, 20, 58, 16, 47, 14, 43, 65, 40, 42, 71, 23, 66, 34, 5, 37, 19, 24, 59, 8, 29, 2, 49, 26, 27, 67, 22, 1, 36, 32, 28, 31, 33, 74, 52, 13, 30, 70, 39, 51, 57, 73, 68, 64, 41, 72, 35, 38, 61, 63, 10, 55, 46, 18, 44, 54, 45, 75, 3, 25, 69, 4, 17, 48, 7, 50, 9, 53, 12, 6
36, 2, 29, 38, 61, 56, 46, 64, 41, 72, 35, 23, 1, 69, 65, 43, 58, 55, 10, 63, 16, 17, 30, 11, 37, 5, 34, 66, 27, 20, 67, 12, 4, 44, 13, 39, 6, 59, 24, 70, 42, 21, 32, 15, 52, 26, 40, 57, 73, 68, 48, 75, 22, 60, 18, 62, 19, 3, 49, 51, 74, 33, 71, 31, 28, 25, 45, 54, 7, 50, 9, 53, 47, 8, 14
23, 69, 65, 43, 14, 47, 19, 21, 59, 55, 46, 64, 41, 72, 35, 1, 25, 37, 5, 56, 36, 32, 15, 18, 44, 42, 20, 67, 4, 3, 70, 39, 51, 45, 54, 40, 11, 30, 61, 24, 38, 71, 31, 28, 57, 73, 68, 16, 63, 26, 2, 49, 29, 8, 22, 60, 13, 17, 10, 58, 62, 75, 33, 74, 52, 34, 66, 27, 48, 7, 50, 9, 53, 12, 6
2, 36, 29, 38, 61, 16, 63, 10, 55, 58, 43, 65, 69, 1, 23, 35, 72, 41, 64, 46, 56, 17, 30, 11, 37, 5, 34, 66, 27, 20, 67, 12, 4, 44, 13, 39, 6, 59, 24, 70, 42, 21, 32, 15, 52, 26, 40, 57, 73, 68, 48, 75, 22, 60, 18, 62, 19, 3, 49, 51, 74, 33, 71, 31, 28, 25, 45, 54, 7, 50, 9, 53, 47, 8, 14
51, 49, 4, 44, 13, 39, 70, 42, 21, 32, 15, 52, 26, 59, 6, 40, 57, 73, 68, 48, 75, 22, 60, 66, 62, 18, 29, 38, 61, 16, 63, 10, 55, 58, 43, 65, 69, 1, 23, 35, 72, 41, 64, 46, 56, 19, 3, 12, 67, 20, 27, 74, 33, 34, 5, 37, 2, 36, 11, 30, 17, 24, 71, 31, 28, 25, 45, 54, 14, 8, 47, 53, 9, 50, 7
5, 56, 36, 32, 15, 37, 25, 1, 35, 72, 41, 64, 46, 55, 59, 21, 19, 47, 14, 43, 65, 69, 23, 18, 44, 4, 67, 20, 42, 3, 70, 39, 51, 45, 54, 40, 11, 30, 61, 24, 38, 71, 31, 28, 57, 73, 68, 16, 63, 2, 26, 49, 29, 8, 22, 60, 13, 17, 10, 58, 62, 75, 33, 74, 52, 34, 66, 27, 48, 7, 50, 9, 53, 12, 6
37, 5, 34, 66, 23, 71, 42, 40, 65, 43, 14, 47, 16, 58, 20, 60, 11, 56, 62, 15, 21, 19, 24, 59, 8, 29, 2, 49, 26, 27, 67, 22, 1, 36, 32, 28, 31, 33, 74, 52, 13, 30, 70, 39, 51, 57, 73, 68, 64, 41, 72, 35, 38, 61, 63, 10, 55, 46, 18, 44, 54, 45, 75, 3, 25, 69, 4, 17, 48, 7, 50, 9, 53, 12, 6
37, 5, 34, 66, 23, 71, 31, 28, 32, 36, 1, 22, 67, 27, 26, 49, 2, 29, 8, 59, 24, 19, 21, 15, 62, 56, 42, 40, 65, 43, 14, 47, 16, 58, 20, 60, 11, 33, 74, 52, 13, 30, 70, 39, 51, 57, 73, 68, 64, 41, 72, 35, 38, 61, 63, 10, 55, 46, 18, 44, 54, 45, 75, 3, 25, 69, 4, 17, 48, 7, 50, 9, 53, 12, 6
16, 17, 30, 11, 37, 5, 34, 66, 27, 20, 67, 12, 4, 44, 13, 39, 63, 10, 55, 58, 43, 65, 69, 1, 23, 35, 72, 41, 64, 46, 56, 61, 38, 29, 2, 36, 6, 59, 24, 70, 42, 21, 32, 15, 52, 26, 40, 57, 73, 68, 48, 75, 22, 60, 18, 62, 19, 3, 49, 51, 74, 33, 71, 31, 28, 25, 45, 54, 7, 50, 9, 53, 47, 8, 14
9, 50, 16, 61, 38, 51, 73, 68, 7, 35, 53, 52, 15, 18, 44, 54, 63, 72, 41, 64, 46, 13, 57, 67, 20, 27, 70, 42, 58, 60, 22, 11, 30, 25, 19, 3, 26, 8, 29, 48, 2, 62, 66, 23, 1, 47, 14, 43, 65, 69, 39, 6, 12, 4, 45, 32, 36, 56, 40, 37, 5, 34, 71, 10, 55, 75, 74, 33, 21, 17, 49, 31, 28, 59, 24
56, 46, 64, 41, 72, 35, 23, 1, 69, 65, 43, 58, 55, 10, 63, 16, 61, 38, 29, 2, 36, 6, 59, 24, 17, 30, 11, 37, 5, 34, 66, 27, 20, 67, 12, 4, 44, 18, 60, 22, 75, 48, 13, 39, 70, 42, 21, 32, 15, 52, 26, 40, 57, 73, 68, 62, 19, 3, 49, 51, 74, 33, 71, 31, 28, 25, 45, 54, 7, 50, 9, 53, 47, 8, 14
9, 50, 7, 68, 73, 51, 38, 61, 16, 35, 53, 52, 15, 18, 44, 54, 63, 72, 41, 64, 46, 13, 57, 67, 20, 27, 70, 42, 58, 60, 22, 11, 30, 25, 19, 3, 26, 8, 29, 48, 2, 62, 66, 23, 1, 47, 14, 43, 65, 69, 39, 6, 12, 4, 45, 32, 36, 56, 40, 37, 5, 34, 71, 10, 55, 75, 74, 33, 21, 17, 49, 31, 28, 59, 24
32, 15, 52, 26, 40, 57, 73, 68, 33, 74, 51, 49, 3, 38, 61, 16, 63, 10, 55, 58, 43, 65, 69, 1, 23, 35, 72, 41, 64, 46, 56, 19, 21, 42, 70, 39, 13, 62, 29, 2, 36, 11, 30, 17, 24, 59, 6, 37, 5, 34, 66, 27, 20, 67, 12, 4, 44, 18, 60, 22, 75, 48, 71, 31, 28, 25, 45, 54, 7, 50, 9, 53, 47, 8, 14
9, 50, 7, 68, 73, 51, 38, 61, 16, 35, 53, 52, 15, 18, 44, 54, 63, 72, 41, 64, 46, 13, 57, 67, 20, 27, 70, 42, 58, 60, 22, 11, 30, 3, 19, 25, 26, 8, 29, 48, 2, 62, 66, 23, 1, 47, 14, 43, 65, 69, 39, 6, 12, 4, 45, 32, 36, 56, 40, 37, 5, 34, 71, 10, 55, 75, 74, 33, 21, 17, 49, 31, 28, 59, 24
16, 63, 10, 55, 58, 43, 65, 69, 1, 23, 35, 72, 41, 64, 46, 56, 61, 38, 29, 2, 62, 68, 73, 57, 40, 26, 52, 15, 32, 21, 42, 70, 39, 13, 48, 75, 22, 60, 18, 44, 4, 12, 67, 20, 27, 66, 34, 5, 37, 6, 59, 24, 17, 30, 11, 36, 19, 3, 49, 51, 74, 33, 71, 31, 28, 25, 45, 54, 7, 50, 9, 53, 47, 8, 14
31, 28, 32, 36, 1, 22, 67, 27, 26, 2, 49, 29, 8, 59, 24, 19, 21, 15, 62, 56, 42, 40, 65, 43, 14, 47, 16, 58, 20, 60, 11, 71, 23, 66, 34, 5, 37, 33, 74, 52, 13, 30, 70, 39, 51, 57, 73, 68, 64, 41, 72, 35, 38, 61, 63, 10, 55, 46, 18, 44, 54, 45, 75, 3, 25, 69, 4, 17, 48, 7, 50, 9, 53, 12, 6
9, 50, 16, 61, 38, 51, 73, 68, 7, 35, 53, 52, 15, 18, 44, 54, 11, 30, 25, 19, 3, 26, 57, 67, 20, 27, 70, 42, 58, 60, 22, 63, 72, 41, 64, 46, 13, 8, 29, 48, 2, 62, 66, 23, 1, 47, 14, 43, 65, 69, 4, 12, 6, 39, 45, 32, 36, 56, 40, 37, 5, 34, 71, 10, 55, 75, 74, 33, 21, 17, 49, 31, 28, 59, 24
7, 68, 73, 51, 38, 61, 16, 50, 9, 35, 53, 52, 15, 18, 44, 54, 63, 72, 41, 64, 46, 13, 57, 67, 20, 27, 70, 42, 58, 60, 22, 11, 30, 25, 19, 3, 26, 8, 29, 48, 2, 62, 66, 23, 1, 47, 14, 43, 65, 69, 39, 6, 12, 4, 45, 32, 36, 56, 40, 37, 5, 34, 71, 10, 55, 75, 74, 33, 21, 17, 49, 31, 28, 59, 24
31, 28, 32, 36, 1, 22, 67, 27, 26, 49, 2, 29, 8, 59, 24, 19, 21, 15, 62, 56, 42, 40, 65, 43, 14, 47, 16, 58, 20, 60, 11, 71, 23, 66, 34, 5, 37, 33, 74, 52, 13, 30, 70, 39, 51, 57, 73, 68, 64, 41, 72, 35, 38, 61, 63, 10, 55, 46, 18, 44, 54, 45, 75, 3, 25, 69, 4, 17, 48, 7, 50, 9, 53, 12, 6
33, 74, 51, 49, 3, 19, 56, 46, 64, 41, 72, 35, 23, 1, 69, 65, 43, 58, 55, 10, 63, 16, 47, 8, 14, 32, 36, 11, 30, 17, 24, 59, 6, 37, 5, 34, 66, 27, 20, 67, 12, 4, 44, 18, 60, 22, 75, 53, 9, 50, 7, 68, 73, 57, 40, 26, 52, 15, 21, 42, 70, 39, 2, 29, 38, 61, 62, 71, 31, 28, 25, 45, 54, 48, 13
5, 56, 36, 32, 15, 37, 25, 1, 35, 72, 41, 64, 46, 55, 59, 21, 19, 47, 14, 43, 65, 69, 23, 18, 44, 42, 20, 67, 4, 3, 70, 39, 51, 45, 54, 40, 68, 73, 57, 28, 31, 71, 38, 24, 61, 30, 11, 16, 63, 2, 26, 49, 29, 8, 22, 60, 13, 17, 10, 58, 62, 75, 33, 74, 52, 34, 66, 27, 48, 7, 50, 9, 53, 12, 6
23, 69, 65, 43, 14, 47, 19, 3, 59, 55, 46, 64, 41, 72, 35, 1, 25, 37, 15, 32, 36, 56, 5, 18, 44, 42, 20, 67, 4, 21, 70, 39, 51, 45, 54, 40, 68, 73, 57, 28, 31, 71, 38, 24, 61, 30, 11, 16, 63, 2, 26, 49, 29, 8, 22, 60, 13, 17, 10, 58, 62, 75, 33, 74, 52, 34, 66, 27, 48, 7, 50, 9, 53, 12, 6
2, 12, 57, 53, 24, 33, 74, 1, 23, 18, 30, 11, 6, 60, 22, 36, 56, 52, 26, 48, 75, 10, 40, 8, 59, 43, 14, 71, 62, 61, 38, 19, 46, 13, 58, 17, 4, 69, 54, 45, 32, 64, 41, 72, 35, 25, 51, 55, 67, 20, 27, 66, 34, 5, 37, 16, 63, 73, 68, 7, 29, 44, 3, 47, 15, 21, 42, 70, 39, 65, 49, 31, 9, 50, 28
9, 50, 7, 68, 73, 51, 38, 61, 16, 35, 53, 52, 15, 18, 44, 54, 63, 72, 41, 64, 46, 13, 57, 67, 20, 27, 70, 42, 58, 60, 22, 11, 30, 25, 19, 3, 26, 8, 29, 2, 48, 62, 66, 23, 1, 47, 14, 43, 65, 69, 39, 6, 12, 4, 45, 32, 36, 56, 40, 37, 5, 34, 71, 10, 55, 75, 74, 33, 21, 17, 49, 31, 28, 59, 24
26, 49, 29, 8, 59, 55, 46, 64, 41, 72, 35, 1, 25, 37, 5, 56, 36, 32, 4, 67, 20, 10, 17, 13, 60, 22, 2, 63, 16, 68, 73, 57, 28, 31, 71, 38, 24, 61, 30, 11, 40, 54, 45, 51, 39, 70, 3, 15, 21, 19, 47, 14, 43, 65, 69, 23, 18, 44, 42, 58, 62, 75, 33, 74, 52, 34, 66, 27, 48, 7, 50, 9, 53, 12, 6
11, 56, 30, 13, 52, 74, 33, 37, 5, 34, 18, 60, 20, 58, 16, 49, 2, 29, 46, 47, 14, 43, 65, 40, 42, 70, 39, 51, 26, 8, 59, 24, 19, 21, 15, 62, 66, 27, 67, 22, 1, 36, 32, 45, 54, 44, 55, 10, 63, 61, 38, 35, 72, 41, 64, 68, 73, 57, 28, 31, 71, 23, 75, 3, 25, 69, 4, 17, 48, 7, 50, 9, 53, 12, 6
14, 43, 65, 69, 23, 18, 44, 42, 20, 67, 3, 70, 39, 4, 47, 19, 21, 15, 24, 61, 30, 11, 40, 54, 45, 32, 36, 56, 5, 37, 25, 1, 35, 72, 41, 64, 46, 55, 59, 51, 26, 49, 2, 29, 8, 22, 60, 13, 17, 38, 71, 31, 28, 57, 73, 68, 16, 63, 10, 58, 62, 75, 33, 74, 52, 34, 66, 27, 48, 7, 50, 9, 53, 12, 6
16, 61, 38, 3, 49, 51, 74, 33, 68, 73, 57, 40, 26, 52, 15, 32, 63, 10, 55, 58, 43, 65, 69, 1, 23, 35, 72, 41, 64, 46, 56, 19, 21, 42, 70, 39, 13, 62, 29, 2, 36, 6, 59, 24, 17, 30, 11, 37, 5, 34, 66, 27, 20, 67, 12, 4, 44, 18, 60, 22, 75, 48, 71, 31, 28, 25, 45, 54, 7, 50, 9, 53, 47, 8, 14
36, 2, 29, 38, 61, 56, 46, 64, 41, 72, 35, 23, 1, 69, 65, 43, 58, 55, 10, 63, 39, 13, 44, 4, 12, 67, 20, 27, 66, 34, 5, 37, 11, 30, 17, 16, 6, 59, 24, 70, 42, 21, 32, 15, 52, 26, 40, 57, 73, 68, 48, 75, 22, 60, 18, 62, 19, 3, 49, 51, 74, 33, 71, 31, 28, 25, 45, 54, 7, 50, 9, 53, 47, 8, 14
50, 9, 53, 75, 22, 60, 18, 44, 4, 12, 67, 20, 27, 66, 34, 5, 37, 11, 30, 17, 24, 59, 6, 36, 32, 14, 8, 47, 16, 63, 10, 55, 58, 43, 65, 69, 1, 23, 35, 72, 41, 64, 46, 56, 19, 3, 49, 51, 74, 33, 7, 68, 73, 57, 40, 26, 52, 15, 21, 42, 70, 39, 2, 29, 38, 61, 62, 71, 31, 28, 25, 45, 54, 48, 13
21, 15, 62, 56, 42, 40, 65, 43, 14, 47, 16, 58, 20, 60, 11, 71, 23, 66, 34, 5, 37, 19, 24, 59, 8, 29, 49, 2, 26, 27, 67, 22, 1, 36, 32, 28, 31, 33, 74, 52, 13, 30, 70, 39, 51, 57, 73, 68, 64, 41, 72, 35, 38, 61, 63, 10, 55, 46, 18, 44, 54, 45, 75, 3, 25, 69, 4, 17, 48, 6, 12, 53, 9, 50, 7
16, 61, 38, 51, 73, 68, 7, 50, 9, 35, 53, 52, 15, 18, 44, 54, 11, 30, 3, 19, 25, 26, 57, 67, 20, 27, 70, 42, 58, 60, 22, 63, 72, 41, 64, 46, 13, 8, 29, 48, 2, 62, 66, 23, 1, 47, 14, 43, 65, 69, 39, 6, 12, 4, 45, 32, 36, 56, 40, 37, 5, 34, 71, 10, 55, 75, 74, 33, 21, 17, 49, 31, 28, 59, 24
7, 68, 73, 51, 38, 61, 16, 50, 9, 35, 53, 52, 15, 18, 44, 54, 11, 30, 3, 19, 25, 26, 57, 67, 20, 27, 70, 42, 58, 60, 22, 63, 72, 41, 64, 46, 13, 8, 29, 48, 2, 62, 66, 23, 1, 47, 14, 43, 65, 69, 39, 6, 12, 4, 45, 32, 36, 56, 40, 37, 5, 34, 71, 10, 55, 75, 74, 33, 21, 17, 49, 31, 28, 59, 24
11, 16, 63, 10, 55, 58, 43, 65, 69, 1, 23, 30, 17, 24, 59, 61, 38, 60, 22, 75, 48, 13, 39, 35, 72, 41, 64, 46, 56, 19, 3, 12, 67, 20, 27, 66, 34, 18, 62, 70, 42, 6, 37, 5, 36, 29, 2, 33, 74, 51, 49, 4, 44, 68, 73, 57, 40, 26, 52, 15, 32, 21, 71, 31, 28, 25, 45, 54, 14, 8, 47, 53, 9, 50, 7
9, 50, 16, 61, 38, 51, 73, 68, 7, 35, 53, 52, 15, 18, 44, 54, 63, 72, 41, 64, 46, 13, 57, 67, 20, 27, 70, 42, 58, 60, 22, 11, 30, 3, 19, 25, 26, 8, 29, 48, 2, 62, 66, 23, 1, 47, 14, 43, 65, 69, 39, 6, 12, 4, 45, 32, 36, 56, 40, 37, 5, 34, 71, 10, 55, 75, 74, 33, 21, 17, 49, 31, 28, 59, 24
23, 69, 65, 43, 14, 47, 19, 21, 15, 32, 36, 56, 5, 37, 25, 1, 35, 72, 41, 64, 46, 55, 59, 18, 44, 42, 20, 67, 4, 3, 70, 39, 51, 45, 54, 40, 11, 30, 61, 24, 38, 71, 31, 28, 57, 73, 68, 16, 63, 2, 26, 49, 29, 8, 22, 60, 13, 17, 10, 58, 62, 75, 33, 74, 52, 34, 66, 27, 48, 7, 50, 9, 53, 12, 6
23, 69, 65, 43, 14, 47, 19, 21, 59, 55, 46, 64, 41, 72, 35, 1, 25, 37, 15, 32, 36, 56, 5, 18, 44, 42, 20, 67, 4, 3, 70, 39, 51, 45, 54, 40, 11, 30, 61, 24, 38, 71, 31, 28, 57, 73, 68, 16, 63, 26, 2, 49, 29, 8, 22, 60, 13, 17, 10, 58, 62, 75, 33, 74, 52, 34, 66, 27, 48, 6, 12, 53, 9, 50, 7
2, 36, 29, 38, 61, 56, 46, 64, 41, 72, 35, 23, 1, 69, 65, 43, 58, 55, 10, 63, 4, 44, 13, 39, 16, 17, 30, 11, 37, 5, 34, 66, 27, 20, 67, 12, 6, 59, 24, 70, 42, 21, 32, 15, 52, 26, 40, 57, 73, 68, 48, 75, 22, 60, 18, 62, 19, 3, 49, 51, 74, 33, 71, 31, 28, 25, 45, 54, 14, 8, 47, 53, 9, 50, 7
21, 15, 62, 56, 42, 40, 65, 43, 14, 47, 16, 58, 20, 60, 11, 71, 23, 66, 34, 5, 37, 19, 24, 59, 8, 29, 49, 2, 26, 27, 67, 22, 1, 36, 32, 28, 31, 33, 74, 52, 13, 30, 70, 39, 51, 57, 73, 68, 64, 41, 72, 35, 38, 61, 63, 10, 55, 46, 18, 44, 54, 45, 75, 3, 25, 69, 4, 17, 7, 50, 9, 53, 12, 6, 48
23, 69, 65, 43, 14, 47, 19, 21, 59, 55, 46, 64, 41, 72, 35, 1, 25, 37, 5, 56, 36, 32, 15, 18, 44, 42, 20, 67, 4, 3, 70, 39, 51, 45, 54, 40, 11, 30, 61, 24, 38, 71, 31, 28, 57, 73, 68, 16, 63, 2, 26, 49, 29, 8, 22, 60, 13, 17, 10, 58, 62, 75, 33, 74, 52, 34, 66, 27, 48, 7, 50, 9, 53, 12, 6
36, 2, 29, 38, 61, 56, 46, 64, 41, 72, 35, 23, 1, 69, 65, 43, 58, 55, 10, 63, 39, 13, 44, 4, 16, 17, 30, 11, 37, 5, 34, 66, 27, 20, 67, 12, 6, 59, 24, 70, 42, 21, 32, 15, 52, 26, 40, 57, 73, 68, 48, 75, 22, 60, 18, 62, 19, 3, 49, 51, 74, 33, 71, 31, 28, 25, 45, 54, 14, 8, 47, 53, 9, 50, 7
21, 15, 62, 56, 42, 40, 65, 43, 14, 47, 16, 58, 20, 60, 11, 71, 23, 66, 34, 5, 37, 19, 24, 59, 8, 29, 2, 49, 26, 27, 67, 22, 1, 36, 32, 28, 31, 33, 74, 52, 13, 30, 70, 39, 51, 57, 73, 68, 64, 41, 72, 35, 38, 61, 63, 10, 55, 46, 18, 44, 54, 45, 75, 3, 25, 69, 4, 17, 7, 50, 9, 53, 12, 6, 48
62, 15, 21, 19, 24, 59, 8, 29, 49, 2, 26, 27, 67, 22, 1, 36, 32, 51, 39, 70, 30, 13, 52, 74, 33, 31, 28, 57, 73, 68, 64, 41, 72, 35, 38, 61, 63, 10, 55, 46, 18, 44, 54, 45, 56, 42, 40, 65, 43, 14, 47, 16, 58, 20, 60, 11, 71, 23, 66, 34, 5, 37, 75, 3, 25, 69, 4, 17, 48, 7, 50, 9, 53, 12, 6
2, 36, 29, 38, 61, 56, 46, 64, 41, 72, 35, 23, 1, 69, 65, 43, 58, 55, 10, 63, 39, 13, 44, 4, 16, 17, 30, 11, 37, 5, 34, 66, 27, 20, 67, 12, 6, 59, 24, 70, 42, 21, 32, 15, 52, 26, 40, 57, 73, 68, 48, 75, 22, 60, 18, 62, 19, 3, 49, 51, 74, 33, 71, 31, 28, 25, 45, 54, 14, 8, 47, 53, 9, 50, 7
37, 5, 34, 66, 23, 71, 31, 28, 32, 36, 1, 22, 67, 27, 26, 2, 49, 29, 8, 59, 24, 19, 21, 15, 62, 56, 42, 40, 65, 43, 14, 47, 16, 58, 20, 60, 11, 33, 74, 52, 13, 30, 70, 39, 51, 57, 73, 68, 64, 41, 72, 35, 38, 61, 63, 10, 55, 46, 18, 44, 54, 45, 75, 3, 25, 69, 4, 17, 48, 7, 50, 9, 53, 12, 6
21, 15, 62, 56, 11, 60, 20, 58, 16, 47, 14, 43, 65, 40, 42, 71, 23, 66, 34, 5, 37, 19, 24, 59, 8, 29, 49, 2, 26, 27, 67, 22, 1, 36, 32, 28, 31, 33, 74, 52, 13, 30, 70, 39, 51, 57, 73, 68, 64, 41, 72, 35, 38, 61, 63, 10, 55, 46, 18, 44, 54, 45, 75, 3, 25, 69, 4, 17, 48, 7, 50, 9, 53, 12, 6
62, 68, 73, 57, 40, 26, 52, 15, 32, 21, 42, 70, 39, 13, 48, 75, 22, 60, 18, 44, 4, 12, 67, 20, 27, 66, 34, 5, 37, 33, 74, 51, 49, 3, 19, 56, 46, 64, 41, 72, 35, 23, 1, 69, 65, 43, 58, 55, 10, 63, 16, 11, 30, 17, 24, 59, 6, 36, 2, 29, 38, 61, 71, 31, 28, 25, 45, 54, 7, 50, 9, 53, 47, 8, 14
18, 34, 5, 37, 33, 74, 52, 13, 30, 56, 11, 60, 20, 58, 16, 49, 29, 2, 46, 47, 14, 43, 65, 40, 42, 70, 39, 51, 26, 8, 59, 24, 19, 21, 15, 62, 66, 27, 67, 22, 1, 36, 32, 45, 54, 44, 55, 10, 63, 61, 38, 35, 72, 41, 64, 68, 73, 57, 28, 31, 71, 23, 75, 3, 25, 69, 4, 17, 48, 7, 50, 9, 53, 12, 6
16, 63, 10, 55, 58, 43, 65, 69, 1, 23, 35, 72, 41, 64, 46, 56, 61, 38, 29, 2, 62, 68, 73, 57, 40, 26, 52, 15, 32, 21, 42, 70, 39, 13, 48, 75, 22, 60, 36, 6, 59, 24, 17, 30, 11, 37, 5, 34, 66, 27, 20, 67, 12, 4, 44, 18, 19, 3, 49, 51, 74, 33, 71, 31, 28, 25, 45, 54, 7, 50, 9, 53, 47, 8, 14
23, 69, 65, 43, 14, 47, 19, 3, 59, 55, 46, 64, 41, 72, 35, 1, 25, 37, 15, 32, 36, 56, 5, 18, 44, 42, 20, 67, 4, 21, 70, 39, 51, 45, 54, 40, 11, 30, 61, 24, 38, 71, 31, 28, 57, 73, 68, 16, 63, 2, 26, 49, 29, 8, 22, 60, 13, 17, 10, 58, 62, 75, 33, 74, 52, 34, 66, 27, 48, 6, 12, 53, 9, 50, 7
9, 50, 16, 61, 38, 51, 73, 68, 7, 35, 53, 52, 15, 18, 44, 54, 63, 72, 41, 64, 46, 13, 57, 67, 20, 27, 70, 42, 58, 60, 22, 11, 30, 3, 19, 25, 26, 8, 29, 2, 48, 62, 66, 23, 1, 47, 14, 43, 65, 69, 39, 6, 12, 4, 45, 32, 36, 56, 40, 37, 5, 34, 71, 10, 55, 75, 74, 33, 21, 17, 49, 31, 28, 59, 24
2, 36, 29, 38, 61, 56, 46, 64, 41, 72, 35, 23, 1, 69, 65, 43, 58, 55, 10, 63, 16, 17, 30, 11, 37, 5, 34, 66, 27, 20, 67, 12, 4, 44, 13, 39, 6, 59, 24, 70, 42, 21, 32, 15, 52, 26, 40, 57, 73, 68, 48, 75, 22, 60, 18, 62, 19, 3, 49, 51, 74, 33, 71, 31, 28, 25, 45, 54, 7, 50, 9, 53, 47, 8, 14
23, 69, 65, 43, 14, 47, 19, 21, 59, 55, 46, 64, 41, 72, 35, 1, 25, 37, 15, 32, 36, 56, 5, 18, 44, 42, 20, 67, 4, 3, 70, 39, 51, 45, 54, 40, 11, 30, 61, 24, 38, 71, 31, 28, 57, 73, 68, 16, 63, 10, 17, 13, 60, 22, 8, 29, 49, 26, 2, 58, 62, 75, 33, 74, 52, 34, 66, 27, 48, 7, 50, 9, 53, 12, 6
16, 63, 10, 55, 58, 43, 65, 69, 1, 23, 35, 72, 41, 64, 46, 56, 61, 38, 29, 2, 36, 6, 59, 24, 17, 30, 11, 37, 5, 34, 66, 27, 20, 67, 12, 4, 44, 18, 60, 22, 75, 48, 13, 39, 70, 42, 21, 32, 15, 52, 26, 40, 57, 73, 68, 62, 19, 3, 49, 51, 74, 33, 71, 31, 28, 25, 45, 54, 7, 50, 9, 53, 47, 8, 14
41, 72, 35, 23, 1, 69, 65, 43, 58, 55, 10, 63, 16, 6, 36, 32, 14, 8, 47, 59, 24, 17, 30, 11, 37, 5, 34, 66, 27, 20, 67, 12, 4, 44, 18, 60, 22, 75, 53, 9, 50, 64, 46, 56, 19, 3, 49, 51, 74, 33, 7, 68, 73, 57, 40, 26, 52, 15, 21, 42, 70, 39, 13, 48, 54, 45, 25, 28, 31, 71, 62, 61, 38, 29, 2
9, 50, 16, 61, 38, 51, 73, 68, 7, 35, 53, 52, 15, 18, 44, 54, 11, 30, 3, 19, 25, 26, 57, 67, 20, 27, 70, 42, 58, 60, 22, 63, 72, 41, 64, 46, 13, 8, 29, 2, 48, 62, 66, 23, 1, 47, 14, 43, 65, 69, 4, 12, 6, 39, 45, 32, 36, 56, 40, 37, 5, 34, 71, 10, 55, 75, 74, 33, 21, 17, 49, 31, 28, 59, 24
32, 21, 42, 70, 39, 13, 48, 75, 22, 60, 18, 62, 2, 29, 38, 61, 16, 63, 10, 55, 58, 43, 65, 69, 1, 23, 35, 72, 41, 64, 46, 56, 15, 52, 26, 40, 57, 73, 68, 44, 4, 12, 67, 20, 27, 66, 34, 5, 37, 6, 59, 24, 17, 30, 11, 36, 19, 3, 49, 51, 74, 33, 71, 31, 28, 25, 45, 54, 7, 50, 9, 53, 47, 8, 14
11, 60, 20, 58, 16, 47, 14, 43, 65, 40, 42, 71, 23, 66, 34, 5, 37, 33, 74, 52, 13, 30, 70, 39, 51, 32, 36, 1, 22, 67, 27, 26, 2, 49, 29, 8, 59, 24, 19, 21, 15, 62, 56, 45, 54, 44, 18, 46, 55, 10, 63, 61, 38, 35, 72, 41, 64, 68, 73, 57, 28, 31, 75, 3, 25, 69, 4, 17, 48, 7, 50, 9, 53, 12, 6
26, 40, 57, 73, 68, 62, 2, 29, 38, 61, 16, 63, 10, 55, 58, 43, 65, 69, 1, 23, 35, 72, 41, 64, 46, 56, 52, 15, 32, 21, 42, 70, 39, 13, 48, 75, 22, 60, 18, 44, 4, 12, 67, 20, 27, 66, 34, 5, 37, 11, 30, 17, 24, 59, 6, 36, 19, 3, 49, 51, 74, 33, 71, 31, 28, 25, 45, 54, 7, 50, 9, 53, 47, 8, 14
9, 50, 16, 61, 38, 51, 73, 68, 7, 35, 53, 52, 15, 18, 44, 54, 11, 30, 3, 19, 25, 26, 57, 67, 20, 27, 70, 42, 58, 60, 22, 63, 72, 41, 64, 46, 13, 8, 29, 2, 48, 62, 66, 23, 1, 47, 14, 43, 65, 69, 39, 6, 12, 4, 45, 32, 36, 56, 40, 37, 5, 34, 71, 10, 55, 75, 74, 33, 21, 17, 49, 31, 28, 59, 24
12, 67, 20, 27, 66, 34, 5, 37, 11, 30, 17, 16, 39, 13, 44, 4, 63, 10, 55, 58, 43, 65, 69, 1, 23, 35, 72, 41, 64, 46, 56, 61, 38, 29, 2, 36, 6, 59, 24, 70, 42, 21, 32, 15, 52, 26, 40, 57, 73, 68, 48, 75, 22, 60, 18, 62, 19, 3, 49, 51, 74, 33, 71, 31, 28, 25, 45, 54, 7, 50, 9, 53, 47, 8, 14
23, 69, 65, 43, 14, 47, 19, 21, 59, 55, 46, 64, 41, 72, 35, 1, 25, 37, 15, 32, 36, 56, 5, 18, 44, 42, 20, 67, 4, 3, 70, 39, 51, 45, 54, 40, 11, 30, 61, 24, 38, 71, 31, 28, 57, 73, 68, 16, 63, 26, 49, 2, 29, 8, 22, 60, 13, 17, 10, 58, 62, 75, 33, 74, 52, 34, 66, 27, 48, 7, 50, 9, 53, 12, 6
7, 68, 73, 51, 38, 61, 16, 50, 9, 35, 53, 52, 15, 18, 44, 54, 11, 30, 3, 19, 25, 26, 57, 67, 20, 27, 70, 42, 58, 60, 22, 63, 72, 41, 64, 46, 13, 8, 29, 48, 2, 62, 66, 23, 1, 47, 14, 43, 65, 69, 4, 12, 6, 39, 45, 32, 36, 56, 40, 37, 5, 34, 71, 10, 55, 75, 74, 33, 21, 17, 49, 31, 28, 59, 24
9, 50, 7, 68, 73, 51, 38, 61, 16, 35, 53, 52, 15, 18, 44, 54, 11, 30, 3, 19, 25, 26, 57, 67, 20, 27, 70, 42, 58, 60, 22, 63, 72, 41, 64, 46, 13, 8, 29, 2, 48, 62, 66, 23, 1, 47, 14, 43, 65, 69, 39, 6, 12, 4, 45, 32, 36, 56, 40, 37, 5, 34, 71, 10, 55, 75, 74, 33, 21, 17, 49, 31, 28, 59, 24
5, 56, 36, 32, 15, 37, 25, 1, 35, 72, 41, 64, 46, 55, 59, 21, 19, 47, 14, 43, 65, 69, 23, 18, 44, 42, 20, 67, 4, 3, 70, 39, 51, 45, 54, 40, 11, 30, 61, 24, 38, 71, 31, 28, 57, 73, 68, 16, 63, 2, 26, 49, 29, 8, 22, 60, 13, 17, 10, 58, 62, 75, 33, 74, 52, 34, 66, 27, 48, 7, 50, 9, 53, 12, 6
11, 60, 20, 58, 16, 47, 14, 43, 65, 40, 42, 71, 23, 66, 34, 5, 37, 33, 74, 52, 13, 30, 70, 39, 51, 32, 36, 1, 22, 67, 27, 26, 2, 49, 29, 8, 59, 24, 19, 21, 15, 62, 56, 45, 54, 44, 18, 46, 55, 10, 63, 61, 38, 35, 72, 41, 64, 68, 73, 57, 28, 31, 75, 3, 25, 69, 4, 17, 48, 6, 12, 53, 9, 50, 7
23, 69, 65, 43, 14, 47, 19, 21, 59, 55, 46, 64, 41, 72, 35, 1, 25, 37, 15, 32, 36, 56, 5, 18, 44, 42, 20, 67, 4, 3, 70, 39, 51, 45, 54, 40, 68, 73, 57, 28, 31, 71, 38, 24, 61, 30, 11, 16, 63, 2, 26, 49, 29, 8, 22, 60, 13, 17, 10, 58, 62, 75, 33, 74, 52, 34, 66, 27, 48, 6, 12, 53, 9, 50, 7
17, 30, 11, 13, 39, 70, 42, 21, 32, 15, 52, 26, 40, 57, 73, 68, 62, 24, 59, 6, 36, 2, 29, 38, 61, 16, 63, 10, 55, 58, 43, 65, 69, 1, 23, 35, 72, 41, 64, 46, 56, 19, 3, 49, 51, 74, 33, 37, 5, 34, 66, 27, 20, 67, 12, 4, 44, 18, 60, 22, 75, 48, 71, 31, 28, 25, 45, 54, 7, 50, 9, 53, 47, 8, 14
5, 56, 36, 32, 15, 37, 25, 1, 35, 72, 41, 64, 46, 55, 59, 3, 19, 47, 14, 43, 65, 69, 23, 18, 44, 42, 20, 67, 4, 21, 70, 39, 51, 45, 54, 40, 11, 30, 61, 24, 38, 71, 31, 28, 57, 73, 68, 16, 63, 2, 26, 49, 29, 8, 22, 60, 13, 17, 10, 58, 62, 75, 33, 74, 52, 34, 66, 27, 48, 7, 50, 9, 53, 12, 6
9, 50, 16, 61, 38, 51, 73, 68, 7, 35, 53, 52, 15, 18, 44, 54, 63, 72, 41, 64, 46, 13, 57, 67, 20, 27, 70, 42, 58, 60, 22, 11, 30, 3, 19, 25, 26, 8, 29, 48, 2, 62, 66, 23, 1, 47, 14, 43, 65, 69, 4, 12, 6, 39, 45, 32, 36, 56, 40, 37, 5, 34, 71, 10, 55, 75, 74, 33, 21, 17, 49, 31, 28, 59, 24
5, 56, 36, 32, 15, 37, 25, 1, 35, 72, 41, 64, 46, 55, 59, 21, 19, 47, 14, 43, 65, 69, 23, 18, 44, 42, 20, 67, 4, 3, 70, 39, 51, 45, 54, 40, 11, 30, 61, 24, 38, 71, 31, 28, 57, 73, 68, 16, 63, 2, 26, 49, 29, 8, 22, 60, 13, 17, 10, 58, 62, 75, 33, 74, 52, 34, 66, 27, 48, 6, 12, 53, 9, 50, 7
45, 54, 44, 18, 46, 55, 10, 63, 61, 38, 2, 26, 49, 29, 8, 59, 24, 35, 72, 41, 64, 68, 73, 57, 13, 30, 28, 31, 71, 23, 1, 22, 67, 27, 66, 34, 5, 37, 33, 74, 52, 62, 15, 21, 19, 32, 36, 56, 11, 60, 20, 58, 16, 47, 14, 43, 65, 40, 42, 70, 39, 51, 75, 3, 25, 69, 4, 17, 48, 7, 50, 9, 53, 12, 6
23, 35, 72, 41, 64, 46, 56, 61, 38, 29, 2, 62, 18, 60, 22, 75, 48, 13, 39, 70, 42, 21, 32, 1, 69, 65, 43, 58, 55, 10, 63, 16, 15, 52, 26, 40, 57, 73, 68, 44, 4, 12, 67, 20, 27, 66, 34, 5, 37, 11, 30, 17, 24, 59, 6, 36, 19, 3, 49, 51, 74, 33, 71, 31, 28, 25, 45, 54, 7, 50, 9, 53, 47, 8, 14
42, 40, 65, 43, 14, 47, 16, 58, 20, 60, 11, 71, 23, 66, 34, 5, 37, 33, 74, 52, 13, 30, 70, 39, 51, 32, 36, 1, 22, 67, 27, 26, 49, 2, 29, 8, 59, 24, 19, 21, 15, 62, 56, 45, 54, 44, 18, 46, 55, 10, 63, 61, 38, 35, 72, 41, 64, 68, 73, 57, 28, 31, 75, 3, 25, 69, 4, 17, 48, 7, 50, 9, 53, 12, 6
26, 40, 57, 73, 68, 62, 2, 29, 38, 61, 16, 63, 10, 55, 58, 43, 65, 69, 1, 23, 35, 72, 41, 64, 46, 56, 52, 15, 32, 21, 42, 70, 39, 13, 48, 75, 22, 60, 18, 44, 4, 12, 67, 20, 27, 66, 34, 5, 37, 6, 59, 24, 17, 30, 11, 36, 19, 3, 49, 51, 74, 33, 71, 31, 28, 25, 45, 54, 7, 50, 9, 53, 47, 8, 14
2, 36, 29, 38, 61, 56, 46, 64, 41, 72, 35, 23, 1, 69, 65, 43, 58, 55, 10, 63, 4, 44, 13, 39, 12, 67, 20, 27, 66, 34, 5, 37, 11, 30, 17, 16, 6, 59, 24, 70, 42, 21, 32, 15, 52, 26, 40, 57, 73, 68, 48, 75, 22, 60, 18, 62, 19, 3, 49, 51, 74, 33, 71, 31, 28, 25, 45, 54, 14, 8, 47, 53, 9, 50, 7
62, 68, 73, 57, 40, 26, 52, 15, 32, 21, 42, 70, 39, 13, 11, 30, 17, 24, 59, 6, 36, 2, 29, 38, 61, 16, 63, 10, 55, 58, 43, 65, 69, 1, 23, 35, 72, 41, 64, 46, 56, 19, 3, 49, 51, 74, 33, 37, 5, 34, 66, 27, 20, 67, 12, 4, 44, 18, 60, 22, 75, 48, 71, 31, 28, 25, 45, 54, 7, 50, 9, 53, 47, 8, 14
11, 60, 20, 58, 16, 47, 14, 43, 65, 40, 42, 71, 23, 66, 34, 5, 37, 33, 74, 52, 13, 30, 70, 39, 51, 32, 36, 1, 22, 67, 27, 26, 49, 2, 29, 8, 59, 24, 19, 21, 15, 62, 56, 45, 54, 44, 18, 46, 55, 10, 63, 61, 38, 35, 72, 41, 64, 68, 73, 57, 28, 31, 75, 3, 25, 69, 4, 17, 48, 6, 12, 53, 9, 50, 7
14, 43, 65, 69, 23, 18, 44, 42, 20, 67, 3, 70, 39, 4, 47, 19, 21, 15, 24, 61, 30, 11, 40, 54, 45, 32, 36, 56, 5, 37, 25, 1, 35, 72, 41, 64, 46, 55, 59, 51, 26, 2, 49, 29, 8, 22, 60, 13, 17, 38, 71, 31, 28, 57, 73, 68, 16, 63, 10, 58, 62, 75, 33, 74, 52, 34, 66, 27, 48, 7, 50, 9, 53, 12, 6
37, 5, 34, 66, 23, 71, 11, 60, 20, 58, 16, 47, 14, 43, 65, 40, 42, 56, 62, 15, 21, 19, 24, 59, 8, 29, 2, 49, 26, 27, 67, 22, 1, 36, 32, 28, 31, 33, 74, 52, 13, 30, 70, 39, 51, 57, 73, 68, 64, 41, 72, 35, 38, 61, 63, 10, 55, 46, 18, 44, 54, 45, 75, 3, 25, 69, 4, 17, 48, 7, 50, 9, 53, 12, 6
5, 56, 36, 32, 15, 37, 25, 1, 35, 72, 41, 64, 46, 55, 59, 21, 19, 47, 14, 43, 65, 69, 23, 18, 44, 42, 20, 67, 4, 3, 70, 39, 51, 45, 54, 40, 11, 30, 61, 24, 38, 71, 31, 28, 57, 73, 68, 16, 63, 10, 17, 13, 60, 22, 8, 29, 49, 26, 2, 58, 62, 75, 33, 74, 52, 34, 66, 27, 48, 7, 50, 9, 53, 12, 6
37, 5, 34, 66, 23, 71, 42, 40, 65, 43, 14, 47, 16, 58, 20, 60, 11, 56, 62, 15, 21, 19, 24, 59, 8, 29, 49, 2, 26, 27, 67, 22, 1, 36, 32, 28, 31, 33, 74, 52, 13, 30, 70, 39, 51, 57, 73, 68, 64, 41, 72, 35, 38, 61, 63, 10, 55, 46, 18, 44, 54, 45, 75, 3, 25, 69, 4, 17, 48, 7, 50, 9, 53, 12, 6
14, 43, 65, 69, 23, 18, 44, 42, 20, 67, 3, 70, 39, 4, 47, 19, 21, 15, 24, 61, 30, 11, 40, 54, 45, 32, 36, 56, 52, 74, 25, 1, 35, 72, 41, 64, 46, 55, 59, 51, 26, 2, 49, 29, 8, 22, 60, 13, 17, 38, 71, 31, 28, 57, 73, 68, 16, 63, 10, 58, 62, 75, 33, 37, 5, 34, 66, 27, 48, 7, 50, 9, 53, 12, 6
23, 69, 65, 43, 14, 47, 19, 3, 59, 55, 46, 64, 41, 72, 35, 1, 25, 37, 5, 56, 36, 32, 15, 18, 44, 42, 20, 67, 4, 21, 70, 39, 51, 45, 54, 40, 11, 30, 61, 24, 38, 71, 31, 28, 57, 73, 68, 16, 63, 2, 26, 49, 29, 8, 22, 60, 13, 17, 10, 58, 62, 75, 33, 74, 52, 34, 66, 27, 48, 7, 50, 9, 53, 12, 6
